#
# A fatal error has been detected by the Java Runtime Environment:
#
#  EXCEPTION_ACCESS_VIOLATION (0xc0000005) at pc=0x00007ffdae6d7db0, pid=10652, tid=12216
#
# JRE version: OpenJDK Runtime Environment (11.0.10) (build 11.0.10+0-b96-7249189)
# Java VM: OpenJDK 64-Bit Server VM (11.0.10+0-b96-7249189, mixed mode, tiered, compressed oops, g1 gc, windows-amd64)
# Problematic frame:
# V  [jvm.dll+0x357db0]
#
# No core dump will be written. Minidumps are not enabled by default on client versions of Windows
#
# If you would like to submit a bug report, please visit:
#   https://bugreport.java.com/bugreport/crash.jsp
#

---------------  S U M M A R Y ------------

Command Line: -XX:MaxPermSize=512m -XX:+HeapDumpOnOutOfMemoryError --add-opens=java.base/java.util=ALL-UNNAMED --add-opens=java.base/java.lang=ALL-UNNAMED --add-opens=java.base/java.lang.invoke=ALL-UNNAMED --add-opens=java.prefs/java.util.prefs=ALL-UNNAMED -Xmx2048m -Dfile.encoding=UTF-8 -Duser.country=US -Duser.language=en -Duser.variant org.gradle.launcher.daemon.bootstrap.GradleDaemon 6.8

Host: Intel(R) Core(TM) i7-8750H CPU @ 2.20GHz, 12 cores, 15G,  Windows 10 , 64 bit Build 19041 (10.0.19041.1348)
Time: Thu Nov 25 16:57:41 2021 SE Asia Standard Time elapsed time: 15.303990 seconds (0d 0h 0m 15s)

---------------  T H R E A D  ---------------

Current thread (0x000001e8863a2800):  JavaThread "C2 CompilerThread1" daemon [_thread_in_native, id=12216, stack(0x000000dbd9000000,0x000000dbd9100000)]


Current CompileTask:
C2:  15304 6954       4       org.apache.tools.ant.IntrospectionHelper$AttributeSetter::setObject (133 bytes)

Stack: [0x000000dbd9000000,0x000000dbd9100000],  sp=0x000000dbd90fba00,  free space=1006k
Native frames: (J=compiled Java code, j=interpreted, Vv=VM code, C=native code)
V  [jvm.dll+0x357db0]
V  [jvm.dll+0x351260]
V  [jvm.dll+0x198049]
V  [jvm.dll+0x1fb70e]
V  [jvm.dll+0x1fa7f4]
V  [jvm.dll+0x18354c]
V  [jvm.dll+0x208ee7]
V  [jvm.dll+0x207731]
V  [jvm.dll+0x6eb1cf]
V  [jvm.dll+0x6e3d45]
V  [jvm.dll+0x5ebe96]
C  [ucrtbase.dll+0x21bb2]
C  [KERNEL32.DLL+0x17034]
C  [ntdll.dll+0x52651]


siginfo: EXCEPTION_ACCESS_VIOLATION (0xc0000005), reading address 0xffffffffffffffff


Register to memory mapping:

RIP=0x00007ffdae6d7db0 jvm.dll
RAX=0x00207ffdaed77c38 is an unknown value
RBX=0x0000000000000290 is an unknown value
RCX=0x0000000000000002 is an unknown value
RDX=0x0 is NULL
RSP=0x000000dbd90fba00 is pointing into the stack for thread: 0x000001e8863a2800
RBP=0x0000000000000008 is an unknown value
RSI=0x00007ffdaed77c38 jvm.dll
RDI=0x000001e883568c60 points into unknown readable memory: 0x000001e883b5ac90 | 90 ac b5 83 e8 01 00 00
R8 =0x000001e881556700 points into unknown readable memory: 0x0000000000000000 | 00 00 00 00 00 00 00 00
R9 =0x000000dbd90fba50 is pointing into the stack for thread: 0x000001e8863a2800
R10=0x0000000000000052 is an unknown value
R11=0x000000dbd90fb960 is pointing into the stack for thread: 0x000001e8863a2800
R12=0x00007ffdae380000 jvm.dll
R13=0x0000000000000008 is an unknown value
R14=0x0000000000000010 is an unknown value
R15=0x00007ffdaed77c38 jvm.dll


Registers:
RAX=0x00207ffdaed77c38, RBX=0x0000000000000290, RCX=0x0000000000000002, RDX=0x0000000000000000
RSP=0x000000dbd90fba00, RBP=0x0000000000000008, RSI=0x00007ffdaed77c38, RDI=0x000001e883568c60
R8 =0x000001e881556700, R9 =0x000000dbd90fba50, R10=0x0000000000000052, R11=0x000000dbd90fb960
R12=0x00007ffdae380000, R13=0x0000000000000008, R14=0x0000000000000010, R15=0x00007ffdaed77c38
RIP=0x00007ffdae6d7db0, EFLAGS=0x0000000000010246

Top of Stack: (sp=0x000000dbd90fba00)
0x000000dbd90fba00:   0000000000000000 0000000000000000
0x000000dbd90fba10:   000001e883b5ac98 000001e8874a7c00
0x000000dbd90fba20:   0000000000002590 00007ffdae6d1260
0x000000dbd90fba30:   000001e88c5fd9b0 000000dbd90fbb70
0x000000dbd90fba40:   0000000000002590 00007ffdaebacb70
0x000000dbd90fba50:   0000259400000000 000001e800000005
0x000000dbd90fba60:   00207ffdaed77c38 0000000000000026
0x000000dbd90fba70:   000001e88a067dd0 000001e800000057
0x000000dbd90fba80:   000001e88c5fda50 000000dbd90fbff8
0x000000dbd90fba90:   000001e88668dbf0 0000000000000000
0x000000dbd90fbaa0:   000000dbd90fbbb0 00007ffdae518049
0x000000dbd90fbab0:   000000dbd90fbf10 000000dbd90fbff8
0x000000dbd90fbac0:   00000000000003d8 000001e88668dc00
0x000000dbd90fbad0:   0000000000015300 0000000000000000
0x000000dbd90fbae0:   000000db00000006 000001e88668dbf0
0x000000dbd90fbaf0:   000001e88da9f9d0 000001e88daa5320 

Instructions: (pc=0x00007ffdae6d7db0)
0x00007ffdae6d7cb0:   58 4c 8b 64 24 50 48 8b c3 48 83 c4 20 41 5f 5f
0x00007ffdae6d7cc0:   5e 5d 5b c3 cc cc cc cc cc cc cc cc cc cc cc cc
0x00007ffdae6d7cd0:   83 3a 00 4c 8b c2 c7 41 08 08 00 00 00 75 16 33
0x00007ffdae6d7ce0:   d2 c7 41 18 01 00 00 00 89 11 48 8b c1 c7 41 28
0x00007ffdae6d7cf0:   01 00 00 00 c3 33 d2 48 89 11 89 51 18 41 8b 80
0x00007ffdae6d7d00:   90 00 00 00 89 41 28 48 89 51 10 49 8b 40 08 48
0x00007ffdae6d7d10:   89 41 20 48 8b c1 4c 89 41 30 c3 cc cc cc cc cc
0x00007ffdae6d7d20:   48 83 ec 28 8b 51 08 4c 8b c9 83 fa 08 73 18 4c
0x00007ffdae6d7d30:   8b 41 10 8b c2 41 83 3c 80 00 0f 85 0d 01 00 00
0x00007ffdae6d7d40:   ff c2 83 fa 08 72 ec 44 8b 51 18 48 89 5c 24 30
0x00007ffdae6d7d50:   48 89 6c 24 38 48 89 74 24 40 48 89 7c 24 20 44
0x00007ffdae6d7d60:   3b 51 28 0f 83 b9 00 00 00 8b 0d 0d ba 6d 00 48
0x00007ffdae6d7d70:   8d 35 c2 fe 69 00 65 48 8b 04 25 58 00 00 00 bd
0x00007ffdae6d7d80:   08 00 00 00 48 8d 3c c8 0f 1f 84 00 00 00 00 00
0x00007ffdae6d7d90:   41 8b c2 48 8d 1c c5 00 00 00 00 49 8b 41 20 48
0x00007ffdae6d7da0:   8b 04 03 48 3b c6 74 6d 49 89 41 10 33 d2 66 90
0x00007ffdae6d7db0:   83 38 00 0f 85 c3 00 00 00 ff c2 48 83 c0 04 83
0x00007ffdae6d7dc0:   fa 08 72 ec 4d 8b 59 30 4d 85 db 74 48 49 8b 43
0x00007ffdae6d7dd0:   08 8b d5 48 03 17 4c 8b 04 03 48 8b 02 48 8b 88
0x00007ffdae6d7de0:   d0 04 00 00 48 8b 81 88 00 00 00 48 8b 88 88 08
0x00007ffdae6d7df0:   00 00 49 89 08 48 8b 02 48 8b 88 d0 04 00 00 48
0x00007ffdae6d7e00:   8b 81 88 00 00 00 4c 89 80 88 08 00 00 49 8b 43
0x00007ffdae6d7e10:   08 48 89 34 03 41 ff c2 45 3b 51 28 0f 82 6e ff
0x00007ffdae6d7e20:   ff ff 41 8b 41 28 41 89 41 18 33 c0 41 c7 41 08
0x00007ffdae6d7e30:   08 00 00 00 48 8b 74 24 40 48 8b 6c 24 38 48 8b
0x00007ffdae6d7e40:   5c 24 30 48 8b 7c 24 20 48 83 c4 28 c3 8b 41 18
0x00007ffdae6d7e50:   8d 0c c2 8b c2 c1 e1 05 81 e9 00 01 00 00 41 89
0x00007ffdae6d7e60:   49 04 41 8b 0c 80 8d 42 01 41 89 09 49 8b c9 41
0x00007ffdae6d7e70:   89 41 08 48 83 c4 28 e9 a4 33 e4 ff 42 8d 04 d2
0x00007ffdae6d7e80:   c1 e0 05 41 89 41 04 49 8b 41 10 8b 0c 90 41 8d
0x00007ffdae6d7e90:   42 01 41 89 41 18 8d 42 01 41 89 09 49 8b c9 41
0x00007ffdae6d7ea0:   89 41 08 e8 78 33 e4 ff eb 8a cc cc cc cc cc cc 


Stack slot to memory mapping:
stack at sp + 0 slots: 0x0 is NULL
stack at sp + 1 slots: 0x0 is NULL
stack at sp + 2 slots: 0x000001e883b5ac98 points into unknown readable memory: 0x000001e8863a2800 | 00 28 3a 86 e8 01 00 00
stack at sp + 3 slots: 0x000001e8874a7c00 points into unknown readable memory: 0x0000002800000001 | 01 00 00 00 28 00 00 00
stack at sp + 4 slots: 0x0000000000002590 is an unknown value
stack at sp + 5 slots: 0x00007ffdae6d1260 jvm.dll
stack at sp + 6 slots: 0x000001e88c5fd9b0 points into unknown readable memory: 0x000000000000007b | 7b 00 00 00 00 00 00 00
stack at sp + 7 slots: 0x000000dbd90fbb70 is pointing into the stack for thread: 0x000001e8863a2800


---------------  P R O C E S S  ---------------

Threads class SMR info:
_java_thread_list=0x000001e883cddbd0, length=137, elements={
0x000001e8e391e000, 0x000001e8801fe800, 0x000001e8801ef000, 0x000001e880ad6800,
0x000001e880ad9800, 0x000001e880adc000, 0x000001e880ae0000, 0x000001e880ae3000,
0x000001e880ae6000, 0x000001e880c5b000, 0x000001e8843f8800, 0x000001e88158e000,
0x000001e882e81000, 0x000001e882e00800, 0x000001e882e01800, 0x000001e882dc6000,
0x000001e883aea800, 0x000001e882b7c000, 0x000001e88303e000, 0x000001e8829d1800,
0x000001e8829cd000, 0x000001e8829cf000, 0x000001e8829d2000, 0x000001e8829cf800,
0x000001e8829d4000, 0x000001e8829ce000, 0x000001e8829d0800, 0x000001e8829d3000,
0x000001e88629d800, 0x000001e88629a000, 0x000001e88629b000, 0x000001e88629e000,
0x000001e886298800, 0x000001e8862a1800, 0x000001e88629f800, 0x000001e8862a2000,
0x000001e88629c800, 0x000001e8862a3000, 0x000001e8862a0800, 0x000001e8862a4000,
0x000001e88629f000, 0x000001e8862a6800, 0x000001e8862a5800, 0x000001e8862a4800,
0x000001e8862a7000, 0x000001e882f67800, 0x000001e882f68800, 0x000001e882f6a000,
0x000001e882f6a800, 0x000001e882f69000, 0x000001e882f65000, 0x000001e882f6b800,
0x000001e882f66800, 0x000001e882f66000, 0x000001e882f6f000, 0x000001e882f6f800,
0x000001e882f6c800, 0x000001e882f6d000, 0x000001e882f70800, 0x000001e882f71000,
0x000001e882f72000, 0x000001e882f73000, 0x000001e882f73800, 0x000001e882f6e000,
0x000001e886480000, 0x000001e886482800, 0x000001e886481000, 0x000001e88647f800,
0x000001e886482000, 0x000001e88647e800, 0x000001e88647d000, 0x000001e886483800,
0x000001e88647d800, 0x000001e886484000, 0x000001e886488800, 0x000001e886489000,
0x000001e886486800, 0x000001e88648a000, 0x000001e886487800, 0x000001e88648a800,
0x000001e886485000, 0x000001e88648b800, 0x000001e886486000, 0x000001e886d38000,
0x000001e886d39000, 0x000001e886d33800, 0x000001e886d36800, 0x000001e886d34000,
0x000001e886d3a800, 0x000001e886d37800, 0x000001e886d35000, 0x000001e886d3a000,
0x000001e886d3b800, 0x000001e886d35800, 0x000001e886d3d000, 0x000001e886d3f800,
0x000001e886d42000, 0x000001e886d41000, 0x000001e886d40800, 0x000001e886d3c800,
0x000001e886d3e000, 0x000001e886d3e800, 0x000001e88765b000, 0x000001e88765c800,
0x000001e88765f000, 0x000001e887659800, 0x000001e88765d800, 0x000001e887660000,
0x000001e88765c000, 0x000001e88765e800, 0x000001e88765a800, 0x000001e887666800,
0x000001e887661000, 0x000001e887665800, 0x000001e887667800, 0x000001e887661800,
0x000001e887668000, 0x000001e887662800, 0x000001e887665000, 0x000001e887663000,
0x000001e887664000, 0x000001e8869e4000, 0x000001e8869e5000, 0x000001e8869df000,
0x000001e8869e5800, 0x000001e8869e0000, 0x000001e8869e6800, 0x000001e8869e1000,
0x000001e8869e7800, 0x000001e8869e1800, 0x000001e8869e8000, 0x000001e8869e2800,
0x000001e8869e9000, 0x000001e8869e3800, 0x000001e8869ea800, 0x000001e8863a2800,
0x000001e8866a4800
}

Java Threads: ( => current thread )
  0x000001e8e391e000 JavaThread "main" [_thread_blocked, id=16424, stack(0x000000dbd6500000,0x000000dbd6600000)]
  0x000001e8801fe800 JavaThread "Reference Handler" daemon [_thread_blocked, id=19104, stack(0x000000dbd6c00000,0x000000dbd6d00000)]
  0x000001e8801ef000 JavaThread "Finalizer" daemon [_thread_blocked, id=3568, stack(0x000000dbd6d00000,0x000000dbd6e00000)]
  0x000001e880ad6800 JavaThread "Signal Dispatcher" daemon [_thread_blocked, id=13516, stack(0x000000dbd6e00000,0x000000dbd6f00000)]
  0x000001e880ad9800 JavaThread "Attach Listener" daemon [_thread_blocked, id=18160, stack(0x000000dbd6f00000,0x000000dbd7000000)]
  0x000001e880adc000 JavaThread "Service Thread" daemon [_thread_blocked, id=19068, stack(0x000000dbd7000000,0x000000dbd7100000)]
  0x000001e880ae0000 JavaThread "C2 CompilerThread0" daemon [_thread_in_native, id=18204, stack(0x000000dbd7100000,0x000000dbd7200000)]
  0x000001e880ae3000 JavaThread "C1 CompilerThread0" daemon [_thread_blocked, id=19036, stack(0x000000dbd7200000,0x000000dbd7300000)]
  0x000001e880ae6000 JavaThread "Sweeper thread" daemon [_thread_blocked, id=17560, stack(0x000000dbd7300000,0x000000dbd7400000)]
  0x000001e880c5b000 JavaThread "Common-Cleaner" daemon [_thread_blocked, id=17028, stack(0x000000dbd7400000,0x000000dbd7500000)]
  0x000001e8843f8800 JavaThread "Daemon health stats" [_thread_blocked, id=15796, stack(0x000000dbd7d00000,0x000000dbd7e00000)]
  0x000001e88158e000 JavaThread "Incoming local TCP Connector on port 64090" [_thread_in_native, id=2428, stack(0x000000dbd7e00000,0x000000dbd7f00000)]
  0x000001e882e81000 JavaThread "Daemon periodic checks" [_thread_blocked, id=16188, stack(0x000000dbd7f00000,0x000000dbd8000000)]
  0x000001e882e00800 JavaThread "Daemon" [_thread_blocked, id=18960, stack(0x000000dbd8000000,0x000000dbd8100000)]
  0x000001e882e01800 JavaThread "Handler for socket connection from /127.0.0.1:64090 to /127.0.0.1:64091" [_thread_in_native, id=18124, stack(0x000000dbd8100000,0x000000dbd8200000)]
  0x000001e882dc6000 JavaThread "Cancel handler" [_thread_blocked, id=19196, stack(0x000000dbd8200000,0x000000dbd8300000)]
  0x000001e883aea800 JavaThread "Daemon worker" [_thread_in_native, id=18932, stack(0x000000dbd8300000,0x000000dbd8400000)]
  0x000001e882b7c000 JavaThread "Asynchronous log dispatcher for DefaultDaemonConnection: socket connection from /127.0.0.1:64090 to /127.0.0.1:64091" [_thread_blocked, id=18852, stack(0x000000dbd8400000,0x000000dbd8500000)]
  0x000001e88303e000 JavaThread "Stdin handler" [_thread_blocked, id=10256, stack(0x000000dbd8500000,0x000000dbd8600000)]
  0x000001e8829d1800 JavaThread "Daemon client event forwarder" [_thread_blocked, id=17760, stack(0x000000dbd8600000,0x000000dbd8700000)]
  0x000001e8829cd000 JavaThread "Cache worker for file hash cache (C:\Users\quocm\.gradle\caches\6.8\fileHashes)" [_thread_blocked, id=18968, stack(0x000000dbd8700000,0x000000dbd8800000)]
  0x000001e8829cf000 JavaThread "File lock request listener" [_thread_in_native, id=11596, stack(0x000000dbd8800000,0x000000dbd8900000)]
  0x000001e8829d2000 JavaThread "Cache worker for journal cache (C:\Users\quocm\.gradle\caches\journal-1)" [_thread_blocked, id=18880, stack(0x000000dbd8900000,0x000000dbd8a00000)]
  0x000001e8829cf800 JavaThread "Cache worker for file hash cache (D:\ReactNative\FullApp\TestProject\android\.gradle\6.8\fileHashes)" [_thread_blocked, id=18808, stack(0x000000dbd9100000,0x000000dbd9200000)]
  0x000001e8829d4000 JavaThread "Cache worker for checksums cache (D:\ReactNative\FullApp\TestProject\android\.gradle\checksums)" [_thread_blocked, id=18816, stack(0x000000dbd9300000,0x000000dbd9400000)]
  0x000001e8829ce000 JavaThread "Cache worker for cache directory md-supplier (C:\Users\quocm\.gradle\caches\6.8\md-supplier)" [_thread_blocked, id=18820, stack(0x000000dbd9400000,0x000000dbd9500000)]
  0x000001e8829d0800 JavaThread "Cache worker for cache directory md-rule (C:\Users\quocm\.gradle\caches\6.8\md-rule)" [_thread_blocked, id=18824, stack(0x000000dbd9500000,0x000000dbd9600000)]
  0x000001e8829d3000 JavaThread "Cache worker for execution history cache (C:\Users\quocm\.gradle\caches\6.8\executionHistory)" [_thread_blocked, id=18828, stack(0x000000dbd9600000,0x000000dbd9700000)]
  0x000001e88629d800 JavaThread "jar transforms" [_thread_blocked, id=18832, stack(0x000000dbd9700000,0x000000dbd9800000)]
  0x000001e88629a000 JavaThread "Cache worker for file content cache (C:\Users\quocm\.gradle\caches\6.8\fileContent)" [_thread_blocked, id=18836, stack(0x000000dbd9800000,0x000000dbd9900000)]
  0x000001e88629b000 JavaThread "Cache worker for Build Output Cleanup Cache (D:\ReactNative\FullApp\TestProject\android\.gradle\buildOutputCleanup)" [_thread_blocked, id=18440, stack(0x000000dbd9b00000,0x000000dbd9c00000)]
  0x000001e88629e000 JavaThread "Build operations" [_thread_blocked, id=4440, stack(0x000000dbd9c00000,0x000000dbd9d00000)]
  0x000001e886298800 JavaThread "Build operations Thread 2" [_thread_blocked, id=7296, stack(0x000000dbd9d00000,0x000000dbd9e00000)]
  0x000001e8862a1800 JavaThread "Build operations Thread 3" [_thread_blocked, id=15624, stack(0x000000dbd9e00000,0x000000dbd9f00000)]
  0x000001e88629f800 JavaThread "Build operations Thread 4" [_thread_blocked, id=18368, stack(0x000000dbd9f00000,0x000000dbda000000)]
  0x000001e8862a2000 JavaThread "Build operations Thread 5" [_thread_blocked, id=18424, stack(0x000000dbda000000,0x000000dbda100000)]
  0x000001e88629c800 JavaThread "Build operations Thread 6" [_thread_blocked, id=19400, stack(0x000000dbda100000,0x000000dbda200000)]
  0x000001e8862a3000 JavaThread "Build operations Thread 7" [_thread_blocked, id=19404, stack(0x000000dbda200000,0x000000dbda300000)]
  0x000001e8862a0800 JavaThread "Build operations Thread 8" [_thread_blocked, id=19380, stack(0x000000dbda300000,0x000000dbda400000)]
  0x000001e8862a4000 JavaThread "Build operations Thread 9" [_thread_blocked, id=15780, stack(0x000000dbda400000,0x000000dbda500000)]
  0x000001e88629f000 JavaThread "Build operations Thread 10" [_thread_blocked, id=19376, stack(0x000000dbda500000,0x000000dbda600000)]
  0x000001e8862a6800 JavaThread "Build operations Thread 11" [_thread_blocked, id=19368, stack(0x000000dbda600000,0x000000dbda700000)]
  0x000001e8862a5800 JavaThread "Build operations Thread 12" [_thread_blocked, id=18416, stack(0x000000dbda700000,0x000000dbda800000)]
  0x000001e8862a4800 JavaThread "jar transforms Thread 2" [_thread_blocked, id=4004, stack(0x000000dbda800000,0x000000dbda900000)]
  0x000001e8862a7000 JavaThread "jar transforms Thread 3" [_thread_blocked, id=18516, stack(0x000000dbda900000,0x000000dbdaa00000)]
  0x000001e882f67800 JavaThread "jar transforms Thread 4" [_thread_blocked, id=13356, stack(0x000000dbdaa00000,0x000000dbdab00000)]
  0x000001e882f68800 JavaThread "jar transforms Thread 5" [_thread_blocked, id=18520, stack(0x000000dbdab00000,0x000000dbdac00000)]
  0x000001e882f6a000 JavaThread "jar transforms Thread 6" [_thread_blocked, id=9552, stack(0x000000dbdac00000,0x000000dbdad00000)]
  0x000001e882f6a800 JavaThread "jar transforms Thread 7" [_thread_blocked, id=18620, stack(0x000000dbdad00000,0x000000dbdae00000)]
  0x000001e882f69000 JavaThread "jar transforms Thread 8" [_thread_blocked, id=13680, stack(0x000000dbdae00000,0x000000dbdaf00000)]
  0x000001e882f65000 JavaThread "jar transforms Thread 9" [_thread_blocked, id=19032, stack(0x000000dbdaf00000,0x000000dbdb000000)]
  0x000001e882f6b800 JavaThread "jar transforms Thread 10" [_thread_blocked, id=17772, stack(0x000000dbdb000000,0x000000dbdb100000)]
  0x000001e882f66800 JavaThread "jar transforms Thread 11" [_thread_blocked, id=4060, stack(0x000000dbdb100000,0x000000dbdb200000)]
  0x000001e882f66000 JavaThread "jar transforms Thread 12" [_thread_blocked, id=18016, stack(0x000000dbdb200000,0x000000dbdb300000)]
  0x000001e882f6f000 JavaThread "jar transforms Thread 13" [_thread_blocked, id=19028, stack(0x000000dbdb300000,0x000000dbdb400000)]
  0x000001e882f6f800 JavaThread "jar transforms Thread 14" [_thread_blocked, id=19092, stack(0x000000dbdb400000,0x000000dbdb500000)]
  0x000001e882f6c800 JavaThread "jar transforms Thread 15" [_thread_blocked, id=11864, stack(0x000000dbdb500000,0x000000dbdb600000)]
  0x000001e882f6d000 JavaThread "jar transforms Thread 16" [_thread_blocked, id=18268, stack(0x000000dbdb600000,0x000000dbdb700000)]
  0x000001e882f70800 JavaThread "jar transforms Thread 17" [_thread_blocked, id=18248, stack(0x000000dbdb700000,0x000000dbdb800000)]
  0x000001e882f71000 JavaThread "jar transforms Thread 18" [_thread_blocked, id=17556, stack(0x000000dbdb800000,0x000000dbdb900000)]
  0x000001e882f72000 JavaThread "jar transforms Thread 19" [_thread_blocked, id=11584, stack(0x000000dbdb900000,0x000000dbdba00000)]
  0x000001e882f73000 JavaThread "jar transforms Thread 20" [_thread_blocked, id=12064, stack(0x000000dbdba00000,0x000000dbdbb00000)]
  0x000001e882f73800 JavaThread "jar transforms Thread 21" [_thread_blocked, id=11928, stack(0x000000dbdbb00000,0x000000dbdbc00000)]
  0x000001e882f6e000 JavaThread "jar transforms Thread 22" [_thread_blocked, id=3028, stack(0x000000dbdbc00000,0x000000dbdbd00000)]
  0x000001e886480000 JavaThread "jar transforms Thread 23" [_thread_blocked, id=17652, stack(0x000000dbdbd00000,0x000000dbdbe00000)]
  0x000001e886482800 JavaThread "jar transforms Thread 24" [_thread_blocked, id=17676, stack(0x000000dbdbe00000,0x000000dbdbf00000)]
  0x000001e886481000 JavaThread "jar transforms Thread 25" [_thread_blocked, id=17996, stack(0x000000dbdbf00000,0x000000dbdc000000)]
  0x000001e88647f800 JavaThread "jar transforms Thread 26" [_thread_blocked, id=18200, stack(0x000000dbdc000000,0x000000dbdc100000)]
  0x000001e886482000 JavaThread "jar transforms Thread 27" [_thread_blocked, id=17856, stack(0x000000dbdc100000,0x000000dbdc200000)]
  0x000001e88647e800 JavaThread "jar transforms Thread 28" [_thread_blocked, id=8204, stack(0x000000dbdc200000,0x000000dbdc300000)]
  0x000001e88647d000 JavaThread "jar transforms Thread 29" [_thread_blocked, id=18316, stack(0x000000dbdc300000,0x000000dbdc400000)]
  0x000001e886483800 JavaThread "jar transforms Thread 30" [_thread_blocked, id=17680, stack(0x000000dbdc400000,0x000000dbdc500000)]
  0x000001e88647d800 JavaThread "jar transforms Thread 31" [_thread_blocked, id=17644, stack(0x000000dbdc500000,0x000000dbdc600000)]
  0x000001e886484000 JavaThread "jar transforms Thread 32" [_thread_blocked, id=4928, stack(0x000000dbdc600000,0x000000dbdc700000)]
  0x000001e886488800 JavaThread "jar transforms Thread 33" [_thread_blocked, id=19408, stack(0x000000dbdc700000,0x000000dbdc800000)]
  0x000001e886489000 JavaThread "jar transforms Thread 34" [_thread_blocked, id=17736, stack(0x000000dbdc800000,0x000000dbdc900000)]
  0x000001e886486800 JavaThread "jar transforms Thread 35" [_thread_blocked, id=17844, stack(0x000000dbdc900000,0x000000dbdca00000)]
  0x000001e88648a000 JavaThread "jar transforms Thread 36" [_thread_blocked, id=3688, stack(0x000000dbdca00000,0x000000dbdcb00000)]
  0x000001e886487800 JavaThread "jar transforms Thread 37" [_thread_blocked, id=18448, stack(0x000000dbdcb00000,0x000000dbdcc00000)]
  0x000001e88648a800 JavaThread "jar transforms Thread 38" [_thread_blocked, id=17900, stack(0x000000dbdcc00000,0x000000dbdcd00000)]
  0x000001e886485000 JavaThread "jar transforms Thread 39" [_thread_blocked, id=3368, stack(0x000000dbdcd00000,0x000000dbdce00000)]
  0x000001e88648b800 JavaThread "jar transforms Thread 40" [_thread_blocked, id=10504, stack(0x000000dbdce00000,0x000000dbdcf00000)]
  0x000001e886486000 JavaThread "jar transforms Thread 41" [_thread_blocked, id=13108, stack(0x000000dbdcf00000,0x000000dbdd000000)]
  0x000001e886d38000 JavaThread "jar transforms Thread 42" [_thread_blocked, id=19420, stack(0x000000dbdd000000,0x000000dbdd100000)]
  0x000001e886d39000 JavaThread "jar transforms Thread 43" [_thread_blocked, id=1904, stack(0x000000dbdd100000,0x000000dbdd200000)]
  0x000001e886d33800 JavaThread "jar transforms Thread 44" [_thread_blocked, id=18092, stack(0x000000dbdd200000,0x000000dbdd300000)]
  0x000001e886d36800 JavaThread "jar transforms Thread 45" [_thread_blocked, id=16788, stack(0x000000dbdd300000,0x000000dbdd400000)]
  0x000001e886d34000 JavaThread "jar transforms Thread 46" [_thread_blocked, id=17544, stack(0x000000dbdd400000,0x000000dbdd500000)]
  0x000001e886d3a800 JavaThread "jar transforms Thread 47" [_thread_blocked, id=18060, stack(0x000000dbdd500000,0x000000dbdd600000)]
  0x000001e886d37800 JavaThread "jar transforms Thread 48" [_thread_blocked, id=1804, stack(0x000000dbdd600000,0x000000dbdd700000)]
  0x000001e886d35000 JavaThread "jar transforms Thread 49" [_thread_blocked, id=17708, stack(0x000000dbdd700000,0x000000dbdd800000)]
  0x000001e886d3a000 JavaThread "jar transforms Thread 50" [_thread_blocked, id=14808, stack(0x000000dbdd800000,0x000000dbdd900000)]
  0x000001e886d3b800 JavaThread "jar transforms Thread 51" [_thread_blocked, id=9484, stack(0x000000dbdd900000,0x000000dbdda00000)]
  0x000001e886d35800 JavaThread "jar transforms Thread 52" [_thread_blocked, id=2148, stack(0x000000dbdda00000,0x000000dbddb00000)]
  0x000001e886d3d000 JavaThread "jar transforms Thread 53" [_thread_blocked, id=18344, stack(0x000000dbddb00000,0x000000dbddc00000)]
  0x000001e886d3f800 JavaThread "jar transforms Thread 54" [_thread_blocked, id=15536, stack(0x000000dbddc00000,0x000000dbddd00000)]
  0x000001e886d42000 JavaThread "jar transforms Thread 55" [_thread_blocked, id=17168, stack(0x000000dbddd00000,0x000000dbdde00000)]
  0x000001e886d41000 JavaThread "jar transforms Thread 56" [_thread_blocked, id=15616, stack(0x000000dbdde00000,0x000000dbddf00000)]
  0x000001e886d40800 JavaThread "jar transforms Thread 57" [_thread_blocked, id=17980, stack(0x000000dbddf00000,0x000000dbde000000)]
  0x000001e886d3c800 JavaThread "jar transforms Thread 58" [_thread_blocked, id=18420, stack(0x000000dbde000000,0x000000dbde100000)]
  0x000001e886d3e000 JavaThread "jar transforms Thread 59" [_thread_blocked, id=8504, stack(0x000000dbde100000,0x000000dbde200000)]
  0x000001e886d3e800 JavaThread "jar transforms Thread 60" [_thread_blocked, id=17568, stack(0x000000dbde200000,0x000000dbde300000)]
  0x000001e88765b000 JavaThread "jar transforms Thread 61" [_thread_blocked, id=10468, stack(0x000000dbde300000,0x000000dbde400000)]
  0x000001e88765c800 JavaThread "jar transforms Thread 62" [_thread_blocked, id=2496, stack(0x000000dbde400000,0x000000dbde500000)]
  0x000001e88765f000 JavaThread "jar transforms Thread 63" [_thread_blocked, id=4032, stack(0x000000dbde500000,0x000000dbde600000)]
  0x000001e887659800 JavaThread "jar transforms Thread 64" [_thread_blocked, id=17648, stack(0x000000dbde600000,0x000000dbde700000)]
  0x000001e88765d800 JavaThread "jar transforms Thread 65" [_thread_blocked, id=17824, stack(0x000000dbde700000,0x000000dbde800000)]
  0x000001e887660000 JavaThread "jar transforms Thread 66" [_thread_blocked, id=18356, stack(0x000000dbde800000,0x000000dbde900000)]
  0x000001e88765c000 JavaThread "jar transforms Thread 67" [_thread_blocked, id=11116, stack(0x000000dbde900000,0x000000dbdea00000)]
  0x000001e88765e800 JavaThread "jar transforms Thread 68" [_thread_blocked, id=7280, stack(0x000000dbdea00000,0x000000dbdeb00000)]
  0x000001e88765a800 JavaThread "jar transforms Thread 69" [_thread_blocked, id=6228, stack(0x000000dbdeb00000,0x000000dbdec00000)]
  0x000001e887666800 JavaThread "jar transforms Thread 70" [_thread_blocked, id=17876, stack(0x000000dbdec00000,0x000000dbded00000)]
  0x000001e887661000 JavaThread "jar transforms Thread 71" [_thread_blocked, id=17880, stack(0x000000dbded00000,0x000000dbdee00000)]
  0x000001e887665800 JavaThread "jar transforms Thread 72" [_thread_blocked, id=17888, stack(0x000000dbdee00000,0x000000dbdef00000)]
  0x000001e887667800 JavaThread "jar transforms Thread 73" [_thread_blocked, id=17892, stack(0x000000dbdef00000,0x000000dbdf000000)]
  0x000001e887661800 JavaThread "jar transforms Thread 74" [_thread_blocked, id=17792, stack(0x000000dbdf000000,0x000000dbdf100000)]
  0x000001e887668000 JavaThread "jar transforms Thread 75" [_thread_blocked, id=10420, stack(0x000000dbdf100000,0x000000dbdf200000)]
  0x000001e887662800 JavaThread "jar transforms Thread 76" [_thread_blocked, id=18524, stack(0x000000dbdf200000,0x000000dbdf300000)]
  0x000001e887665000 JavaThread "jar transforms Thread 77" [_thread_blocked, id=14396, stack(0x000000dbdf300000,0x000000dbdf400000)]
  0x000001e887663000 JavaThread "jar transforms Thread 78" [_thread_blocked, id=18660, stack(0x000000dbdf400000,0x000000dbdf500000)]
  0x000001e887664000 JavaThread "jar transforms Thread 79" [_thread_blocked, id=17788, stack(0x000000dbdf500000,0x000000dbdf600000)]
  0x000001e8869e4000 JavaThread "jar transforms Thread 80" [_thread_blocked, id=18604, stack(0x000000dbdf600000,0x000000dbdf700000)]
  0x000001e8869e5000 JavaThread "jar transforms Thread 81" [_thread_blocked, id=18764, stack(0x000000dbdf700000,0x000000dbdf800000)]
  0x000001e8869df000 JavaThread "jar transforms Thread 82" [_thread_blocked, id=18768, stack(0x000000dbdf800000,0x000000dbdf900000)]
  0x000001e8869e5800 JavaThread "jar transforms Thread 83" [_thread_blocked, id=13352, stack(0x000000dbdf900000,0x000000dbdfa00000)]
  0x000001e8869e0000 JavaThread "jar transforms Thread 84" [_thread_blocked, id=17948, stack(0x000000dbdfa00000,0x000000dbdfb00000)]
  0x000001e8869e6800 JavaThread "jar transforms Thread 85" [_thread_blocked, id=17776, stack(0x000000dbdfb00000,0x000000dbdfc00000)]
  0x000001e8869e1000 JavaThread "jar transforms Thread 86" [_thread_blocked, id=12212, stack(0x000000dbdfc00000,0x000000dbdfd00000)]
  0x000001e8869e7800 JavaThread "jar transforms Thread 87" [_thread_blocked, id=504, stack(0x000000dbdfd00000,0x000000dbdfe00000)]
  0x000001e8869e1800 JavaThread "jar transforms Thread 88" [_thread_blocked, id=18772, stack(0x000000dbdfe00000,0x000000dbdff00000)]
  0x000001e8869e8000 JavaThread "jar transforms Thread 89" [_thread_blocked, id=16128, stack(0x000000dbdff00000,0x000000dbe0000000)]
  0x000001e8869e2800 JavaThread "jar transforms Thread 90" [_thread_blocked, id=19428, stack(0x000000dbe0000000,0x000000dbe0100000)]
  0x000001e8869e9000 JavaThread "jar transforms Thread 91" [_thread_blocked, id=1592, stack(0x000000dbe0100000,0x000000dbe0200000)]
  0x000001e8869e3800 JavaThread "jar transforms Thread 92" [_thread_blocked, id=9108, stack(0x000000dbe0200000,0x000000dbe0300000)]
  0x000001e8869ea800 JavaThread "Memory manager" [_thread_blocked, id=18308, stack(0x000000dbe0300000,0x000000dbe0400000)]
=>0x000001e8863a2800 JavaThread "C2 CompilerThread1" daemon [_thread_in_native, id=12216, stack(0x000000dbd9000000,0x000000dbd9100000)]
  0x000001e8866a4800 JavaThread "C2 CompilerThread2" daemon [_thread_in_native, id=13784, stack(0x000000dbd9a00000,0x000000dbd9b00000)]

Other Threads:
  0x000001e880a86800 VMThread "VM Thread" [stack: 0x000000dbd6b00000,0x000000dbd6c00000] [id=19232]
  0x000001e880c60800 WatcherThread [stack: 0x000000dbd7500000,0x000000dbd7600000] [id=18992]
  0x000001e8e3937000 GCTaskThread "GC Thread#0" [stack: 0x000000dbd6600000,0x000000dbd6700000] [id=18976]
  0x000001e881a16000 GCTaskThread "GC Thread#1" [stack: 0x000000dbd7800000,0x000000dbd7900000] [id=1944]
  0x000001e881d5a000 GCTaskThread "GC Thread#2" [stack: 0x000000dbd7900000,0x000000dbd7a00000] [id=18964]
  0x000001e881a9e000 GCTaskThread "GC Thread#3" [stack: 0x000000dbd7a00000,0x000000dbd7b00000] [id=19228]
  0x000001e8819a2800 GCTaskThread "GC Thread#4" [stack: 0x000000dbd7b00000,0x000000dbd7c00000] [id=19200]
  0x000001e881da8000 GCTaskThread "GC Thread#5" [stack: 0x000000dbd7c00000,0x000000dbd7d00000] [id=18280]
  0x000001e8840b6800 GCTaskThread "GC Thread#6" [stack: 0x000000dbd8a00000,0x000000dbd8b00000] [id=18760]
  0x000001e8830c2800 GCTaskThread "GC Thread#7" [stack: 0x000000dbd8b00000,0x000000dbd8c00000] [id=18780]
  0x000001e882122800 GCTaskThread "GC Thread#8" [stack: 0x000000dbd8c00000,0x000000dbd8d00000] [id=18784]
  0x000001e882afc800 GCTaskThread "GC Thread#9" [stack: 0x000000dbd8d00000,0x000000dbd8e00000] [id=18788]
  0x000001e8e3969800 ConcurrentGCThread "G1 Main Marker" [stack: 0x000000dbd6700000,0x000000dbd6800000] [id=19160]
  0x000001e8e396b000 ConcurrentGCThread "G1 Conc#0" [stack: 0x000000dbd6800000,0x000000dbd6900000] [id=19244]
  0x000001e88184a000 ConcurrentGCThread "G1 Conc#1" [stack: 0x000000dbd8e00000,0x000000dbd8f00000] [id=18792]
  0x000001e88184c000 ConcurrentGCThread "G1 Conc#2" [stack: 0x000000dbd8f00000,0x000000dbd9000000] [id=18796]
  0x000001e8800c2800 ConcurrentGCThread "G1 Refine#0" [stack: 0x000000dbd6900000,0x000000dbd6a00000] [id=18844]
  0x000001e884666800 ConcurrentGCThread "G1 Refine#1" [stack: 0x000000dbd9200000,0x000000dbd9300000] [id=15524]
  0x000001e880f08800 ConcurrentGCThread "G1 Refine#2" [stack: 0x000000dbd9900000,0x000000dbd9a00000] [id=18644]
  0x000001e8800c3800 ConcurrentGCThread "G1 Young RemSet Sampling" [stack: 0x000000dbd6a00000,0x000000dbd6b00000] [id=19220]

Threads with active compile tasks:
C2 CompilerThread0  15360 7052       4       java.lang.reflect.AccessibleObject::verifyAccess (84 bytes)
C2 CompilerThread1  15360 6954       4       org.apache.tools.ant.IntrospectionHelper$AttributeSetter::setObject (133 bytes)
C2 CompilerThread2  15360 7039       4       java.lang.reflect.AccessibleObject::checkAccess (40 bytes)

VM state:not at safepoint (normal execution)

VM Mutex/Monitor currently owned by a thread:  ([mutex/lock_event])
[0x000001e8e391bac0] CompiledIC_lock - owner thread: 0x000001e880ae6000

Heap address: 0x0000000080000000, size: 2048 MB, Compressed Oops mode: 32-bit
Narrow klass base: 0x0000000000000000, Narrow klass shift: 3
Compressed class space size: 1073741824 Address: 0x0000000100000000

Heap:
 garbage-first heap   total 260096K, used 109794K [0x0000000080000000, 0x0000000100000000)
  region size 1024K, 30 young (30720K), 16 survivors (16384K)
 Metaspace       used 64402K, capacity 66485K, committed 66560K, reserved 1107968K
  class space    used 8114K, capacity 8918K, committed 8960K, reserved 1048576K
Heap Regions: E=young(eden), S=young(survivor), O=old, HS=humongous(starts), HC=humongous(continues), CS=collection set, F=free, A=archive, TAMS=top-at-mark-start (previous, next)
|   0|0x0000000080000000, 0x0000000080100000, 0x0000000080100000|100%| O|  |TAMS 0x0000000080100000, 0x0000000080000000| Untracked 
|   1|0x0000000080100000, 0x0000000080200000, 0x0000000080200000|100%| O|  |TAMS 0x0000000080200000, 0x0000000080100000| Untracked 
|   2|0x0000000080200000, 0x0000000080300000, 0x0000000080300000|100%| O|  |TAMS 0x0000000080300000, 0x0000000080200000| Untracked 
|   3|0x0000000080300000, 0x0000000080400000, 0x0000000080400000|100%|HS|  |TAMS 0x0000000080400000, 0x0000000080300000| Complete 
|   4|0x0000000080400000, 0x0000000080500000, 0x0000000080500000|100%|HC|  |TAMS 0x0000000080500000, 0x0000000080400000| Complete 
|   5|0x0000000080500000, 0x0000000080600000, 0x0000000080600000|100%|HC|  |TAMS 0x0000000080600000, 0x0000000080500000| Complete 
|   6|0x0000000080600000, 0x0000000080700000, 0x0000000080700000|100%| O|  |TAMS 0x0000000080700000, 0x0000000080600000| Untracked 
|   7|0x0000000080700000, 0x0000000080800000, 0x0000000080800000|100%| O|  |TAMS 0x0000000080800000, 0x0000000080700000| Untracked 
|   8|0x0000000080800000, 0x0000000080900000, 0x0000000080900000|100%| O|  |TAMS 0x0000000080900000, 0x0000000080800000| Untracked 
|   9|0x0000000080900000, 0x0000000080a00000, 0x0000000080a00000|100%| O|  |TAMS 0x0000000080a00000, 0x0000000080900000| Untracked 
|  10|0x0000000080a00000, 0x0000000080b00000, 0x0000000080b00000|100%| O|  |TAMS 0x0000000080b00000, 0x0000000080a00000| Untracked 
|  11|0x0000000080b00000, 0x0000000080c00000, 0x0000000080c00000|100%| O|  |TAMS 0x0000000080c00000, 0x0000000080b00000| Untracked 
|  12|0x0000000080c00000, 0x0000000080d00000, 0x0000000080d00000|100%| O|  |TAMS 0x0000000080d00000, 0x0000000080c00000| Untracked 
|  13|0x0000000080d00000, 0x0000000080e00000, 0x0000000080e00000|100%| O|  |TAMS 0x0000000080e00000, 0x0000000080d00000| Untracked 
|  14|0x0000000080e00000, 0x0000000080f00000, 0x0000000080f00000|100%| O|  |TAMS 0x0000000080f00000, 0x0000000080e00000| Untracked 
|  15|0x0000000080f00000, 0x0000000081000000, 0x0000000081000000|100%| O|  |TAMS 0x0000000081000000, 0x0000000080f00000| Untracked 
|  16|0x0000000081000000, 0x0000000081100000, 0x0000000081100000|100%| O|  |TAMS 0x0000000081094200, 0x0000000081000000| Untracked 
|  17|0x0000000081100000, 0x0000000081200000, 0x0000000081200000|100%| O|  |TAMS 0x0000000081100000, 0x0000000081100000| Untracked 
|  18|0x0000000081200000, 0x0000000081300000, 0x0000000081300000|100%| O|  |TAMS 0x0000000081200000, 0x0000000081200000| Untracked 
|  19|0x0000000081300000, 0x0000000081400000, 0x0000000081400000|100%| O|  |TAMS 0x0000000081300000, 0x0000000081300000| Untracked 
|  20|0x0000000081400000, 0x0000000081500000, 0x0000000081500000|100%| O|  |TAMS 0x0000000081400000, 0x0000000081400000| Untracked 
|  21|0x0000000081500000, 0x0000000081600000, 0x0000000081600000|100%| O|  |TAMS 0x0000000081500000, 0x0000000081500000| Untracked 
|  22|0x0000000081600000, 0x0000000081700000, 0x0000000081700000|100%| O|  |TAMS 0x0000000081600000, 0x0000000081600000| Untracked 
|  23|0x0000000081700000, 0x0000000081800000, 0x0000000081800000|100%|HS|  |TAMS 0x0000000081700000, 0x0000000081700000| Complete 
|  24|0x0000000081800000, 0x0000000081900000, 0x0000000081900000|100%| O|  |TAMS 0x0000000081800000, 0x0000000081800000| Untracked 
|  25|0x0000000081900000, 0x0000000081a00000, 0x0000000081a00000|100%| O|  |TAMS 0x0000000081900000, 0x0000000081900000| Untracked 
|  26|0x0000000081a00000, 0x0000000081b00000, 0x0000000081b00000|100%| O|  |TAMS 0x0000000081a00000, 0x0000000081a00000| Untracked 
|  27|0x0000000081b00000, 0x0000000081c00000, 0x0000000081c00000|100%| O|  |TAMS 0x0000000081b00000, 0x0000000081b00000| Untracked 
|  28|0x0000000081c00000, 0x0000000081d00000, 0x0000000081d00000|100%| O|  |TAMS 0x0000000081c00000, 0x0000000081c00000| Untracked 
|  29|0x0000000081d00000, 0x0000000081e00000, 0x0000000081e00000|100%| O|  |TAMS 0x0000000081d00000, 0x0000000081d00000| Untracked 
|  30|0x0000000081e00000, 0x0000000081f00000, 0x0000000081f00000|100%| O|  |TAMS 0x0000000081e00000, 0x0000000081e00000| Untracked 
|  31|0x0000000081f00000, 0x0000000082000000, 0x0000000082000000|100%|HS|  |TAMS 0x0000000081f00000, 0x0000000081f00000| Complete 
|  32|0x0000000082000000, 0x0000000082100000, 0x0000000082100000|100%|HC|  |TAMS 0x0000000082000000, 0x0000000082000000| Complete 
|  33|0x0000000082100000, 0x0000000082200000, 0x0000000082200000|100%| O|  |TAMS 0x0000000082100000, 0x0000000082100000| Untracked 
|  34|0x0000000082200000, 0x0000000082300000, 0x0000000082300000|100%| O|  |TAMS 0x0000000082200000, 0x0000000082200000| Untracked 
|  35|0x0000000082300000, 0x0000000082400000, 0x0000000082400000|100%| O|  |TAMS 0x0000000082300000, 0x0000000082300000| Untracked 
|  36|0x0000000082400000, 0x0000000082500000, 0x0000000082500000|100%| O|  |TAMS 0x0000000082400000, 0x0000000082400000| Untracked 
|  37|0x0000000082500000, 0x0000000082600000, 0x0000000082600000|100%| O|  |TAMS 0x0000000082500000, 0x0000000082500000| Untracked 
|  38|0x0000000082600000, 0x0000000082700000, 0x0000000082700000|100%| O|  |TAMS 0x0000000082600000, 0x0000000082600000| Untracked 
|  39|0x0000000082700000, 0x0000000082800000, 0x0000000082800000|100%| O|  |TAMS 0x0000000082700000, 0x0000000082700000| Untracked 
|  40|0x0000000082800000, 0x0000000082900000, 0x0000000082900000|100%| O|  |TAMS 0x0000000082800000, 0x0000000082800000| Untracked 
|  41|0x0000000082900000, 0x0000000082a00000, 0x0000000082a00000|100%| O|  |TAMS 0x0000000082900000, 0x0000000082900000| Untracked 
|  42|0x0000000082a00000, 0x0000000082b00000, 0x0000000082b00000|100%| O|  |TAMS 0x0000000082a00000, 0x0000000082a00000| Untracked 
|  43|0x0000000082b00000, 0x0000000082c00000, 0x0000000082c00000|100%| O|  |TAMS 0x0000000082b00000, 0x0000000082b00000| Untracked 
|  44|0x0000000082c00000, 0x0000000082d00000, 0x0000000082d00000|100%| O|  |TAMS 0x0000000082c00000, 0x0000000082c00000| Untracked 
|  45|0x0000000082d00000, 0x0000000082e00000, 0x0000000082e00000|100%| O|  |TAMS 0x0000000082d00000, 0x0000000082d00000| Untracked 
|  46|0x0000000082e00000, 0x0000000082f00000, 0x0000000082f00000|100%| O|  |TAMS 0x0000000082e00000, 0x0000000082e00000| Untracked 
|  47|0x0000000082f00000, 0x0000000083000000, 0x0000000083000000|100%| O|  |TAMS 0x0000000082f00000, 0x0000000082f00000| Untracked 
|  48|0x0000000083000000, 0x0000000083100000, 0x0000000083100000|100%| O|  |TAMS 0x0000000083000000, 0x0000000083000000| Untracked 
|  49|0x0000000083100000, 0x0000000083200000, 0x0000000083200000|100%| O|  |TAMS 0x0000000083100000, 0x0000000083100000| Untracked 
|  50|0x0000000083200000, 0x0000000083300000, 0x0000000083300000|100%| O|  |TAMS 0x0000000083200000, 0x0000000083200000| Untracked 
|  51|0x0000000083300000, 0x0000000083400000, 0x0000000083400000|100%| O|  |TAMS 0x0000000083300000, 0x0000000083300000| Untracked 
|  52|0x0000000083400000, 0x0000000083500000, 0x0000000083500000|100%| O|  |TAMS 0x0000000083400000, 0x0000000083400000| Untracked 
|  53|0x0000000083500000, 0x0000000083600000, 0x0000000083600000|100%| O|  |TAMS 0x0000000083500000, 0x0000000083500000| Untracked 
|  54|0x0000000083600000, 0x0000000083700000, 0x0000000083700000|100%| O|  |TAMS 0x0000000083600000, 0x0000000083600000| Untracked 
|  55|0x0000000083700000, 0x0000000083800000, 0x0000000083800000|100%| O|  |TAMS 0x0000000083700000, 0x0000000083700000| Untracked 
|  56|0x0000000083800000, 0x0000000083900000, 0x0000000083900000|100%| O|  |TAMS 0x0000000083800000, 0x0000000083800000| Untracked 
|  57|0x0000000083900000, 0x0000000083a00000, 0x0000000083a00000|100%| O|  |TAMS 0x0000000083900000, 0x0000000083900000| Untracked 
|  58|0x0000000083a00000, 0x0000000083b00000, 0x0000000083b00000|100%| O|  |TAMS 0x0000000083a00000, 0x0000000083a00000| Untracked 
|  59|0x0000000083b00000, 0x0000000083c00000, 0x0000000083c00000|100%| O|  |TAMS 0x0000000083b00000, 0x0000000083b00000| Untracked 
|  60|0x0000000083c00000, 0x0000000083d00000, 0x0000000083d00000|100%| O|  |TAMS 0x0000000083c00000, 0x0000000083c00000| Untracked 
|  61|0x0000000083d00000, 0x0000000083e00000, 0x0000000083e00000|100%| O|  |TAMS 0x0000000083d00000, 0x0000000083d00000| Untracked 
|  62|0x0000000083e00000, 0x0000000083f00000, 0x0000000083f00000|100%| O|  |TAMS 0x0000000083e00000, 0x0000000083e00000| Untracked 
|  63|0x0000000083f00000, 0x0000000084000000, 0x0000000084000000|100%| O|  |TAMS 0x0000000083f00000, 0x0000000083f00000| Untracked 
|  64|0x0000000084000000, 0x0000000084100000, 0x0000000084100000|100%| O|  |TAMS 0x0000000084000000, 0x0000000084000000| Untracked 
|  65|0x0000000084100000, 0x0000000084200000, 0x0000000084200000|100%| O|  |TAMS 0x0000000084100000, 0x0000000084100000| Untracked 
|  66|0x0000000084200000, 0x0000000084300000, 0x0000000084300000|100%| O|  |TAMS 0x0000000084200000, 0x0000000084200000| Untracked 
|  67|0x0000000084300000, 0x0000000084400000, 0x0000000084400000|100%| O|  |TAMS 0x0000000084300000, 0x0000000084300000| Untracked 
|  68|0x0000000084400000, 0x0000000084500000, 0x0000000084500000|100%| O|  |TAMS 0x0000000084400000, 0x0000000084400000| Untracked 
|  69|0x0000000084500000, 0x0000000084600000, 0x0000000084600000|100%| O|  |TAMS 0x0000000084500000, 0x0000000084500000| Untracked 
|  70|0x0000000084600000, 0x0000000084700000, 0x0000000084700000|100%| O|  |TAMS 0x0000000084600000, 0x0000000084600000| Untracked 
|  71|0x0000000084700000, 0x0000000084800000, 0x0000000084800000|100%| O|  |TAMS 0x0000000084700000, 0x0000000084700000| Untracked 
|  72|0x0000000084800000, 0x0000000084900000, 0x0000000084900000|100%| O|  |TAMS 0x0000000084800000, 0x0000000084800000| Untracked 
|  73|0x0000000084900000, 0x0000000084a00000, 0x0000000084a00000|100%| O|  |TAMS 0x0000000084900000, 0x0000000084900000| Untracked 
|  74|0x0000000084a00000, 0x0000000084b00000, 0x0000000084b00000|100%| O|  |TAMS 0x0000000084a00000, 0x0000000084a00000| Untracked 
|  75|0x0000000084b00000, 0x0000000084c00000, 0x0000000084c00000|100%| O|  |TAMS 0x0000000084b00000, 0x0000000084b00000| Untracked 
|  76|0x0000000084c00000, 0x0000000084d00000, 0x0000000084d00000|100%| O|  |TAMS 0x0000000084c00000, 0x0000000084c00000| Untracked 
|  77|0x0000000084d00000, 0x0000000084e00000, 0x0000000084e00000|100%| O|  |TAMS 0x0000000084d00000, 0x0000000084d00000| Untracked 
|  78|0x0000000084e00000, 0x0000000084e38a00, 0x0000000084f00000| 22%| O|  |TAMS 0x0000000084e00000, 0x0000000084e00000| Untracked 
|  79|0x0000000084f00000, 0x0000000084f00000, 0x0000000085000000|  0%| F|  |TAMS 0x0000000084f00000, 0x0000000084f00000| Untracked 
|  80|0x0000000085000000, 0x0000000085000000, 0x0000000085100000|  0%| F|  |TAMS 0x0000000085000000, 0x0000000085000000| Untracked 
|  81|0x0000000085100000, 0x0000000085100000, 0x0000000085200000|  0%| F|  |TAMS 0x0000000085100000, 0x0000000085100000| Untracked 
|  82|0x0000000085200000, 0x0000000085200000, 0x0000000085300000|  0%| F|  |TAMS 0x0000000085200000, 0x0000000085200000| Untracked 
|  83|0x0000000085300000, 0x0000000085300000, 0x0000000085400000|  0%| F|  |TAMS 0x0000000085300000, 0x0000000085300000| Untracked 
|  84|0x0000000085400000, 0x0000000085400000, 0x0000000085500000|  0%| F|  |TAMS 0x0000000085400000, 0x0000000085400000| Untracked 
|  85|0x0000000085500000, 0x0000000085500000, 0x0000000085600000|  0%| F|  |TAMS 0x0000000085500000, 0x0000000085500000| Untracked 
|  86|0x0000000085600000, 0x0000000085600000, 0x0000000085700000|  0%| F|  |TAMS 0x0000000085600000, 0x0000000085600000| Untracked 
|  87|0x0000000085700000, 0x0000000085700000, 0x0000000085800000|  0%| F|  |TAMS 0x0000000085700000, 0x0000000085700000| Untracked 
|  88|0x0000000085800000, 0x0000000085800000, 0x0000000085900000|  0%| F|  |TAMS 0x0000000085800000, 0x0000000085800000| Untracked 
|  89|0x0000000085900000, 0x0000000085900000, 0x0000000085a00000|  0%| F|  |TAMS 0x0000000085900000, 0x0000000085900000| Untracked 
|  90|0x0000000085a00000, 0x0000000085a00000, 0x0000000085b00000|  0%| F|  |TAMS 0x0000000085a00000, 0x0000000085a00000| Untracked 
|  91|0x0000000085b00000, 0x0000000085b00000, 0x0000000085c00000|  0%| F|  |TAMS 0x0000000085b00000, 0x0000000085b00000| Untracked 
|  92|0x0000000085c00000, 0x0000000085c00000, 0x0000000085d00000|  0%| F|  |TAMS 0x0000000085c00000, 0x0000000085c00000| Untracked 
|  93|0x0000000085d00000, 0x0000000085d00000, 0x0000000085e00000|  0%| F|  |TAMS 0x0000000085d00000, 0x0000000085d00000| Untracked 
|  94|0x0000000085e00000, 0x0000000085e00000, 0x0000000085f00000|  0%| F|  |TAMS 0x0000000085e00000, 0x0000000085e00000| Untracked 
|  95|0x0000000085f00000, 0x0000000085f00000, 0x0000000086000000|  0%| F|  |TAMS 0x0000000085f00000, 0x0000000085f00000| Untracked 
|  96|0x0000000086000000, 0x0000000086000000, 0x0000000086100000|  0%| F|  |TAMS 0x0000000086000000, 0x0000000086000000| Untracked 
|  97|0x0000000086100000, 0x0000000086100000, 0x0000000086200000|  0%| F|  |TAMS 0x0000000086100000, 0x0000000086100000| Untracked 
|  98|0x0000000086200000, 0x0000000086200000, 0x0000000086300000|  0%| F|  |TAMS 0x0000000086200000, 0x0000000086200000| Untracked 
|  99|0x0000000086300000, 0x0000000086300000, 0x0000000086400000|  0%| F|  |TAMS 0x0000000086300000, 0x0000000086300000| Untracked 
| 100|0x0000000086400000, 0x0000000086400000, 0x0000000086500000|  0%| F|  |TAMS 0x0000000086400000, 0x0000000086400000| Untracked 
| 101|0x0000000086500000, 0x0000000086500000, 0x0000000086600000|  0%| F|  |TAMS 0x0000000086500000, 0x0000000086500000| Untracked 
| 102|0x0000000086600000, 0x0000000086600000, 0x0000000086700000|  0%| F|  |TAMS 0x0000000086600000, 0x0000000086600000| Untracked 
| 103|0x0000000086700000, 0x0000000086700000, 0x0000000086800000|  0%| F|  |TAMS 0x0000000086700000, 0x0000000086700000| Untracked 
| 104|0x0000000086800000, 0x0000000086800000, 0x0000000086900000|  0%| F|  |TAMS 0x0000000086800000, 0x0000000086800000| Untracked 
| 105|0x0000000086900000, 0x0000000086900000, 0x0000000086a00000|  0%| F|  |TAMS 0x0000000086900000, 0x0000000086900000| Untracked 
| 106|0x0000000086a00000, 0x0000000086a00000, 0x0000000086b00000|  0%| F|  |TAMS 0x0000000086a00000, 0x0000000086a00000| Untracked 
| 107|0x0000000086b00000, 0x0000000086b00000, 0x0000000086c00000|  0%| F|  |TAMS 0x0000000086b00000, 0x0000000086b00000| Untracked 
| 108|0x0000000086c00000, 0x0000000086c00000, 0x0000000086d00000|  0%| F|  |TAMS 0x0000000086c00000, 0x0000000086c00000| Untracked 
| 109|0x0000000086d00000, 0x0000000086d00000, 0x0000000086e00000|  0%| F|  |TAMS 0x0000000086d00000, 0x0000000086d00000| Untracked 
| 110|0x0000000086e00000, 0x0000000086e00000, 0x0000000086f00000|  0%| F|  |TAMS 0x0000000086e00000, 0x0000000086e00000| Untracked 
| 111|0x0000000086f00000, 0x0000000086f00000, 0x0000000087000000|  0%| F|  |TAMS 0x0000000086f00000, 0x0000000086f00000| Untracked 
| 112|0x0000000087000000, 0x0000000087100000, 0x0000000087100000|100%| S|CS|TAMS 0x0000000087000000, 0x0000000087000000| Complete 
| 113|0x0000000087100000, 0x0000000087200000, 0x0000000087200000|100%| S|CS|TAMS 0x0000000087100000, 0x0000000087100000| Complete 
| 114|0x0000000087200000, 0x0000000087300000, 0x0000000087300000|100%| S|CS|TAMS 0x0000000087200000, 0x0000000087200000| Complete 
| 115|0x0000000087300000, 0x0000000087400000, 0x0000000087400000|100%| S|CS|TAMS 0x0000000087300000, 0x0000000087300000| Complete 
| 116|0x0000000087400000, 0x0000000087500000, 0x0000000087500000|100%| S|CS|TAMS 0x0000000087400000, 0x0000000087400000| Complete 
| 117|0x0000000087500000, 0x0000000087600000, 0x0000000087600000|100%| S|CS|TAMS 0x0000000087500000, 0x0000000087500000| Complete 
| 118|0x0000000087600000, 0x0000000087700000, 0x0000000087700000|100%| S|CS|TAMS 0x0000000087600000, 0x0000000087600000| Complete 
| 119|0x0000000087700000, 0x0000000087800000, 0x0000000087800000|100%| S|CS|TAMS 0x0000000087700000, 0x0000000087700000| Complete 
| 120|0x0000000087800000, 0x0000000087900000, 0x0000000087900000|100%| S|CS|TAMS 0x0000000087800000, 0x0000000087800000| Complete 
| 121|0x0000000087900000, 0x0000000087a00000, 0x0000000087a00000|100%| S|CS|TAMS 0x0000000087900000, 0x0000000087900000| Complete 
| 122|0x0000000087a00000, 0x0000000087b00000, 0x0000000087b00000|100%| S|CS|TAMS 0x0000000087a00000, 0x0000000087a00000| Complete 
| 123|0x0000000087b00000, 0x0000000087c00000, 0x0000000087c00000|100%| S|CS|TAMS 0x0000000087b00000, 0x0000000087b00000| Complete 
| 124|0x0000000087c00000, 0x0000000087d00000, 0x0000000087d00000|100%| S|CS|TAMS 0x0000000087c00000, 0x0000000087c00000| Complete 
| 125|0x0000000087d00000, 0x0000000087e00000, 0x0000000087e00000|100%| S|CS|TAMS 0x0000000087d00000, 0x0000000087d00000| Complete 
| 126|0x0000000087e00000, 0x0000000087f00000, 0x0000000087f00000|100%| S|CS|TAMS 0x0000000087e00000, 0x0000000087e00000| Complete 
| 127|0x0000000087f00000, 0x0000000087f00000, 0x0000000088000000|  0%| F|  |TAMS 0x0000000087f00000, 0x0000000087f00000| Untracked 
| 128|0x0000000088000000, 0x0000000088000000, 0x0000000088100000|  0%| F|  |TAMS 0x0000000088000000, 0x0000000088000000| Untracked 
| 129|0x0000000088100000, 0x0000000088100000, 0x0000000088200000|  0%| F|  |TAMS 0x0000000088100000, 0x0000000088100000| Untracked 
| 130|0x0000000088200000, 0x0000000088200000, 0x0000000088300000|  0%| F|  |TAMS 0x0000000088200000, 0x0000000088200000| Untracked 
| 131|0x0000000088300000, 0x0000000088300000, 0x0000000088400000|  0%| F|  |TAMS 0x0000000088300000, 0x0000000088300000| Untracked 
| 132|0x0000000088400000, 0x0000000088400000, 0x0000000088500000|  0%| F|  |TAMS 0x0000000088400000, 0x0000000088400000| Untracked 
| 133|0x0000000088500000, 0x0000000088500000, 0x0000000088600000|  0%| F|  |TAMS 0x0000000088500000, 0x0000000088500000| Untracked 
| 134|0x0000000088600000, 0x0000000088700000, 0x0000000088700000|100%| S|CS|TAMS 0x0000000088600000, 0x0000000088600000| Complete 
| 135|0x0000000088700000, 0x0000000088700000, 0x0000000088800000|  0%| F|  |TAMS 0x0000000088700000, 0x0000000088700000| Untracked 
| 136|0x0000000088800000, 0x0000000088800000, 0x0000000088900000|  0%| F|  |TAMS 0x0000000088800000, 0x0000000088800000| Untracked 
| 137|0x0000000088900000, 0x0000000088900000, 0x0000000088a00000|  0%| F|  |TAMS 0x0000000088900000, 0x0000000088900000| Untracked 
| 138|0x0000000088a00000, 0x0000000088a00000, 0x0000000088b00000|  0%| F|  |TAMS 0x0000000088a00000, 0x0000000088a00000| Untracked 
| 139|0x0000000088b00000, 0x0000000088b00000, 0x0000000088c00000|  0%| F|  |TAMS 0x0000000088b00000, 0x0000000088b00000| Untracked 
| 140|0x0000000088c00000, 0x0000000088c00000, 0x0000000088d00000|  0%| F|  |TAMS 0x0000000088c00000, 0x0000000088c00000| Untracked 
| 141|0x0000000088d00000, 0x0000000088d00000, 0x0000000088e00000|  0%| F|  |TAMS 0x0000000088d00000, 0x0000000088d00000| Untracked 
| 142|0x0000000088e00000, 0x0000000088e00000, 0x0000000088f00000|  0%| F|  |TAMS 0x0000000088e00000, 0x0000000088e00000| Untracked 
| 143|0x0000000088f00000, 0x0000000088f00000, 0x0000000089000000|  0%| F|  |TAMS 0x0000000088f00000, 0x0000000088f00000| Untracked 
| 144|0x0000000089000000, 0x0000000089000000, 0x0000000089100000|  0%| F|  |TAMS 0x0000000089000000, 0x0000000089000000| Untracked 
| 145|0x0000000089100000, 0x0000000089100000, 0x0000000089200000|  0%| F|  |TAMS 0x0000000089100000, 0x0000000089100000| Untracked 
| 146|0x0000000089200000, 0x0000000089200000, 0x0000000089300000|  0%| F|  |TAMS 0x0000000089200000, 0x0000000089200000| Untracked 
| 147|0x0000000089300000, 0x0000000089300000, 0x0000000089400000|  0%| F|  |TAMS 0x0000000089300000, 0x0000000089300000| Untracked 
| 148|0x0000000089400000, 0x0000000089400000, 0x0000000089500000|  0%| F|  |TAMS 0x0000000089400000, 0x0000000089400000| Untracked 
| 149|0x0000000089500000, 0x0000000089500000, 0x0000000089600000|  0%| F|  |TAMS 0x0000000089500000, 0x0000000089500000| Untracked 
| 150|0x0000000089600000, 0x0000000089600000, 0x0000000089700000|  0%| F|  |TAMS 0x0000000089600000, 0x0000000089600000| Untracked 
| 151|0x0000000089700000, 0x0000000089700000, 0x0000000089800000|  0%| F|  |TAMS 0x0000000089700000, 0x0000000089700000| Untracked 
| 152|0x0000000089800000, 0x0000000089800000, 0x0000000089900000|  0%| F|  |TAMS 0x0000000089800000, 0x0000000089800000| Untracked 
| 153|0x0000000089900000, 0x0000000089900000, 0x0000000089a00000|  0%| F|  |TAMS 0x0000000089900000, 0x0000000089900000| Untracked 
| 154|0x0000000089a00000, 0x0000000089a00000, 0x0000000089b00000|  0%| F|  |TAMS 0x0000000089a00000, 0x0000000089a00000| Untracked 
| 155|0x0000000089b00000, 0x0000000089b00000, 0x0000000089c00000|  0%| F|  |TAMS 0x0000000089b00000, 0x0000000089b00000| Untracked 
| 156|0x0000000089c00000, 0x0000000089c00000, 0x0000000089d00000|  0%| F|  |TAMS 0x0000000089c00000, 0x0000000089c00000| Untracked 
| 157|0x0000000089d00000, 0x0000000089d00000, 0x0000000089e00000|  0%| F|  |TAMS 0x0000000089d00000, 0x0000000089d00000| Untracked 
| 158|0x0000000089e00000, 0x0000000089e00000, 0x0000000089f00000|  0%| F|  |TAMS 0x0000000089e00000, 0x0000000089e00000| Untracked 
| 159|0x0000000089f00000, 0x0000000089f00000, 0x000000008a000000|  0%| F|  |TAMS 0x0000000089f00000, 0x0000000089f00000| Untracked 
| 160|0x000000008a000000, 0x000000008a000000, 0x000000008a100000|  0%| F|  |TAMS 0x000000008a000000, 0x000000008a000000| Untracked 
| 161|0x000000008a100000, 0x000000008a100000, 0x000000008a200000|  0%| F|  |TAMS 0x000000008a100000, 0x000000008a100000| Untracked 
| 162|0x000000008a200000, 0x000000008a200000, 0x000000008a300000|  0%| F|  |TAMS 0x000000008a200000, 0x000000008a200000| Untracked 
| 163|0x000000008a300000, 0x000000008a300000, 0x000000008a400000|  0%| F|  |TAMS 0x000000008a300000, 0x000000008a300000| Untracked 
| 164|0x000000008a400000, 0x000000008a400000, 0x000000008a500000|  0%| F|  |TAMS 0x000000008a400000, 0x000000008a400000| Untracked 
| 165|0x000000008a500000, 0x000000008a500000, 0x000000008a600000|  0%| F|  |TAMS 0x000000008a500000, 0x000000008a500000| Untracked 
| 166|0x000000008a600000, 0x000000008a600000, 0x000000008a700000|  0%| F|  |TAMS 0x000000008a600000, 0x000000008a600000| Untracked 
| 167|0x000000008a700000, 0x000000008a700000, 0x000000008a800000|  0%| F|  |TAMS 0x000000008a700000, 0x000000008a700000| Untracked 
| 168|0x000000008a800000, 0x000000008a800000, 0x000000008a900000|  0%| F|  |TAMS 0x000000008a800000, 0x000000008a800000| Untracked 
| 169|0x000000008a900000, 0x000000008a900000, 0x000000008aa00000|  0%| F|  |TAMS 0x000000008a900000, 0x000000008a900000| Untracked 
| 170|0x000000008aa00000, 0x000000008aa00000, 0x000000008ab00000|  0%| F|  |TAMS 0x000000008aa00000, 0x000000008aa00000| Untracked 
| 171|0x000000008ab00000, 0x000000008ab00000, 0x000000008ac00000|  0%| F|  |TAMS 0x000000008ab00000, 0x000000008ab00000| Untracked 
| 172|0x000000008ac00000, 0x000000008ac00000, 0x000000008ad00000|  0%| F|  |TAMS 0x000000008ac00000, 0x000000008ac00000| Untracked 
| 173|0x000000008ad00000, 0x000000008ad00000, 0x000000008ae00000|  0%| F|  |TAMS 0x000000008ad00000, 0x000000008ad00000| Untracked 
| 174|0x000000008ae00000, 0x000000008ae00000, 0x000000008af00000|  0%| F|  |TAMS 0x000000008ae00000, 0x000000008ae00000| Untracked 
| 175|0x000000008af00000, 0x000000008af00000, 0x000000008b000000|  0%| F|  |TAMS 0x000000008af00000, 0x000000008af00000| Untracked 
| 176|0x000000008b000000, 0x000000008b000000, 0x000000008b100000|  0%| F|  |TAMS 0x000000008b000000, 0x000000008b000000| Untracked 
| 177|0x000000008b100000, 0x000000008b100000, 0x000000008b200000|  0%| F|  |TAMS 0x000000008b100000, 0x000000008b100000| Untracked 
| 178|0x000000008b200000, 0x000000008b200000, 0x000000008b300000|  0%| F|  |TAMS 0x000000008b200000, 0x000000008b200000| Untracked 
| 179|0x000000008b300000, 0x000000008b300000, 0x000000008b400000|  0%| F|  |TAMS 0x000000008b300000, 0x000000008b300000| Untracked 
| 180|0x000000008b400000, 0x000000008b400000, 0x000000008b500000|  0%| F|  |TAMS 0x000000008b400000, 0x000000008b400000| Untracked 
| 181|0x000000008b500000, 0x000000008b500000, 0x000000008b600000|  0%| F|  |TAMS 0x000000008b500000, 0x000000008b500000| Untracked 
| 182|0x000000008b600000, 0x000000008b600000, 0x000000008b700000|  0%| F|  |TAMS 0x000000008b600000, 0x000000008b600000| Untracked 
| 183|0x000000008b700000, 0x000000008b700000, 0x000000008b800000|  0%| F|  |TAMS 0x000000008b700000, 0x000000008b700000| Untracked 
| 184|0x000000008b800000, 0x000000008b800000, 0x000000008b900000|  0%| F|  |TAMS 0x000000008b800000, 0x000000008b800000| Untracked 
| 185|0x000000008b900000, 0x000000008b900000, 0x000000008ba00000|  0%| F|  |TAMS 0x000000008b900000, 0x000000008b900000| Untracked 
| 186|0x000000008ba00000, 0x000000008ba00000, 0x000000008bb00000|  0%| F|  |TAMS 0x000000008ba00000, 0x000000008ba00000| Untracked 
| 187|0x000000008bb00000, 0x000000008bb00000, 0x000000008bc00000|  0%| F|  |TAMS 0x000000008bb00000, 0x000000008bb00000| Untracked 
| 188|0x000000008bc00000, 0x000000008bc00000, 0x000000008bd00000|  0%| F|  |TAMS 0x000000008bc00000, 0x000000008bc00000| Untracked 
| 189|0x000000008bd00000, 0x000000008bd00000, 0x000000008be00000|  0%| F|  |TAMS 0x000000008bd00000, 0x000000008bd00000| Untracked 
| 190|0x000000008be00000, 0x000000008be00000, 0x000000008bf00000|  0%| F|  |TAMS 0x000000008be00000, 0x000000008be00000| Untracked 
| 191|0x000000008bf00000, 0x000000008bf00000, 0x000000008c000000|  0%| F|  |TAMS 0x000000008bf00000, 0x000000008bf00000| Untracked 
| 192|0x000000008c000000, 0x000000008c000000, 0x000000008c100000|  0%| F|  |TAMS 0x000000008c000000, 0x000000008c000000| Untracked 
| 193|0x000000008c100000, 0x000000008c100000, 0x000000008c200000|  0%| F|  |TAMS 0x000000008c100000, 0x000000008c100000| Untracked 
| 194|0x000000008c200000, 0x000000008c200000, 0x000000008c300000|  0%| F|  |TAMS 0x000000008c200000, 0x000000008c200000| Untracked 
| 195|0x000000008c300000, 0x000000008c300000, 0x000000008c400000|  0%| F|  |TAMS 0x000000008c300000, 0x000000008c300000| Untracked 
| 196|0x000000008c400000, 0x000000008c400000, 0x000000008c500000|  0%| F|  |TAMS 0x000000008c400000, 0x000000008c400000| Untracked 
| 197|0x000000008c500000, 0x000000008c500000, 0x000000008c600000|  0%| F|  |TAMS 0x000000008c500000, 0x000000008c500000| Untracked 
| 198|0x000000008c600000, 0x000000008c600000, 0x000000008c700000|  0%| F|  |TAMS 0x000000008c600000, 0x000000008c600000| Untracked 
| 199|0x000000008c700000, 0x000000008c700000, 0x000000008c800000|  0%| F|  |TAMS 0x000000008c700000, 0x000000008c700000| Untracked 
| 200|0x000000008c800000, 0x000000008c800000, 0x000000008c900000|  0%| F|  |TAMS 0x000000008c800000, 0x000000008c800000| Untracked 
| 201|0x000000008c900000, 0x000000008c900000, 0x000000008ca00000|  0%| F|  |TAMS 0x000000008c900000, 0x000000008c900000| Untracked 
| 202|0x000000008ca00000, 0x000000008ca00000, 0x000000008cb00000|  0%| F|  |TAMS 0x000000008ca00000, 0x000000008ca00000| Untracked 
| 203|0x000000008cb00000, 0x000000008cb00000, 0x000000008cc00000|  0%| F|  |TAMS 0x000000008cb00000, 0x000000008cb00000| Untracked 
| 204|0x000000008cc00000, 0x000000008cc00000, 0x000000008cd00000|  0%| F|  |TAMS 0x000000008cc00000, 0x000000008cc00000| Untracked 
| 205|0x000000008cd00000, 0x000000008cd00000, 0x000000008ce00000|  0%| F|  |TAMS 0x000000008cd00000, 0x000000008cd00000| Untracked 
| 206|0x000000008ce00000, 0x000000008ce00000, 0x000000008cf00000|  0%| F|  |TAMS 0x000000008ce00000, 0x000000008ce00000| Untracked 
| 207|0x000000008cf00000, 0x000000008cf00000, 0x000000008d000000|  0%| F|  |TAMS 0x000000008cf00000, 0x000000008cf00000| Untracked 
| 208|0x000000008d000000, 0x000000008d000000, 0x000000008d100000|  0%| F|  |TAMS 0x000000008d000000, 0x000000008d000000| Untracked 
| 209|0x000000008d100000, 0x000000008d100000, 0x000000008d200000|  0%| F|  |TAMS 0x000000008d100000, 0x000000008d100000| Untracked 
| 210|0x000000008d200000, 0x000000008d200000, 0x000000008d300000|  0%| F|  |TAMS 0x000000008d200000, 0x000000008d200000| Untracked 
| 211|0x000000008d300000, 0x000000008d300000, 0x000000008d400000|  0%| F|  |TAMS 0x000000008d300000, 0x000000008d300000| Untracked 
| 212|0x000000008d400000, 0x000000008d400000, 0x000000008d500000|  0%| F|  |TAMS 0x000000008d400000, 0x000000008d400000| Untracked 
| 213|0x000000008d500000, 0x000000008d500000, 0x000000008d600000|  0%| F|  |TAMS 0x000000008d500000, 0x000000008d500000| Untracked 
| 214|0x000000008d600000, 0x000000008d600000, 0x000000008d700000|  0%| F|  |TAMS 0x000000008d600000, 0x000000008d600000| Untracked 
| 215|0x000000008d700000, 0x000000008d700000, 0x000000008d800000|  0%| F|  |TAMS 0x000000008d700000, 0x000000008d700000| Untracked 
| 216|0x000000008d800000, 0x000000008d800000, 0x000000008d900000|  0%| F|  |TAMS 0x000000008d800000, 0x000000008d800000| Untracked 
| 217|0x000000008d900000, 0x000000008d900000, 0x000000008da00000|  0%| F|  |TAMS 0x000000008d900000, 0x000000008d900000| Untracked 
| 218|0x000000008da00000, 0x000000008da00000, 0x000000008db00000|  0%| F|  |TAMS 0x000000008da00000, 0x000000008da00000| Untracked 
| 219|0x000000008db00000, 0x000000008db00000, 0x000000008dc00000|  0%| F|  |TAMS 0x000000008db00000, 0x000000008db00000| Untracked 
| 220|0x000000008dc00000, 0x000000008dc00000, 0x000000008dd00000|  0%| F|  |TAMS 0x000000008dc00000, 0x000000008dc00000| Untracked 
| 221|0x000000008dd00000, 0x000000008dd00000, 0x000000008de00000|  0%| F|  |TAMS 0x000000008dd00000, 0x000000008dd00000| Untracked 
| 222|0x000000008de00000, 0x000000008de00000, 0x000000008df00000|  0%| F|  |TAMS 0x000000008de00000, 0x000000008de00000| Untracked 
| 223|0x000000008df00000, 0x000000008df00000, 0x000000008e000000|  0%| F|  |TAMS 0x000000008df00000, 0x000000008df00000| Untracked 
| 224|0x000000008e000000, 0x000000008e000000, 0x000000008e100000|  0%| F|  |TAMS 0x000000008e000000, 0x000000008e000000| Untracked 
| 225|0x000000008e100000, 0x000000008e100000, 0x000000008e200000|  0%| F|  |TAMS 0x000000008e100000, 0x000000008e100000| Untracked 
| 226|0x000000008e200000, 0x000000008e200000, 0x000000008e300000|  0%| F|  |TAMS 0x000000008e200000, 0x000000008e200000| Untracked 
| 227|0x000000008e300000, 0x000000008e300000, 0x000000008e400000|  0%| F|  |TAMS 0x000000008e300000, 0x000000008e300000| Untracked 
| 228|0x000000008e400000, 0x000000008e400000, 0x000000008e500000|  0%| F|  |TAMS 0x000000008e400000, 0x000000008e400000| Untracked 
| 229|0x000000008e500000, 0x000000008e500000, 0x000000008e600000|  0%| F|  |TAMS 0x000000008e500000, 0x000000008e500000| Untracked 
| 230|0x000000008e600000, 0x000000008e600000, 0x000000008e700000|  0%| F|  |TAMS 0x000000008e600000, 0x000000008e600000| Untracked 
| 231|0x000000008e700000, 0x000000008e700000, 0x000000008e800000|  0%| F|  |TAMS 0x000000008e700000, 0x000000008e700000| Untracked 
| 232|0x000000008e800000, 0x000000008e800000, 0x000000008e900000|  0%| F|  |TAMS 0x000000008e800000, 0x000000008e800000| Untracked 
| 233|0x000000008e900000, 0x000000008e900000, 0x000000008ea00000|  0%| F|  |TAMS 0x000000008e900000, 0x000000008e900000| Untracked 
| 234|0x000000008ea00000, 0x000000008ea00000, 0x000000008eb00000|  0%| F|  |TAMS 0x000000008ea00000, 0x000000008ea00000| Untracked 
| 235|0x000000008eb00000, 0x000000008eb00000, 0x000000008ec00000|  0%| F|  |TAMS 0x000000008eb00000, 0x000000008eb00000| Untracked 
| 236|0x000000008ec00000, 0x000000008ec00000, 0x000000008ed00000|  0%| F|  |TAMS 0x000000008ec00000, 0x000000008ec00000| Untracked 
| 237|0x000000008ed00000, 0x000000008ed00000, 0x000000008ee00000|  0%| F|  |TAMS 0x000000008ed00000, 0x000000008ed00000| Untracked 
| 238|0x000000008ee00000, 0x000000008ee00000, 0x000000008ef00000|  0%| F|  |TAMS 0x000000008ee00000, 0x000000008ee00000| Untracked 
| 239|0x000000008ef00000, 0x000000008ef00000, 0x000000008f000000|  0%| F|  |TAMS 0x000000008ef00000, 0x000000008ef00000| Untracked 
| 240|0x000000008f000000, 0x000000008f080800, 0x000000008f100000| 50%| E|  |TAMS 0x000000008f000000, 0x000000008f000000| Complete 
| 241|0x000000008f100000, 0x000000008f200000, 0x000000008f200000|100%| E|CS|TAMS 0x000000008f100000, 0x000000008f100000| Complete 
| 242|0x000000008f200000, 0x000000008f300000, 0x000000008f300000|100%| E|CS|TAMS 0x000000008f200000, 0x000000008f200000| Complete 
| 243|0x000000008f300000, 0x000000008f400000, 0x000000008f400000|100%| E|CS|TAMS 0x000000008f300000, 0x000000008f300000| Complete 
| 244|0x000000008f400000, 0x000000008f500000, 0x000000008f500000|100%| E|CS|TAMS 0x000000008f400000, 0x000000008f400000| Complete 
| 245|0x000000008f500000, 0x000000008f600000, 0x000000008f600000|100%| E|CS|TAMS 0x000000008f500000, 0x000000008f500000| Complete 
| 246|0x000000008f600000, 0x000000008f700000, 0x000000008f700000|100%| E|CS|TAMS 0x000000008f600000, 0x000000008f600000| Complete 
| 247|0x000000008f700000, 0x000000008f800000, 0x000000008f800000|100%| E|CS|TAMS 0x000000008f700000, 0x000000008f700000| Complete 
| 248|0x000000008f800000, 0x000000008f900000, 0x000000008f900000|100%| E|CS|TAMS 0x000000008f800000, 0x000000008f800000| Complete 
| 249|0x000000008f900000, 0x000000008fa00000, 0x000000008fa00000|100%| E|CS|TAMS 0x000000008f900000, 0x000000008f900000| Complete 
| 250|0x000000008fa00000, 0x000000008fb00000, 0x000000008fb00000|100%| E|CS|TAMS 0x000000008fa00000, 0x000000008fa00000| Complete 
| 251|0x000000008fb00000, 0x000000008fc00000, 0x000000008fc00000|100%| E|CS|TAMS 0x000000008fb00000, 0x000000008fb00000| Complete 
| 252|0x000000008fc00000, 0x000000008fd00000, 0x000000008fd00000|100%| E|CS|TAMS 0x000000008fc00000, 0x000000008fc00000| Complete 
| 253|0x000000008fd00000, 0x000000008fe00000, 0x000000008fe00000|100%| E|CS|TAMS 0x000000008fd00000, 0x000000008fd00000| Complete 

Card table byte_map: [0x000001e8f8c70000,0x000001e8f9070000] _byte_map_base: 0x000001e8f8870000

Marking Bits (Prev, Next): (CMBitMap*) 0x000001e8e3960ac0, (CMBitMap*) 0x000001e8e3960a88
 Prev Bits: [0x000001e8fb470000, 0x000001e8fd470000)
 Next Bits: [0x000001e8f9470000, 0x000001e8fb470000)

Polling page: 0x000001e8e3a00000

Metaspace:

Usage:
  Non-class:     56.22 MB capacity,    54.97 MB ( 98%) used,     1.09 MB (  2%) free+waste,   167.81 KB ( <1%) overhead. 
      Class:      8.71 MB capacity,     7.92 MB ( 91%) used,   722.30 KB (  8%) free+waste,    81.25 KB ( <1%) overhead. 
       Both:     64.93 MB capacity,    62.89 MB ( 97%) used,     1.79 MB (  3%) free+waste,   249.06 KB ( <1%) overhead. 

Virtual space:
  Non-class space:       58.00 MB reserved,      56.25 MB ( 97%) committed 
      Class space:        1.00 GB reserved,       8.75 MB ( <1%) committed 
             Both:        1.06 GB reserved,      65.00 MB (  6%) committed 

Chunk freelists:
   Non-Class:  33.00 KB
       Class:  10.00 KB
        Both:  43.00 KB

MaxMetaspaceSize: 17179869184.00 GB
CompressedClassSpaceSize: 1.00 GB

CodeHeap 'non-profiled nmethods': size=120000Kb used=5520Kb max_used=5520Kb free=114479Kb
 bounds [0x000001e8f06c0000, 0x000001e8f0c30000, 0x000001e8f7bf0000]
CodeHeap 'profiled nmethods': size=120000Kb used=15907Kb max_used=15907Kb free=104092Kb
 bounds [0x000001e8e9190000, 0x000001e8ea120000, 0x000001e8f06c0000]
CodeHeap 'non-nmethods': size=5760Kb used=2254Kb max_used=2326Kb free=3505Kb
 bounds [0x000001e8e8bf0000, 0x000001e8e8e60000, 0x000001e8e9190000]
 total_blobs=7875 nmethods=7032 adapters=754
 compilation: enabled
              stopped_count=0, restarted_count=0
 full_count=0

Compilation events (20 events):
Event: 15.272 Thread 0x000001e880ae3000 nmethod 7037 0x000001e8f0c0ce90 code [0x000001e8f0c0d040, 0x000001e8f0c0d138]
Event: 15.272 Thread 0x000001e880ae3000 7038       1       com.sun.org.apache.xerces.internal.impl.XMLEntityManager::getCurrentEntity (5 bytes)
Event: 15.272 Thread 0x000001e880ae3000 nmethod 7038 0x000001e8f0c0d190 code [0x000001e8f0c0d340, 0x000001e8f0c0d3f8]
Event: 15.273 Thread 0x000001e8866a4800 7039       4       java.lang.reflect.AccessibleObject::checkAccess (40 bytes)
Event: 15.273 Thread 0x000001e880ae3000 7041       3       org.apache.tools.ant.types.DataType::<init> (10 bytes)
Event: 15.273 Thread 0x000001e880ae3000 nmethod 7041 0x000001e8ea114590 code [0x000001e8ea114760, 0x000001e8ea114998]
Event: 15.273 Thread 0x000001e880ae3000 7043       3       org.apache.tools.ant.DemuxOutputStream::flush (24 bytes)
Event: 15.274 Thread 0x000001e880ae3000 nmethod 7043 0x000001e8ea114a90 code [0x000001e8ea114ce0, 0x000001e8ea115858]
Event: 15.274 Thread 0x000001e880ae3000 7044       3       java.util.Formatter$FixedString::<init> (26 bytes)
Event: 15.274 Thread 0x000001e880ae3000 nmethod 7044 0x000001e8ea115c10 code [0x000001e8ea115dc0, 0x000001e8ea115fd8]
Event: 15.274 Thread 0x000001e880ae3000 7042       1       org.apache.tools.ant.Project::setDefaultInputStream (6 bytes)
Event: 15.274 Thread 0x000001e880ae3000 nmethod 7042 0x000001e8f0c0d490 code [0x000001e8f0c0d640, 0x000001e8f0c0d738]
Event: 15.274 Thread 0x000001e880ae3000 7045       3       org.apache.tools.ant.types.selectors.TokenizedPath::hashCode (8 bytes)
Event: 15.274 Thread 0x000001e880ae3000 nmethod 7045 0x000001e8ea116090 code [0x000001e8ea116240, 0x000001e8ea116368]
Event: 15.276 Thread 0x000001e880ae3000 7048       3       java.net.URLClassLoader$3::next (66 bytes)
Event: 15.277 Thread 0x000001e880ae3000 nmethod 7048 0x000001e8ea116410 code [0x000001e8ea116620, 0x000001e8ea116cd8]
Event: 15.277 Thread 0x000001e880ae3000 7049       3       org.apache.tools.zip.ZipShort::getBytes (15 bytes)
Event: 15.277 Thread 0x000001e880ae3000 nmethod 7049 0x000001e8ea116e90 code [0x000001e8ea117040, 0x000001e8ea117258]
Event: 15.277 Thread 0x000001e880ae3000 7050       3       org.apache.tools.zip.ZipShort::putShort (23 bytes)
Event: 15.277 Thread 0x000001e880ae3000 nmethod 7050 0x000001e8ea117310 code [0x000001e8ea1174c0, 0x000001e8ea1175f8]

GC Heap History (20 events):
Event: 1.611 GC heap before
{Heap before GC invocations=1 (full 0):
 garbage-first heap   total 260096K, used 95002K [0x0000000080000000, 0x0000000100000000)
  region size 1024K, 88 young (90112K), 3 survivors (3072K)
 Metaspace       used 20574K, capacity 21085K, committed 21248K, reserved 1067008K
  class space    used 2520K, capacity 2703K, committed 2816K, reserved 1048576K
}
Event: 1.618 GC heap after
{Heap after GC invocations=2 (full 0):
 garbage-first heap   total 260096K, used 15986K [0x0000000080000000, 0x0000000100000000)
  region size 1024K, 10 young (10240K), 10 survivors (10240K)
 Metaspace       used 20574K, capacity 21085K, committed 21248K, reserved 1067008K
  class space    used 2520K, capacity 2703K, committed 2816K, reserved 1048576K
}
Event: 1.918 GC heap before
{Heap before GC invocations=3 (full 0):
 garbage-first heap   total 260096K, used 60018K [0x0000000080000000, 0x0000000100000000)
  region size 1024K, 53 young (54272K), 10 survivors (10240K)
 Metaspace       used 25198K, capacity 25767K, committed 25856K, reserved 1071104K
  class space    used 3280K, capacity 3502K, committed 3584K, reserved 1048576K
}
Event: 1.922 GC heap after
{Heap after GC invocations=4 (full 0):
 garbage-first heap   total 260096K, used 17641K [0x0000000080000000, 0x0000000100000000)
  region size 1024K, 2 young (2048K), 2 survivors (2048K)
 Metaspace       used 25198K, capacity 25767K, committed 25856K, reserved 1071104K
  class space    used 3280K, capacity 3502K, committed 3584K, reserved 1048576K
}
Event: 2.548 GC heap before
{Heap before GC invocations=4 (full 0):
 garbage-first heap   total 260096K, used 86249K [0x0000000080000000, 0x0000000100000000)
  region size 1024K, 68 young (69632K), 2 survivors (2048K)
 Metaspace       used 35138K, capacity 35798K, committed 35840K, reserved 1081344K
  class space    used 4553K, capacity 4844K, committed 4864K, reserved 1048576K
}
Event: 2.555 GC heap after
{Heap after GC invocations=5 (full 0):
 garbage-first heap   total 260096K, used 23759K [0x0000000080000000, 0x0000000100000000)
  region size 1024K, 6 young (6144K), 6 survivors (6144K)
 Metaspace       used 35138K, capacity 35798K, committed 35840K, reserved 1081344K
  class space    used 4553K, capacity 4844K, committed 4864K, reserved 1048576K
}
Event: 3.873 GC heap before
{Heap before GC invocations=6 (full 0):
 garbage-first heap   total 260096K, used 115919K [0x0000000080000000, 0x0000000100000000)
  region size 1024K, 97 young (99328K), 6 survivors (6144K)
 Metaspace       used 40182K, capacity 41085K, committed 41344K, reserved 1085440K
  class space    used 5091K, capacity 5457K, committed 5504K, reserved 1048576K
}
Event: 3.886 GC heap after
{Heap after GC invocations=7 (full 0):
 garbage-first heap   total 260096K, used 30288K [0x0000000080000000, 0x0000000100000000)
  region size 1024K, 13 young (13312K), 13 survivors (13312K)
 Metaspace       used 40182K, capacity 41085K, committed 41344K, reserved 1085440K
  class space    used 5091K, capacity 5457K, committed 5504K, reserved 1048576K
}
Event: 5.979 GC heap before
{Heap before GC invocations=8 (full 0):
 garbage-first heap   total 260096K, used 166480K [0x0000000080000000, 0x0000000100000000)
  region size 1024K, 146 young (149504K), 13 survivors (13312K)
 Metaspace       used 40752K, capacity 41691K, committed 41984K, reserved 1085440K
  class space    used 5153K, capacity 5554K, committed 5632K, reserved 1048576K
}
Event: 5.987 GC heap after
{Heap after GC invocations=9 (full 0):
 garbage-first heap   total 260096K, used 33359K [0x0000000080000000, 0x0000000100000000)
  region size 1024K, 11 young (11264K), 11 survivors (11264K)
 Metaspace       used 40752K, capacity 41691K, committed 41984K, reserved 1085440K
  class space    used 5153K, capacity 5554K, committed 5632K, reserved 1048576K
}
Event: 9.891 GC heap before
{Heap before GC invocations=9 (full 0):
 garbage-first heap   total 260096K, used 174671K [0x0000000080000000, 0x0000000100000000)
  region size 1024K, 148 young (151552K), 11 survivors (11264K)
 Metaspace       used 45104K, capacity 46372K, committed 46464K, reserved 1089536K
  class space    used 5690K, capacity 6205K, committed 6272K, reserved 1048576K
}
Event: 9.903 GC heap after
{Heap after GC invocations=10 (full 0):
 garbage-first heap   total 260096K, used 49956K [0x0000000080000000, 0x0000000100000000)
  region size 1024K, 19 young (19456K), 19 survivors (19456K)
 Metaspace       used 45104K, capacity 46372K, committed 46464K, reserved 1089536K
  class space    used 5690K, capacity 6205K, committed 6272K, reserved 1048576K
}
Event: 10.799 GC heap before
{Heap before GC invocations=10 (full 0):
 garbage-first heap   total 260096K, used 183076K [0x0000000080000000, 0x0000000100000000)
  region size 1024K, 147 young (150528K), 19 survivors (19456K)
 Metaspace       used 53533K, capacity 55229K, committed 55424K, reserved 1097728K
  class space    used 6778K, capacity 7464K, committed 7552K, reserved 1048576K
}
Event: 10.808 GC heap after
{Heap after GC invocations=11 (full 0):
 garbage-first heap   total 260096K, used 56753K [0x0000000080000000, 0x0000000100000000)
  region size 1024K, 10 young (10240K), 10 survivors (10240K)
 Metaspace       used 53533K, capacity 55229K, committed 55424K, reserved 1097728K
  class space    used 6778K, capacity 7464K, committed 7552K, reserved 1048576K
}
Event: 12.111 GC heap before
{Heap before GC invocations=11 (full 0):
 garbage-first heap   total 260096K, used 186801K [0x0000000080000000, 0x0000000100000000)
  region size 1024K, 137 young (140288K), 10 survivors (10240K)
 Metaspace       used 64254K, capacity 66315K, committed 66560K, reserved 1107968K
  class space    used 8108K, capacity 8884K, committed 8960K, reserved 1048576K
}
Event: 12.118 GC heap after
{Heap after GC invocations=12 (full 0):
 garbage-first heap   total 260096K, used 68029K [0x0000000080000000, 0x0000000100000000)
  region size 1024K, 18 young (18432K), 18 survivors (18432K)
 Metaspace       used 64254K, capacity 66315K, committed 66560K, reserved 1107968K
  class space    used 8108K, capacity 8884K, committed 8960K, reserved 1048576K
}
Event: 13.894 GC heap before
{Heap before GC invocations=12 (full 0):
 garbage-first heap   total 260096K, used 190909K [0x0000000080000000, 0x0000000100000000)
  region size 1024K, 138 young (141312K), 18 survivors (18432K)
 Metaspace       used 64263K, capacity 66315K, committed 66560K, reserved 1107968K
  class space    used 8108K, capacity 8884K, committed 8960K, reserved 1048576K
}
Event: 13.902 GC heap after
{Heap after GC invocations=13 (full 0):
 garbage-first heap   total 260096K, used 75231K [0x0000000080000000, 0x0000000100000000)
  region size 1024K, 7 young (7168K), 7 survivors (7168K)
 Metaspace       used 64263K, capacity 66315K, committed 66560K, reserved 1107968K
  class space    used 8108K, capacity 8884K, committed 8960K, reserved 1048576K
}
Event: 15.200 GC heap before
{Heap before GC invocations=13 (full 0):
 garbage-first heap   total 260096K, used 197087K [0x0000000080000000, 0x0000000100000000)
  region size 1024K, 126 young (129024K), 7 survivors (7168K)
 Metaspace       used 64373K, capacity 66379K, committed 66560K, reserved 1107968K
  class space    used 8109K, capacity 8884K, committed 8960K, reserved 1048576K
}
Event: 15.211 GC heap after
{Heap after GC invocations=14 (full 0):
 garbage-first heap   total 260096K, used 96482K [0x0000000080000000, 0x0000000100000000)
  region size 1024K, 16 young (16384K), 16 survivors (16384K)
 Metaspace       used 64373K, capacity 66379K, committed 66560K, reserved 1107968K
  class space    used 8109K, capacity 8884K, committed 8960K, reserved 1048576K
}

Deoptimization events (20 events):
Event: 11.839 Thread 0x000001e883aea800 DEOPT PACKING pc=0x000001e8e9acbaeb sp=0x000000dbd83f89f0
Event: 11.839 Thread 0x000001e883aea800 DEOPT UNPACKING pc=0x000001e8e8c176ce sp=0x000000dbd83f7e50 mode 0
Event: 11.859 Thread 0x000001e883aea800 Uncommon trap: trap_request=0xffffff4d fr.pc=0x000001e8f09fc2e8 relative=0x0000000000001988
Event: 11.859 Thread 0x000001e883aea800 Uncommon trap: reason=unstable_if action=reinterpret pc=0x000001e8f09fc2e8 method=org.codehaus.groovy.runtime.metaclass.MetaMethodIndex.addMethodToList(Ljava/lang/Object;Lgroovy/lang/MetaMethod;)Ljava/lang/Object; @ 256 c2
Event: 11.859 Thread 0x000001e883aea800 DEOPT PACKING pc=0x000001e8f09fc2e8 sp=0x000000dbd83f6280
Event: 11.859 Thread 0x000001e883aea800 DEOPT UNPACKING pc=0x000001e8e8c178af sp=0x000000dbd83f6238 mode 2
Event: 11.985 Thread 0x000001e883aea800 Uncommon trap: trap_request=0xffffff4d fr.pc=0x000001e8f0960b88 relative=0x0000000000000f68
Event: 11.985 Thread 0x000001e883aea800 Uncommon trap: reason=unstable_if action=reinterpret pc=0x000001e8f0960b88 method=org.apache.tools.ant.property.ParseProperties.parseProperties(Ljava/lang/String;)Ljava/lang/Object; @ 8 c2
Event: 11.985 Thread 0x000001e883aea800 DEOPT PACKING pc=0x000001e8f0960b88 sp=0x000000dbd83f5980
Event: 11.985 Thread 0x000001e883aea800 DEOPT UNPACKING pc=0x000001e8e8c178af sp=0x000000dbd83f5970 mode 2
Event: 14.437 Thread 0x000001e883aea800 DEOPT PACKING pc=0x000001e8e9b01ae7 sp=0x000000dbd83f6260
Event: 14.437 Thread 0x000001e883aea800 DEOPT UNPACKING pc=0x000001e8e8c176ce sp=0x000000dbd83f5730 mode 0
Event: 14.582 Thread 0x000001e883aea800 DEOPT PACKING pc=0x000001e8e9a9bf1c sp=0x000000dbd83f5480
Event: 14.582 Thread 0x000001e883aea800 DEOPT UNPACKING pc=0x000001e8e8c176ce sp=0x000000dbd83f4978 mode 0
Event: 14.836 Thread 0x000001e883aea800 DEOPT PACKING pc=0x000001e8e9a77967 sp=0x000000dbd83f50a0
Event: 14.836 Thread 0x000001e883aea800 DEOPT UNPACKING pc=0x000001e8e8c176ce sp=0x000000dbd83f45c8 mode 0
Event: 15.009 Thread 0x000001e883aea800 DEOPT PACKING pc=0x000001e8e9a77967 sp=0x000000dbd83f50e0
Event: 15.009 Thread 0x000001e883aea800 DEOPT UNPACKING pc=0x000001e8e8c176ce sp=0x000000dbd83f4608 mode 0
Event: 15.239 Thread 0x000001e883aea800 DEOPT PACKING pc=0x000001e8e9a77967 sp=0x000000dbd83f50a0
Event: 15.239 Thread 0x000001e883aea800 DEOPT UNPACKING pc=0x000001e8e8c176ce sp=0x000000dbd83f45c8 mode 0

Classes redefined (0 events):
No events

Internal exceptions (20 events):
Event: 14.948 Thread 0x000001e883aea800 Exception <a 'java/security/PrivilegedActionException'{0x000000008a0f4178}> (0x000000008a0f4178) thrown at [./src/hotspot/share/prims/jvm.cpp, line 1306]
Event: 14.948 Thread 0x000001e883aea800 Exception <a 'java/security/PrivilegedActionException'{0x000000008a0f56e0}> (0x000000008a0f56e0) thrown at [./src/hotspot/share/prims/jvm.cpp, line 1306]
Event: 14.981 Thread 0x000001e883aea800 Exception <a 'java/security/PrivilegedActionException'{0x0000000089c734e8}> (0x0000000089c734e8) thrown at [./src/hotspot/share/prims/jvm.cpp, line 1306]
Event: 14.981 Thread 0x000001e883aea800 Exception <a 'java/security/PrivilegedActionException'{0x0000000089c74a50}> (0x0000000089c74a50) thrown at [./src/hotspot/share/prims/jvm.cpp, line 1306]
Event: 15.013 Thread 0x000001e883aea800 Exception <a 'java/security/PrivilegedActionException'{0x00000000899908c8}> (0x00000000899908c8) thrown at [./src/hotspot/share/prims/jvm.cpp, line 1306]
Event: 15.013 Thread 0x000001e883aea800 Exception <a 'java/security/PrivilegedActionException'{0x0000000089991e30}> (0x0000000089991e30) thrown at [./src/hotspot/share/prims/jvm.cpp, line 1306]
Event: 15.055 Thread 0x000001e883aea800 Exception <a 'java/security/PrivilegedActionException'{0x0000000089530228}> (0x0000000089530228) thrown at [./src/hotspot/share/prims/jvm.cpp, line 1306]
Event: 15.055 Thread 0x000001e883aea800 Exception <a 'java/security/PrivilegedActionException'{0x0000000089531790}> (0x0000000089531790) thrown at [./src/hotspot/share/prims/jvm.cpp, line 1306]
Event: 15.090 Thread 0x000001e883aea800 Exception <a 'java/security/PrivilegedActionException'{0x0000000089284bc8}> (0x0000000089284bc8) thrown at [./src/hotspot/share/prims/jvm.cpp, line 1306]
Event: 15.090 Thread 0x000001e883aea800 Exception <a 'java/security/PrivilegedActionException'{0x0000000089286130}> (0x0000000089286130) thrown at [./src/hotspot/share/prims/jvm.cpp, line 1306]
Event: 15.126 Thread 0x000001e883aea800 Exception <a 'java/security/PrivilegedActionException'{0x0000000088e3e0a0}> (0x0000000088e3e0a0) thrown at [./src/hotspot/share/prims/jvm.cpp, line 1306]
Event: 15.126 Thread 0x000001e883aea800 Exception <a 'java/security/PrivilegedActionException'{0x0000000088e3f608}> (0x0000000088e3f608) thrown at [./src/hotspot/share/prims/jvm.cpp, line 1306]
Event: 15.158 Thread 0x000001e883aea800 Exception <a 'java/security/PrivilegedActionException'{0x0000000088b5dfe0}> (0x0000000088b5dfe0) thrown at [./src/hotspot/share/prims/jvm.cpp, line 1306]
Event: 15.158 Thread 0x000001e883aea800 Exception <a 'java/security/PrivilegedActionException'{0x0000000088b5f548}> (0x0000000088b5f548) thrown at [./src/hotspot/share/prims/jvm.cpp, line 1306]
Event: 15.190 Thread 0x000001e883aea800 Exception <a 'java/security/PrivilegedActionException'{0x00000000888e37e0}> (0x00000000888e37e0) thrown at [./src/hotspot/share/prims/jvm.cpp, line 1306]
Event: 15.190 Thread 0x000001e883aea800 Exception <a 'java/security/PrivilegedActionException'{0x00000000888e4d48}> (0x00000000888e4d48) thrown at [./src/hotspot/share/prims/jvm.cpp, line 1306]
Event: 15.242 Thread 0x000001e883aea800 Exception <a 'java/security/PrivilegedActionException'{0x000000008fb00cd8}> (0x000000008fb00cd8) thrown at [./src/hotspot/share/prims/jvm.cpp, line 1306]
Event: 15.242 Thread 0x000001e883aea800 Exception <a 'java/security/PrivilegedActionException'{0x000000008fb02240}> (0x000000008fb02240) thrown at [./src/hotspot/share/prims/jvm.cpp, line 1306]
Event: 15.276 Thread 0x000001e883aea800 Exception <a 'java/security/PrivilegedActionException'{0x000000008f880060}> (0x000000008f880060) thrown at [./src/hotspot/share/prims/jvm.cpp, line 1306]
Event: 15.276 Thread 0x000001e883aea800 Exception <a 'java/security/PrivilegedActionException'{0x000000008f8815c8}> (0x000000008f8815c8) thrown at [./src/hotspot/share/prims/jvm.cpp, line 1306]

Events (20 events):
Event: 15.215 Executing VM operation: RevokeBias
Event: 15.216 Executing VM operation: RevokeBias done
Event: 15.216 Executing VM operation: RevokeBias
Event: 15.216 Executing VM operation: RevokeBias done
Event: 15.216 Executing VM operation: RevokeBias
Event: 15.217 Executing VM operation: RevokeBias done
Event: 15.217 Executing VM operation: RevokeBias
Event: 15.217 Executing VM operation: RevokeBias done
Event: 15.217 Executing VM operation: RevokeBias
Event: 15.218 Executing VM operation: RevokeBias done
Event: 15.218 Executing VM operation: RevokeBias
Event: 15.218 Executing VM operation: RevokeBias done
Event: 15.218 Executing VM operation: RevokeBias
Event: 15.218 Executing VM operation: RevokeBias done
Event: 15.218 Executing VM operation: RevokeBias
Event: 15.218 Executing VM operation: RevokeBias done
Event: 15.219 Executing VM operation: BulkRevokeBias
Event: 15.220 Executing VM operation: BulkRevokeBias done
Event: 15.221 Loaded shared library D:\Android\New folder\jre\bin\zip.dll
Event: 15.239 Thread 0x000001e8866a4800 Thread added: 0x000001e8866a4800


Dynamic libraries:
0x00007ff6b6b40000 - 0x00007ff6b6b4a000 	D:\Android\New folder\jre\bin\java.exe
0x00007ffe39470000 - 0x00007ffe39665000 	C:\WINDOWS\SYSTEM32\ntdll.dll
0x00007ffe38230000 - 0x00007ffe382ee000 	C:\WINDOWS\System32\KERNEL32.DLL
0x00007ffe36c40000 - 0x00007ffe36f08000 	C:\WINDOWS\System32\KERNELBASE.dll
0x00007ffe37010000 - 0x00007ffe37110000 	C:\WINDOWS\System32\ucrtbase.dll
0x00007ffdfdf40000 - 0x00007ffdfdf59000 	D:\Android\New folder\jre\bin\jli.dll
0x00007ffe20990000 - 0x00007ffe209a7000 	D:\Android\New folder\jre\bin\VCRUNTIME140.dll
0x00007ffe390a0000 - 0x00007ffe39241000 	C:\WINDOWS\System32\USER32.dll
0x00007ffe37140000 - 0x00007ffe37162000 	C:\WINDOWS\System32\win32u.dll
0x00007ffe35f60000 - 0x00007ffe361fa000 	C:\WINDOWS\WinSxS\amd64_microsoft.windows.common-controls_6595b64144ccf1df_6.0.19041.1110_none_60b5254171f9507e\COMCTL32.dll
0x00007ffe37ee0000 - 0x00007ffe37f0b000 	C:\WINDOWS\System32\GDI32.dll
0x00007ffe38ca0000 - 0x00007ffe38d3e000 	C:\WINDOWS\System32\msvcrt.dll
0x00007ffe37170000 - 0x00007ffe3727b000 	C:\WINDOWS\System32\gdi32full.dll
0x00007ffe36f10000 - 0x00007ffe36fad000 	C:\WINDOWS\System32\msvcp_win.dll
0x00007ffe376f0000 - 0x00007ffe37720000 	C:\WINDOWS\System32\IMM32.DLL
0x00007ffdb7ef0000 - 0x00007ffdb7f8d000 	D:\Android\New folder\jre\bin\msvcp140.dll
0x00007ffdae380000 - 0x00007ffdaee4f000 	D:\Android\New folder\jre\bin\server\jvm.dll
0x00007ffe392d0000 - 0x00007ffe3937c000 	C:\WINDOWS\System32\ADVAPI32.dll
0x00007ffe39390000 - 0x00007ffe3942b000 	C:\WINDOWS\System32\sechost.dll
0x00007ffe38020000 - 0x00007ffe3814a000 	C:\WINDOWS\System32\RPCRT4.dll
0x00007ffe39380000 - 0x00007ffe39388000 	C:\WINDOWS\System32\PSAPI.DLL
0x00007ffe1f020000 - 0x00007ffe1f029000 	C:\WINDOWS\SYSTEM32\WSOCK32.dll
0x00007ffe28820000 - 0x00007ffe28847000 	C:\WINDOWS\SYSTEM32\WINMM.dll
0x00007ffe2e770000 - 0x00007ffe2e77a000 	C:\WINDOWS\SYSTEM32\VERSION.dll
0x00007ffe38460000 - 0x00007ffe384cb000 	C:\WINDOWS\System32\WS2_32.dll
0x00007ffe34da0000 - 0x00007ffe34db2000 	C:\WINDOWS\SYSTEM32\kernel.appcore.dll
0x00007ffdfb9b0000 - 0x00007ffdfb9c1000 	D:\Android\New folder\jre\bin\verify.dll
0x00007ffe36460000 - 0x00007ffe36644000 	C:\WINDOWS\SYSTEM32\DBGHELP.DLL
0x00007ffe36360000 - 0x00007ffe3638c000 	C:\WINDOWS\SYSTEM32\dbgcore.DLL
0x00007ffe37430000 - 0x00007ffe374b3000 	C:\WINDOWS\System32\bcryptPrimitives.dll
0x00007ffdf3ef0000 - 0x00007ffdf3f19000 	D:\Android\New folder\jre\bin\java.dll
0x00007ffe2fa80000 - 0x00007ffe2fa8b000 	D:\Android\New folder\jre\bin\jimage.dll
0x00007ffdfad60000 - 0x00007ffdfad78000 	D:\Android\New folder\jre\bin\zip.dll
0x00007ffe37780000 - 0x00007ffe37ebf000 	C:\WINDOWS\System32\SHELL32.dll
0x00007ffe34600000 - 0x00007ffe34d90000 	C:\WINDOWS\SYSTEM32\windows.storage.dll
0x00007ffe38d40000 - 0x00007ffe39095000 	C:\WINDOWS\System32\combase.dll
0x00007ffe35ef0000 - 0x00007ffe35f1e000 	C:\WINDOWS\SYSTEM32\Wldp.dll
0x00007ffe37f70000 - 0x00007ffe3801d000 	C:\WINDOWS\System32\SHCORE.dll
0x00007ffe37f10000 - 0x00007ffe37f65000 	C:\WINDOWS\System32\shlwapi.dll
0x00007ffe36ad0000 - 0x00007ffe36aef000 	C:\WINDOWS\SYSTEM32\profapi.dll
0x00007ffdfa840000 - 0x00007ffdfa85a000 	D:\Android\New folder\jre\bin\net.dll
0x00007ffe30840000 - 0x00007ffe3094c000 	C:\WINDOWS\SYSTEM32\WINHTTP.dll
0x00007ffe35c50000 - 0x00007ffe35cba000 	C:\WINDOWS\system32\mswsock.dll
0x00007ffdf7bb0000 - 0x00007ffdf7bc4000 	D:\Android\New folder\jre\bin\nio.dll
0x00007ffe2cc70000 - 0x00007ffe2cc97000 	C:\Users\quocm\.gradle\native\fdc75f09e3144964f2cf3f50f0aa648679c211496f362492102eb8c894070792\windows-amd64\native-platform.dll
0x00007ffdddaf0000 - 0x00007ffdddc86000 	C:\Users\quocm\.gradle\native\12488b8bf47d2d4c9fbf2f6322a914ad602e24e48041cd04a747c6da556b65c4\windows-amd64\native-platform-file-events.dll
0x00007ffe1f560000 - 0x00007ffe1f56a000 	D:\Android\New folder\jre\bin\management.dll
0x00007ffe02250000 - 0x00007ffe0225c000 	D:\Android\New folder\jre\bin\management_ext.dll
0x00007ffe36910000 - 0x00007ffe36928000 	C:\WINDOWS\SYSTEM32\CRYPTSP.dll
0x00007ffe355f0000 - 0x00007ffe35624000 	C:\WINDOWS\system32\rsaenh.dll
0x00007ffe37110000 - 0x00007ffe37137000 	C:\WINDOWS\System32\bcrypt.dll
0x00007ffe36a90000 - 0x00007ffe36abe000 	C:\WINDOWS\SYSTEM32\USERENV.dll
0x00007ffe35ee0000 - 0x00007ffe35eec000 	C:\WINDOWS\SYSTEM32\CRYPTBASE.dll
0x00007ffe35940000 - 0x00007ffe3597b000 	C:\WINDOWS\SYSTEM32\IPHLPAPI.DLL
0x00007ffe38220000 - 0x00007ffe38228000 	C:\WINDOWS\System32\NSI.dll
0x00007ffe2f010000 - 0x00007ffe2f027000 	C:\WINDOWS\SYSTEM32\dhcpcsvc6.DLL
0x00007ffe2fc90000 - 0x00007ffe2fcad000 	C:\WINDOWS\SYSTEM32\dhcpcsvc.DLL
0x00007ffe35980000 - 0x00007ffe35a4b000 	C:\WINDOWS\SYSTEM32\DNSAPI.dll
0x00007ffe2fcb0000 - 0x00007ffe2fcbb000 	C:\WINDOWS\SYSTEM32\WINNSI.DLL

dbghelp: loaded successfully - version: 4.0.5 - missing functions: none
symbol engine: initialized successfully - sym options: 0x614 - pdb path: .;D:\Android\New folder\jre\bin;C:\WINDOWS\SYSTEM32;C:\WINDOWS\WinSxS\amd64_microsoft.windows.common-controls_6595b64144ccf1df_6.0.19041.1110_none_60b5254171f9507e;D:\Android\New folder\jre\bin\server;C:\Users\quocm\.gradle\native\fdc75f09e3144964f2cf3f50f0aa648679c211496f362492102eb8c894070792\windows-amd64;C:\Users\quocm\.gradle\native\12488b8bf47d2d4c9fbf2f6322a914ad602e24e48041cd04a747c6da556b65c4\windows-amd64

VM Arguments:
jvm_args: -XX:MaxPermSize=512m -XX:+HeapDumpOnOutOfMemoryError --add-opens=java.base/java.util=ALL-UNNAMED --add-opens=java.base/java.lang=ALL-UNNAMED --add-opens=java.base/java.lang.invoke=ALL-UNNAMED --add-opens=java.prefs/java.util.prefs=ALL-UNNAMED -Xmx2048m -Dfile.encoding=UTF-8 -Duser.country=US -Duser.language=en -Duser.variant 
java_command: org.gradle.launcher.daemon.bootstrap.GradleDaemon 6.8
java_class_path (initial): C:\Users\quocm\.gradle\wrapper\dists\gradle-6.8-all\9emh0d32e025cam7aasxcw002\gradle-6.8\lib\gradle-launcher-6.8.jar
Launcher Type: SUN_STANDARD

[Global flags]
     intx CICompilerCount                          = 4                                         {product} {ergonomic}
     uint ConcGCThreads                            = 3                                         {product} {ergonomic}
     uint G1ConcRefinementThreads                  = 10                                        {product} {ergonomic}
   size_t G1HeapRegionSize                         = 1048576                                   {product} {ergonomic}
    uintx GCDrainStackTargetSize                   = 64                                        {product} {ergonomic}
     bool HeapDumpOnOutOfMemoryError               = true                                   {manageable} {command line}
   size_t InitialHeapSize                          = 266338304                                 {product} {ergonomic}
   size_t MarkStackSize                            = 4194304                                   {product} {ergonomic}
   size_t MaxHeapSize                              = 2147483648                                {product} {command line}
   size_t MaxNewSize                               = 1287651328                                {product} {ergonomic}
   size_t MinHeapDeltaBytes                        = 1048576                                   {product} {ergonomic}
    uintx NonNMethodCodeHeapSize                   = 5836300                                {pd product} {ergonomic}
    uintx NonProfiledCodeHeapSize                  = 122910970                              {pd product} {ergonomic}
    uintx ProfiledCodeHeapSize                     = 122910970                              {pd product} {ergonomic}
    uintx ReservedCodeCacheSize                    = 251658240                              {pd product} {ergonomic}
     bool SegmentedCodeCache                       = true                                      {product} {ergonomic}
     bool UseCompressedClassPointers               = true                                 {lp64_product} {ergonomic}
     bool UseCompressedOops                        = true                                 {lp64_product} {ergonomic}
     bool UseG1GC                                  = true                                      {product} {ergonomic}
     bool UseLargePagesIndividualAllocation        = false                                  {pd product} {ergonomic}

Logging:
Log output configuration:
 #0: stdout all=warning uptime,level,tags
 #1: stderr all=off uptime,level,tags

Environment Variables:
JAVA_HOME=D:\Android\New folder\jre
CLASSPATH=D:\ReactNative\FullApp\TestProject\android\\gradle\wrapper\gradle-wrapper.jar
PATH=C:\Program Files\Common Files\Oracle\Java\javapath;C:\Program Files (x86)\Intel\Intel(R) Management Engine Components\iCLS\;C:\Program Files\Intel\Intel(R) Management Engine Components\iCLS\;C:\Windows\system32;C:\Windows;C:\Windows\System32\Wbem;C:\Windows\System32\WindowsPowerShell\v1.0\;C:\Windows\System32\OpenSSH\;C:\Program Files (x86)\NVIDIA Corporation\PhysX\Common;C:\Program Files\Intel\WiFi\bin\;C:\Program Files\Common Files\Intel\WirelessCommon\;C:\Program Files (x86)\Intel\Intel(R) Management Engine Components\DAL;C:\Program Files\Intel\Intel(R) Management Engine Components\DAL;C:\Program Files (x86)\Intel\Intel(R) Management Engine Components\IPT;C:\Program Files\Intel\Intel(R) Management Engine Components\IPT;C:\WINDOWS\system32;C:\WINDOWS;C:\WINDOWS\System32\Wbem;C:\WINDOWS\System32\WindowsPowerShell\v1.0\;C:\WINDOWS\System32\OpenSSH\;C:\Program Files\Microsoft SQL Server\Client SDK\ODBC\170\Tools\Binn\;C:\Program Files (x86)\Microsoft SQL Server\150\Tools\Binn\;C:\Program Files\Microsoft SQL Server\150\Tools\Binn\;C:\Program Files\Microsoft SQL Server\150\DTS\Binn\;C:\Program Files (x86)\Microsoft SQL Server\150\DTS\Binn\;C:\Program Files\Azure Data Studio\bin;C:\Program Files\nodejs\;C:\Program Files\Git\cmd;D:\Android\SDK\Sdk\platform-tools;C:\Program Files\MongoDB\Server\5.0\bin;C:\Users\quocm\AppData\Local\Microsoft\WindowsApps;C:\Users\quocm\AppData\Local\Programs\Microsoft VS Code\bin;C:\Program Files\Azure Data Studio\bin;C:\Users\quocm\AppData\Roaming\npm;D:\Android\SDK\Sdk\platform-tools;
USERNAME=quocm
LANG=en_US.UTF-8
OS=Windows_NT
PROCESSOR_IDENTIFIER=Intel64 Family 6 Model 158 Stepping 10, GenuineIntel



---------------  S Y S T E M  ---------------

OS: Windows 10 , 64 bit Build 19041 (10.0.19041.1348)
OS uptime: 0 days 1:01 hours

CPU:total 12 (initial active 12) (6 cores per cpu, 2 threads per core) family 6 model 158 stepping 10 microcode 0xb4, cmov, cx8, fxsr, mmx, sse, sse2, sse3, ssse3, sse4.1, sse4.2, popcnt, avx, avx2, aes, clmul, erms, 3dnowpref, lzcnt, ht, tsc, tscinvbit, bmi1, bmi2, adx, fma

Memory: 4k page, system-wide physical 16230M (6988M free)
TotalPageFile size 22118M (AvailPageFile size 9298M)
current process WorkingSet (physical memory assigned to process): 536M, peak: 543M
current process commit charge ("private bytes"): 594M, peak: 603M

vm_info: OpenJDK 64-Bit Server VM (11.0.10+0-b96-7249189) for windows-amd64 JRE (11.0.10+0-b96-7249189), built on Mar 31 2021 21:44:00 by "builder" with MS VC++ 14.0 (VS2015)

END.
