#
# A fatal error has been detected by the Java Runtime Environment:
#
#  EXCEPTION_ACCESS_VIOLATION (0xc0000005) at pc=0x00007ffdae492920, pid=17956, tid=1388
#
# JRE version: OpenJDK Runtime Environment (11.0.10) (build 11.0.10+0-b96-7249189)
# Java VM: OpenJDK 64-Bit Server VM (11.0.10+0-b96-7249189, mixed mode, tiered, compressed oops, g1 gc, windows-amd64)
# Problematic frame:
# V  [jvm.dll+0x112920]
#
# No core dump will be written. Minidumps are not enabled by default on client versions of Windows
#
# If you would like to submit a bug report, please visit:
#   https://bugreport.java.com/bugreport/crash.jsp
#

---------------  S U M M A R Y ------------

Command Line: -XX:MaxPermSize=512m -XX:+HeapDumpOnOutOfMemoryError --add-opens=java.base/java.util=ALL-UNNAMED --add-opens=java.base/java.lang=ALL-UNNAMED --add-opens=java.base/java.lang.invoke=ALL-UNNAMED --add-opens=java.prefs/java.util.prefs=ALL-UNNAMED -Xmx2048m -Dfile.encoding=UTF-8 -Duser.country=US -Duser.language=en -Duser.variant org.gradle.launcher.daemon.bootstrap.GradleDaemon 6.8

Host: Intel(R) Core(TM) i7-8750H CPU @ 2.20GHz, 12 cores, 15G,  Windows 10 , 64 bit Build 19041 (10.0.19041.1348)
Time: Thu Nov 25 17:02:09 2021 SE Asia Standard Time elapsed time: 2.495906 seconds (0d 0h 0m 2s)

---------------  T H R E A D  ---------------

Current thread (0x000002a19c169800):  JavaThread "C2 CompilerThread2" daemon [_thread_in_native, id=1388, stack(0x000000b5ab300000,0x000000b5ab400000)]


Current CompileTask:
C2:   2495 2425       4       jdk.internal.loader.URLClassPath::getResource (74 bytes)

Stack: [0x000000b5ab300000,0x000000b5ab400000],  sp=0x000000b5ab3fb7b0,  free space=1005k
Native frames: (J=compiled Java code, j=interpreted, Vv=VM code, C=native code)
V  [jvm.dll+0x112920]
V  [jvm.dll+0x619e42]
V  [jvm.dll+0x63fb7a]
V  [jvm.dll+0x197f00]
V  [jvm.dll+0x1fb70e]
V  [jvm.dll+0x1fa7f4]
V  [jvm.dll+0x18354c]
V  [jvm.dll+0x208ee7]
V  [jvm.dll+0x207731]
V  [jvm.dll+0x6eb1cf]
V  [jvm.dll+0x6e3d45]
V  [jvm.dll+0x5ebe96]
C  [ucrtbase.dll+0x21bb2]
C  [KERNEL32.DLL+0x17034]
C  [ntdll.dll+0x52651]


siginfo: EXCEPTION_ACCESS_VIOLATION (0xc0000005), reading address 0x000002a199892ff8


Register to memory mapping:

RIP=0x00007ffdae492920 jvm.dll
RAX=0x0000000000000008 is an unknown value
RBX=0x000002a19a74d238 points into unknown readable memory: 0x00007ffdaeb7c768 | 68 c7 b7 ae fd 7f 00 00
RCX=0x000002a199b16f38 points into unknown readable memory: 0x000002a19a4b0a08 | 08 0a 4b 9a a1 02 00 00
RDX=0x000002a199893000 points into unknown readable memory: 0x0100360035001400 | 00 14 00 35 00 36 00 01
RSP=0x000000b5ab3fb7b0 is pointing into the stack for thread: 0x000002a19c169800
RBP=0x0000000000000009 is an unknown value
RSI=0x00000000000029d8 is an unknown value
RDI=0x000002a199b1a048 points into unknown readable memory: 0x00007ffdaeb7c768 | 68 c7 b7 ae fd 7f 00 00
R8 =0x0000000000000002 is an unknown value
R9 =0x000002a199b1a0b0 points into unknown readable memory: 0x0000000000000000 | 00 00 00 00 00 00 00 00
R10=0x000002a19a74ff70 points into unknown readable memory: 0x00007ffdaeb63ea0 | a0 3e b6 ae fd 7f 00 00
R11=0x000000000000053b is an unknown value
R12=0x000002a199b16f38 points into unknown readable memory: 0x000002a19a4b0a08 | 08 0a 4b 9a a1 02 00 00
R13=0x000002a19932f260 points into unknown readable memory: 0x000000b5ab3fe768 | 68 e7 3f ab b5 00 00 00
R14=0x000002a199b16fb8 points into unknown readable memory: 0x000002a199b1a048 | 48 a0 b1 99 a1 02 00 00
R15=0x000002a19a74ff70 points into unknown readable memory: 0x00007ffdaeb63ea0 | a0 3e b6 ae fd 7f 00 00


Registers:
RAX=0x0000000000000008, RBX=0x000002a19a74d238, RCX=0x000002a199b16f38, RDX=0x000002a199893000
RSP=0x000000b5ab3fb7b0, RBP=0x0000000000000009, RSI=0x00000000000029d8, RDI=0x000002a199b1a048
R8 =0x0000000000000002, R9 =0x000002a199b1a0b0, R10=0x000002a19a74ff70, R11=0x000000000000053b
R12=0x000002a199b16f38, R13=0x000002a19932f260, R14=0x000002a199b16fb8, R15=0x000002a19a74ff70
RIP=0x00007ffdae492920, EFLAGS=0x0000000000010297

Top of Stack: (sp=0x000000b5ab3fb7b0)
0x000000b5ab3fb7b0:   000002a19a74d238 0000000000002888
0x000000b5ab3fb7c0:   0000000000000000 000002a199776560
0x000000b5ab3fb7d0:   000002a199b1a048 00007ffdae999e42
0x000000b5ab3fb7e0:   000002a19a74d238 000000000000053b
0x000000b5ab3fb7f0:   000000b5ab3fc188 000002a19932fe18
0x000000b5ab3fb800:   000000b5ab3fc0a0 0000000000000003
0x000000b5ab3fb810:   000002a19a74ff70 00007ffdae9bfb7a
0x000000b5ab3fb820:   000000b5ab3fb920 000002a19932f250
0x000000b5ab3fb830:   000002a19a74d238 000002a19932f198
0x000000b5ab3fb840:   00007ffd00003237 00007ffe36ca251d
0x000000b5ab3fb850:   000002a10000332c 000000000004e720
0x000000b5ab3fb860:   000000009bcc0101 0000000000000000
0x000000b5ab3fb870:   000002a19ae11330 00007ffdae43c69c
0x000000b5ab3fb880:   000002a100000001 000002a19932f250
0x000000b5ab3fb890:   0000322700000001 0000000000000000
0x000000b5ab3fb8a0:   0000000300000002 fffffd5e66bc7b30 

Instructions: (pc=0x00007ffdae492920)
0x00007ffdae492820:   7c 24 40 bf 08 00 00 00 0f 1f 84 00 00 00 00 00
0x00007ffdae492830:   48 8b 5d 30 48 8b 1c 1f 83 7b 18 00 76 09 48 8b
0x00007ffdae492840:   43 20 48 8b 08 eb 02 33 c9 8b 41 2c 83 e0 7f 3c
0x00007ffdae492850:   60 75 16 48 8b cb e8 e5 cd ff ff 3b 83 8c 00 00
0x00007ffdae492860:   00 76 06 89 83 8c 00 00 00 48 83 c7 08 48 83 ee
0x00007ffdae492870:   01 75 bd 48 8b 7c 24 40 48 8b 74 24 38 48 8b 5c
0x00007ffdae492880:   24 30 48 83 c4 20 5d c3 cc cc cc cc cc cc cc cc
0x00007ffdae492890:   48 89 5c 24 08 48 89 74 24 10 57 48 83 ec 20 4c
0x00007ffdae4928a0:   8b 49 08 49 8b d8 44 8b da 48 8b f9 4a 8d 34 dd
0x00007ffdae4928b0:   00 00 00 00 4d 8b 14 31 4d 3b d0 0f 84 be 00 00
0x00007ffdae4928c0:   00 48 85 db 0f 84 aa 00 00 00 44 8b 41 18 8b 51
0x00007ffdae4928d0:   1c 44 3b c2 73 2b 66 66 0f 1f 84 00 00 00 00 00
0x00007ffdae4928e0:   41 8b c0 49 8b 0c c1 48 3b cb 74 0f 48 85 c9 74
0x00007ffdae4928f0:   10 41 ff c0 44 3b c2 72 e7 eb 06 41 83 f8 ff 75
0x00007ffdae492900:   73 4d 85 d2 74 31 49 8b 4a 10 48 85 c9 74 28 41
0x00007ffdae492910:   8b 42 20 48 8d 14 c1 66 0f 1f 84 00 00 00 00 00
0x00007ffdae492920:   48 39 7a f8 48 8d 52 f8 75 f6 ff c8 41 89 42 20
0x00007ffdae492930:   48 8b 0c c1 48 89 0a 48 8b 47 08 48 89 1c 06 48
0x00007ffdae492940:   83 7b 10 00 74 39 8b 53 20 3b 53 24 75 08 48 8b
0x00007ffdae492950:   cb e8 da a8 4b 00 8b 4b 20 48 8b 43 10 48 89 3c
0x00007ffdae492960:   c8 ff 43 20 48 8b 5c 24 30 48 8b 74 24 38 48 83
0x00007ffdae492970:   c4 20 5f c3 41 8b d3 48 8b cf e8 b1 ad 4b 00 48
0x00007ffdae492980:   8b 5c 24 30 48 8b 74 24 38 48 83 c4 20 5f c3 cc
0x00007ffdae492990:   48 89 5c 24 08 44 8b 4a 4c 48 8b d9 4c 8b 59 38
0x00007ffdae4929a0:   4d 8b 53 08 43 8b 04 8a 41 3b c1 74 36 0f 1f 00
0x00007ffdae4929b0:   44 8b c0 8b d0 41 8b 04 92 41 3b c0 75 f2 44 3b
0x00007ffdae4929c0:   c8 74 20 0f 1f 40 00 66 0f 1f 84 00 00 00 00 00
0x00007ffdae4929d0:   49 8b 4b 08 41 8b d1 44 8b 0c 91 89 04 91 44 3b
0x00007ffdae4929e0:   c8 75 ed 48 8b 43 20 48 8b 5c 24 08 41 8b c9 48
0x00007ffdae4929f0:   8b 04 c8 c3 cc cc cc cc cc cc cc cc cc cc cc cc
0x00007ffdae492a00:   48 89 5c 24 08 57 48 83 ec 20 45 8b 10 4c 8b da
0x00007ffdae492a10:   8b 02 48 8b d9 8b d0 41 8b fa 41 3b c2 76 14 4c 


Stack slot to memory mapping:
stack at sp + 0 slots: 0x000002a19a74d238 points into unknown readable memory: 0x00007ffdaeb7c768 | 68 c7 b7 ae fd 7f 00 00
stack at sp + 1 slots: 0x0000000000002888 is an unknown value
stack at sp + 2 slots: 0x0 is NULL
stack at sp + 3 slots: 0x000002a199776560 points into unknown readable memory: 0x00007ffdaeb63ea0 | a0 3e b6 ae fd 7f 00 00
stack at sp + 4 slots: 0x000002a199b1a048 points into unknown readable memory: 0x00007ffdaeb7c768 | 68 c7 b7 ae fd 7f 00 00
stack at sp + 5 slots: 0x00007ffdae999e42 jvm.dll
stack at sp + 6 slots: 0x000002a19a74d238 points into unknown readable memory: 0x00007ffdaeb7c768 | 68 c7 b7 ae fd 7f 00 00
stack at sp + 7 slots: 0x000000000000053b is an unknown value


---------------  P R O C E S S  ---------------

Threads class SMR info:
_java_thread_list=0x000002a19c317b80, length=32, elements={
0x000002a1fd295800, 0x000002a1ff9be000, 0x000002a1ff9c6800, 0x000002a1ffa1d800,
0x000002a1ffa20800, 0x000002a1ffa22000, 0x000002a1ffa25000, 0x000002a1ffa29000,
0x000002a1ffa2a800, 0x000002a1ffba5800, 0x000002a19b14a800, 0x000002a19a76c000,
0x000002a199d65000, 0x000002a19b3a9800, 0x000002a19a4bf000, 0x000002a1997e9000,
0x000002a199d0b000, 0x000002a19a808000, 0x000002a19af24800, 0x000002a19b1da800,
0x000002a19b1dd800, 0x000002a19b1dc000, 0x000002a19b1db000, 0x000002a19b12a800,
0x000002a19b1dc800, 0x000002a19b1d9800, 0x000002a19b1d8800, 0x000002a19b1d8000,
0x000002a19c169800, 0x000002a19b1de800, 0x000002a19d88d000, 0x000002a19d890000
}

Java Threads: ( => current thread )
  0x000002a1fd295800 JavaThread "main" [_thread_blocked, id=16428, stack(0x000000b5a8300000,0x000000b5a8400000)]
  0x000002a1ff9be000 JavaThread "Reference Handler" daemon [_thread_blocked, id=14828, stack(0x000000b5a8a00000,0x000000b5a8b00000)]
  0x000002a1ff9c6800 JavaThread "Finalizer" daemon [_thread_blocked, id=17820, stack(0x000000b5a8b00000,0x000000b5a8c00000)]
  0x000002a1ffa1d800 JavaThread "Signal Dispatcher" daemon [_thread_blocked, id=12216, stack(0x000000b5a8c00000,0x000000b5a8d00000)]
  0x000002a1ffa20800 JavaThread "Attach Listener" daemon [_thread_blocked, id=4676, stack(0x000000b5a8d00000,0x000000b5a8e00000)]
  0x000002a1ffa22000 JavaThread "Service Thread" daemon [_thread_blocked, id=18940, stack(0x000000b5a8e00000,0x000000b5a8f00000)]
  0x000002a1ffa25000 JavaThread "C2 CompilerThread0" daemon [_thread_in_native, id=492, stack(0x000000b5a8f00000,0x000000b5a9000000)]
  0x000002a1ffa29000 JavaThread "C1 CompilerThread0" daemon [_thread_blocked, id=14264, stack(0x000000b5a9000000,0x000000b5a9100000)]
  0x000002a1ffa2a800 JavaThread "Sweeper thread" daemon [_thread_blocked, id=4932, stack(0x000000b5a9100000,0x000000b5a9200000)]
  0x000002a1ffba5800 JavaThread "Common-Cleaner" daemon [_thread_blocked, id=14776, stack(0x000000b5a9200000,0x000000b5a9300000)]
  0x000002a19b14a800 JavaThread "Daemon health stats" [_thread_blocked, id=16936, stack(0x000000b5a9b00000,0x000000b5a9c00000)]
  0x000002a19a76c000 JavaThread "Incoming local TCP Connector on port 62006" [_thread_in_native, id=18160, stack(0x000000b5a9400000,0x000000b5a9500000)]
  0x000002a199d65000 JavaThread "Daemon periodic checks" [_thread_blocked, id=18992, stack(0x000000b5a9d00000,0x000000b5a9e00000)]
  0x000002a19b3a9800 JavaThread "Daemon" [_thread_blocked, id=3568, stack(0x000000b5a9e00000,0x000000b5a9f00000)]
  0x000002a19a4bf000 JavaThread "Handler for socket connection from /127.0.0.1:62006 to /127.0.0.1:62007" [_thread_in_native, id=17560, stack(0x000000b5a9f00000,0x000000b5aa000000)]
  0x000002a1997e9000 JavaThread "Cancel handler" [_thread_blocked, id=18780, stack(0x000000b5aa000000,0x000000b5aa100000)]
  0x000002a199d0b000 JavaThread "Daemon worker" [_thread_in_Java, id=18760, stack(0x000000b5aa100000,0x000000b5aa200000)]
  0x000002a19a808000 JavaThread "Asynchronous log dispatcher for DefaultDaemonConnection: socket connection from /127.0.0.1:62006 to /127.0.0.1:62007" [_thread_blocked, id=11596, stack(0x000000b5aa200000,0x000000b5aa300000)]
  0x000002a19af24800 JavaThread "Stdin handler" [_thread_blocked, id=19036, stack(0x000000b5aa300000,0x000000b5aa400000)]
  0x000002a19b1da800 JavaThread "Daemon client event forwarder" [_thread_blocked, id=18204, stack(0x000000b5aa400000,0x000000b5aa500000)]
  0x000002a19b1dd800 JavaThread "Cache worker for file hash cache (C:\Users\quocm\.gradle\caches\6.8\fileHashes)" [_thread_blocked, id=17808, stack(0x000000b5aa500000,0x000000b5aa600000)]
  0x000002a19b1dc000 JavaThread "File lock request listener" [_thread_in_native, id=17912, stack(0x000000b5aa600000,0x000000b5aa700000)]
  0x000002a19b1db000 JavaThread "Cache worker for journal cache (C:\Users\quocm\.gradle\caches\journal-1)" [_thread_blocked, id=19396, stack(0x000000b5aa700000,0x000000b5aa800000)]
  0x000002a19b12a800 JavaThread "C2 CompilerThread1" daemon [_thread_in_native, id=18416, stack(0x000000b5aae00000,0x000000b5aaf00000)]
  0x000002a19b1dc800 JavaThread "Cache worker for file hash cache (D:\ReactNative\FullApp\TestProject\android\.gradle\6.8\fileHashes)" [_thread_blocked, id=8176, stack(0x000000b5aaf00000,0x000000b5ab000000)]
  0x000002a19b1d9800 JavaThread "Cache worker for checksums cache (D:\ReactNative\FullApp\TestProject\android\.gradle\checksums)" [_thread_blocked, id=2820, stack(0x000000b5ab000000,0x000000b5ab100000)]
  0x000002a19b1d8800 JavaThread "Cache worker for cache directory md-supplier (C:\Users\quocm\.gradle\caches\6.8\md-supplier)" [_thread_blocked, id=14796, stack(0x000000b5ab100000,0x000000b5ab200000)]
  0x000002a19b1d8000 JavaThread "Cache worker for cache directory md-rule (C:\Users\quocm\.gradle\caches\6.8\md-rule)" [_thread_blocked, id=4152, stack(0x000000b5ab200000,0x000000b5ab300000)]
=>0x000002a19c169800 JavaThread "C2 CompilerThread2" daemon [_thread_in_native, id=1388, stack(0x000000b5ab300000,0x000000b5ab400000)]
  0x000002a19b1de800 JavaThread "Cache worker for execution history cache (C:\Users\quocm\.gradle\caches\6.8\executionHistory)" [_thread_blocked, id=10932, stack(0x000000b5ab400000,0x000000b5ab500000)]
  0x000002a19d88d000 JavaThread "jar transforms" [_thread_blocked, id=13660, stack(0x000000b5ab500000,0x000000b5ab600000)]
  0x000002a19d890000 JavaThread "Cache worker for file content cache (C:\Users\quocm\.gradle\caches\6.8\fileContent)" [_thread_blocked, id=6164, stack(0x000000b5ab600000,0x000000b5ab700000)]

Other Threads:
  0x000002a1ff9bc000 VMThread "VM Thread" [stack: 0x000000b5a8900000,0x000000b5a8a00000] [id=18636]
  0x000002a1ffbb3000 WatcherThread [stack: 0x000000b5a9300000,0x000000b5a9400000] [id=19192]
  0x000002a1fd2a8800 GCTaskThread "GC Thread#0" [stack: 0x000000b5a8400000,0x000000b5a8500000] [id=15684]
  0x000002a1995b1000 GCTaskThread "GC Thread#1" [stack: 0x000000b5a9500000,0x000000b5a9600000] [id=17796]
  0x000002a199234800 GCTaskThread "GC Thread#2" [stack: 0x000000b5a9600000,0x000000b5a9700000] [id=15536]
  0x000002a199037000 GCTaskThread "GC Thread#3" [stack: 0x000000b5a9700000,0x000000b5a9800000] [id=19292]
  0x000002a19906b800 GCTaskThread "GC Thread#4" [stack: 0x000000b5a9800000,0x000000b5a9900000] [id=18996]
  0x000002a19923a800 GCTaskThread "GC Thread#5" [stack: 0x000000b5a9900000,0x000000b5a9a00000] [id=18592]
  0x000002a19b324000 GCTaskThread "GC Thread#6" [stack: 0x000000b5aa800000,0x000000b5aa900000] [id=19308]
  0x000002a19af19800 GCTaskThread "GC Thread#7" [stack: 0x000000b5aa900000,0x000000b5aaa00000] [id=17712]
  0x000002a19b30e800 GCTaskThread "GC Thread#8" [stack: 0x000000b5aaa00000,0x000000b5aab00000] [id=17492]
  0x000002a19b1a5800 GCTaskThread "GC Thread#9" [stack: 0x000000b5aab00000,0x000000b5aac00000] [id=18376]
  0x000002a1fd2dc000 ConcurrentGCThread "G1 Main Marker" [stack: 0x000000b5a8500000,0x000000b5a8600000] [id=13356]
  0x000002a1fd2dd000 ConcurrentGCThread "G1 Conc#0" [stack: 0x000000b5a8600000,0x000000b5a8700000] [id=17816]
  0x000002a199850800 ConcurrentGCThread "G1 Conc#1" [stack: 0x000000b5aac00000,0x000000b5aad00000] [id=19352]
  0x000002a1998a1800 ConcurrentGCThread "G1 Conc#2" [stack: 0x000000b5aad00000,0x000000b5aae00000] [id=17308]
  0x000002a1ff008800 ConcurrentGCThread "G1 Refine#0" [stack: 0x000000b5a8700000,0x000000b5a8800000] [id=18972]
  0x000002a1ff009800 ConcurrentGCThread "G1 Young RemSet Sampling" [stack: 0x000000b5a8800000,0x000000b5a8900000] [id=11588]

Threads with active compile tasks:
C2 CompilerThread0   2568 2724       4       java.util.AbstractCollection::addAll (42 bytes)
C1 CompilerThread0   2568 2826       3       org.codehaus.groovy.util.ComplexKeyHashMap$1::hasNext (13 bytes)
C2 CompilerThread1   2568 2765  s    4       java.io.BufferedInputStream::read (113 bytes)
C2 CompilerThread2   2568 2425       4       jdk.internal.loader.URLClassPath::getResource (74 bytes)

VM state:not at safepoint (normal execution)

VM Mutex/Monitor currently owned by a thread: None

Heap address: 0x0000000080000000, size: 2048 MB, Compressed Oops mode: 32-bit
Narrow klass base: 0x0000000000000000, Narrow klass shift: 3
Compressed class space size: 1073741824 Address: 0x0000000100000000

Heap:
 garbage-first heap   total 260096K, used 33408K [0x0000000080000000, 0x0000000100000000)
  region size 1024K, 16 young (16384K), 6 survivors (6144K)
 Metaspace       used 36608K, capacity 37404K, committed 37632K, reserved 1081344K
  class space    used 4681K, capacity 4998K, committed 5120K, reserved 1048576K
Heap Regions: E=young(eden), S=young(survivor), O=old, HS=humongous(starts), HC=humongous(continues), CS=collection set, F=free, A=archive, TAMS=top-at-mark-start (previous, next)
|   0|0x0000000080000000, 0x0000000080100000, 0x0000000080100000|100%| O|  |TAMS 0x0000000080100000, 0x0000000080000000| Untracked 
|   1|0x0000000080100000, 0x0000000080200000, 0x0000000080200000|100%| O|  |TAMS 0x0000000080200000, 0x0000000080100000| Untracked 
|   2|0x0000000080200000, 0x0000000080300000, 0x0000000080300000|100%| O|  |TAMS 0x0000000080300000, 0x0000000080200000| Untracked 
|   3|0x0000000080300000, 0x0000000080400000, 0x0000000080400000|100%|HS|  |TAMS 0x0000000080400000, 0x0000000080300000| Complete 
|   4|0x0000000080400000, 0x0000000080500000, 0x0000000080500000|100%|HC|  |TAMS 0x0000000080500000, 0x0000000080400000| Complete 
|   5|0x0000000080500000, 0x0000000080600000, 0x0000000080600000|100%|HC|  |TAMS 0x0000000080600000, 0x0000000080500000| Complete 
|   6|0x0000000080600000, 0x0000000080700000, 0x0000000080700000|100%| O|  |TAMS 0x0000000080700000, 0x0000000080600000| Untracked 
|   7|0x0000000080700000, 0x0000000080800000, 0x0000000080800000|100%| O|  |TAMS 0x0000000080800000, 0x0000000080700000| Untracked 
|   8|0x0000000080800000, 0x0000000080900000, 0x0000000080900000|100%| O|  |TAMS 0x0000000080900000, 0x0000000080800000| Untracked 
|   9|0x0000000080900000, 0x0000000080a00000, 0x0000000080a00000|100%| O|  |TAMS 0x0000000080a00000, 0x0000000080900000| Untracked 
|  10|0x0000000080a00000, 0x0000000080b00000, 0x0000000080b00000|100%| O|  |TAMS 0x0000000080b00000, 0x0000000080a00000| Untracked 
|  11|0x0000000080b00000, 0x0000000080c00000, 0x0000000080c00000|100%| O|  |TAMS 0x0000000080c00000, 0x0000000080b00000| Untracked 
|  12|0x0000000080c00000, 0x0000000080d00000, 0x0000000080d00000|100%| O|  |TAMS 0x0000000080d00000, 0x0000000080c00000| Untracked 
|  13|0x0000000080d00000, 0x0000000080e00000, 0x0000000080e00000|100%| O|  |TAMS 0x0000000080e00000, 0x0000000080d00000| Untracked 
|  14|0x0000000080e00000, 0x0000000080f00000, 0x0000000080f00000|100%| O|  |TAMS 0x0000000080f00000, 0x0000000080e00000| Untracked 
|  15|0x0000000080f00000, 0x0000000080fc0000, 0x0000000081000000| 75%| O|  |TAMS 0x0000000080fc0000, 0x0000000080f00000| Untracked 
|  16|0x0000000081000000, 0x0000000081000000, 0x0000000081100000|  0%| F|  |TAMS 0x0000000081000000, 0x0000000081000000| Untracked 
|  17|0x0000000081100000, 0x0000000081200000, 0x0000000081200000|100%|HS|  |TAMS 0x0000000081200000, 0x0000000081100000| Complete 
|  18|0x0000000081200000, 0x0000000081300000, 0x0000000081300000|100%|HC|  |TAMS 0x0000000081300000, 0x0000000081200000| Complete 
|  19|0x0000000081300000, 0x0000000081300000, 0x0000000081400000|  0%| F|  |TAMS 0x0000000081300000, 0x0000000081300000| Untracked 
|  20|0x0000000081400000, 0x0000000081400000, 0x0000000081500000|  0%| F|  |TAMS 0x0000000081400000, 0x0000000081400000| Untracked 
|  21|0x0000000081500000, 0x0000000081500000, 0x0000000081600000|  0%| F|  |TAMS 0x0000000081500000, 0x0000000081500000| Untracked 
|  22|0x0000000081600000, 0x0000000081600000, 0x0000000081700000|  0%| F|  |TAMS 0x0000000081600000, 0x0000000081600000| Untracked 
|  23|0x0000000081700000, 0x0000000081700000, 0x0000000081800000|  0%| F|  |TAMS 0x0000000081700000, 0x0000000081700000| Untracked 
|  24|0x0000000081800000, 0x0000000081800000, 0x0000000081900000|  0%| F|  |TAMS 0x0000000081800000, 0x0000000081800000| Untracked 
|  25|0x0000000081900000, 0x0000000081900000, 0x0000000081a00000|  0%| F|  |TAMS 0x0000000081900000, 0x0000000081900000| Untracked 
|  26|0x0000000081a00000, 0x0000000081a00000, 0x0000000081b00000|  0%| F|  |TAMS 0x0000000081a00000, 0x0000000081a00000| Untracked 
|  27|0x0000000081b00000, 0x0000000081b00000, 0x0000000081c00000|  0%| F|  |TAMS 0x0000000081b00000, 0x0000000081b00000| Untracked 
|  28|0x0000000081c00000, 0x0000000081c00000, 0x0000000081d00000|  0%| F|  |TAMS 0x0000000081c00000, 0x0000000081c00000| Untracked 
|  29|0x0000000081d00000, 0x0000000081d00000, 0x0000000081e00000|  0%| F|  |TAMS 0x0000000081d00000, 0x0000000081d00000| Untracked 
|  30|0x0000000081e00000, 0x0000000081e00000, 0x0000000081f00000|  0%| F|  |TAMS 0x0000000081e00000, 0x0000000081e00000| Untracked 
|  31|0x0000000081f00000, 0x0000000081f00000, 0x0000000082000000|  0%| F|  |TAMS 0x0000000081f00000, 0x0000000081f00000| Untracked 
|  32|0x0000000082000000, 0x0000000082000000, 0x0000000082100000|  0%| F|  |TAMS 0x0000000082000000, 0x0000000082000000| Untracked 
|  33|0x0000000082100000, 0x0000000082100000, 0x0000000082200000|  0%| F|  |TAMS 0x0000000082100000, 0x0000000082100000| Untracked 
|  34|0x0000000082200000, 0x0000000082200000, 0x0000000082300000|  0%| F|  |TAMS 0x0000000082200000, 0x0000000082200000| Untracked 
|  35|0x0000000082300000, 0x0000000082300000, 0x0000000082400000|  0%| F|  |TAMS 0x0000000082300000, 0x0000000082300000| Untracked 
|  36|0x0000000082400000, 0x0000000082400000, 0x0000000082500000|  0%| F|  |TAMS 0x0000000082400000, 0x0000000082400000| Untracked 
|  37|0x0000000082500000, 0x0000000082500000, 0x0000000082600000|  0%| F|  |TAMS 0x0000000082500000, 0x0000000082500000| Untracked 
|  38|0x0000000082600000, 0x0000000082600000, 0x0000000082700000|  0%| F|  |TAMS 0x0000000082600000, 0x0000000082600000| Untracked 
|  39|0x0000000082700000, 0x0000000082700000, 0x0000000082800000|  0%| F|  |TAMS 0x0000000082700000, 0x0000000082700000| Untracked 
|  40|0x0000000082800000, 0x0000000082800000, 0x0000000082900000|  0%| F|  |TAMS 0x0000000082800000, 0x0000000082800000| Untracked 
|  41|0x0000000082900000, 0x0000000082900000, 0x0000000082a00000|  0%| F|  |TAMS 0x0000000082900000, 0x0000000082900000| Untracked 
|  42|0x0000000082a00000, 0x0000000082a00000, 0x0000000082b00000|  0%| F|  |TAMS 0x0000000082a00000, 0x0000000082a00000| Untracked 
|  43|0x0000000082b00000, 0x0000000082b00000, 0x0000000082c00000|  0%| F|  |TAMS 0x0000000082b00000, 0x0000000082b00000| Untracked 
|  44|0x0000000082c00000, 0x0000000082c00000, 0x0000000082d00000|  0%| F|  |TAMS 0x0000000082c00000, 0x0000000082c00000| Untracked 
|  45|0x0000000082d00000, 0x0000000082d00000, 0x0000000082e00000|  0%| F|  |TAMS 0x0000000082d00000, 0x0000000082d00000| Untracked 
|  46|0x0000000082e00000, 0x0000000082e00000, 0x0000000082f00000|  0%| F|  |TAMS 0x0000000082e00000, 0x0000000082e00000| Untracked 
|  47|0x0000000082f00000, 0x0000000082f00000, 0x0000000083000000|  0%| F|  |TAMS 0x0000000082f00000, 0x0000000082f00000| Untracked 
|  48|0x0000000083000000, 0x0000000083000000, 0x0000000083100000|  0%| F|  |TAMS 0x0000000083000000, 0x0000000083000000| Untracked 
|  49|0x0000000083100000, 0x0000000083100000, 0x0000000083200000|  0%| F|  |TAMS 0x0000000083100000, 0x0000000083100000| Untracked 
|  50|0x0000000083200000, 0x0000000083200000, 0x0000000083300000|  0%| F|  |TAMS 0x0000000083200000, 0x0000000083200000| Untracked 
|  51|0x0000000083300000, 0x0000000083300000, 0x0000000083400000|  0%| F|  |TAMS 0x0000000083300000, 0x0000000083300000| Untracked 
|  52|0x0000000083400000, 0x0000000083400000, 0x0000000083500000|  0%| F|  |TAMS 0x0000000083400000, 0x0000000083400000| Untracked 
|  53|0x0000000083500000, 0x0000000083500000, 0x0000000083600000|  0%| F|  |TAMS 0x0000000083500000, 0x0000000083500000| Untracked 
|  54|0x0000000083600000, 0x0000000083600000, 0x0000000083700000|  0%| F|  |TAMS 0x0000000083600000, 0x0000000083600000| Untracked 
|  55|0x0000000083700000, 0x0000000083700000, 0x0000000083800000|  0%| F|  |TAMS 0x0000000083700000, 0x0000000083700000| Untracked 
|  56|0x0000000083800000, 0x0000000083800000, 0x0000000083900000|  0%| F|  |TAMS 0x0000000083800000, 0x0000000083800000| Untracked 
|  57|0x0000000083900000, 0x0000000083900000, 0x0000000083a00000|  0%| F|  |TAMS 0x0000000083900000, 0x0000000083900000| Untracked 
|  58|0x0000000083a00000, 0x0000000083a00000, 0x0000000083b00000|  0%| F|  |TAMS 0x0000000083a00000, 0x0000000083a00000| Untracked 
|  59|0x0000000083b00000, 0x0000000083b00000, 0x0000000083c00000|  0%| F|  |TAMS 0x0000000083b00000, 0x0000000083b00000| Untracked 
|  60|0x0000000083c00000, 0x0000000083c00000, 0x0000000083d00000|  0%| F|  |TAMS 0x0000000083c00000, 0x0000000083c00000| Untracked 
|  61|0x0000000083d00000, 0x0000000083d00000, 0x0000000083e00000|  0%| F|  |TAMS 0x0000000083d00000, 0x0000000083d00000| Untracked 
|  62|0x0000000083e00000, 0x0000000083e00000, 0x0000000083f00000|  0%| F|  |TAMS 0x0000000083e00000, 0x0000000083e00000| Untracked 
|  63|0x0000000083f00000, 0x0000000083f00000, 0x0000000084000000|  0%| F|  |TAMS 0x0000000083f00000, 0x0000000083f00000| Untracked 
|  64|0x0000000084000000, 0x0000000084000000, 0x0000000084100000|  0%| F|  |TAMS 0x0000000084000000, 0x0000000084000000| Untracked 
|  65|0x0000000084100000, 0x0000000084100000, 0x0000000084200000|  0%| F|  |TAMS 0x0000000084100000, 0x0000000084100000| Untracked 
|  66|0x0000000084200000, 0x0000000084200000, 0x0000000084300000|  0%| F|  |TAMS 0x0000000084200000, 0x0000000084200000| Untracked 
|  67|0x0000000084300000, 0x0000000084300000, 0x0000000084400000|  0%| F|  |TAMS 0x0000000084300000, 0x0000000084300000| Untracked 
|  68|0x0000000084400000, 0x0000000084400000, 0x0000000084500000|  0%| F|  |TAMS 0x0000000084400000, 0x0000000084400000| Untracked 
|  69|0x0000000084500000, 0x0000000084500000, 0x0000000084600000|  0%| F|  |TAMS 0x0000000084500000, 0x0000000084500000| Untracked 
|  70|0x0000000084600000, 0x0000000084600000, 0x0000000084700000|  0%| F|  |TAMS 0x0000000084600000, 0x0000000084600000| Untracked 
|  71|0x0000000084700000, 0x0000000084700000, 0x0000000084800000|  0%| F|  |TAMS 0x0000000084700000, 0x0000000084700000| Untracked 
|  72|0x0000000084800000, 0x0000000084800000, 0x0000000084900000|  0%| F|  |TAMS 0x0000000084800000, 0x0000000084800000| Untracked 
|  73|0x0000000084900000, 0x0000000084900000, 0x0000000084a00000|  0%| F|  |TAMS 0x0000000084900000, 0x0000000084900000| Untracked 
|  74|0x0000000084a00000, 0x0000000084a00000, 0x0000000084b00000|  0%| F|  |TAMS 0x0000000084a00000, 0x0000000084a00000| Untracked 
|  75|0x0000000084b00000, 0x0000000084b00000, 0x0000000084c00000|  0%| F|  |TAMS 0x0000000084b00000, 0x0000000084b00000| Untracked 
|  76|0x0000000084c00000, 0x0000000084c00000, 0x0000000084d00000|  0%| F|  |TAMS 0x0000000084c00000, 0x0000000084c00000| Untracked 
|  77|0x0000000084d00000, 0x0000000084d00000, 0x0000000084e00000|  0%| F|  |TAMS 0x0000000084d00000, 0x0000000084d00000| Untracked 
|  78|0x0000000084e00000, 0x0000000084e00000, 0x0000000084f00000|  0%| F|  |TAMS 0x0000000084e00000, 0x0000000084e00000| Untracked 
|  79|0x0000000084f00000, 0x0000000084f00000, 0x0000000085000000|  0%| F|  |TAMS 0x0000000084f00000, 0x0000000084f00000| Untracked 
|  80|0x0000000085000000, 0x0000000085000000, 0x0000000085100000|  0%| F|  |TAMS 0x0000000085000000, 0x0000000085000000| Untracked 
|  81|0x0000000085100000, 0x0000000085100000, 0x0000000085200000|  0%| F|  |TAMS 0x0000000085100000, 0x0000000085100000| Untracked 
|  82|0x0000000085200000, 0x0000000085200000, 0x0000000085300000|  0%| F|  |TAMS 0x0000000085200000, 0x0000000085200000| Untracked 
|  83|0x0000000085300000, 0x0000000085300000, 0x0000000085400000|  0%| F|  |TAMS 0x0000000085300000, 0x0000000085300000| Untracked 
|  84|0x0000000085400000, 0x0000000085400000, 0x0000000085500000|  0%| F|  |TAMS 0x0000000085400000, 0x0000000085400000| Untracked 
|  85|0x0000000085500000, 0x0000000085500000, 0x0000000085600000|  0%| F|  |TAMS 0x0000000085500000, 0x0000000085500000| Untracked 
|  86|0x0000000085600000, 0x0000000085600000, 0x0000000085700000|  0%| F|  |TAMS 0x0000000085600000, 0x0000000085600000| Untracked 
|  87|0x0000000085700000, 0x0000000085700000, 0x0000000085800000|  0%| F|  |TAMS 0x0000000085700000, 0x0000000085700000| Untracked 
|  88|0x0000000085800000, 0x0000000085800000, 0x0000000085900000|  0%| F|  |TAMS 0x0000000085800000, 0x0000000085800000| Untracked 
|  89|0x0000000085900000, 0x0000000085900000, 0x0000000085a00000|  0%| F|  |TAMS 0x0000000085900000, 0x0000000085900000| Untracked 
|  90|0x0000000085a00000, 0x0000000085a00000, 0x0000000085b00000|  0%| F|  |TAMS 0x0000000085a00000, 0x0000000085a00000| Untracked 
|  91|0x0000000085b00000, 0x0000000085b00000, 0x0000000085c00000|  0%| F|  |TAMS 0x0000000085b00000, 0x0000000085b00000| Untracked 
|  92|0x0000000085c00000, 0x0000000085c00000, 0x0000000085d00000|  0%| F|  |TAMS 0x0000000085c00000, 0x0000000085c00000| Untracked 
|  93|0x0000000085d00000, 0x0000000085d00000, 0x0000000085e00000|  0%| F|  |TAMS 0x0000000085d00000, 0x0000000085d00000| Untracked 
|  94|0x0000000085e00000, 0x0000000085e00000, 0x0000000085f00000|  0%| F|  |TAMS 0x0000000085e00000, 0x0000000085e00000| Untracked 
|  95|0x0000000085f00000, 0x0000000085f00000, 0x0000000086000000|  0%| F|  |TAMS 0x0000000085f00000, 0x0000000085f00000| Untracked 
|  96|0x0000000086000000, 0x0000000086000000, 0x0000000086100000|  0%| F|  |TAMS 0x0000000086000000, 0x0000000086000000| Untracked 
|  97|0x0000000086100000, 0x0000000086100000, 0x0000000086200000|  0%| F|  |TAMS 0x0000000086100000, 0x0000000086100000| Untracked 
|  98|0x0000000086200000, 0x0000000086200000, 0x0000000086300000|  0%| F|  |TAMS 0x0000000086200000, 0x0000000086200000| Untracked 
|  99|0x0000000086300000, 0x0000000086300000, 0x0000000086400000|  0%| F|  |TAMS 0x0000000086300000, 0x0000000086300000| Untracked 
| 100|0x0000000086400000, 0x0000000086400000, 0x0000000086500000|  0%| F|  |TAMS 0x0000000086400000, 0x0000000086400000| Untracked 
| 101|0x0000000086500000, 0x0000000086500000, 0x0000000086600000|  0%| F|  |TAMS 0x0000000086500000, 0x0000000086500000| Untracked 
| 102|0x0000000086600000, 0x0000000086600000, 0x0000000086700000|  0%| F|  |TAMS 0x0000000086600000, 0x0000000086600000| Untracked 
| 103|0x0000000086700000, 0x0000000086700000, 0x0000000086800000|  0%| F|  |TAMS 0x0000000086700000, 0x0000000086700000| Untracked 
| 104|0x0000000086800000, 0x0000000086800000, 0x0000000086900000|  0%| F|  |TAMS 0x0000000086800000, 0x0000000086800000| Untracked 
| 105|0x0000000086900000, 0x0000000086900000, 0x0000000086a00000|  0%| F|  |TAMS 0x0000000086900000, 0x0000000086900000| Untracked 
| 106|0x0000000086a00000, 0x0000000086a00000, 0x0000000086b00000|  0%| F|  |TAMS 0x0000000086a00000, 0x0000000086a00000| Untracked 
| 107|0x0000000086b00000, 0x0000000086b00000, 0x0000000086c00000|  0%| F|  |TAMS 0x0000000086b00000, 0x0000000086b00000| Untracked 
| 108|0x0000000086c00000, 0x0000000086c00000, 0x0000000086d00000|  0%| F|  |TAMS 0x0000000086c00000, 0x0000000086c00000| Untracked 
| 109|0x0000000086d00000, 0x0000000086d00000, 0x0000000086e00000|  0%| F|  |TAMS 0x0000000086d00000, 0x0000000086d00000| Untracked 
| 110|0x0000000086e00000, 0x0000000086e00000, 0x0000000086f00000|  0%| F|  |TAMS 0x0000000086e00000, 0x0000000086e00000| Untracked 
| 111|0x0000000086f00000, 0x0000000086f00000, 0x0000000087000000|  0%| F|  |TAMS 0x0000000086f00000, 0x0000000086f00000| Untracked 
| 112|0x0000000087000000, 0x0000000087000000, 0x0000000087100000|  0%| F|  |TAMS 0x0000000087000000, 0x0000000087000000| Untracked 
| 113|0x0000000087100000, 0x0000000087100000, 0x0000000087200000|  0%| F|  |TAMS 0x0000000087100000, 0x0000000087100000| Untracked 
| 114|0x0000000087200000, 0x0000000087200000, 0x0000000087300000|  0%| F|  |TAMS 0x0000000087200000, 0x0000000087200000| Untracked 
| 115|0x0000000087300000, 0x0000000087300000, 0x0000000087400000|  0%| F|  |TAMS 0x0000000087300000, 0x0000000087300000| Untracked 
| 116|0x0000000087400000, 0x0000000087400000, 0x0000000087500000|  0%| F|  |TAMS 0x0000000087400000, 0x0000000087400000| Untracked 
| 117|0x0000000087500000, 0x0000000087500000, 0x0000000087600000|  0%| F|  |TAMS 0x0000000087500000, 0x0000000087500000| Untracked 
| 118|0x0000000087600000, 0x0000000087600000, 0x0000000087700000|  0%| F|  |TAMS 0x0000000087600000, 0x0000000087600000| Untracked 
| 119|0x0000000087700000, 0x0000000087700000, 0x0000000087800000|  0%| F|  |TAMS 0x0000000087700000, 0x0000000087700000| Untracked 
| 120|0x0000000087800000, 0x0000000087800000, 0x0000000087900000|  0%| F|  |TAMS 0x0000000087800000, 0x0000000087800000| Untracked 
| 121|0x0000000087900000, 0x0000000087900000, 0x0000000087a00000|  0%| F|  |TAMS 0x0000000087900000, 0x0000000087900000| Untracked 
| 122|0x0000000087a00000, 0x0000000087a00000, 0x0000000087b00000|  0%| F|  |TAMS 0x0000000087a00000, 0x0000000087a00000| Untracked 
| 123|0x0000000087b00000, 0x0000000087b00000, 0x0000000087c00000|  0%| F|  |TAMS 0x0000000087b00000, 0x0000000087b00000| Untracked 
| 124|0x0000000087c00000, 0x0000000087c00000, 0x0000000087d00000|  0%| F|  |TAMS 0x0000000087c00000, 0x0000000087c00000| Untracked 
| 125|0x0000000087d00000, 0x0000000087d00000, 0x0000000087e00000|  0%| F|  |TAMS 0x0000000087d00000, 0x0000000087d00000| Untracked 
| 126|0x0000000087e00000, 0x0000000087e00000, 0x0000000087f00000|  0%| F|  |TAMS 0x0000000087e00000, 0x0000000087e00000| Untracked 
| 127|0x0000000087f00000, 0x0000000087f00000, 0x0000000088000000|  0%| F|  |TAMS 0x0000000087f00000, 0x0000000087f00000| Untracked 
| 128|0x0000000088000000, 0x0000000088000000, 0x0000000088100000|  0%| F|  |TAMS 0x0000000088000000, 0x0000000088000000| Untracked 
| 129|0x0000000088100000, 0x0000000088100000, 0x0000000088200000|  0%| F|  |TAMS 0x0000000088100000, 0x0000000088100000| Untracked 
| 130|0x0000000088200000, 0x0000000088200000, 0x0000000088300000|  0%| F|  |TAMS 0x0000000088200000, 0x0000000088200000| Untracked 
| 131|0x0000000088300000, 0x0000000088300000, 0x0000000088400000|  0%| F|  |TAMS 0x0000000088300000, 0x0000000088300000| Untracked 
| 132|0x0000000088400000, 0x0000000088400000, 0x0000000088500000|  0%| F|  |TAMS 0x0000000088400000, 0x0000000088400000| Untracked 
| 133|0x0000000088500000, 0x0000000088500000, 0x0000000088600000|  0%| F|  |TAMS 0x0000000088500000, 0x0000000088500000| Untracked 
| 134|0x0000000088600000, 0x0000000088600000, 0x0000000088700000|  0%| F|  |TAMS 0x0000000088600000, 0x0000000088600000| Untracked 
| 135|0x0000000088700000, 0x0000000088700000, 0x0000000088800000|  0%| F|  |TAMS 0x0000000088700000, 0x0000000088700000| Untracked 
| 136|0x0000000088800000, 0x0000000088800000, 0x0000000088900000|  0%| F|  |TAMS 0x0000000088800000, 0x0000000088800000| Untracked 
| 137|0x0000000088900000, 0x0000000088900000, 0x0000000088a00000|  0%| F|  |TAMS 0x0000000088900000, 0x0000000088900000| Untracked 
| 138|0x0000000088a00000, 0x0000000088a00000, 0x0000000088b00000|  0%| F|  |TAMS 0x0000000088a00000, 0x0000000088a00000| Untracked 
| 139|0x0000000088b00000, 0x0000000088b00000, 0x0000000088c00000|  0%| F|  |TAMS 0x0000000088b00000, 0x0000000088b00000| Untracked 
| 140|0x0000000088c00000, 0x0000000088c00000, 0x0000000088d00000|  0%| F|  |TAMS 0x0000000088c00000, 0x0000000088c00000| Untracked 
| 141|0x0000000088d00000, 0x0000000088d00000, 0x0000000088e00000|  0%| F|  |TAMS 0x0000000088d00000, 0x0000000088d00000| Untracked 
| 142|0x0000000088e00000, 0x0000000088e00000, 0x0000000088f00000|  0%| F|  |TAMS 0x0000000088e00000, 0x0000000088e00000| Untracked 
| 143|0x0000000088f00000, 0x0000000088f00000, 0x0000000089000000|  0%| F|  |TAMS 0x0000000088f00000, 0x0000000088f00000| Untracked 
| 144|0x0000000089000000, 0x0000000089000000, 0x0000000089100000|  0%| F|  |TAMS 0x0000000089000000, 0x0000000089000000| Untracked 
| 145|0x0000000089100000, 0x0000000089100000, 0x0000000089200000|  0%| F|  |TAMS 0x0000000089100000, 0x0000000089100000| Untracked 
| 146|0x0000000089200000, 0x0000000089200000, 0x0000000089300000|  0%| F|  |TAMS 0x0000000089200000, 0x0000000089200000| Untracked 
| 147|0x0000000089300000, 0x0000000089300000, 0x0000000089400000|  0%| F|  |TAMS 0x0000000089300000, 0x0000000089300000| Untracked 
| 148|0x0000000089400000, 0x0000000089400000, 0x0000000089500000|  0%| F|  |TAMS 0x0000000089400000, 0x0000000089400000| Untracked 
| 149|0x0000000089500000, 0x0000000089500000, 0x0000000089600000|  0%| F|  |TAMS 0x0000000089500000, 0x0000000089500000| Untracked 
| 150|0x0000000089600000, 0x0000000089600000, 0x0000000089700000|  0%| F|  |TAMS 0x0000000089600000, 0x0000000089600000| Untracked 
| 151|0x0000000089700000, 0x0000000089700000, 0x0000000089800000|  0%| F|  |TAMS 0x0000000089700000, 0x0000000089700000| Untracked 
| 152|0x0000000089800000, 0x0000000089800000, 0x0000000089900000|  0%| F|  |TAMS 0x0000000089800000, 0x0000000089800000| Untracked 
| 153|0x0000000089900000, 0x0000000089900000, 0x0000000089a00000|  0%| F|  |TAMS 0x0000000089900000, 0x0000000089900000| Untracked 
| 154|0x0000000089a00000, 0x0000000089a00000, 0x0000000089b00000|  0%| F|  |TAMS 0x0000000089a00000, 0x0000000089a00000| Untracked 
| 155|0x0000000089b00000, 0x0000000089b00000, 0x0000000089c00000|  0%| F|  |TAMS 0x0000000089b00000, 0x0000000089b00000| Untracked 
| 156|0x0000000089c00000, 0x0000000089c00000, 0x0000000089d00000|  0%| F|  |TAMS 0x0000000089c00000, 0x0000000089c00000| Untracked 
| 157|0x0000000089d00000, 0x0000000089d00000, 0x0000000089e00000|  0%| F|  |TAMS 0x0000000089d00000, 0x0000000089d00000| Untracked 
| 158|0x0000000089e00000, 0x0000000089e00000, 0x0000000089f00000|  0%| F|  |TAMS 0x0000000089e00000, 0x0000000089e00000| Untracked 
| 159|0x0000000089f00000, 0x0000000089f00000, 0x000000008a000000|  0%| F|  |TAMS 0x0000000089f00000, 0x0000000089f00000| Untracked 
| 160|0x000000008a000000, 0x000000008a000000, 0x000000008a100000|  0%| F|  |TAMS 0x000000008a000000, 0x000000008a000000| Untracked 
| 161|0x000000008a100000, 0x000000008a100000, 0x000000008a200000|  0%| F|  |TAMS 0x000000008a100000, 0x000000008a100000| Untracked 
| 162|0x000000008a200000, 0x000000008a200000, 0x000000008a300000|  0%| F|  |TAMS 0x000000008a200000, 0x000000008a200000| Untracked 
| 163|0x000000008a300000, 0x000000008a300000, 0x000000008a400000|  0%| F|  |TAMS 0x000000008a300000, 0x000000008a300000| Untracked 
| 164|0x000000008a400000, 0x000000008a400000, 0x000000008a500000|  0%| F|  |TAMS 0x000000008a400000, 0x000000008a400000| Untracked 
| 165|0x000000008a500000, 0x000000008a500000, 0x000000008a600000|  0%| F|  |TAMS 0x000000008a500000, 0x000000008a500000| Untracked 
| 166|0x000000008a600000, 0x000000008a600000, 0x000000008a700000|  0%| F|  |TAMS 0x000000008a600000, 0x000000008a600000| Untracked 
| 167|0x000000008a700000, 0x000000008a700000, 0x000000008a800000|  0%| F|  |TAMS 0x000000008a700000, 0x000000008a700000| Untracked 
| 168|0x000000008a800000, 0x000000008a800000, 0x000000008a900000|  0%| F|  |TAMS 0x000000008a800000, 0x000000008a800000| Untracked 
| 169|0x000000008a900000, 0x000000008a900000, 0x000000008aa00000|  0%| F|  |TAMS 0x000000008a900000, 0x000000008a900000| Untracked 
| 170|0x000000008aa00000, 0x000000008aa00000, 0x000000008ab00000|  0%| F|  |TAMS 0x000000008aa00000, 0x000000008aa00000| Untracked 
| 171|0x000000008ab00000, 0x000000008ab00000, 0x000000008ac00000|  0%| F|  |TAMS 0x000000008ab00000, 0x000000008ab00000| Untracked 
| 172|0x000000008ac00000, 0x000000008ac00000, 0x000000008ad00000|  0%| F|  |TAMS 0x000000008ac00000, 0x000000008ac00000| Untracked 
| 173|0x000000008ad00000, 0x000000008ad00000, 0x000000008ae00000|  0%| F|  |TAMS 0x000000008ad00000, 0x000000008ad00000| Untracked 
| 174|0x000000008ae00000, 0x000000008ae00000, 0x000000008af00000|  0%| F|  |TAMS 0x000000008ae00000, 0x000000008ae00000| Untracked 
| 175|0x000000008af00000, 0x000000008af00000, 0x000000008b000000|  0%| F|  |TAMS 0x000000008af00000, 0x000000008af00000| Untracked 
| 176|0x000000008b000000, 0x000000008b000000, 0x000000008b100000|  0%| F|  |TAMS 0x000000008b000000, 0x000000008b000000| Untracked 
| 177|0x000000008b100000, 0x000000008b100000, 0x000000008b200000|  0%| F|  |TAMS 0x000000008b100000, 0x000000008b100000| Untracked 
| 178|0x000000008b200000, 0x000000008b200000, 0x000000008b300000|  0%| F|  |TAMS 0x000000008b200000, 0x000000008b200000| Untracked 
| 179|0x000000008b300000, 0x000000008b300000, 0x000000008b400000|  0%| F|  |TAMS 0x000000008b300000, 0x000000008b300000| Untracked 
| 180|0x000000008b400000, 0x000000008b400000, 0x000000008b500000|  0%| F|  |TAMS 0x000000008b400000, 0x000000008b400000| Untracked 
| 181|0x000000008b500000, 0x000000008b500000, 0x000000008b600000|  0%| F|  |TAMS 0x000000008b500000, 0x000000008b500000| Untracked 
| 182|0x000000008b600000, 0x000000008b600000, 0x000000008b700000|  0%| F|  |TAMS 0x000000008b600000, 0x000000008b600000| Untracked 
| 183|0x000000008b700000, 0x000000008b700000, 0x000000008b800000|  0%| F|  |TAMS 0x000000008b700000, 0x000000008b700000| Untracked 
| 184|0x000000008b800000, 0x000000008b800000, 0x000000008b900000|  0%| F|  |TAMS 0x000000008b800000, 0x000000008b800000| Untracked 
| 185|0x000000008b900000, 0x000000008b900000, 0x000000008ba00000|  0%| F|  |TAMS 0x000000008b900000, 0x000000008b900000| Untracked 
| 186|0x000000008ba00000, 0x000000008ba00000, 0x000000008bb00000|  0%| F|  |TAMS 0x000000008ba00000, 0x000000008ba00000| Untracked 
| 187|0x000000008bb00000, 0x000000008bb00000, 0x000000008bc00000|  0%| F|  |TAMS 0x000000008bb00000, 0x000000008bb00000| Untracked 
| 188|0x000000008bc00000, 0x000000008bc00000, 0x000000008bd00000|  0%| F|  |TAMS 0x000000008bc00000, 0x000000008bc00000| Untracked 
| 189|0x000000008bd00000, 0x000000008bd00000, 0x000000008be00000|  0%| F|  |TAMS 0x000000008bd00000, 0x000000008bd00000| Untracked 
| 190|0x000000008be00000, 0x000000008be00000, 0x000000008bf00000|  0%| F|  |TAMS 0x000000008be00000, 0x000000008be00000| Untracked 
| 191|0x000000008bf00000, 0x000000008bf00000, 0x000000008c000000|  0%| F|  |TAMS 0x000000008bf00000, 0x000000008bf00000| Untracked 
| 192|0x000000008c000000, 0x000000008c000000, 0x000000008c100000|  0%| F|  |TAMS 0x000000008c000000, 0x000000008c000000| Untracked 
| 193|0x000000008c100000, 0x000000008c100000, 0x000000008c200000|  0%| F|  |TAMS 0x000000008c100000, 0x000000008c100000| Untracked 
| 194|0x000000008c200000, 0x000000008c200000, 0x000000008c300000|  0%| F|  |TAMS 0x000000008c200000, 0x000000008c200000| Untracked 
| 195|0x000000008c300000, 0x000000008c300000, 0x000000008c400000|  0%| F|  |TAMS 0x000000008c300000, 0x000000008c300000| Untracked 
| 196|0x000000008c400000, 0x000000008c400000, 0x000000008c500000|  0%| F|  |TAMS 0x000000008c400000, 0x000000008c400000| Untracked 
| 197|0x000000008c500000, 0x000000008c500000, 0x000000008c600000|  0%| F|  |TAMS 0x000000008c500000, 0x000000008c500000| Untracked 
| 198|0x000000008c600000, 0x000000008c600000, 0x000000008c700000|  0%| F|  |TAMS 0x000000008c600000, 0x000000008c600000| Untracked 
| 199|0x000000008c700000, 0x000000008c700000, 0x000000008c800000|  0%| F|  |TAMS 0x000000008c700000, 0x000000008c700000| Untracked 
| 200|0x000000008c800000, 0x000000008c800000, 0x000000008c900000|  0%| F|  |TAMS 0x000000008c800000, 0x000000008c800000| Untracked 
| 201|0x000000008c900000, 0x000000008c900000, 0x000000008ca00000|  0%| F|  |TAMS 0x000000008c900000, 0x000000008c900000| Untracked 
| 202|0x000000008ca00000, 0x000000008ca00000, 0x000000008cb00000|  0%| F|  |TAMS 0x000000008ca00000, 0x000000008ca00000| Untracked 
| 203|0x000000008cb00000, 0x000000008cb00000, 0x000000008cc00000|  0%| F|  |TAMS 0x000000008cb00000, 0x000000008cb00000| Untracked 
| 204|0x000000008cc00000, 0x000000008cc00000, 0x000000008cd00000|  0%| F|  |TAMS 0x000000008cc00000, 0x000000008cc00000| Untracked 
| 205|0x000000008cd00000, 0x000000008cd00000, 0x000000008ce00000|  0%| F|  |TAMS 0x000000008cd00000, 0x000000008cd00000| Untracked 
| 206|0x000000008ce00000, 0x000000008ce00000, 0x000000008cf00000|  0%| F|  |TAMS 0x000000008ce00000, 0x000000008ce00000| Untracked 
| 207|0x000000008cf00000, 0x000000008cf00000, 0x000000008d000000|  0%| F|  |TAMS 0x000000008cf00000, 0x000000008cf00000| Untracked 
| 208|0x000000008d000000, 0x000000008d000000, 0x000000008d100000|  0%| F|  |TAMS 0x000000008d000000, 0x000000008d000000| Untracked 
| 209|0x000000008d100000, 0x000000008d100000, 0x000000008d200000|  0%| F|  |TAMS 0x000000008d100000, 0x000000008d100000| Untracked 
| 210|0x000000008d200000, 0x000000008d200000, 0x000000008d300000|  0%| F|  |TAMS 0x000000008d200000, 0x000000008d200000| Untracked 
| 211|0x000000008d300000, 0x000000008d300000, 0x000000008d400000|  0%| F|  |TAMS 0x000000008d300000, 0x000000008d300000| Untracked 
| 212|0x000000008d400000, 0x000000008d400000, 0x000000008d500000|  0%| F|  |TAMS 0x000000008d400000, 0x000000008d400000| Untracked 
| 213|0x000000008d500000, 0x000000008d500000, 0x000000008d600000|  0%| F|  |TAMS 0x000000008d500000, 0x000000008d500000| Untracked 
| 214|0x000000008d600000, 0x000000008d6e0300, 0x000000008d700000| 87%| S|CS|TAMS 0x000000008d600000, 0x000000008d600000| Complete 
| 215|0x000000008d700000, 0x000000008d800000, 0x000000008d800000|100%| S|CS|TAMS 0x000000008d700000, 0x000000008d700000| Complete 
| 216|0x000000008d800000, 0x000000008d900000, 0x000000008d900000|100%| S|CS|TAMS 0x000000008d800000, 0x000000008d800000| Complete 
| 217|0x000000008d900000, 0x000000008da00000, 0x000000008da00000|100%| S|CS|TAMS 0x000000008d900000, 0x000000008d900000| Complete 
| 218|0x000000008da00000, 0x000000008db00000, 0x000000008db00000|100%| S|CS|TAMS 0x000000008da00000, 0x000000008da00000| Complete 
| 219|0x000000008db00000, 0x000000008dc00000, 0x000000008dc00000|100%| S|CS|TAMS 0x000000008db00000, 0x000000008db00000| Complete 
| 220|0x000000008dc00000, 0x000000008dc00000, 0x000000008dd00000|  0%| F|  |TAMS 0x000000008dc00000, 0x000000008dc00000| Untracked 
| 221|0x000000008dd00000, 0x000000008dd00000, 0x000000008de00000|  0%| F|  |TAMS 0x000000008dd00000, 0x000000008dd00000| Untracked 
| 222|0x000000008de00000, 0x000000008de00000, 0x000000008df00000|  0%| F|  |TAMS 0x000000008de00000, 0x000000008de00000| Untracked 
| 223|0x000000008df00000, 0x000000008df00000, 0x000000008e000000|  0%| F|  |TAMS 0x000000008df00000, 0x000000008df00000| Untracked 
| 224|0x000000008e000000, 0x000000008e000000, 0x000000008e100000|  0%| F|  |TAMS 0x000000008e000000, 0x000000008e000000| Untracked 
| 225|0x000000008e100000, 0x000000008e100000, 0x000000008e200000|  0%| F|  |TAMS 0x000000008e100000, 0x000000008e100000| Untracked 
| 226|0x000000008e200000, 0x000000008e200000, 0x000000008e300000|  0%| F|  |TAMS 0x000000008e200000, 0x000000008e200000| Untracked 
| 227|0x000000008e300000, 0x000000008e300000, 0x000000008e400000|  0%| F|  |TAMS 0x000000008e300000, 0x000000008e300000| Untracked 
| 228|0x000000008e400000, 0x000000008e400000, 0x000000008e500000|  0%| F|  |TAMS 0x000000008e400000, 0x000000008e400000| Untracked 
| 229|0x000000008e500000, 0x000000008e500000, 0x000000008e600000|  0%| F|  |TAMS 0x000000008e500000, 0x000000008e500000| Untracked 
| 230|0x000000008e600000, 0x000000008e600000, 0x000000008e700000|  0%| F|  |TAMS 0x000000008e600000, 0x000000008e600000| Untracked 
| 231|0x000000008e700000, 0x000000008e700000, 0x000000008e800000|  0%| F|  |TAMS 0x000000008e700000, 0x000000008e700000| Untracked 
| 232|0x000000008e800000, 0x000000008e800000, 0x000000008e900000|  0%| F|  |TAMS 0x000000008e800000, 0x000000008e800000| Untracked 
| 233|0x000000008e900000, 0x000000008e900000, 0x000000008ea00000|  0%| F|  |TAMS 0x000000008e900000, 0x000000008e900000| Untracked 
| 234|0x000000008ea00000, 0x000000008ea00000, 0x000000008eb00000|  0%| F|  |TAMS 0x000000008ea00000, 0x000000008ea00000| Untracked 
| 235|0x000000008eb00000, 0x000000008eb00000, 0x000000008ec00000|  0%| F|  |TAMS 0x000000008eb00000, 0x000000008eb00000| Untracked 
| 236|0x000000008ec00000, 0x000000008ec00000, 0x000000008ed00000|  0%| F|  |TAMS 0x000000008ec00000, 0x000000008ec00000| Untracked 
| 237|0x000000008ed00000, 0x000000008ed00000, 0x000000008ee00000|  0%| F|  |TAMS 0x000000008ed00000, 0x000000008ed00000| Untracked 
| 238|0x000000008ee00000, 0x000000008ee00000, 0x000000008ef00000|  0%| F|  |TAMS 0x000000008ee00000, 0x000000008ee00000| Untracked 
| 239|0x000000008ef00000, 0x000000008ef00000, 0x000000008f000000|  0%| F|  |TAMS 0x000000008ef00000, 0x000000008ef00000| Untracked 
| 240|0x000000008f000000, 0x000000008f000000, 0x000000008f100000|  0%| F|  |TAMS 0x000000008f000000, 0x000000008f000000| Untracked 
| 241|0x000000008f100000, 0x000000008f100000, 0x000000008f200000|  0%| F|  |TAMS 0x000000008f100000, 0x000000008f100000| Untracked 
| 242|0x000000008f200000, 0x000000008f200000, 0x000000008f300000|  0%| F|  |TAMS 0x000000008f200000, 0x000000008f200000| Untracked 
| 243|0x000000008f300000, 0x000000008f300000, 0x000000008f400000|  0%| F|  |TAMS 0x000000008f300000, 0x000000008f300000| Untracked 
| 244|0x000000008f400000, 0x000000008f500000, 0x000000008f500000|100%| E|  |TAMS 0x000000008f400000, 0x000000008f400000| Complete 
| 245|0x000000008f500000, 0x000000008f600000, 0x000000008f600000|100%| E|CS|TAMS 0x000000008f500000, 0x000000008f500000| Complete 
| 246|0x000000008f600000, 0x000000008f700000, 0x000000008f700000|100%| E|CS|TAMS 0x000000008f600000, 0x000000008f600000| Complete 
| 247|0x000000008f700000, 0x000000008f800000, 0x000000008f800000|100%| E|CS|TAMS 0x000000008f700000, 0x000000008f700000| Complete 
| 248|0x000000008f800000, 0x000000008f900000, 0x000000008f900000|100%| E|CS|TAMS 0x000000008f800000, 0x000000008f800000| Complete 
| 249|0x000000008f900000, 0x000000008fa00000, 0x000000008fa00000|100%| E|CS|TAMS 0x000000008f900000, 0x000000008f900000| Complete 
| 250|0x000000008fa00000, 0x000000008fb00000, 0x000000008fb00000|100%| E|CS|TAMS 0x000000008fa00000, 0x000000008fa00000| Complete 
| 251|0x000000008fb00000, 0x000000008fc00000, 0x000000008fc00000|100%| E|CS|TAMS 0x000000008fb00000, 0x000000008fb00000| Complete 
| 252|0x000000008fc00000, 0x000000008fd00000, 0x000000008fd00000|100%| E|CS|TAMS 0x000000008fc00000, 0x000000008fc00000| Complete 
| 253|0x000000008fd00000, 0x000000008fe00000, 0x000000008fe00000|100%| E|CS|TAMS 0x000000008fd00000, 0x000000008fd00000| Complete 

Card table byte_map: [0x000002a1fdcd0000,0x000002a1fe0d0000] _byte_map_base: 0x000002a1fd8d0000

Marking Bits (Prev, Next): (CMBitMap*) 0x000002a1fd2d3078, (CMBitMap*) 0x000002a1fd2d30b0
 Prev Bits: [0x000002a192a10000, 0x000002a194a10000)
 Next Bits: [0x000002a194a10000, 0x000002a196a10000)

Polling page: 0x000002a1fb100000

Metaspace:

Usage:
  Non-class:     31.72 MB capacity,    31.23 MB ( 98%) used,   430.80 KB (  1%) free+waste,    71.44 KB ( <1%) overhead. 
      Class:      4.89 MB capacity,     4.58 MB ( 94%) used,   279.02 KB (  6%) free+waste,    34.94 KB ( <1%) overhead. 
       Both:     36.60 MB capacity,    35.81 MB ( 98%) used,   709.82 KB (  2%) free+waste,   106.38 KB ( <1%) overhead. 

Virtual space:
  Non-class space:       32.00 MB reserved,      31.75 MB (>99%) committed 
      Class space:        1.00 GB reserved,       5.00 MB ( <1%) committed 
             Both:        1.03 GB reserved,      36.75 MB (  3%) committed 

Chunk freelists:
   Non-Class:  34.00 KB
       Class:  20.00 KB
        Both:  54.00 KB

MaxMetaspaceSize: 17179869184.00 GB
CompressedClassSpaceSize: 1.00 GB

CodeHeap 'non-profiled nmethods': size=120000Kb used=1405Kb max_used=1405Kb free=118594Kb
 bounds [0x000002a18b4e0000, 0x000002a18b750000, 0x000002a192a10000]
CodeHeap 'profiled nmethods': size=120000Kb used=6043Kb max_used=6043Kb free=113956Kb
 bounds [0x000002a183fb0000, 0x000002a1845a0000, 0x000002a18b4e0000]
CodeHeap 'non-nmethods': size=5760Kb used=2192Kb max_used=2225Kb free=3567Kb
 bounds [0x000002a183a10000, 0x000002a183c80000, 0x000002a183fb0000]
 total_blobs=3571 nmethods=2819 adapters=662
 compilation: enabled
              stopped_count=0, restarted_count=0
 full_count=0

Compilation events (20 events):
Event: 2.446 Thread 0x000002a1ffa29000 2725       1       java.lang.reflect.Field::getType (5 bytes)
Event: 2.446 Thread 0x000002a1ffa29000 nmethod 2725 0x000002a18b62c410 code [0x000002a18b62c5c0, 0x000002a18b62c678]
Event: 2.446 Thread 0x000002a1ffa29000 2729       1       groovy.lang.MetaBeanProperty::setGetter (6 bytes)
Event: 2.446 Thread 0x000002a1ffa29000 nmethod 2729 0x000002a18b62c710 code [0x000002a18b62c8c0, 0x000002a18b62c9b8]
Event: 2.447 Thread 0x000002a1ffa29000 2730  s!   3       java.beans.PropertyDescriptor::getPropertyType (33 bytes)
Event: 2.447 Thread 0x000002a1ffa29000 nmethod 2730 0x000002a184562e10 code [0x000002a184563060, 0x000002a184563ac8]
Event: 2.447 Thread 0x000002a1ffa29000 2731       3       java.lang.ClassValue$Entry::value (9 bytes)
Event: 2.447 Thread 0x000002a1ffa29000 nmethod 2731 0x000002a184563e10 code [0x000002a184563fc0, 0x000002a184564138]
Event: 2.448 Thread 0x000002a1ffa29000 2732       3       java.lang.ClassValue$Entry::assertNotPromise (22 bytes)
Event: 2.448 Thread 0x000002a1ffa29000 nmethod 2732 0x000002a184564210 code [0x000002a1845643c0, 0x000002a1845644d8]
Event: 2.448 Thread 0x000002a1ffa29000 2733       3       groovy.lang.MetaClassImpl::getPropName (72 bytes)
Event: 2.448 Thread 0x000002a1ffa29000 nmethod 2733 0x000002a184564590 code [0x000002a1845647c0, 0x000002a184564d88]
Event: 2.448 Thread 0x000002a1ffa29000 2734       3       groovy.lang.MetaClassImpl::createMetaBeanProperty (35 bytes)
Event: 2.448 Thread 0x000002a1ffa29000 nmethod 2734 0x000002a184564f90 code [0x000002a184565180, 0x000002a184565628]
Event: 2.448 Thread 0x000002a1ffa29000 2735       3       groovy.lang.MetaClassImpl::makeReplacementMetaProperty (241 bytes)
Event: 2.449 Thread 0x000002a1ffa29000 nmethod 2735 0x000002a184565810 code [0x000002a184565c20, 0x000002a184568048]
Event: 2.451 Thread 0x000002a1ffa25000 nmethod 2672 0x000002a18b62ca10 code [0x000002a18b62ccc0, 0x000002a18b62e710]
Event: 2.451 Thread 0x000002a1ffa25000 2696       4       java.lang.PublicMethods$MethodList::filter (104 bytes)
Event: 2.467 Thread 0x000002a1ffa25000 nmethod 2696 0x000002a18b62f390 code [0x000002a18b62f560, 0x000002a18b62fe58]
Event: 2.467 Thread 0x000002a1ffa25000 2724       4       java.util.AbstractCollection::addAll (42 bytes)

GC Heap History (10 events):
Event: 0.474 GC heap before
{Heap before GC invocations=0 (full 0):
 garbage-first heap   total 260096K, used 29696K [0x0000000080000000, 0x0000000100000000)
  region size 1024K, 24 young (24576K), 0 survivors (0K)
 Metaspace       used 10332K, capacity 10561K, committed 10752K, reserved 1058816K
  class space    used 1086K, capacity 1163K, committed 1280K, reserved 1048576K
}
Event: 0.476 GC heap after
{Heap after GC invocations=1 (full 0):
 garbage-first heap   total 260096K, used 8782K [0x0000000080000000, 0x0000000100000000)
  region size 1024K, 3 young (3072K), 3 survivors (3072K)
 Metaspace       used 10332K, capacity 10561K, committed 10752K, reserved 1058816K
  class space    used 1086K, capacity 1163K, committed 1280K, reserved 1048576K
}
Event: 1.574 GC heap before
{Heap before GC invocations=1 (full 0):
 garbage-first heap   total 260096K, used 93774K [0x0000000080000000, 0x0000000100000000)
  region size 1024K, 88 young (90112K), 3 survivors (3072K)
 Metaspace       used 20585K, capacity 21085K, committed 21248K, reserved 1067008K
  class space    used 2522K, capacity 2703K, committed 2816K, reserved 1048576K
}
Event: 1.579 GC heap after
{Heap after GC invocations=2 (full 0):
 garbage-first heap   total 260096K, used 15949K [0x0000000080000000, 0x0000000100000000)
  region size 1024K, 10 young (10240K), 10 survivors (10240K)
 Metaspace       used 20585K, capacity 21085K, committed 21248K, reserved 1067008K
  class space    used 2522K, capacity 2703K, committed 2816K, reserved 1048576K
}
Event: 1.650 GC heap before
{Heap before GC invocations=3 (full 0):
 garbage-first heap   total 260096K, used 31309K [0x0000000080000000, 0x0000000100000000)
  region size 1024K, 25 young (25600K), 10 survivors (10240K)
 Metaspace       used 21605K, capacity 22065K, committed 22144K, reserved 1069056K
  class space    used 2728K, capacity 2903K, committed 2944K, reserved 1048576K
}
Event: 1.653 GC heap after
{Heap after GC invocations=4 (full 0):
 garbage-first heap   total 260096K, used 17046K [0x0000000080000000, 0x0000000100000000)
  region size 1024K, 1 young (1024K), 1 survivors (1024K)
 Metaspace       used 21605K, capacity 22065K, committed 22144K, reserved 1069056K
  class space    used 2728K, capacity 2903K, committed 2944K, reserved 1048576K
}
Event: 2.123 GC heap before
{Heap before GC invocations=4 (full 0):
 garbage-first heap   total 260096K, used 80534K [0x0000000080000000, 0x0000000100000000)
  region size 1024K, 63 young (64512K), 1 survivors (1024K)
 Metaspace       used 28282K, capacity 28933K, committed 29184K, reserved 1075200K
  class space    used 3775K, capacity 4004K, committed 4096K, reserved 1048576K
}
Event: 2.125 GC heap after
{Heap after GC invocations=5 (full 0):
 garbage-first heap   total 260096K, used 18930K [0x0000000080000000, 0x0000000100000000)
  region size 1024K, 3 young (3072K), 3 survivors (3072K)
 Metaspace       used 28282K, capacity 28933K, committed 29184K, reserved 1075200K
  class space    used 3775K, capacity 4004K, committed 4096K, reserved 1048576K
}
Event: 2.454 GC heap before
{Heap before GC invocations=5 (full 0):
 garbage-first heap   total 260096K, used 54770K [0x0000000080000000, 0x0000000100000000)
  region size 1024K, 37 young (37888K), 3 survivors (3072K)
 Metaspace       used 35105K, capacity 35798K, committed 35840K, reserved 1081344K
  class space    used 4552K, capacity 4844K, committed 4864K, reserved 1048576K
}
Event: 2.461 GC heap after
{Heap after GC invocations=6 (full 0):
 garbage-first heap   total 260096K, used 24192K [0x0000000080000000, 0x0000000100000000)
  region size 1024K, 6 young (6144K), 6 survivors (6144K)
 Metaspace       used 35105K, capacity 35798K, committed 35840K, reserved 1081344K
  class space    used 4552K, capacity 4844K, committed 4864K, reserved 1048576K
}

Deoptimization events (20 events):
Event: 2.396 Thread 0x000002a199d0b000 Uncommon trap: trap_request=0xffffff4d fr.pc=0x000002a18b5eca28 relative=0x0000000000005ac8
Event: 2.396 Thread 0x000002a199d0b000 Uncommon trap: reason=unstable_if action=reinterpret pc=0x000002a18b5eca28 method=java.net.URLClassLoader.defineClass(Ljava/lang/String;Ljdk/internal/loader/Resource;)Ljava/lang/Class; @ 21 c2
Event: 2.396 Thread 0x000002a199d0b000 DEOPT PACKING pc=0x000002a18b5eca28 sp=0x000000b5aa1f9210
Event: 2.396 Thread 0x000002a199d0b000 DEOPT UNPACKING pc=0x000002a183a378af sp=0x000000b5aa1f9170 mode 2
Event: 2.417 Thread 0x000002a199d0b000 Uncommon trap: trap_request=0xffffffbe fr.pc=0x000002a18b629e6c relative=0x000000000000070c
Event: 2.417 Thread 0x000002a199d0b000 Uncommon trap: reason=profile_predicate action=maybe_recompile pc=0x000002a18b629e6c method=java.lang.PublicMethods$MethodList.filter([Ljava/lang/reflect/Method;Ljava/lang/String;[Ljava/lang/Class;Z)Ljava/lang/PublicMethods$MethodList; @ 21 c2
Event: 2.417 Thread 0x000002a199d0b000 DEOPT PACKING pc=0x000002a18b629e6c sp=0x000000b5aa1f8f90
Event: 2.417 Thread 0x000002a199d0b000 DEOPT UNPACKING pc=0x000002a183a378af sp=0x000000b5aa1f8f48 mode 2
Event: 2.417 Thread 0x000002a199d0b000 Uncommon trap: trap_request=0xffffffbe fr.pc=0x000002a18b629e6c relative=0x000000000000070c
Event: 2.417 Thread 0x000002a199d0b000 Uncommon trap: reason=profile_predicate action=maybe_recompile pc=0x000002a18b629e6c method=java.lang.PublicMethods$MethodList.filter([Ljava/lang/reflect/Method;Ljava/lang/String;[Ljava/lang/Class;Z)Ljava/lang/PublicMethods$MethodList; @ 21 c2
Event: 2.417 Thread 0x000002a199d0b000 DEOPT PACKING pc=0x000002a18b629e6c sp=0x000000b5aa1f8f90
Event: 2.417 Thread 0x000002a199d0b000 DEOPT UNPACKING pc=0x000002a183a378af sp=0x000000b5aa1f8f48 mode 2
Event: 2.433 Thread 0x000002a199d0b000 Uncommon trap: trap_request=0xffffffbe fr.pc=0x000002a18b629e6c relative=0x000000000000070c
Event: 2.433 Thread 0x000002a199d0b000 Uncommon trap: reason=profile_predicate action=maybe_recompile pc=0x000002a18b629e6c method=java.lang.PublicMethods$MethodList.filter([Ljava/lang/reflect/Method;Ljava/lang/String;[Ljava/lang/Class;Z)Ljava/lang/PublicMethods$MethodList; @ 21 c2
Event: 2.433 Thread 0x000002a199d0b000 DEOPT PACKING pc=0x000002a18b629e6c sp=0x000000b5aa1f9480
Event: 2.433 Thread 0x000002a199d0b000 DEOPT UNPACKING pc=0x000002a183a378af sp=0x000000b5aa1f9438 mode 2
Event: 2.433 Thread 0x000002a199d0b000 Uncommon trap: trap_request=0xffffffbe fr.pc=0x000002a18b629e6c relative=0x000000000000070c
Event: 2.433 Thread 0x000002a199d0b000 Uncommon trap: reason=profile_predicate action=maybe_recompile pc=0x000002a18b629e6c method=java.lang.PublicMethods$MethodList.filter([Ljava/lang/reflect/Method;Ljava/lang/String;[Ljava/lang/Class;Z)Ljava/lang/PublicMethods$MethodList; @ 21 c2
Event: 2.433 Thread 0x000002a199d0b000 DEOPT PACKING pc=0x000002a18b629e6c sp=0x000000b5aa1f9460
Event: 2.433 Thread 0x000002a199d0b000 DEOPT UNPACKING pc=0x000002a183a378af sp=0x000000b5aa1f9418 mode 2

Classes redefined (0 events):
No events

Internal exceptions (20 events):
Event: 2.410 Thread 0x000002a199d0b000 Exception <a 'java/lang/ClassNotFoundException'{0x000000008e2aa170}: org/gradle/plugin/use/internal/PluginsAwareScriptBeanInfo> (0x000000008e2aa170) thrown at [./src/hotspot/share/classfile/systemDictionary.cpp, line 231]
Event: 2.410 Thread 0x000002a199d0b000 Exception <a 'java/lang/ClassNotFoundException'{0x000000008e2bbf10}: org/gradle/groovy/scripts/DefaultScriptBeanInfo> (0x000000008e2bbf10) thrown at [./src/hotspot/share/classfile/systemDictionary.cpp, line 231]
Event: 2.411 Thread 0x000002a199d0b000 Exception <a 'java/lang/ClassNotFoundException'{0x000000008e2cdae8}: org/gradle/groovy/scripts/BasicScriptBeanInfo> (0x000000008e2cdae8) thrown at [./src/hotspot/share/classfile/systemDictionary.cpp, line 231]
Event: 2.411 Thread 0x000002a199d0b000 Exception <a 'java/lang/ClassNotFoundException'{0x000000008e2dee30}: org/gradle/groovy/scripts/ScriptBeanInfo> (0x000000008e2dee30) thrown at [./src/hotspot/share/classfile/systemDictionary.cpp, line 231]
Event: 2.411 Thread 0x000002a199d0b000 Exception <a 'java/lang/ClassNotFoundException'{0x000000008e2ef2f0}: groovy/lang/ScriptBeanInfo> (0x000000008e2ef2f0) thrown at [./src/hotspot/share/classfile/systemDictionary.cpp, line 231]
Event: 2.411 Thread 0x000002a199d0b000 Exception <a 'java/lang/ClassNotFoundException'{0x000000008e2ffb58}: groovy/lang/ScriptCustomizer> (0x000000008e2ffb58) thrown at [./src/hotspot/share/classfile/systemDictionary.cpp, line 231]
Event: 2.412 Thread 0x000002a199d0b000 Exception <a 'java/lang/ClassNotFoundException'{0x000000008e119998}: org/gradle/groovy/scripts/ScriptCustomizer> (0x000000008e119998) thrown at [./src/hotspot/share/classfile/systemDictionary.cpp, line 231]
Event: 2.412 Thread 0x000002a199d0b000 Exception <a 'java/lang/ClassNotFoundException'{0x000000008e1321a8}: org/gradle/groovy/scripts/BasicScriptCustomizer> (0x000000008e1321a8) thrown at [./src/hotspot/share/classfile/systemDictionary.cpp, line 231]
Event: 2.413 Thread 0x000002a199d0b000 Exception <a 'java/lang/ClassNotFoundException'{0x000000008e150518}: org/gradle/groovy/scripts/DefaultScriptCustomizer> (0x000000008e150518) thrown at [./src/hotspot/share/classfile/systemDictionary.cpp, line 231]
Event: 2.416 Thread 0x000002a199d0b000 Exception <a 'java/lang/ClassNotFoundException'{0x000000008e19b6d0}: org/gradle/plugin/use/internal/PluginsAwareScriptCustomizer> (0x000000008e19b6d0) thrown at [./src/hotspot/share/classfile/systemDictionary.cpp, line 231]
Event: 2.416 Thread 0x000002a199d0b000 Exception <a 'java/lang/ClassNotFoundException'{0x000000008e1b5b80}: org/gradle/initialization/SettingsScriptCustomizer> (0x000000008e1b5b80) thrown at [./src/hotspot/share/classfile/systemDictionary.cpp, line 231]
Event: 2.417 Thread 0x000002a199d0b000 Exception <a 'java/lang/ClassNotFoundException'{0x000000008e1c7630}: settings_2vcj0ttsgoq6s3x27nql03qtmCustomizer> (0x000000008e1c7630) thrown at [./src/hotspot/share/classfile/systemDictionary.cpp, line 231]
Event: 2.436 Thread 0x000002a199d0b000 Exception <a 'java/lang/ClassNotFoundException'{0x000000008df625b8}: org/gradle/initialization/DefaultSettings_DecoratedBeanInfo> (0x000000008df625b8) thrown at [./src/hotspot/share/classfile/systemDictionary.cpp, line 231]
Event: 2.436 Thread 0x000002a199d0b000 Exception <a 'java/lang/ClassNotFoundException'{0x000000008df81308}: org/gradle/initialization/DefaultSettingsBeanInfo> (0x000000008df81308) thrown at [./src/hotspot/share/classfile/systemDictionary.cpp, line 231]
Event: 2.437 Thread 0x000002a199d0b000 Exception <a 'java/lang/ClassNotFoundException'{0x000000008dfa31d0}: org/gradle/api/internal/project/AbstractPluginAwareBeanInfo> (0x000000008dfa31d0) thrown at [./src/hotspot/share/classfile/systemDictionary.cpp, line 231]
Event: 2.437 Thread 0x000002a199d0b000 Exception <a 'java/lang/ClassNotFoundException'{0x000000008dfc5220}: org/gradle/api/internal/project/AbstractPluginAwareCustomizer> (0x000000008dfc5220) thrown at [./src/hotspot/share/classfile/systemDictionary.cpp, line 231]
Event: 2.438 Thread 0x000002a199d0b000 Exception <a 'java/lang/ClassNotFoundException'{0x000000008dfeb4f8}: org/gradle/initialization/DefaultSettingsCustomizer> (0x000000008dfeb4f8) thrown at [./src/hotspot/share/classfile/systemDictionary.cpp, line 231]
Event: 2.440 Thread 0x000002a199d0b000 Exception <a 'java/lang/ClassNotFoundException'{0x000000008de3ae18}: org/gradle/initialization/DefaultSettings_DecoratedCustomizer> (0x000000008de3ae18) thrown at [./src/hotspot/share/classfile/systemDictionary.cpp, line 231]
Event: 2.446 Thread 0x000002a199d0b000 Exception <a 'java/lang/ClassNotFoundException'{0x000000008dee4fd0}: org/gradle/initialization/DefaultProjectDescriptorBeanInfo> (0x000000008dee4fd0) thrown at [./src/hotspot/share/classfile/systemDictionary.cpp, line 231]
Event: 2.446 Thread 0x000002a199d0b000 Exception <a 'java/lang/ClassNotFoundException'{0x000000008dd065e0}: org/gradle/initialization/DefaultProjectDescriptorCustomizer> (0x000000008dd065e0) thrown at [./src/hotspot/share/classfile/systemDictionary.cpp, line 231]

Events (20 events):
Event: 2.488 loading class org/codehaus/groovy/util/AbstractConcurrentMapBase$Segment
Event: 2.488 loading class org/codehaus/groovy/util/AbstractConcurrentMapBase$Segment done
Event: 2.488 loading class org/codehaus/groovy/util/AbstractConcurrentMap$Segment
Event: 2.488 loading class org/codehaus/groovy/util/AbstractConcurrentMap$Segment done
Event: 2.488 loading class org/codehaus/groovy/util/ManagedConcurrentMap$Segment
Event: 2.488 loading class org/codehaus/groovy/util/ManagedConcurrentMap$Segment done
Event: 2.488 loading class org/codehaus/groovy/util/AbstractConcurrentMap$Entry
Event: 2.488 loading class org/codehaus/groovy/util/AbstractConcurrentMap$Entry done
Event: 2.488 loading class org/codehaus/groovy/util/AbstractConcurrentMapBase$Entry
Event: 2.488 loading class org/codehaus/groovy/util/AbstractConcurrentMapBase$Entry done
Event: 2.489 loading class org/codehaus/groovy/ast/MixinNode
Event: 2.489 loading class org/codehaus/groovy/ast/MixinNode done
Event: 2.489 loading class org/codehaus/groovy/ast/ClassNode$MapOfLists
Event: 2.489 loading class org/codehaus/groovy/ast/ClassNode$MapOfLists done
Event: 2.490 loading class org/codehaus/groovy/util/ManagedConcurrentMap$EntryWithValue
Event: 2.490 loading class org/codehaus/groovy/util/ManagedConcurrentMap$EntryWithValue done
Event: 2.490 loading class org/codehaus/groovy/util/ManagedConcurrentMap$Entry
Event: 2.490 loading class org/codehaus/groovy/util/ManagedConcurrentMap$Entry done
Event: 2.491 loading class org/apache/groovy/util/Maps
Event: 2.491 loading class org/apache/groovy/util/Maps done


Dynamic libraries:
0x00007ff6b6b40000 - 0x00007ff6b6b4a000 	D:\Android\New folder\jre\bin\java.exe
0x00007ffe39470000 - 0x00007ffe39665000 	C:\WINDOWS\SYSTEM32\ntdll.dll
0x00007ffe38230000 - 0x00007ffe382ee000 	C:\WINDOWS\System32\KERNEL32.DLL
0x00007ffe36c40000 - 0x00007ffe36f08000 	C:\WINDOWS\System32\KERNELBASE.dll
0x00007ffe37010000 - 0x00007ffe37110000 	C:\WINDOWS\System32\ucrtbase.dll
0x00007ffdfdf40000 - 0x00007ffdfdf59000 	D:\Android\New folder\jre\bin\jli.dll
0x00007ffe20990000 - 0x00007ffe209a7000 	D:\Android\New folder\jre\bin\VCRUNTIME140.dll
0x00007ffe390a0000 - 0x00007ffe39241000 	C:\WINDOWS\System32\USER32.dll
0x00007ffe37140000 - 0x00007ffe37162000 	C:\WINDOWS\System32\win32u.dll
0x00007ffe35f60000 - 0x00007ffe361fa000 	C:\WINDOWS\WinSxS\amd64_microsoft.windows.common-controls_6595b64144ccf1df_6.0.19041.1110_none_60b5254171f9507e\COMCTL32.dll
0x00007ffe37ee0000 - 0x00007ffe37f0b000 	C:\WINDOWS\System32\GDI32.dll
0x00007ffe38ca0000 - 0x00007ffe38d3e000 	C:\WINDOWS\System32\msvcrt.dll
0x00007ffe37170000 - 0x00007ffe3727b000 	C:\WINDOWS\System32\gdi32full.dll
0x00007ffe36f10000 - 0x00007ffe36fad000 	C:\WINDOWS\System32\msvcp_win.dll
0x00007ffe376f0000 - 0x00007ffe37720000 	C:\WINDOWS\System32\IMM32.DLL
0x00007ffdb7ef0000 - 0x00007ffdb7f8d000 	D:\Android\New folder\jre\bin\msvcp140.dll
0x00007ffdae380000 - 0x00007ffdaee4f000 	D:\Android\New folder\jre\bin\server\jvm.dll
0x00007ffe392d0000 - 0x00007ffe3937c000 	C:\WINDOWS\System32\ADVAPI32.dll
0x00007ffe39390000 - 0x00007ffe3942b000 	C:\WINDOWS\System32\sechost.dll
0x00007ffe38020000 - 0x00007ffe3814a000 	C:\WINDOWS\System32\RPCRT4.dll
0x00007ffe39380000 - 0x00007ffe39388000 	C:\WINDOWS\System32\PSAPI.DLL
0x00007ffe28820000 - 0x00007ffe28847000 	C:\WINDOWS\SYSTEM32\WINMM.dll
0x00007ffe1f020000 - 0x00007ffe1f029000 	C:\WINDOWS\SYSTEM32\WSOCK32.dll
0x00007ffe2e770000 - 0x00007ffe2e77a000 	C:\WINDOWS\SYSTEM32\VERSION.dll
0x00007ffe38460000 - 0x00007ffe384cb000 	C:\WINDOWS\System32\WS2_32.dll
0x00007ffe34da0000 - 0x00007ffe34db2000 	C:\WINDOWS\SYSTEM32\kernel.appcore.dll
0x00007ffdfb9b0000 - 0x00007ffdfb9c1000 	D:\Android\New folder\jre\bin\verify.dll
0x00007ffe36460000 - 0x00007ffe36644000 	C:\WINDOWS\SYSTEM32\DBGHELP.DLL
0x00007ffe36360000 - 0x00007ffe3638c000 	C:\WINDOWS\SYSTEM32\dbgcore.DLL
0x00007ffe37430000 - 0x00007ffe374b3000 	C:\WINDOWS\System32\bcryptPrimitives.dll
0x00007ffdf3ef0000 - 0x00007ffdf3f19000 	D:\Android\New folder\jre\bin\java.dll
0x00007ffe2fa80000 - 0x00007ffe2fa8b000 	D:\Android\New folder\jre\bin\jimage.dll
0x00007ffdfad60000 - 0x00007ffdfad78000 	D:\Android\New folder\jre\bin\zip.dll
0x00007ffe37780000 - 0x00007ffe37ebf000 	C:\WINDOWS\System32\SHELL32.dll
0x00007ffe34600000 - 0x00007ffe34d90000 	C:\WINDOWS\SYSTEM32\windows.storage.dll
0x00007ffe38d40000 - 0x00007ffe39095000 	C:\WINDOWS\System32\combase.dll
0x00007ffe35ef0000 - 0x00007ffe35f1e000 	C:\WINDOWS\SYSTEM32\Wldp.dll
0x00007ffe37f70000 - 0x00007ffe3801d000 	C:\WINDOWS\System32\SHCORE.dll
0x00007ffe37f10000 - 0x00007ffe37f65000 	C:\WINDOWS\System32\shlwapi.dll
0x00007ffe36ad0000 - 0x00007ffe36aef000 	C:\WINDOWS\SYSTEM32\profapi.dll
0x00007ffdfa840000 - 0x00007ffdfa85a000 	D:\Android\New folder\jre\bin\net.dll
0x00007ffe30840000 - 0x00007ffe3094c000 	C:\WINDOWS\SYSTEM32\WINHTTP.dll
0x00007ffe35c50000 - 0x00007ffe35cba000 	C:\WINDOWS\system32\mswsock.dll
0x00007ffdf7bb0000 - 0x00007ffdf7bc4000 	D:\Android\New folder\jre\bin\nio.dll
0x00007ffe2cc70000 - 0x00007ffe2cc97000 	C:\Users\quocm\.gradle\native\fdc75f09e3144964f2cf3f50f0aa648679c211496f362492102eb8c894070792\windows-amd64\native-platform.dll
0x00007ffddd8c0000 - 0x00007ffddda56000 	C:\Users\quocm\.gradle\native\12488b8bf47d2d4c9fbf2f6322a914ad602e24e48041cd04a747c6da556b65c4\windows-amd64\native-platform-file-events.dll
0x00007ffe1f560000 - 0x00007ffe1f56a000 	D:\Android\New folder\jre\bin\management.dll
0x00007ffe02250000 - 0x00007ffe0225c000 	D:\Android\New folder\jre\bin\management_ext.dll
0x00007ffe36910000 - 0x00007ffe36928000 	C:\WINDOWS\SYSTEM32\CRYPTSP.dll
0x00007ffe355f0000 - 0x00007ffe35624000 	C:\WINDOWS\system32\rsaenh.dll
0x00007ffe37110000 - 0x00007ffe37137000 	C:\WINDOWS\System32\bcrypt.dll
0x00007ffe36a90000 - 0x00007ffe36abe000 	C:\WINDOWS\SYSTEM32\USERENV.dll
0x00007ffe35ee0000 - 0x00007ffe35eec000 	C:\WINDOWS\SYSTEM32\CRYPTBASE.dll
0x00007ffe35940000 - 0x00007ffe3597b000 	C:\WINDOWS\SYSTEM32\IPHLPAPI.DLL
0x00007ffe38220000 - 0x00007ffe38228000 	C:\WINDOWS\System32\NSI.dll
0x00007ffe2f010000 - 0x00007ffe2f027000 	C:\WINDOWS\SYSTEM32\dhcpcsvc6.DLL
0x00007ffe2fc90000 - 0x00007ffe2fcad000 	C:\WINDOWS\SYSTEM32\dhcpcsvc.DLL
0x00007ffe35980000 - 0x00007ffe35a4b000 	C:\WINDOWS\SYSTEM32\DNSAPI.dll
0x00007ffe2fcb0000 - 0x00007ffe2fcbb000 	C:\WINDOWS\SYSTEM32\WINNSI.DLL

dbghelp: loaded successfully - version: 4.0.5 - missing functions: none
symbol engine: initialized successfully - sym options: 0x614 - pdb path: .;D:\Android\New folder\jre\bin;C:\WINDOWS\SYSTEM32;C:\WINDOWS\WinSxS\amd64_microsoft.windows.common-controls_6595b64144ccf1df_6.0.19041.1110_none_60b5254171f9507e;D:\Android\New folder\jre\bin\server;C:\Users\quocm\.gradle\native\fdc75f09e3144964f2cf3f50f0aa648679c211496f362492102eb8c894070792\windows-amd64;C:\Users\quocm\.gradle\native\12488b8bf47d2d4c9fbf2f6322a914ad602e24e48041cd04a747c6da556b65c4\windows-amd64

VM Arguments:
jvm_args: -XX:MaxPermSize=512m -XX:+HeapDumpOnOutOfMemoryError --add-opens=java.base/java.util=ALL-UNNAMED --add-opens=java.base/java.lang=ALL-UNNAMED --add-opens=java.base/java.lang.invoke=ALL-UNNAMED --add-opens=java.prefs/java.util.prefs=ALL-UNNAMED -Xmx2048m -Dfile.encoding=UTF-8 -Duser.country=US -Duser.language=en -Duser.variant 
java_command: org.gradle.launcher.daemon.bootstrap.GradleDaemon 6.8
java_class_path (initial): C:\Users\quocm\.gradle\wrapper\dists\gradle-6.8-all\9emh0d32e025cam7aasxcw002\gradle-6.8\lib\gradle-launcher-6.8.jar
Launcher Type: SUN_STANDARD

[Global flags]
     intx CICompilerCount                          = 4                                         {product} {ergonomic}
     uint ConcGCThreads                            = 3                                         {product} {ergonomic}
     uint G1ConcRefinementThreads                  = 10                                        {product} {ergonomic}
   size_t G1HeapRegionSize                         = 1048576                                   {product} {ergonomic}
    uintx GCDrainStackTargetSize                   = 64                                        {product} {ergonomic}
     bool HeapDumpOnOutOfMemoryError               = true                                   {manageable} {command line}
   size_t InitialHeapSize                          = 266338304                                 {product} {ergonomic}
   size_t MarkStackSize                            = 4194304                                   {product} {ergonomic}
   size_t MaxHeapSize                              = 2147483648                                {product} {command line}
   size_t MaxNewSize                               = 1287651328                                {product} {ergonomic}
   size_t MinHeapDeltaBytes                        = 1048576                                   {product} {ergonomic}
    uintx NonNMethodCodeHeapSize                   = 5836300                                {pd product} {ergonomic}
    uintx NonProfiledCodeHeapSize                  = 122910970                              {pd product} {ergonomic}
    uintx ProfiledCodeHeapSize                     = 122910970                              {pd product} {ergonomic}
    uintx ReservedCodeCacheSize                    = 251658240                              {pd product} {ergonomic}
     bool SegmentedCodeCache                       = true                                      {product} {ergonomic}
     bool UseCompressedClassPointers               = true                                 {lp64_product} {ergonomic}
     bool UseCompressedOops                        = true                                 {lp64_product} {ergonomic}
     bool UseG1GC                                  = true                                      {product} {ergonomic}
     bool UseLargePagesIndividualAllocation        = false                                  {pd product} {ergonomic}

Logging:
Log output configuration:
 #0: stdout all=warning uptime,level,tags
 #1: stderr all=off uptime,level,tags

Environment Variables:
JAVA_HOME=D:\Android\New folder\jre
CLASSPATH=D:\ReactNative\FullApp\TestProject\android\\gradle\wrapper\gradle-wrapper.jar
PATH=C:\Program Files\Common Files\Oracle\Java\javapath;C:\Program Files (x86)\Intel\Intel(R) Management Engine Components\iCLS\;C:\Program Files\Intel\Intel(R) Management Engine Components\iCLS\;C:\Windows\system32;C:\Windows;C:\Windows\System32\Wbem;C:\Windows\System32\WindowsPowerShell\v1.0\;C:\Windows\System32\OpenSSH\;C:\Program Files (x86)\NVIDIA Corporation\PhysX\Common;C:\Program Files\Intel\WiFi\bin\;C:\Program Files\Common Files\Intel\WirelessCommon\;C:\Program Files (x86)\Intel\Intel(R) Management Engine Components\DAL;C:\Program Files\Intel\Intel(R) Management Engine Components\DAL;C:\Program Files (x86)\Intel\Intel(R) Management Engine Components\IPT;C:\Program Files\Intel\Intel(R) Management Engine Components\IPT;C:\WINDOWS\system32;C:\WINDOWS;C:\WINDOWS\System32\Wbem;C:\WINDOWS\System32\WindowsPowerShell\v1.0\;C:\WINDOWS\System32\OpenSSH\;C:\Program Files\Microsoft SQL Server\Client SDK\ODBC\170\Tools\Binn\;C:\Program Files (x86)\Microsoft SQL Server\150\Tools\Binn\;C:\Program Files\Microsoft SQL Server\150\Tools\Binn\;C:\Program Files\Microsoft SQL Server\150\DTS\Binn\;C:\Program Files (x86)\Microsoft SQL Server\150\DTS\Binn\;C:\Program Files\Azure Data Studio\bin;C:\Program Files\nodejs\;C:\Program Files\Git\cmd;D:\Android\SDK\Sdk\platform-tools;C:\Program Files\MongoDB\Server\5.0\bin;C:\Users\quocm\AppData\Local\Microsoft\WindowsApps;C:\Users\quocm\AppData\Local\Programs\Microsoft VS Code\bin;C:\Program Files\Azure Data Studio\bin;C:\Users\quocm\AppData\Roaming\npm;D:\Android\SDK\Sdk\platform-tools;
USERNAME=quocm
LANG=en_US.UTF-8
OS=Windows_NT
PROCESSOR_IDENTIFIER=Intel64 Family 6 Model 158 Stepping 10, GenuineIntel



---------------  S Y S T E M  ---------------

OS: Windows 10 , 64 bit Build 19041 (10.0.19041.1348)
OS uptime: 0 days 1:05 hours

CPU:total 12 (initial active 12) (6 cores per cpu, 2 threads per core) family 6 model 158 stepping 10 microcode 0xb4, cmov, cx8, fxsr, mmx, sse, sse2, sse3, ssse3, sse4.1, sse4.2, popcnt, avx, avx2, aes, clmul, erms, 3dnowpref, lzcnt, ht, tsc, tscinvbit, bmi1, bmi2, adx, fma

Memory: 4k page, system-wide physical 16230M (7245M free)
TotalPageFile size 22118M (AvailPageFile size 9324M)
current process WorkingSet (physical memory assigned to process): 281M, peak: 288M
current process commit charge ("private bytes"): 459M, peak: 466M

vm_info: OpenJDK 64-Bit Server VM (11.0.10+0-b96-7249189) for windows-amd64 JRE (11.0.10+0-b96-7249189), built on Mar 31 2021 21:44:00 by "builder" with MS VC++ 14.0 (VS2015)

END.
