#
# A fatal error has been detected by the Java Runtime Environment:
#
#  EXCEPTION_ACCESS_VIOLATION (0xc0000005) at pc=0x00007fff9e1c3011, pid=4184, tid=13468
#
# JRE version: OpenJDK Runtime Environment (11.0.10) (build 11.0.10+0-b96-7249189)
# Java VM: OpenJDK 64-Bit Server VM (11.0.10+0-b96-7249189, mixed mode, tiered, compressed oops, g1 gc, windows-amd64)
# Problematic frame:
# V  [jvm.dll+0x353011]
#
# No core dump will be written. Minidumps are not enabled by default on client versions of Windows
#
# If you would like to submit a bug report, please visit:
#   https://bugreport.java.com/bugreport/crash.jsp
#

---------------  S U M M A R Y ------------

Command Line: -XX:MaxPermSize=512m -XX:+HeapDumpOnOutOfMemoryError --add-opens=java.base/java.util=ALL-UNNAMED --add-opens=java.base/java.lang=ALL-UNNAMED --add-opens=java.base/java.lang.invoke=ALL-UNNAMED --add-opens=java.prefs/java.util.prefs=ALL-UNNAMED -Xmx2048m -Dfile.encoding=UTF-8 -Duser.country=US -Duser.language=en -Duser.variant org.gradle.launcher.daemon.bootstrap.GradleDaemon 6.8

Host: Intel(R) Core(TM) i7-8750H CPU @ 2.20GHz, 12 cores, 15G,  Windows 10 , 64 bit Build 19041 (10.0.19041.1348)
Time: Thu Dec  2 16:18:55 2021 SE Asia Standard Time elapsed time: 2.452142 seconds (0d 0h 0m 2s)

---------------  T H R E A D  ---------------

Current thread (0x0000017e99058000):  JavaThread "C2 CompilerThread2" daemon [_thread_in_native, id=13468, stack(0x0000004d8ab00000,0x0000004d8ac00000)]


Current CompileTask:
C2:   2452 2429       4       jdk.internal.loader.URLClassPath::getResource (74 bytes)

Stack: [0x0000004d8ab00000,0x0000004d8ac00000],  sp=0x0000004d8abfbbc0,  free space=1006k
Native frames: (J=compiled Java code, j=interpreted, Vv=VM code, C=native code)
V  [jvm.dll+0x353011]
V  [jvm.dll+0x351ae3]
V  [jvm.dll+0x198040]
V  [jvm.dll+0x1fb70e]
V  [jvm.dll+0x1fa7f4]
V  [jvm.dll+0x18354c]
V  [jvm.dll+0x208ee7]
V  [jvm.dll+0x207731]
V  [jvm.dll+0x6eb1cf]
V  [jvm.dll+0x6e3d45]
V  [jvm.dll+0x5ebe96]
C  [ucrtbase.dll+0x21bb2]
C  [KERNEL32.DLL+0x17034]
C  [ntdll.dll+0x52651]


siginfo: EXCEPTION_ACCESS_VIOLATION (0xc0000005), reading address 0xffffffffffffffff


Register to memory mapping:

RIP=0x00007fff9e1c3011 jvm.dll
RAX=0x0000017e98223020 points into unknown readable memory: 0x00007fff9e867c38 | 38 7c 86 9e ff 7f 00 00
RBX=0x000000000000000f is an unknown value
RCX=0x000000000000000f is an unknown value
RDX=0x0000000000008000 is an unknown value
RSP=0x0000004d8abfbbc0 is pointing into the stack for thread: 0x0000017e99058000
RBP=0x000000000000300c is an unknown value
RSI=0x0000000000000002 is an unknown value
RDI=0x0000017e9d68c7d0 points into unknown readable memory: 0x0000000000000000 | 00 00 00 00 00 00 00 00
R8 =0x00207fff9e867c38 is an unknown value
R9 =0x0000004d8abfbbe0 is pointing into the stack for thread: 0x0000017e99058000
R10=0x00007fff9de70000 jvm.dll
R11=0x0000004d8abfbce0 is pointing into the stack for thread: 0x0000017e99058000
R12=0x00007fff9de70000 jvm.dll
R13=0x00007fff9e867c38 jvm.dll
R14=0x0000017e9d8907d0 points into unknown readable memory: 0x3ead5b0d55bf11ff | ff 11 bf 55 0d 5b ad 3e
R15=0x0000004d8abfc290 is pointing into the stack for thread: 0x0000017e99058000


Registers:
RAX=0x0000017e98223020, RBX=0x000000000000000f, RCX=0x000000000000000f, RDX=0x0000000000008000
RSP=0x0000004d8abfbbc0, RBP=0x000000000000300c, RSI=0x0000000000000002, RDI=0x0000017e9d68c7d0
R8 =0x00207fff9e867c38, R9 =0x0000004d8abfbbe0, R10=0x00007fff9de70000, R11=0x0000004d8abfbce0
R12=0x00007fff9de70000, R13=0x00007fff9e867c38, R14=0x0000017e9d8907d0, R15=0x0000004d8abfc290
RIP=0x00007fff9e1c3011, EFLAGS=0x0000000000010206

Top of Stack: (sp=0x0000004d8abfbbc0)
0x0000004d8abfbbc0:   0000000000000002 000000000000300c
0x0000004d8abfbbd0:   0000004d8abfc290 0000000000000000
0x0000004d8abfbbe0:   0000085400000000 00007fff00000003
0x0000004d8abfbbf0:   0000017e9898a740 0000000000000009
0x0000004d8abfbc00:   0000017e9898a7e8 0000000000000033
0x0000004d8abfbc10:   0000004d8abfbce0 00007fff9e4b30b0
0x0000004d8abfbc20:   0000000000000023 0000017e9970e2f8
0x0000004d8abfbc30:   0000000000000000 0000004d8abfbd50
0x0000004d8abfbc40:   0000017e9d8907d0 00007fff9e1c1ae3
0x0000004d8abfbc50:   0000004d8abfc290 0000000000000003
0x0000004d8abfbc60:   0000017e96e997d8 0000000000000000
0x0000004d8abfbc70:   0000004d8abfbca8 0000004d00000006
0x0000004d8abfbc80:   0000004d0000300c 0000002300000003
0x0000004d8abfbc90:   0000000d0000000c 0000000000000000
0x0000004d8abfbca0:   0000000c00000005 0000002100000000
0x0000004d8abfbcb0:   0000000e00000020 00007ff800000000 

Instructions: (pc=0x00007fff9e1c3011)
0x00007fff9e1c2f11:   00 00 41 23 86 80 00 00 00 0b c8 8b 42 7c 41 23
0x00007fff9e1c2f21:   46 7c 0b c8 8b 42 78 41 23 46 78 0b c8 8b 42 74
0x00007fff9e1c2f31:   41 23 46 74 0b c8 8b 42 70 41 23 46 70 0b c8 8b
0x00007fff9e1c2f41:   42 6c 41 23 46 6c 0b c8 8b 42 68 41 23 46 68 0b
0x00007fff9e1c2f51:   c8 8b 42 64 41 23 46 64 0b c8 8b 42 60 41 23 46
0x00007fff9e1c2f61:   60 0b c8 8b 42 5c 41 23 46 5c 0b c8 8b 42 58 41
0x00007fff9e1c2f71:   23 46 58 0b c8 8b 42 54 41 23 46 54 0b c8 8b 42
0x00007fff9e1c2f81:   50 41 23 46 50 0b c8 8b 42 4c 41 23 46 4c 0b c8
0x00007fff9e1c2f91:   8b 42 48 41 23 46 48 0b c8 8b 42 44 41 23 46 44
0x00007fff9e1c2fa1:   0b c8 8b 42 40 41 23 46 40 0b c8 8b 42 3c 41 23
0x00007fff9e1c2fb1:   46 3c 0b c8 41 8b 46 38 23 42 38 0b c8 74 63 48
0x00007fff9e1c2fc1:   8b c5 3b eb 73 04 8b c3 8b dd 48 8d 3c 80 48 c1
0x00007fff9e1c2fd1:   e7 05 49 03 78 10 85 db 74 48 48 8b 47 08 8b cb
0x00007fff9e1c2fe1:   48 c1 e9 08 8b f3 4c 8b 04 c8 4d 3b c5 75 0d 8b
0x00007fff9e1c2ff1:   d3 48 8b cf e8 26 4f 00 00 4c 8b c0 48 c1 ee 05
0x00007fff9e1c3001:   83 e3 1f 83 e6 07 0f b6 cb ba 01 00 00 00 d3 e2
0x00007fff9e1c3011:   41 8b 0c b0 8b c1 0b c2 41 89 04 b0 85 ca 75 02
0x00007fff9e1c3021:   ff 07 8b 44 24 20 85 c0 74 3e 44 8b 44 24 24 a8
0x00007fff9e1c3031:   1f 75 0b c1 e8 05 41 83 c0 05 a8 1f 74 f5 8b d0
0x00007fff9e1c3041:   83 e2 1f 42 0f b6 8c 22 40 cd 82 00 42 0f b6 9c
0x00007fff9e1c3051:   22 20 cd 82 00 d3 e8 89 44 24 20 41 03 d8 42 8d
0x00007fff9e1c3061:   04 01 89 44 24 24 eb 0c 48 8d 4c 24 20 e8 ad 4c
0x00007fff9e1c3071:   00 00 8b d8 85 db 0f 85 53 fe ff ff 4c 8b ac 24
0x00007fff9e1c3081:   a0 00 00 00 48 8b bc 24 98 00 00 00 48 8b b4 24
0x00007fff9e1c3091:   90 00 00 00 48 83 c4 60 41 5f 41 5e 41 5c 5d 5b
0x00007fff9e1c30a1:   c3 cc cc cc cc cc cc cc cc cc cc cc cc cc cc 48
0x00007fff9e1c30b1:   89 5c 24 08 48 89 74 24 10 57 48 83 ec 20 49 8d
0x00007fff9e1c30c1:   49 38 49 8b d9 41 8b f8 e8 c2 ff 2e 00 84 c0 74
0x00007fff9e1c30d1:   45 83 bb 90 00 00 00 00 74 3c f6 83 98 00 00 00
0x00007fff9e1c30e1:   06 74 07 48 8b 4c 24 60 eb 19 48 8b 15 c6 ac 6a
0x00007fff9e1c30f1:   00 48 8d 4b 38 e8 75 4c e8 ff 85 c0 74 18 48 8b
0x00007fff9e1c3101:   4c 24 58 0f b7 83 96 00 00 00 29 01 8b 01 3b 41 


Stack slot to memory mapping:
stack at sp + 0 slots: 0x0000000000000002 is an unknown value
stack at sp + 1 slots: 0x000000000000300c is an unknown value
stack at sp + 2 slots: 0x0000004d8abfc290 is pointing into the stack for thread: 0x0000017e99058000
stack at sp + 3 slots: 0x0 is NULL
stack at sp + 4 slots: 0x0000085400000000 is an unknown value
stack at sp + 5 slots: 0x00007fff00000003 is an unknown value
stack at sp + 6 slots: 0x0000017e9898a740 points into unknown readable memory: 0x0000000000000000 | 00 00 00 00 00 00 00 00
stack at sp + 7 slots: 0x0000000000000009 is an unknown value


---------------  P R O C E S S  ---------------

Threads class SMR info:
_java_thread_list=0x0000017e9b2e58f0, length=32, elements={
0x0000017efaa1c800, 0x0000017e952fa000, 0x0000017e95303800, 0x0000017e95be2800,
0x0000017e95be3800, 0x0000017e95be6000, 0x0000017e95bea000, 0x0000017e95bef000,
0x0000017e95bf0000, 0x0000017e95d67000, 0x0000017e9801a800, 0x0000017e982ad800,
0x0000017e97a84800, 0x0000017e9829d000, 0x0000017e974e5000, 0x0000017e96d54800,
0x0000017e97b74000, 0x0000017e97d33800, 0x0000017e97658800, 0x0000017e97dc2800,
0x0000017e97dc0000, 0x0000017e97dbe800, 0x0000017e97dc3800, 0x0000017e9876d800,
0x0000017e97dc1000, 0x0000017e97dc5000, 0x0000017e97dc4000, 0x0000017e97dbf800,
0x0000017e99058000, 0x0000017e97dc1800, 0x0000017e98c16000, 0x0000017e98c15000
}

Java Threads: ( => current thread )
  0x0000017efaa1c800 JavaThread "main" [_thread_blocked, id=14480, stack(0x0000004d87b00000,0x0000004d87c00000)]
  0x0000017e952fa000 JavaThread "Reference Handler" daemon [_thread_blocked, id=14796, stack(0x0000004d88200000,0x0000004d88300000)]
  0x0000017e95303800 JavaThread "Finalizer" daemon [_thread_blocked, id=11508, stack(0x0000004d88300000,0x0000004d88400000)]
  0x0000017e95be2800 JavaThread "Signal Dispatcher" daemon [_thread_blocked, id=1824, stack(0x0000004d88400000,0x0000004d88500000)]
  0x0000017e95be3800 JavaThread "Attach Listener" daemon [_thread_blocked, id=11688, stack(0x0000004d88500000,0x0000004d88600000)]
  0x0000017e95be6000 JavaThread "Service Thread" daemon [_thread_blocked, id=16520, stack(0x0000004d88600000,0x0000004d88700000)]
  0x0000017e95bea000 JavaThread "C2 CompilerThread0" daemon [_thread_in_native, id=12900, stack(0x0000004d88700000,0x0000004d88800000)]
  0x0000017e95bef000 JavaThread "C1 CompilerThread0" daemon [_thread_in_native, id=15200, stack(0x0000004d88800000,0x0000004d88900000)]
  0x0000017e95bf0000 JavaThread "Sweeper thread" daemon [_thread_blocked, id=11656, stack(0x0000004d88900000,0x0000004d88a00000)]
  0x0000017e95d67000 JavaThread "Common-Cleaner" daemon [_thread_blocked, id=18352, stack(0x0000004d88a00000,0x0000004d88b00000)]
  0x0000017e9801a800 JavaThread "Daemon health stats" [_thread_blocked, id=12356, stack(0x0000004d89300000,0x0000004d89400000)]
  0x0000017e982ad800 JavaThread "Incoming local TCP Connector on port 50286" [_thread_in_native, id=6388, stack(0x0000004d88c00000,0x0000004d88d00000)]
  0x0000017e97a84800 JavaThread "Daemon periodic checks" [_thread_blocked, id=17740, stack(0x0000004d88d00000,0x0000004d88e00000)]
  0x0000017e9829d000 JavaThread "Daemon" [_thread_blocked, id=15416, stack(0x0000004d89600000,0x0000004d89700000)]
  0x0000017e974e5000 JavaThread "Handler for socket connection from /127.0.0.1:50286 to /127.0.0.1:50287" [_thread_in_native, id=4984, stack(0x0000004d89700000,0x0000004d89800000)]
  0x0000017e96d54800 JavaThread "Cancel handler" [_thread_blocked, id=5228, stack(0x0000004d89800000,0x0000004d89900000)]
  0x0000017e97b74000 JavaThread "Daemon worker" [_thread_in_vm, id=7068, stack(0x0000004d89900000,0x0000004d89a00000)]
  0x0000017e97d33800 JavaThread "Asynchronous log dispatcher for DefaultDaemonConnection: socket connection from /127.0.0.1:50286 to /127.0.0.1:50287" [_thread_blocked, id=7692, stack(0x0000004d89a00000,0x0000004d89b00000)]
  0x0000017e97658800 JavaThread "Stdin handler" [_thread_blocked, id=10040, stack(0x0000004d89b00000,0x0000004d89c00000)]
  0x0000017e97dc2800 JavaThread "Daemon client event forwarder" [_thread_blocked, id=16284, stack(0x0000004d89c00000,0x0000004d89d00000)]
  0x0000017e97dc0000 JavaThread "Cache worker for file hash cache (C:\Users\quocm\.gradle\caches\6.8\fileHashes)" [_thread_blocked, id=4968, stack(0x0000004d89d00000,0x0000004d89e00000)]
  0x0000017e97dbe800 JavaThread "File lock request listener" [_thread_in_native, id=14056, stack(0x0000004d89e00000,0x0000004d89f00000)]
  0x0000017e97dc3800 JavaThread "Cache worker for journal cache (C:\Users\quocm\.gradle\caches\journal-1)" [_thread_blocked, id=13508, stack(0x0000004d89f00000,0x0000004d8a000000)]
  0x0000017e9876d800 JavaThread "C2 CompilerThread1" daemon [_thread_in_native, id=18324, stack(0x0000004d8a600000,0x0000004d8a700000)]
  0x0000017e97dc1000 JavaThread "Cache worker for file hash cache (D:\ReactNative\FullApp\TestProject\android\.gradle\6.8\fileHashes)" [_thread_blocked, id=6508, stack(0x0000004d8a700000,0x0000004d8a800000)]
  0x0000017e97dc5000 JavaThread "Cache worker for checksums cache (D:\ReactNative\FullApp\TestProject\android\.gradle\checksums)" [_thread_blocked, id=5976, stack(0x0000004d8a800000,0x0000004d8a900000)]
  0x0000017e97dc4000 JavaThread "Cache worker for cache directory md-supplier (C:\Users\quocm\.gradle\caches\6.8\md-supplier)" [_thread_blocked, id=1256, stack(0x0000004d8a900000,0x0000004d8aa00000)]
  0x0000017e97dbf800 JavaThread "Cache worker for cache directory md-rule (C:\Users\quocm\.gradle\caches\6.8\md-rule)" [_thread_blocked, id=4760, stack(0x0000004d8aa00000,0x0000004d8ab00000)]
=>0x0000017e99058000 JavaThread "C2 CompilerThread2" daemon [_thread_in_native, id=13468, stack(0x0000004d8ab00000,0x0000004d8ac00000)]
  0x0000017e97dc1800 JavaThread "Cache worker for execution history cache (C:\Users\quocm\.gradle\caches\6.8\executionHistory)" [_thread_blocked, id=4028, stack(0x0000004d8ac00000,0x0000004d8ad00000)]
  0x0000017e98c16000 JavaThread "jar transforms" [_thread_blocked, id=3060, stack(0x0000004d8ad00000,0x0000004d8ae00000)]
  0x0000017e98c15000 JavaThread "Cache worker for file content cache (C:\Users\quocm\.gradle\caches\6.8\fileContent)" [_thread_blocked, id=4744, stack(0x0000004d8ae00000,0x0000004d8af00000)]

Other Threads:
  0x0000017e95b97000 VMThread "VM Thread" [stack: 0x0000004d88100000,0x0000004d88200000] [id=13276]
  0x0000017e95d7c000 WatcherThread [stack: 0x0000004d88b00000,0x0000004d88c00000] [id=13004]
  0x0000017efaa38800 GCTaskThread "GC Thread#0" [stack: 0x0000004d87c00000,0x0000004d87d00000] [id=16568]
  0x0000017e96a22800 GCTaskThread "GC Thread#1" [stack: 0x0000004d88e00000,0x0000004d88f00000] [id=12848]
  0x0000017e962b4800 GCTaskThread "GC Thread#2" [stack: 0x0000004d88f00000,0x0000004d89000000] [id=8416]
  0x0000017e962b5000 GCTaskThread "GC Thread#3" [stack: 0x0000004d89000000,0x0000004d89100000] [id=2844]
  0x0000017e9665a800 GCTaskThread "GC Thread#4" [stack: 0x0000004d89100000,0x0000004d89200000] [id=14920]
  0x0000017e9665b000 GCTaskThread "GC Thread#5" [stack: 0x0000004d89200000,0x0000004d89300000] [id=15432]
  0x0000017e97d33000 GCTaskThread "GC Thread#6" [stack: 0x0000004d8a000000,0x0000004d8a100000] [id=912]
  0x0000017e969b3000 GCTaskThread "GC Thread#7" [stack: 0x0000004d8a100000,0x0000004d8a200000] [id=15572]
  0x0000017e97e42800 GCTaskThread "GC Thread#8" [stack: 0x0000004d8a200000,0x0000004d8a300000] [id=10236]
  0x0000017e98798800 GCTaskThread "GC Thread#9" [stack: 0x0000004d8a300000,0x0000004d8a400000] [id=16984]
  0x0000017efaa69800 ConcurrentGCThread "G1 Main Marker" [stack: 0x0000004d87d00000,0x0000004d87e00000] [id=2100]
  0x0000017efaa6b000 ConcurrentGCThread "G1 Conc#0" [stack: 0x0000004d87e00000,0x0000004d87f00000] [id=12544]
  0x0000017e975a7800 ConcurrentGCThread "G1 Conc#1" [stack: 0x0000004d8a400000,0x0000004d8a500000] [id=13436]
  0x0000017e98e1d000 ConcurrentGCThread "G1 Conc#2" [stack: 0x0000004d8a500000,0x0000004d8a600000] [id=14324]
  0x0000017e951cd800 ConcurrentGCThread "G1 Refine#0" [stack: 0x0000004d87f00000,0x0000004d88000000] [id=11472]
  0x0000017e951ce800 ConcurrentGCThread "G1 Young RemSet Sampling" [stack: 0x0000004d88000000,0x0000004d88100000] [id=14032]

Threads with active compile tasks:
C2 CompilerThread0   2512 2608   !   4       java.net.URL::<init> (543 bytes)
C2 CompilerThread1   2512 2711       4       java.util.AbstractCollection::addAll (42 bytes)
C2 CompilerThread2   2512 2429       4       jdk.internal.loader.URLClassPath::getResource (74 bytes)

VM state:not at safepoint (normal execution)

VM Mutex/Monitor currently owned by a thread: None

Heap address: 0x0000000080000000, size: 2048 MB, Compressed Oops mode: 32-bit
Narrow klass base: 0x0000000000000000, Narrow klass shift: 3
Compressed class space size: 1073741824 Address: 0x0000000100000000

Heap:
 garbage-first heap   total 260096K, used 26079K [0x0000000080000000, 0x0000000100000000)
  region size 1024K, 9 young (9216K), 6 survivors (6144K)
 Metaspace       used 35951K, capacity 36668K, committed 36992K, reserved 1081344K
  class space    used 4588K, capacity 4878K, committed 4992K, reserved 1048576K
Heap Regions: E=young(eden), S=young(survivor), O=old, HS=humongous(starts), HC=humongous(continues), CS=collection set, F=free, A=archive, TAMS=top-at-mark-start (previous, next)
|   0|0x0000000080000000, 0x0000000080100000, 0x0000000080100000|100%| O|  |TAMS 0x0000000080100000, 0x0000000080000000| Untracked 
|   1|0x0000000080100000, 0x0000000080200000, 0x0000000080200000|100%| O|  |TAMS 0x0000000080200000, 0x0000000080100000| Untracked 
|   2|0x0000000080200000, 0x0000000080300000, 0x0000000080300000|100%| O|  |TAMS 0x0000000080300000, 0x0000000080200000| Untracked 
|   3|0x0000000080300000, 0x0000000080400000, 0x0000000080400000|100%|HS|  |TAMS 0x0000000080400000, 0x0000000080300000| Complete 
|   4|0x0000000080400000, 0x0000000080500000, 0x0000000080500000|100%|HC|  |TAMS 0x0000000080500000, 0x0000000080400000| Complete 
|   5|0x0000000080500000, 0x0000000080600000, 0x0000000080600000|100%|HC|  |TAMS 0x0000000080600000, 0x0000000080500000| Complete 
|   6|0x0000000080600000, 0x0000000080700000, 0x0000000080700000|100%| O|  |TAMS 0x0000000080700000, 0x0000000080600000| Untracked 
|   7|0x0000000080700000, 0x0000000080800000, 0x0000000080800000|100%| O|  |TAMS 0x0000000080800000, 0x0000000080700000| Untracked 
|   8|0x0000000080800000, 0x0000000080900000, 0x0000000080900000|100%| O|  |TAMS 0x0000000080900000, 0x0000000080800000| Untracked 
|   9|0x0000000080900000, 0x0000000080a00000, 0x0000000080a00000|100%| O|  |TAMS 0x0000000080a00000, 0x0000000080900000| Untracked 
|  10|0x0000000080a00000, 0x0000000080b00000, 0x0000000080b00000|100%| O|  |TAMS 0x0000000080b00000, 0x0000000080a00000| Untracked 
|  11|0x0000000080b00000, 0x0000000080c00000, 0x0000000080c00000|100%| O|  |TAMS 0x0000000080c00000, 0x0000000080b00000| Untracked 
|  12|0x0000000080c00000, 0x0000000080d00000, 0x0000000080d00000|100%| O|  |TAMS 0x0000000080d00000, 0x0000000080c00000| Untracked 
|  13|0x0000000080d00000, 0x0000000080e00000, 0x0000000080e00000|100%| O|  |TAMS 0x0000000080e00000, 0x0000000080d00000| Untracked 
|  14|0x0000000080e00000, 0x0000000080f00000, 0x0000000080f00000|100%| O|  |TAMS 0x0000000080f00000, 0x0000000080e00000| Untracked 
|  15|0x0000000080f00000, 0x0000000080f77c00, 0x0000000081000000| 46%| O|  |TAMS 0x0000000080f77c00, 0x0000000080f00000| Untracked 
|  16|0x0000000081000000, 0x0000000081000000, 0x0000000081100000|  0%| F|  |TAMS 0x0000000081000000, 0x0000000081000000| Untracked 
|  17|0x0000000081100000, 0x0000000081200000, 0x0000000081200000|100%|HS|  |TAMS 0x0000000081200000, 0x0000000081100000| Complete 
|  18|0x0000000081200000, 0x0000000081300000, 0x0000000081300000|100%|HC|  |TAMS 0x0000000081300000, 0x0000000081200000| Complete 
|  19|0x0000000081300000, 0x0000000081300000, 0x0000000081400000|  0%| F|  |TAMS 0x0000000081300000, 0x0000000081300000| Untracked 
|  20|0x0000000081400000, 0x0000000081400000, 0x0000000081500000|  0%| F|  |TAMS 0x0000000081400000, 0x0000000081400000| Untracked 
|  21|0x0000000081500000, 0x0000000081500000, 0x0000000081600000|  0%| F|  |TAMS 0x0000000081500000, 0x0000000081500000| Untracked 
|  22|0x0000000081600000, 0x0000000081600000, 0x0000000081700000|  0%| F|  |TAMS 0x0000000081600000, 0x0000000081600000| Untracked 
|  23|0x0000000081700000, 0x0000000081700000, 0x0000000081800000|  0%| F|  |TAMS 0x0000000081700000, 0x0000000081700000| Untracked 
|  24|0x0000000081800000, 0x0000000081800000, 0x0000000081900000|  0%| F|  |TAMS 0x0000000081800000, 0x0000000081800000| Untracked 
|  25|0x0000000081900000, 0x0000000081900000, 0x0000000081a00000|  0%| F|  |TAMS 0x0000000081900000, 0x0000000081900000| Untracked 
|  26|0x0000000081a00000, 0x0000000081a00000, 0x0000000081b00000|  0%| F|  |TAMS 0x0000000081a00000, 0x0000000081a00000| Untracked 
|  27|0x0000000081b00000, 0x0000000081b00000, 0x0000000081c00000|  0%| F|  |TAMS 0x0000000081b00000, 0x0000000081b00000| Untracked 
|  28|0x0000000081c00000, 0x0000000081c00000, 0x0000000081d00000|  0%| F|  |TAMS 0x0000000081c00000, 0x0000000081c00000| Untracked 
|  29|0x0000000081d00000, 0x0000000081d00000, 0x0000000081e00000|  0%| F|  |TAMS 0x0000000081d00000, 0x0000000081d00000| Untracked 
|  30|0x0000000081e00000, 0x0000000081e00000, 0x0000000081f00000|  0%| F|  |TAMS 0x0000000081e00000, 0x0000000081e00000| Untracked 
|  31|0x0000000081f00000, 0x0000000081f00000, 0x0000000082000000|  0%| F|  |TAMS 0x0000000081f00000, 0x0000000081f00000| Untracked 
|  32|0x0000000082000000, 0x0000000082000000, 0x0000000082100000|  0%| F|  |TAMS 0x0000000082000000, 0x0000000082000000| Untracked 
|  33|0x0000000082100000, 0x0000000082100000, 0x0000000082200000|  0%| F|  |TAMS 0x0000000082100000, 0x0000000082100000| Untracked 
|  34|0x0000000082200000, 0x0000000082200000, 0x0000000082300000|  0%| F|  |TAMS 0x0000000082200000, 0x0000000082200000| Untracked 
|  35|0x0000000082300000, 0x0000000082300000, 0x0000000082400000|  0%| F|  |TAMS 0x0000000082300000, 0x0000000082300000| Untracked 
|  36|0x0000000082400000, 0x0000000082400000, 0x0000000082500000|  0%| F|  |TAMS 0x0000000082400000, 0x0000000082400000| Untracked 
|  37|0x0000000082500000, 0x0000000082500000, 0x0000000082600000|  0%| F|  |TAMS 0x0000000082500000, 0x0000000082500000| Untracked 
|  38|0x0000000082600000, 0x0000000082600000, 0x0000000082700000|  0%| F|  |TAMS 0x0000000082600000, 0x0000000082600000| Untracked 
|  39|0x0000000082700000, 0x0000000082700000, 0x0000000082800000|  0%| F|  |TAMS 0x0000000082700000, 0x0000000082700000| Untracked 
|  40|0x0000000082800000, 0x0000000082800000, 0x0000000082900000|  0%| F|  |TAMS 0x0000000082800000, 0x0000000082800000| Untracked 
|  41|0x0000000082900000, 0x0000000082900000, 0x0000000082a00000|  0%| F|  |TAMS 0x0000000082900000, 0x0000000082900000| Untracked 
|  42|0x0000000082a00000, 0x0000000082a00000, 0x0000000082b00000|  0%| F|  |TAMS 0x0000000082a00000, 0x0000000082a00000| Untracked 
|  43|0x0000000082b00000, 0x0000000082b00000, 0x0000000082c00000|  0%| F|  |TAMS 0x0000000082b00000, 0x0000000082b00000| Untracked 
|  44|0x0000000082c00000, 0x0000000082c00000, 0x0000000082d00000|  0%| F|  |TAMS 0x0000000082c00000, 0x0000000082c00000| Untracked 
|  45|0x0000000082d00000, 0x0000000082d00000, 0x0000000082e00000|  0%| F|  |TAMS 0x0000000082d00000, 0x0000000082d00000| Untracked 
|  46|0x0000000082e00000, 0x0000000082e00000, 0x0000000082f00000|  0%| F|  |TAMS 0x0000000082e00000, 0x0000000082e00000| Untracked 
|  47|0x0000000082f00000, 0x0000000082f00000, 0x0000000083000000|  0%| F|  |TAMS 0x0000000082f00000, 0x0000000082f00000| Untracked 
|  48|0x0000000083000000, 0x0000000083000000, 0x0000000083100000|  0%| F|  |TAMS 0x0000000083000000, 0x0000000083000000| Untracked 
|  49|0x0000000083100000, 0x0000000083100000, 0x0000000083200000|  0%| F|  |TAMS 0x0000000083100000, 0x0000000083100000| Untracked 
|  50|0x0000000083200000, 0x0000000083200000, 0x0000000083300000|  0%| F|  |TAMS 0x0000000083200000, 0x0000000083200000| Untracked 
|  51|0x0000000083300000, 0x0000000083300000, 0x0000000083400000|  0%| F|  |TAMS 0x0000000083300000, 0x0000000083300000| Untracked 
|  52|0x0000000083400000, 0x0000000083400000, 0x0000000083500000|  0%| F|  |TAMS 0x0000000083400000, 0x0000000083400000| Untracked 
|  53|0x0000000083500000, 0x0000000083500000, 0x0000000083600000|  0%| F|  |TAMS 0x0000000083500000, 0x0000000083500000| Untracked 
|  54|0x0000000083600000, 0x0000000083600000, 0x0000000083700000|  0%| F|  |TAMS 0x0000000083600000, 0x0000000083600000| Untracked 
|  55|0x0000000083700000, 0x0000000083700000, 0x0000000083800000|  0%| F|  |TAMS 0x0000000083700000, 0x0000000083700000| Untracked 
|  56|0x0000000083800000, 0x0000000083800000, 0x0000000083900000|  0%| F|  |TAMS 0x0000000083800000, 0x0000000083800000| Untracked 
|  57|0x0000000083900000, 0x0000000083900000, 0x0000000083a00000|  0%| F|  |TAMS 0x0000000083900000, 0x0000000083900000| Untracked 
|  58|0x0000000083a00000, 0x0000000083a00000, 0x0000000083b00000|  0%| F|  |TAMS 0x0000000083a00000, 0x0000000083a00000| Untracked 
|  59|0x0000000083b00000, 0x0000000083b00000, 0x0000000083c00000|  0%| F|  |TAMS 0x0000000083b00000, 0x0000000083b00000| Untracked 
|  60|0x0000000083c00000, 0x0000000083c00000, 0x0000000083d00000|  0%| F|  |TAMS 0x0000000083c00000, 0x0000000083c00000| Untracked 
|  61|0x0000000083d00000, 0x0000000083d00000, 0x0000000083e00000|  0%| F|  |TAMS 0x0000000083d00000, 0x0000000083d00000| Untracked 
|  62|0x0000000083e00000, 0x0000000083e00000, 0x0000000083f00000|  0%| F|  |TAMS 0x0000000083e00000, 0x0000000083e00000| Untracked 
|  63|0x0000000083f00000, 0x0000000083f00000, 0x0000000084000000|  0%| F|  |TAMS 0x0000000083f00000, 0x0000000083f00000| Untracked 
|  64|0x0000000084000000, 0x0000000084000000, 0x0000000084100000|  0%| F|  |TAMS 0x0000000084000000, 0x0000000084000000| Untracked 
|  65|0x0000000084100000, 0x0000000084100000, 0x0000000084200000|  0%| F|  |TAMS 0x0000000084100000, 0x0000000084100000| Untracked 
|  66|0x0000000084200000, 0x0000000084200000, 0x0000000084300000|  0%| F|  |TAMS 0x0000000084200000, 0x0000000084200000| Untracked 
|  67|0x0000000084300000, 0x0000000084300000, 0x0000000084400000|  0%| F|  |TAMS 0x0000000084300000, 0x0000000084300000| Untracked 
|  68|0x0000000084400000, 0x0000000084400000, 0x0000000084500000|  0%| F|  |TAMS 0x0000000084400000, 0x0000000084400000| Untracked 
|  69|0x0000000084500000, 0x0000000084500000, 0x0000000084600000|  0%| F|  |TAMS 0x0000000084500000, 0x0000000084500000| Untracked 
|  70|0x0000000084600000, 0x0000000084600000, 0x0000000084700000|  0%| F|  |TAMS 0x0000000084600000, 0x0000000084600000| Untracked 
|  71|0x0000000084700000, 0x0000000084700000, 0x0000000084800000|  0%| F|  |TAMS 0x0000000084700000, 0x0000000084700000| Untracked 
|  72|0x0000000084800000, 0x0000000084800000, 0x0000000084900000|  0%| F|  |TAMS 0x0000000084800000, 0x0000000084800000| Untracked 
|  73|0x0000000084900000, 0x0000000084900000, 0x0000000084a00000|  0%| F|  |TAMS 0x0000000084900000, 0x0000000084900000| Untracked 
|  74|0x0000000084a00000, 0x0000000084a00000, 0x0000000084b00000|  0%| F|  |TAMS 0x0000000084a00000, 0x0000000084a00000| Untracked 
|  75|0x0000000084b00000, 0x0000000084b00000, 0x0000000084c00000|  0%| F|  |TAMS 0x0000000084b00000, 0x0000000084b00000| Untracked 
|  76|0x0000000084c00000, 0x0000000084c00000, 0x0000000084d00000|  0%| F|  |TAMS 0x0000000084c00000, 0x0000000084c00000| Untracked 
|  77|0x0000000084d00000, 0x0000000084d00000, 0x0000000084e00000|  0%| F|  |TAMS 0x0000000084d00000, 0x0000000084d00000| Untracked 
|  78|0x0000000084e00000, 0x0000000084e00000, 0x0000000084f00000|  0%| F|  |TAMS 0x0000000084e00000, 0x0000000084e00000| Untracked 
|  79|0x0000000084f00000, 0x0000000084f00000, 0x0000000085000000|  0%| F|  |TAMS 0x0000000084f00000, 0x0000000084f00000| Untracked 
|  80|0x0000000085000000, 0x0000000085000000, 0x0000000085100000|  0%| F|  |TAMS 0x0000000085000000, 0x0000000085000000| Untracked 
|  81|0x0000000085100000, 0x0000000085100000, 0x0000000085200000|  0%| F|  |TAMS 0x0000000085100000, 0x0000000085100000| Untracked 
|  82|0x0000000085200000, 0x0000000085200000, 0x0000000085300000|  0%| F|  |TAMS 0x0000000085200000, 0x0000000085200000| Untracked 
|  83|0x0000000085300000, 0x0000000085300000, 0x0000000085400000|  0%| F|  |TAMS 0x0000000085300000, 0x0000000085300000| Untracked 
|  84|0x0000000085400000, 0x0000000085400000, 0x0000000085500000|  0%| F|  |TAMS 0x0000000085400000, 0x0000000085400000| Untracked 
|  85|0x0000000085500000, 0x0000000085500000, 0x0000000085600000|  0%| F|  |TAMS 0x0000000085500000, 0x0000000085500000| Untracked 
|  86|0x0000000085600000, 0x0000000085600000, 0x0000000085700000|  0%| F|  |TAMS 0x0000000085600000, 0x0000000085600000| Untracked 
|  87|0x0000000085700000, 0x0000000085700000, 0x0000000085800000|  0%| F|  |TAMS 0x0000000085700000, 0x0000000085700000| Untracked 
|  88|0x0000000085800000, 0x0000000085800000, 0x0000000085900000|  0%| F|  |TAMS 0x0000000085800000, 0x0000000085800000| Untracked 
|  89|0x0000000085900000, 0x0000000085900000, 0x0000000085a00000|  0%| F|  |TAMS 0x0000000085900000, 0x0000000085900000| Untracked 
|  90|0x0000000085a00000, 0x0000000085a00000, 0x0000000085b00000|  0%| F|  |TAMS 0x0000000085a00000, 0x0000000085a00000| Untracked 
|  91|0x0000000085b00000, 0x0000000085b00000, 0x0000000085c00000|  0%| F|  |TAMS 0x0000000085b00000, 0x0000000085b00000| Untracked 
|  92|0x0000000085c00000, 0x0000000085c00000, 0x0000000085d00000|  0%| F|  |TAMS 0x0000000085c00000, 0x0000000085c00000| Untracked 
|  93|0x0000000085d00000, 0x0000000085d00000, 0x0000000085e00000|  0%| F|  |TAMS 0x0000000085d00000, 0x0000000085d00000| Untracked 
|  94|0x0000000085e00000, 0x0000000085e00000, 0x0000000085f00000|  0%| F|  |TAMS 0x0000000085e00000, 0x0000000085e00000| Untracked 
|  95|0x0000000085f00000, 0x0000000085f00000, 0x0000000086000000|  0%| F|  |TAMS 0x0000000085f00000, 0x0000000085f00000| Untracked 
|  96|0x0000000086000000, 0x0000000086000000, 0x0000000086100000|  0%| F|  |TAMS 0x0000000086000000, 0x0000000086000000| Untracked 
|  97|0x0000000086100000, 0x0000000086100000, 0x0000000086200000|  0%| F|  |TAMS 0x0000000086100000, 0x0000000086100000| Untracked 
|  98|0x0000000086200000, 0x0000000086200000, 0x0000000086300000|  0%| F|  |TAMS 0x0000000086200000, 0x0000000086200000| Untracked 
|  99|0x0000000086300000, 0x0000000086300000, 0x0000000086400000|  0%| F|  |TAMS 0x0000000086300000, 0x0000000086300000| Untracked 
| 100|0x0000000086400000, 0x0000000086400000, 0x0000000086500000|  0%| F|  |TAMS 0x0000000086400000, 0x0000000086400000| Untracked 
| 101|0x0000000086500000, 0x0000000086500000, 0x0000000086600000|  0%| F|  |TAMS 0x0000000086500000, 0x0000000086500000| Untracked 
| 102|0x0000000086600000, 0x0000000086600000, 0x0000000086700000|  0%| F|  |TAMS 0x0000000086600000, 0x0000000086600000| Untracked 
| 103|0x0000000086700000, 0x0000000086700000, 0x0000000086800000|  0%| F|  |TAMS 0x0000000086700000, 0x0000000086700000| Untracked 
| 104|0x0000000086800000, 0x0000000086800000, 0x0000000086900000|  0%| F|  |TAMS 0x0000000086800000, 0x0000000086800000| Untracked 
| 105|0x0000000086900000, 0x0000000086900000, 0x0000000086a00000|  0%| F|  |TAMS 0x0000000086900000, 0x0000000086900000| Untracked 
| 106|0x0000000086a00000, 0x0000000086a00000, 0x0000000086b00000|  0%| F|  |TAMS 0x0000000086a00000, 0x0000000086a00000| Untracked 
| 107|0x0000000086b00000, 0x0000000086b00000, 0x0000000086c00000|  0%| F|  |TAMS 0x0000000086b00000, 0x0000000086b00000| Untracked 
| 108|0x0000000086c00000, 0x0000000086c00000, 0x0000000086d00000|  0%| F|  |TAMS 0x0000000086c00000, 0x0000000086c00000| Untracked 
| 109|0x0000000086d00000, 0x0000000086d00000, 0x0000000086e00000|  0%| F|  |TAMS 0x0000000086d00000, 0x0000000086d00000| Untracked 
| 110|0x0000000086e00000, 0x0000000086e00000, 0x0000000086f00000|  0%| F|  |TAMS 0x0000000086e00000, 0x0000000086e00000| Untracked 
| 111|0x0000000086f00000, 0x0000000086f00000, 0x0000000087000000|  0%| F|  |TAMS 0x0000000086f00000, 0x0000000086f00000| Untracked 
| 112|0x0000000087000000, 0x0000000087000000, 0x0000000087100000|  0%| F|  |TAMS 0x0000000087000000, 0x0000000087000000| Untracked 
| 113|0x0000000087100000, 0x0000000087100000, 0x0000000087200000|  0%| F|  |TAMS 0x0000000087100000, 0x0000000087100000| Untracked 
| 114|0x0000000087200000, 0x0000000087200000, 0x0000000087300000|  0%| F|  |TAMS 0x0000000087200000, 0x0000000087200000| Untracked 
| 115|0x0000000087300000, 0x0000000087300000, 0x0000000087400000|  0%| F|  |TAMS 0x0000000087300000, 0x0000000087300000| Untracked 
| 116|0x0000000087400000, 0x0000000087400000, 0x0000000087500000|  0%| F|  |TAMS 0x0000000087400000, 0x0000000087400000| Untracked 
| 117|0x0000000087500000, 0x0000000087500000, 0x0000000087600000|  0%| F|  |TAMS 0x0000000087500000, 0x0000000087500000| Untracked 
| 118|0x0000000087600000, 0x0000000087600000, 0x0000000087700000|  0%| F|  |TAMS 0x0000000087600000, 0x0000000087600000| Untracked 
| 119|0x0000000087700000, 0x0000000087700000, 0x0000000087800000|  0%| F|  |TAMS 0x0000000087700000, 0x0000000087700000| Untracked 
| 120|0x0000000087800000, 0x0000000087800000, 0x0000000087900000|  0%| F|  |TAMS 0x0000000087800000, 0x0000000087800000| Untracked 
| 121|0x0000000087900000, 0x0000000087900000, 0x0000000087a00000|  0%| F|  |TAMS 0x0000000087900000, 0x0000000087900000| Untracked 
| 122|0x0000000087a00000, 0x0000000087a00000, 0x0000000087b00000|  0%| F|  |TAMS 0x0000000087a00000, 0x0000000087a00000| Untracked 
| 123|0x0000000087b00000, 0x0000000087b00000, 0x0000000087c00000|  0%| F|  |TAMS 0x0000000087b00000, 0x0000000087b00000| Untracked 
| 124|0x0000000087c00000, 0x0000000087c00000, 0x0000000087d00000|  0%| F|  |TAMS 0x0000000087c00000, 0x0000000087c00000| Untracked 
| 125|0x0000000087d00000, 0x0000000087d00000, 0x0000000087e00000|  0%| F|  |TAMS 0x0000000087d00000, 0x0000000087d00000| Untracked 
| 126|0x0000000087e00000, 0x0000000087e00000, 0x0000000087f00000|  0%| F|  |TAMS 0x0000000087e00000, 0x0000000087e00000| Untracked 
| 127|0x0000000087f00000, 0x0000000087f00000, 0x0000000088000000|  0%| F|  |TAMS 0x0000000087f00000, 0x0000000087f00000| Untracked 
| 128|0x0000000088000000, 0x0000000088000000, 0x0000000088100000|  0%| F|  |TAMS 0x0000000088000000, 0x0000000088000000| Untracked 
| 129|0x0000000088100000, 0x0000000088100000, 0x0000000088200000|  0%| F|  |TAMS 0x0000000088100000, 0x0000000088100000| Untracked 
| 130|0x0000000088200000, 0x0000000088200000, 0x0000000088300000|  0%| F|  |TAMS 0x0000000088200000, 0x0000000088200000| Untracked 
| 131|0x0000000088300000, 0x0000000088300000, 0x0000000088400000|  0%| F|  |TAMS 0x0000000088300000, 0x0000000088300000| Untracked 
| 132|0x0000000088400000, 0x0000000088400000, 0x0000000088500000|  0%| F|  |TAMS 0x0000000088400000, 0x0000000088400000| Untracked 
| 133|0x0000000088500000, 0x0000000088500000, 0x0000000088600000|  0%| F|  |TAMS 0x0000000088500000, 0x0000000088500000| Untracked 
| 134|0x0000000088600000, 0x0000000088600000, 0x0000000088700000|  0%| F|  |TAMS 0x0000000088600000, 0x0000000088600000| Untracked 
| 135|0x0000000088700000, 0x0000000088700000, 0x0000000088800000|  0%| F|  |TAMS 0x0000000088700000, 0x0000000088700000| Untracked 
| 136|0x0000000088800000, 0x0000000088800000, 0x0000000088900000|  0%| F|  |TAMS 0x0000000088800000, 0x0000000088800000| Untracked 
| 137|0x0000000088900000, 0x0000000088900000, 0x0000000088a00000|  0%| F|  |TAMS 0x0000000088900000, 0x0000000088900000| Untracked 
| 138|0x0000000088a00000, 0x0000000088a00000, 0x0000000088b00000|  0%| F|  |TAMS 0x0000000088a00000, 0x0000000088a00000| Untracked 
| 139|0x0000000088b00000, 0x0000000088b00000, 0x0000000088c00000|  0%| F|  |TAMS 0x0000000088b00000, 0x0000000088b00000| Untracked 
| 140|0x0000000088c00000, 0x0000000088c00000, 0x0000000088d00000|  0%| F|  |TAMS 0x0000000088c00000, 0x0000000088c00000| Untracked 
| 141|0x0000000088d00000, 0x0000000088d00000, 0x0000000088e00000|  0%| F|  |TAMS 0x0000000088d00000, 0x0000000088d00000| Untracked 
| 142|0x0000000088e00000, 0x0000000088e00000, 0x0000000088f00000|  0%| F|  |TAMS 0x0000000088e00000, 0x0000000088e00000| Untracked 
| 143|0x0000000088f00000, 0x0000000088f00000, 0x0000000089000000|  0%| F|  |TAMS 0x0000000088f00000, 0x0000000088f00000| Untracked 
| 144|0x0000000089000000, 0x0000000089000000, 0x0000000089100000|  0%| F|  |TAMS 0x0000000089000000, 0x0000000089000000| Untracked 
| 145|0x0000000089100000, 0x0000000089100000, 0x0000000089200000|  0%| F|  |TAMS 0x0000000089100000, 0x0000000089100000| Untracked 
| 146|0x0000000089200000, 0x0000000089200000, 0x0000000089300000|  0%| F|  |TAMS 0x0000000089200000, 0x0000000089200000| Untracked 
| 147|0x0000000089300000, 0x0000000089300000, 0x0000000089400000|  0%| F|  |TAMS 0x0000000089300000, 0x0000000089300000| Untracked 
| 148|0x0000000089400000, 0x0000000089400000, 0x0000000089500000|  0%| F|  |TAMS 0x0000000089400000, 0x0000000089400000| Untracked 
| 149|0x0000000089500000, 0x0000000089500000, 0x0000000089600000|  0%| F|  |TAMS 0x0000000089500000, 0x0000000089500000| Untracked 
| 150|0x0000000089600000, 0x0000000089600000, 0x0000000089700000|  0%| F|  |TAMS 0x0000000089600000, 0x0000000089600000| Untracked 
| 151|0x0000000089700000, 0x0000000089700000, 0x0000000089800000|  0%| F|  |TAMS 0x0000000089700000, 0x0000000089700000| Untracked 
| 152|0x0000000089800000, 0x0000000089800000, 0x0000000089900000|  0%| F|  |TAMS 0x0000000089800000, 0x0000000089800000| Untracked 
| 153|0x0000000089900000, 0x0000000089900000, 0x0000000089a00000|  0%| F|  |TAMS 0x0000000089900000, 0x0000000089900000| Untracked 
| 154|0x0000000089a00000, 0x0000000089a00000, 0x0000000089b00000|  0%| F|  |TAMS 0x0000000089a00000, 0x0000000089a00000| Untracked 
| 155|0x0000000089b00000, 0x0000000089b00000, 0x0000000089c00000|  0%| F|  |TAMS 0x0000000089b00000, 0x0000000089b00000| Untracked 
| 156|0x0000000089c00000, 0x0000000089c00000, 0x0000000089d00000|  0%| F|  |TAMS 0x0000000089c00000, 0x0000000089c00000| Untracked 
| 157|0x0000000089d00000, 0x0000000089d00000, 0x0000000089e00000|  0%| F|  |TAMS 0x0000000089d00000, 0x0000000089d00000| Untracked 
| 158|0x0000000089e00000, 0x0000000089e00000, 0x0000000089f00000|  0%| F|  |TAMS 0x0000000089e00000, 0x0000000089e00000| Untracked 
| 159|0x0000000089f00000, 0x0000000089f00000, 0x000000008a000000|  0%| F|  |TAMS 0x0000000089f00000, 0x0000000089f00000| Untracked 
| 160|0x000000008a000000, 0x000000008a000000, 0x000000008a100000|  0%| F|  |TAMS 0x000000008a000000, 0x000000008a000000| Untracked 
| 161|0x000000008a100000, 0x000000008a100000, 0x000000008a200000|  0%| F|  |TAMS 0x000000008a100000, 0x000000008a100000| Untracked 
| 162|0x000000008a200000, 0x000000008a200000, 0x000000008a300000|  0%| F|  |TAMS 0x000000008a200000, 0x000000008a200000| Untracked 
| 163|0x000000008a300000, 0x000000008a300000, 0x000000008a400000|  0%| F|  |TAMS 0x000000008a300000, 0x000000008a300000| Untracked 
| 164|0x000000008a400000, 0x000000008a400000, 0x000000008a500000|  0%| F|  |TAMS 0x000000008a400000, 0x000000008a400000| Untracked 
| 165|0x000000008a500000, 0x000000008a500000, 0x000000008a600000|  0%| F|  |TAMS 0x000000008a500000, 0x000000008a500000| Untracked 
| 166|0x000000008a600000, 0x000000008a600000, 0x000000008a700000|  0%| F|  |TAMS 0x000000008a600000, 0x000000008a600000| Untracked 
| 167|0x000000008a700000, 0x000000008a700000, 0x000000008a800000|  0%| F|  |TAMS 0x000000008a700000, 0x000000008a700000| Untracked 
| 168|0x000000008a800000, 0x000000008a800000, 0x000000008a900000|  0%| F|  |TAMS 0x000000008a800000, 0x000000008a800000| Untracked 
| 169|0x000000008a900000, 0x000000008a900000, 0x000000008aa00000|  0%| F|  |TAMS 0x000000008a900000, 0x000000008a900000| Untracked 
| 170|0x000000008aa00000, 0x000000008aa00000, 0x000000008ab00000|  0%| F|  |TAMS 0x000000008aa00000, 0x000000008aa00000| Untracked 
| 171|0x000000008ab00000, 0x000000008ab00000, 0x000000008ac00000|  0%| F|  |TAMS 0x000000008ab00000, 0x000000008ab00000| Untracked 
| 172|0x000000008ac00000, 0x000000008ac00000, 0x000000008ad00000|  0%| F|  |TAMS 0x000000008ac00000, 0x000000008ac00000| Untracked 
| 173|0x000000008ad00000, 0x000000008ad00000, 0x000000008ae00000|  0%| F|  |TAMS 0x000000008ad00000, 0x000000008ad00000| Untracked 
| 174|0x000000008ae00000, 0x000000008ae00000, 0x000000008af00000|  0%| F|  |TAMS 0x000000008ae00000, 0x000000008ae00000| Untracked 
| 175|0x000000008af00000, 0x000000008af00000, 0x000000008b000000|  0%| F|  |TAMS 0x000000008af00000, 0x000000008af00000| Untracked 
| 176|0x000000008b000000, 0x000000008b000000, 0x000000008b100000|  0%| F|  |TAMS 0x000000008b000000, 0x000000008b000000| Untracked 
| 177|0x000000008b100000, 0x000000008b100000, 0x000000008b200000|  0%| F|  |TAMS 0x000000008b100000, 0x000000008b100000| Untracked 
| 178|0x000000008b200000, 0x000000008b300000, 0x000000008b300000|100%| S|CS|TAMS 0x000000008b200000, 0x000000008b200000| Complete 
| 179|0x000000008b300000, 0x000000008b400000, 0x000000008b400000|100%| S|CS|TAMS 0x000000008b300000, 0x000000008b300000| Complete 
| 180|0x000000008b400000, 0x000000008b500000, 0x000000008b500000|100%| S|CS|TAMS 0x000000008b400000, 0x000000008b400000| Complete 
| 181|0x000000008b500000, 0x000000008b600000, 0x000000008b600000|100%| S|CS|TAMS 0x000000008b500000, 0x000000008b500000| Complete 
| 182|0x000000008b600000, 0x000000008b700000, 0x000000008b700000|100%| S|CS|TAMS 0x000000008b600000, 0x000000008b600000| Complete 
| 183|0x000000008b700000, 0x000000008b800000, 0x000000008b800000|100%| S|CS|TAMS 0x000000008b700000, 0x000000008b700000| Complete 
| 184|0x000000008b800000, 0x000000008b800000, 0x000000008b900000|  0%| F|  |TAMS 0x000000008b800000, 0x000000008b800000| Untracked 
| 185|0x000000008b900000, 0x000000008b900000, 0x000000008ba00000|  0%| F|  |TAMS 0x000000008b900000, 0x000000008b900000| Untracked 
| 186|0x000000008ba00000, 0x000000008ba00000, 0x000000008bb00000|  0%| F|  |TAMS 0x000000008ba00000, 0x000000008ba00000| Untracked 
| 187|0x000000008bb00000, 0x000000008bb00000, 0x000000008bc00000|  0%| F|  |TAMS 0x000000008bb00000, 0x000000008bb00000| Untracked 
| 188|0x000000008bc00000, 0x000000008bc00000, 0x000000008bd00000|  0%| F|  |TAMS 0x000000008bc00000, 0x000000008bc00000| Untracked 
| 189|0x000000008bd00000, 0x000000008bd00000, 0x000000008be00000|  0%| F|  |TAMS 0x000000008bd00000, 0x000000008bd00000| Untracked 
| 190|0x000000008be00000, 0x000000008be00000, 0x000000008bf00000|  0%| F|  |TAMS 0x000000008be00000, 0x000000008be00000| Untracked 
| 191|0x000000008bf00000, 0x000000008bf00000, 0x000000008c000000|  0%| F|  |TAMS 0x000000008bf00000, 0x000000008bf00000| Untracked 
| 192|0x000000008c000000, 0x000000008c000000, 0x000000008c100000|  0%| F|  |TAMS 0x000000008c000000, 0x000000008c000000| Untracked 
| 193|0x000000008c100000, 0x000000008c100000, 0x000000008c200000|  0%| F|  |TAMS 0x000000008c100000, 0x000000008c100000| Untracked 
| 194|0x000000008c200000, 0x000000008c200000, 0x000000008c300000|  0%| F|  |TAMS 0x000000008c200000, 0x000000008c200000| Untracked 
| 195|0x000000008c300000, 0x000000008c300000, 0x000000008c400000|  0%| F|  |TAMS 0x000000008c300000, 0x000000008c300000| Untracked 
| 196|0x000000008c400000, 0x000000008c400000, 0x000000008c500000|  0%| F|  |TAMS 0x000000008c400000, 0x000000008c400000| Untracked 
| 197|0x000000008c500000, 0x000000008c500000, 0x000000008c600000|  0%| F|  |TAMS 0x000000008c500000, 0x000000008c500000| Untracked 
| 198|0x000000008c600000, 0x000000008c600000, 0x000000008c700000|  0%| F|  |TAMS 0x000000008c600000, 0x000000008c600000| Untracked 
| 199|0x000000008c700000, 0x000000008c700000, 0x000000008c800000|  0%| F|  |TAMS 0x000000008c700000, 0x000000008c700000| Untracked 
| 200|0x000000008c800000, 0x000000008c800000, 0x000000008c900000|  0%| F|  |TAMS 0x000000008c800000, 0x000000008c800000| Untracked 
| 201|0x000000008c900000, 0x000000008c900000, 0x000000008ca00000|  0%| F|  |TAMS 0x000000008c900000, 0x000000008c900000| Untracked 
| 202|0x000000008ca00000, 0x000000008ca00000, 0x000000008cb00000|  0%| F|  |TAMS 0x000000008ca00000, 0x000000008ca00000| Untracked 
| 203|0x000000008cb00000, 0x000000008cb00000, 0x000000008cc00000|  0%| F|  |TAMS 0x000000008cb00000, 0x000000008cb00000| Untracked 
| 204|0x000000008cc00000, 0x000000008cc00000, 0x000000008cd00000|  0%| F|  |TAMS 0x000000008cc00000, 0x000000008cc00000| Untracked 
| 205|0x000000008cd00000, 0x000000008cd00000, 0x000000008ce00000|  0%| F|  |TAMS 0x000000008cd00000, 0x000000008cd00000| Untracked 
| 206|0x000000008ce00000, 0x000000008ce00000, 0x000000008cf00000|  0%| F|  |TAMS 0x000000008ce00000, 0x000000008ce00000| Untracked 
| 207|0x000000008cf00000, 0x000000008cf00000, 0x000000008d000000|  0%| F|  |TAMS 0x000000008cf00000, 0x000000008cf00000| Untracked 
| 208|0x000000008d000000, 0x000000008d000000, 0x000000008d100000|  0%| F|  |TAMS 0x000000008d000000, 0x000000008d000000| Untracked 
| 209|0x000000008d100000, 0x000000008d100000, 0x000000008d200000|  0%| F|  |TAMS 0x000000008d100000, 0x000000008d100000| Untracked 
| 210|0x000000008d200000, 0x000000008d200000, 0x000000008d300000|  0%| F|  |TAMS 0x000000008d200000, 0x000000008d200000| Untracked 
| 211|0x000000008d300000, 0x000000008d300000, 0x000000008d400000|  0%| F|  |TAMS 0x000000008d300000, 0x000000008d300000| Untracked 
| 212|0x000000008d400000, 0x000000008d400000, 0x000000008d500000|  0%| F|  |TAMS 0x000000008d400000, 0x000000008d400000| Untracked 
| 213|0x000000008d500000, 0x000000008d500000, 0x000000008d600000|  0%| F|  |TAMS 0x000000008d500000, 0x000000008d500000| Untracked 
| 214|0x000000008d600000, 0x000000008d600000, 0x000000008d700000|  0%| F|  |TAMS 0x000000008d600000, 0x000000008d600000| Untracked 
| 215|0x000000008d700000, 0x000000008d700000, 0x000000008d800000|  0%| F|  |TAMS 0x000000008d700000, 0x000000008d700000| Untracked 
| 216|0x000000008d800000, 0x000000008d800000, 0x000000008d900000|  0%| F|  |TAMS 0x000000008d800000, 0x000000008d800000| Untracked 
| 217|0x000000008d900000, 0x000000008d900000, 0x000000008da00000|  0%| F|  |TAMS 0x000000008d900000, 0x000000008d900000| Untracked 
| 218|0x000000008da00000, 0x000000008da00000, 0x000000008db00000|  0%| F|  |TAMS 0x000000008da00000, 0x000000008da00000| Untracked 
| 219|0x000000008db00000, 0x000000008db00000, 0x000000008dc00000|  0%| F|  |TAMS 0x000000008db00000, 0x000000008db00000| Untracked 
| 220|0x000000008dc00000, 0x000000008dc00000, 0x000000008dd00000|  0%| F|  |TAMS 0x000000008dc00000, 0x000000008dc00000| Untracked 
| 221|0x000000008dd00000, 0x000000008dd00000, 0x000000008de00000|  0%| F|  |TAMS 0x000000008dd00000, 0x000000008dd00000| Untracked 
| 222|0x000000008de00000, 0x000000008de00000, 0x000000008df00000|  0%| F|  |TAMS 0x000000008de00000, 0x000000008de00000| Untracked 
| 223|0x000000008df00000, 0x000000008df00000, 0x000000008e000000|  0%| F|  |TAMS 0x000000008df00000, 0x000000008df00000| Untracked 
| 224|0x000000008e000000, 0x000000008e000000, 0x000000008e100000|  0%| F|  |TAMS 0x000000008e000000, 0x000000008e000000| Untracked 
| 225|0x000000008e100000, 0x000000008e100000, 0x000000008e200000|  0%| F|  |TAMS 0x000000008e100000, 0x000000008e100000| Untracked 
| 226|0x000000008e200000, 0x000000008e200000, 0x000000008e300000|  0%| F|  |TAMS 0x000000008e200000, 0x000000008e200000| Untracked 
| 227|0x000000008e300000, 0x000000008e300000, 0x000000008e400000|  0%| F|  |TAMS 0x000000008e300000, 0x000000008e300000| Untracked 
| 228|0x000000008e400000, 0x000000008e400000, 0x000000008e500000|  0%| F|  |TAMS 0x000000008e400000, 0x000000008e400000| Untracked 
| 229|0x000000008e500000, 0x000000008e500000, 0x000000008e600000|  0%| F|  |TAMS 0x000000008e500000, 0x000000008e500000| Untracked 
| 230|0x000000008e600000, 0x000000008e600000, 0x000000008e700000|  0%| F|  |TAMS 0x000000008e600000, 0x000000008e600000| Untracked 
| 231|0x000000008e700000, 0x000000008e700000, 0x000000008e800000|  0%| F|  |TAMS 0x000000008e700000, 0x000000008e700000| Untracked 
| 232|0x000000008e800000, 0x000000008e800000, 0x000000008e900000|  0%| F|  |TAMS 0x000000008e800000, 0x000000008e800000| Untracked 
| 233|0x000000008e900000, 0x000000008e900000, 0x000000008ea00000|  0%| F|  |TAMS 0x000000008e900000, 0x000000008e900000| Untracked 
| 234|0x000000008ea00000, 0x000000008ea00000, 0x000000008eb00000|  0%| F|  |TAMS 0x000000008ea00000, 0x000000008ea00000| Untracked 
| 235|0x000000008eb00000, 0x000000008eb00000, 0x000000008ec00000|  0%| F|  |TAMS 0x000000008eb00000, 0x000000008eb00000| Untracked 
| 236|0x000000008ec00000, 0x000000008ec00000, 0x000000008ed00000|  0%| F|  |TAMS 0x000000008ec00000, 0x000000008ec00000| Untracked 
| 237|0x000000008ed00000, 0x000000008ed00000, 0x000000008ee00000|  0%| F|  |TAMS 0x000000008ed00000, 0x000000008ed00000| Untracked 
| 238|0x000000008ee00000, 0x000000008ee00000, 0x000000008ef00000|  0%| F|  |TAMS 0x000000008ee00000, 0x000000008ee00000| Untracked 
| 239|0x000000008ef00000, 0x000000008ef00000, 0x000000008f000000|  0%| F|  |TAMS 0x000000008ef00000, 0x000000008ef00000| Untracked 
| 240|0x000000008f000000, 0x000000008f000000, 0x000000008f100000|  0%| F|  |TAMS 0x000000008f000000, 0x000000008f000000| Untracked 
| 241|0x000000008f100000, 0x000000008f100000, 0x000000008f200000|  0%| F|  |TAMS 0x000000008f100000, 0x000000008f100000| Untracked 
| 242|0x000000008f200000, 0x000000008f200000, 0x000000008f300000|  0%| F|  |TAMS 0x000000008f200000, 0x000000008f200000| Untracked 
| 243|0x000000008f300000, 0x000000008f300000, 0x000000008f400000|  0%| F|  |TAMS 0x000000008f300000, 0x000000008f300000| Untracked 
| 244|0x000000008f400000, 0x000000008f400000, 0x000000008f500000|  0%| F|  |TAMS 0x000000008f400000, 0x000000008f400000| Untracked 
| 245|0x000000008f500000, 0x000000008f500000, 0x000000008f600000|  0%| F|  |TAMS 0x000000008f500000, 0x000000008f500000| Untracked 
| 246|0x000000008f600000, 0x000000008f600000, 0x000000008f700000|  0%| F|  |TAMS 0x000000008f600000, 0x000000008f600000| Untracked 
| 247|0x000000008f700000, 0x000000008f700000, 0x000000008f800000|  0%| F|  |TAMS 0x000000008f700000, 0x000000008f700000| Untracked 
| 248|0x000000008f800000, 0x000000008f800000, 0x000000008f900000|  0%| F|  |TAMS 0x000000008f800000, 0x000000008f800000| Untracked 
| 249|0x000000008f900000, 0x000000008f900000, 0x000000008fa00000|  0%| F|  |TAMS 0x000000008f900000, 0x000000008f900000| Untracked 
| 250|0x000000008fa00000, 0x000000008fa80800, 0x000000008fb00000| 50%| E|  |TAMS 0x000000008fa00000, 0x000000008fa00000| Complete 
| 251|0x000000008fb00000, 0x000000008fc00000, 0x000000008fc00000|100%| E|CS|TAMS 0x000000008fb00000, 0x000000008fb00000| Complete 
| 252|0x000000008fc00000, 0x000000008fd00000, 0x000000008fd00000|100%| E|CS|TAMS 0x000000008fc00000, 0x000000008fc00000| Complete 
| 253|0x000000008fd00000, 0x000000008fe00000, 0x000000008fe00000|100%| E|CS|TAMS 0x000000008fd00000, 0x000000008fd00000| Complete 

Card table byte_map: [0x0000017efee60000,0x0000017eff260000] _byte_map_base: 0x0000017efea60000

Marking Bits (Prev, Next): (CMBitMap*) 0x0000017efaa60c58, (CMBitMap*) 0x0000017efaa60c90
 Prev Bits: [0x0000017e8f000000, 0x0000017e91000000)
 Next Bits: [0x0000017e91000000, 0x0000017e93000000)

Polling page: 0x0000017ef8690000

Metaspace:

Usage:
  Non-class:     31.17 MB capacity,    30.73 MB ( 99%) used,   377.74 KB (  1%) free+waste,    68.69 KB ( <1%) overhead. 
      Class:      4.79 MB capacity,     4.49 MB ( 94%) used,   275.73 KB (  6%) free+waste,    33.38 KB ( <1%) overhead. 
       Both:     35.96 MB capacity,    35.23 MB ( 98%) used,   653.48 KB (  2%) free+waste,   102.06 KB ( <1%) overhead. 

Virtual space:
  Non-class space:       32.00 MB reserved,      31.25 MB ( 98%) committed 
      Class space:        1.00 GB reserved,       4.88 MB ( <1%) committed 
             Both:        1.03 GB reserved,      36.13 MB (  3%) committed 

Chunk freelists:
   Non-Class:  18.00 KB
       Class:  18.00 KB
        Both:  36.00 KB

MaxMetaspaceSize: 17179869184.00 GB
CompressedClassSpaceSize: 1.00 GB

CodeHeap 'non-profiled nmethods': size=120000Kb used=1360Kb max_used=1360Kb free=118640Kb
 bounds [0x0000017e87ad0000, 0x0000017e87d40000, 0x0000017e8f000000]
CodeHeap 'profiled nmethods': size=120000Kb used=5889Kb max_used=5889Kb free=114110Kb
 bounds [0x0000017e805a0000, 0x0000017e80b70000, 0x0000017e87ad0000]
CodeHeap 'non-nmethods': size=5760Kb used=2191Kb max_used=2191Kb free=3568Kb
 bounds [0x0000017e80000000, 0x0000017e80270000, 0x0000017e805a0000]
 total_blobs=3508 nmethods=2760 adapters=659
 compilation: enabled
              stopped_count=0, restarted_count=0
 full_count=0

Compilation events (20 events):
Event: 2.447 Thread 0x0000017e95bef000 2732       3       java.util.Hashtable::addEntry (87 bytes)
Event: 2.448 Thread 0x0000017e95bef000 nmethod 2732 0x0000017e80b41790 code [0x0000017e80b419a0, 0x0000017e80b420b8]
Event: 2.448 Thread 0x0000017e95bef000 2731       3       java.beans.FeatureDescriptor::getTable (23 bytes)
Event: 2.448 Thread 0x0000017e95bef000 nmethod 2731 0x0000017e80b42310 code [0x0000017e80b42500, 0x0000017e80b427a8]
Event: 2.448 Thread 0x0000017e95bef000 2726       3       com.sun.beans.TypeResolver::getActualType (24 bytes)
Event: 2.448 Thread 0x0000017e95bef000 nmethod 2726 0x0000017e80b42890 code [0x0000017e80b42ac0, 0x0000017e80b43248]
Event: 2.448 Thread 0x0000017e95bef000 2735       3       java.util.Hashtable$Enumerator::hasMoreElements (53 bytes)
Event: 2.448 Thread 0x0000017e95bef000 nmethod 2735 0x0000017e80b43490 code [0x0000017e80b43660, 0x0000017e80b43938]
Event: 2.448 Thread 0x0000017e95bef000 2725       3       com.sun.beans.TypeResolver::erase (154 bytes)
Event: 2.448 Thread 0x0000017e95bef000 nmethod 2725 0x0000017e80b43a90 code [0x0000017e80b43d80, 0x0000017e80b45138]
Event: 2.448 Thread 0x0000017e95bef000 2739       3       org.codehaus.groovy.util.SingleKeyHashMap::get (67 bytes)
Event: 2.449 Thread 0x0000017e95bef000 nmethod 2739 0x0000017e80b45490 code [0x0000017e80b456a0, 0x0000017e80b45d18]
Event: 2.449 Thread 0x0000017e95bef000 2736       3       java.util.Hashtable$Enumerator::hasNext (5 bytes)
Event: 2.449 Thread 0x0000017e95bef000 nmethod 2736 0x0000017e80b45f90 code [0x0000017e80b46140, 0x0000017e80b46268]
Event: 2.449 Thread 0x0000017e95bef000 2733       3       java.lang.reflect.Executable::printModifiersIfNonzero (101 bytes)
Event: 2.449 Thread 0x0000017e95bef000 nmethod 2733 0x0000017e80b46310 code [0x0000017e80b465a0, 0x0000017e80b46d88]
Event: 2.449 Thread 0x0000017e95bef000 2734       3       java.lang.reflect.Modifier::toString (185 bytes)
Event: 2.449 Thread 0x0000017e95bef000 nmethod 2734 0x0000017e80b47110 code [0x0000017e80b473c0, 0x0000017e80b47bf8]
Event: 2.449 Thread 0x0000017e95bef000 2744       3       groovy.lang.MetaProperty::<init> (15 bytes)
Event: 2.450 Thread 0x0000017e95bef000 nmethod 2744 0x0000017e80b47e10 code [0x0000017e80b47fc0, 0x0000017e80b481d8]

GC Heap History (6 events):
Event: 0.481 GC heap before
{Heap before GC invocations=0 (full 0):
 garbage-first heap   total 260096K, used 29696K [0x0000000080000000, 0x0000000100000000)
  region size 1024K, 24 young (24576K), 0 survivors (0K)
 Metaspace       used 10326K, capacity 10561K, committed 10752K, reserved 1058816K
  class space    used 1086K, capacity 1163K, committed 1280K, reserved 1048576K
}
Event: 0.484 GC heap after
{Heap after GC invocations=1 (full 0):
 garbage-first heap   total 260096K, used 8567K [0x0000000080000000, 0x0000000100000000)
  region size 1024K, 3 young (3072K), 3 survivors (3072K)
 Metaspace       used 10326K, capacity 10561K, committed 10752K, reserved 1058816K
  class space    used 1086K, capacity 1163K, committed 1280K, reserved 1048576K
}
Event: 1.565 GC heap before
{Heap before GC invocations=1 (full 0):
 garbage-first heap   total 260096K, used 94583K [0x0000000080000000, 0x0000000100000000)
  region size 1024K, 89 young (91136K), 3 survivors (3072K)
 Metaspace       used 20579K, capacity 21085K, committed 21248K, reserved 1067008K
  class space    used 2524K, capacity 2703K, committed 2816K, reserved 1048576K
}
Event: 1.571 GC heap after
{Heap after GC invocations=2 (full 0):
 garbage-first heap   total 260096K, used 16510K [0x0000000080000000, 0x0000000100000000)
  region size 1024K, 11 young (11264K), 11 survivors (11264K)
 Metaspace       used 20579K, capacity 21085K, committed 21248K, reserved 1067008K
  class space    used 2524K, capacity 2703K, committed 2816K, reserved 1048576K
}
Event: 1.874 GC heap before
{Heap before GC invocations=3 (full 0):
 garbage-first heap   total 260096K, used 59518K [0x0000000080000000, 0x0000000100000000)
  region size 1024K, 53 young (54272K), 11 survivors (11264K)
 Metaspace       used 25093K, capacity 25700K, committed 25856K, reserved 1071104K
  class space    used 3268K, capacity 3501K, committed 3584K, reserved 1048576K
}
Event: 1.878 GC heap after
{Heap after GC invocations=4 (full 0):
 garbage-first heap   total 260096K, used 17856K [0x0000000080000000, 0x0000000100000000)
  region size 1024K, 2 young (2048K), 2 survivors (2048K)
 Metaspace       used 25093K, capacity 25700K, committed 25856K, reserved 1071104K
  class space    used 3268K, capacity 3501K, committed 3584K, reserved 1048576K
}

Deoptimization events (20 events):
Event: 2.402 Thread 0x0000017e97b74000 Uncommon trap: trap_request=0xffffff4d fr.pc=0x0000017e87c05afc relative=0x000000000000071c
Event: 2.402 Thread 0x0000017e97b74000 Uncommon trap: reason=unstable_if action=reinterpret pc=0x0000017e87c05afc method=java.lang.Class.getPackageName()Ljava/lang/String; @ 55 c2
Event: 2.402 Thread 0x0000017e97b74000 DEOPT PACKING pc=0x0000017e87c05afc sp=0x0000004d899f8f40
Event: 2.402 Thread 0x0000017e97b74000 DEOPT UNPACKING pc=0x0000017e800278af sp=0x0000004d899f8f00 mode 2
Event: 2.439 Thread 0x0000017e97b74000 Uncommon trap: trap_request=0xffffffbe fr.pc=0x0000017e87c21d30 relative=0x0000000000000850
Event: 2.439 Thread 0x0000017e97b74000 Uncommon trap: reason=profile_predicate action=maybe_recompile pc=0x0000017e87c21d30 method=java.lang.PublicMethods$MethodList.filter([Ljava/lang/reflect/Method;Ljava/lang/String;[Ljava/lang/Class;Z)Ljava/lang/PublicMethods$MethodList; @ 21 c2
Event: 2.439 Thread 0x0000017e97b74000 DEOPT PACKING pc=0x0000017e87c21d30 sp=0x0000004d899f94b0
Event: 2.439 Thread 0x0000017e97b74000 DEOPT UNPACKING pc=0x0000017e800278af sp=0x0000004d899f9468 mode 2
Event: 2.439 Thread 0x0000017e97b74000 Uncommon trap: trap_request=0xffffffbe fr.pc=0x0000017e87c21d30 relative=0x0000000000000850
Event: 2.439 Thread 0x0000017e97b74000 Uncommon trap: reason=profile_predicate action=maybe_recompile pc=0x0000017e87c21d30 method=java.lang.PublicMethods$MethodList.filter([Ljava/lang/reflect/Method;Ljava/lang/String;[Ljava/lang/Class;Z)Ljava/lang/PublicMethods$MethodList; @ 21 c2
Event: 2.439 Thread 0x0000017e97b74000 DEOPT PACKING pc=0x0000017e87c21d30 sp=0x0000004d899f9490
Event: 2.439 Thread 0x0000017e97b74000 DEOPT UNPACKING pc=0x0000017e800278af sp=0x0000004d899f9448 mode 2
Event: 2.439 Thread 0x0000017e97b74000 Uncommon trap: trap_request=0xffffffbe fr.pc=0x0000017e87c21d30 relative=0x0000000000000850
Event: 2.439 Thread 0x0000017e97b74000 Uncommon trap: reason=profile_predicate action=maybe_recompile pc=0x0000017e87c21d30 method=java.lang.PublicMethods$MethodList.filter([Ljava/lang/reflect/Method;Ljava/lang/String;[Ljava/lang/Class;Z)Ljava/lang/PublicMethods$MethodList; @ 21 c2
Event: 2.439 Thread 0x0000017e97b74000 DEOPT PACKING pc=0x0000017e87c21d30 sp=0x0000004d899f94b0
Event: 2.439 Thread 0x0000017e97b74000 DEOPT UNPACKING pc=0x0000017e800278af sp=0x0000004d899f9468 mode 2
Event: 2.439 Thread 0x0000017e97b74000 Uncommon trap: trap_request=0xffffffbe fr.pc=0x0000017e87c21d30 relative=0x0000000000000850
Event: 2.439 Thread 0x0000017e97b74000 Uncommon trap: reason=profile_predicate action=maybe_recompile pc=0x0000017e87c21d30 method=java.lang.PublicMethods$MethodList.filter([Ljava/lang/reflect/Method;Ljava/lang/String;[Ljava/lang/Class;Z)Ljava/lang/PublicMethods$MethodList; @ 21 c2
Event: 2.439 Thread 0x0000017e97b74000 DEOPT PACKING pc=0x0000017e87c21d30 sp=0x0000004d899f94b0
Event: 2.439 Thread 0x0000017e97b74000 DEOPT UNPACKING pc=0x0000017e800278af sp=0x0000004d899f9468 mode 2

Classes redefined (0 events):
No events

Internal exceptions (20 events):
Event: 2.416 Thread 0x0000017e97b74000 Exception <a 'java/lang/ClassNotFoundException'{0x000000008bd25558}: settings_2vcj0ttsgoq6s3x27nql03qtmBeanInfo> (0x000000008bd25558) thrown at [./src/hotspot/share/classfile/systemDictionary.cpp, line 231]
Event: 2.416 Thread 0x0000017e97b74000 Exception <a 'java/lang/ClassNotFoundException'{0x000000008bd372b0}: org/gradle/initialization/SettingsScriptBeanInfo> (0x000000008bd372b0) thrown at [./src/hotspot/share/classfile/systemDictionary.cpp, line 231]
Event: 2.416 Thread 0x0000017e97b74000 Exception <a 'java/lang/ClassNotFoundException'{0x000000008bd4a068}: org/gradle/plugin/use/internal/PluginsAwareScriptBeanInfo> (0x000000008bd4a068) thrown at [./src/hotspot/share/classfile/systemDictionary.cpp, line 231]
Event: 2.416 Thread 0x0000017e97b74000 Exception <a 'java/lang/ClassNotFoundException'{0x000000008bd5be08}: org/gradle/groovy/scripts/DefaultScriptBeanInfo> (0x000000008bd5be08) thrown at [./src/hotspot/share/classfile/systemDictionary.cpp, line 231]
Event: 2.416 Thread 0x0000017e97b74000 Exception <a 'java/lang/ClassNotFoundException'{0x000000008bd6d9e0}: org/gradle/groovy/scripts/BasicScriptBeanInfo> (0x000000008bd6d9e0) thrown at [./src/hotspot/share/classfile/systemDictionary.cpp, line 231]
Event: 2.417 Thread 0x0000017e97b74000 Exception <a 'java/lang/ClassNotFoundException'{0x000000008bd7ed28}: org/gradle/groovy/scripts/ScriptBeanInfo> (0x000000008bd7ed28) thrown at [./src/hotspot/share/classfile/systemDictionary.cpp, line 231]
Event: 2.417 Thread 0x0000017e97b74000 Exception <a 'java/lang/ClassNotFoundException'{0x000000008bd8f520}: groovy/lang/ScriptBeanInfo> (0x000000008bd8f520) thrown at [./src/hotspot/share/classfile/systemDictionary.cpp, line 231]
Event: 2.417 Thread 0x0000017e97b74000 Exception <a 'java/lang/ClassNotFoundException'{0x000000008bd9fd88}: groovy/lang/ScriptCustomizer> (0x000000008bd9fd88) thrown at [./src/hotspot/share/classfile/systemDictionary.cpp, line 231]
Event: 2.418 Thread 0x0000017e97b74000 Exception <a 'java/lang/ClassNotFoundException'{0x000000008bdb9658}: org/gradle/groovy/scripts/ScriptCustomizer> (0x000000008bdb9658) thrown at [./src/hotspot/share/classfile/systemDictionary.cpp, line 231]
Event: 2.418 Thread 0x0000017e97b74000 Exception <a 'java/lang/ClassNotFoundException'{0x000000008bdd1e68}: org/gradle/groovy/scripts/BasicScriptCustomizer> (0x000000008bdd1e68) thrown at [./src/hotspot/share/classfile/systemDictionary.cpp, line 231]
Event: 2.419 Thread 0x0000017e97b74000 Exception <a 'java/lang/ClassNotFoundException'{0x000000008bdf01d8}: org/gradle/groovy/scripts/DefaultScriptCustomizer> (0x000000008bdf01d8) thrown at [./src/hotspot/share/classfile/systemDictionary.cpp, line 231]
Event: 2.422 Thread 0x0000017e97b74000 Exception <a 'java/lang/ClassNotFoundException'{0x000000008bc3b668}: org/gradle/plugin/use/internal/PluginsAwareScriptCustomizer> (0x000000008bc3b668) thrown at [./src/hotspot/share/classfile/systemDictionary.cpp, line 231]
Event: 2.423 Thread 0x0000017e97b74000 Exception <a 'java/lang/ClassNotFoundException'{0x000000008bc55b18}: org/gradle/initialization/SettingsScriptCustomizer> (0x000000008bc55b18) thrown at [./src/hotspot/share/classfile/systemDictionary.cpp, line 231]
Event: 2.424 Thread 0x0000017e97b74000 Exception <a 'java/lang/ClassNotFoundException'{0x000000008bc675c8}: settings_2vcj0ttsgoq6s3x27nql03qtmCustomizer> (0x000000008bc675c8) thrown at [./src/hotspot/share/classfile/systemDictionary.cpp, line 231]
Event: 2.442 Thread 0x0000017e97b74000 Exception <a 'java/lang/ClassNotFoundException'{0x000000008ba0e6d8}: org/gradle/initialization/DefaultSettings_DecoratedBeanInfo> (0x000000008ba0e6d8) thrown at [./src/hotspot/share/classfile/systemDictionary.cpp, line 231]
Event: 2.443 Thread 0x0000017e97b74000 Exception <a 'java/lang/ClassNotFoundException'{0x000000008ba2d1d8}: org/gradle/initialization/DefaultSettingsBeanInfo> (0x000000008ba2d1d8) thrown at [./src/hotspot/share/classfile/systemDictionary.cpp, line 231]
Event: 2.443 Thread 0x0000017e97b74000 Exception <a 'java/lang/ClassNotFoundException'{0x000000008ba4f0a0}: org/gradle/api/internal/project/AbstractPluginAwareBeanInfo> (0x000000008ba4f0a0) thrown at [./src/hotspot/share/classfile/systemDictionary.cpp, line 231]
Event: 2.444 Thread 0x0000017e97b74000 Exception <a 'java/lang/ClassNotFoundException'{0x000000008ba710f0}: org/gradle/api/internal/project/AbstractPluginAwareCustomizer> (0x000000008ba710f0) thrown at [./src/hotspot/share/classfile/systemDictionary.cpp, line 231]
Event: 2.444 Thread 0x0000017e97b74000 Exception <a 'java/lang/ClassNotFoundException'{0x000000008ba97670}: org/gradle/initialization/DefaultSettingsCustomizer> (0x000000008ba97670) thrown at [./src/hotspot/share/classfile/systemDictionary.cpp, line 231]
Event: 2.446 Thread 0x0000017e97b74000 Exception <a 'java/lang/ClassNotFoundException'{0x000000008bae6af0}: org/gradle/initialization/DefaultSettings_DecoratedCustomizer> (0x000000008bae6af0) thrown at [./src/hotspot/share/classfile/systemDictionary.cpp, line 231]

Events (20 events):
Event: 2.444 loading class org/gradle/initialization/DefaultSettingsCustomizer
Event: 2.444 loading class org/gradle/initialization/DefaultSettingsCustomizer done
Event: 2.444 loading class org/gradle/initialization/DefaultSettingsCustomizer
Event: 2.444 loading class org/gradle/initialization/DefaultSettingsCustomizer done
Event: 2.444 loading class org/gradle/initialization/DefaultSettingsCustomizer
Event: 2.444 loading class org/gradle/initialization/DefaultSettingsCustomizer done
Event: 2.445 loading class org/gradle/api/initialization/ConfigurableIncludedBuild
Event: 2.445 loading class org/gradle/api/initialization/ConfigurableIncludedBuild done
Event: 2.446 loading class org/gradle/initialization/DefaultSettings_DecoratedCustomizer
Event: 2.446 loading class org/gradle/initialization/DefaultSettings_DecoratedCustomizer done
Event: 2.446 loading class org/gradle/initialization/DefaultSettings_DecoratedCustomizer
Event: 2.446 loading class org/gradle/initialization/DefaultSettings_DecoratedCustomizer done
Event: 2.446 loading class org/gradle/initialization/DefaultSettings_DecoratedCustomizer
Event: 2.446 loading class org/gradle/initialization/DefaultSettings_DecoratedCustomizer done
Event: 2.446 loading class org/gradle/initialization/DefaultSettings_DecoratedCustomizer
Event: 2.446 loading class org/gradle/initialization/DefaultSettings_DecoratedCustomizer done
Event: 2.449 loading class org/codehaus/groovy/runtime/ScriptBytecodeAdapter
Event: 2.449 loading class org/codehaus/groovy/runtime/ScriptBytecodeAdapter done
Event: 2.449 loading class org/codehaus/groovy/runtime/ScriptBytecodeAdapter
Event: 2.449 loading class org/codehaus/groovy/runtime/ScriptBytecodeAdapter done


Dynamic libraries:
0x00007ff7a0650000 - 0x00007ff7a065a000 	D:\Android\New folder\jre\bin\java.exe
0x00007ff80d7d0000 - 0x00007ff80d9c5000 	C:\WINDOWS\SYSTEM32\ntdll.dll
0x00007ff80b820000 - 0x00007ff80b8de000 	C:\WINDOWS\System32\KERNEL32.DLL
0x00007ff80afb0000 - 0x00007ff80b278000 	C:\WINDOWS\System32\KERNELBASE.dll
0x00007ff80b280000 - 0x00007ff80b380000 	C:\WINDOWS\System32\ucrtbase.dll
0x00007fff9ea00000 - 0x00007fff9ea17000 	D:\Android\New folder\jre\bin\VCRUNTIME140.dll
0x00007fff9e9e0000 - 0x00007fff9e9f9000 	D:\Android\New folder\jre\bin\jli.dll
0x00007ff80c420000 - 0x00007ff80c5c1000 	C:\WINDOWS\System32\USER32.dll
0x00007ff80b7a0000 - 0x00007ff80b7c2000 	C:\WINDOWS\System32\win32u.dll
0x00007ff80a2c0000 - 0x00007ff80a55a000 	C:\WINDOWS\WinSxS\amd64_microsoft.windows.common-controls_6595b64144ccf1df_6.0.19041.1110_none_60b5254171f9507e\COMCTL32.dll
0x00007ff80c100000 - 0x00007ff80c12b000 	C:\WINDOWS\System32\GDI32.dll
0x00007ff80c660000 - 0x00007ff80c6fe000 	C:\WINDOWS\System32\msvcrt.dll
0x00007ff80b630000 - 0x00007ff80b73b000 	C:\WINDOWS\System32\gdi32full.dll
0x00007ff80b590000 - 0x00007ff80b62d000 	C:\WINDOWS\System32\msvcp_win.dll
0x00007ff80cee0000 - 0x00007ff80cf10000 	C:\WINDOWS\System32\IMM32.DLL
0x00007fff9e940000 - 0x00007fff9e9dd000 	D:\Android\New folder\jre\bin\msvcp140.dll
0x00007fff9de70000 - 0x00007fff9e93f000 	D:\Android\New folder\jre\bin\server\jvm.dll
0x00007ff80d0c0000 - 0x00007ff80d16c000 	C:\WINDOWS\System32\ADVAPI32.dll
0x00007ff80caf0000 - 0x00007ff80cb8b000 	C:\WINDOWS\System32\sechost.dll
0x00007ff80ccc0000 - 0x00007ff80cdea000 	C:\WINDOWS\System32\RPCRT4.dll
0x00007ff80b8e0000 - 0x00007ff80b8e8000 	C:\WINDOWS\System32\PSAPI.DLL
0x00007ffff2bb0000 - 0x00007ffff2bb9000 	C:\WINDOWS\SYSTEM32\WSOCK32.dll
0x00007ff803fa0000 - 0x00007ff803faa000 	C:\WINDOWS\SYSTEM32\VERSION.dll
0x00007ff800000000 - 0x00007ff800027000 	C:\WINDOWS\SYSTEM32\WINMM.dll
0x00007ff80c1f0000 - 0x00007ff80c25b000 	C:\WINDOWS\System32\WS2_32.dll
0x00007ff809100000 - 0x00007ff809112000 	C:\WINDOWS\SYSTEM32\kernel.appcore.dll
0x00007fff9de50000 - 0x00007fff9de61000 	D:\Android\New folder\jre\bin\verify.dll
0x00007ff80a770000 - 0x00007ff80a954000 	C:\WINDOWS\SYSTEM32\DBGHELP.DLL
0x00007ff80a6c0000 - 0x00007ff80a6ec000 	C:\WINDOWS\SYSTEM32\dbgcore.DLL
0x00007ff80af20000 - 0x00007ff80afa3000 	C:\WINDOWS\System32\bcryptPrimitives.dll
0x00007fff9de20000 - 0x00007fff9de49000 	D:\Android\New folder\jre\bin\java.dll
0x00007fff9f5c0000 - 0x00007fff9f5cb000 	D:\Android\New folder\jre\bin\jimage.dll
0x00007fff9de00000 - 0x00007fff9de18000 	D:\Android\New folder\jre\bin\zip.dll
0x00007ff80b9c0000 - 0x00007ff80c0ff000 	C:\WINDOWS\System32\SHELL32.dll
0x00007ff808960000 - 0x00007ff8090f0000 	C:\WINDOWS\SYSTEM32\windows.storage.dll
0x00007ff80c790000 - 0x00007ff80cae5000 	C:\WINDOWS\System32\combase.dll
0x00007ff80a250000 - 0x00007ff80a27e000 	C:\WINDOWS\SYSTEM32\Wldp.dll
0x00007ff80c260000 - 0x00007ff80c30d000 	C:\WINDOWS\System32\SHCORE.dll
0x00007ff80d170000 - 0x00007ff80d1c5000 	C:\WINDOWS\System32\shlwapi.dll
0x00007ff80ae30000 - 0x00007ff80ae4f000 	C:\WINDOWS\SYSTEM32\profapi.dll
0x00007fff9dde0000 - 0x00007fff9ddfa000 	D:\Android\New folder\jre\bin\net.dll
0x00007ff804980000 - 0x00007ff804a8c000 	C:\WINDOWS\SYSTEM32\WINHTTP.dll
0x00007ff809fb0000 - 0x00007ff80a01a000 	C:\WINDOWS\system32\mswsock.dll
0x00007ffff69a0000 - 0x00007ffff69b4000 	D:\Android\New folder\jre\bin\nio.dll
0x00007ff807f30000 - 0x00007ff807f57000 	C:\Users\quocm\.gradle\native\fdc75f09e3144964f2cf3f50f0aa648679c211496f362492102eb8c894070792\windows-amd64\native-platform.dll
0x00007fffd0d80000 - 0x00007fffd0f16000 	C:\Users\quocm\.gradle\native\12488b8bf47d2d4c9fbf2f6322a914ad602e24e48041cd04a747c6da556b65c4\windows-amd64\native-platform-file-events.dll
0x00007fff9ecf0000 - 0x00007fff9ecfa000 	D:\Android\New folder\jre\bin\management.dll
0x00007fff9ece0000 - 0x00007fff9ecec000 	D:\Android\New folder\jre\bin\management_ext.dll
0x00007ff80ac70000 - 0x00007ff80ac88000 	C:\WINDOWS\SYSTEM32\CRYPTSP.dll
0x00007ff809950000 - 0x00007ff809984000 	C:\WINDOWS\system32\rsaenh.dll
0x00007ff80aef0000 - 0x00007ff80af17000 	C:\WINDOWS\System32\bcrypt.dll
0x00007ff80adf0000 - 0x00007ff80ae1e000 	C:\WINDOWS\SYSTEM32\USERENV.dll
0x00007ff80a240000 - 0x00007ff80a24c000 	C:\WINDOWS\SYSTEM32\CRYPTBASE.dll
0x00007ff809ca0000 - 0x00007ff809cdb000 	C:\WINDOWS\SYSTEM32\IPHLPAPI.DLL
0x00007ff80cdf0000 - 0x00007ff80cdf8000 	C:\WINDOWS\System32\NSI.dll
0x00007ff8031d0000 - 0x00007ff8031e7000 	C:\WINDOWS\SYSTEM32\dhcpcsvc6.DLL
0x00007ff803d70000 - 0x00007ff803d8d000 	C:\WINDOWS\SYSTEM32\dhcpcsvc.DLL
0x00007ff809ce0000 - 0x00007ff809dab000 	C:\WINDOWS\SYSTEM32\DNSAPI.dll
0x00007ff8040c0000 - 0x00007ff8040cb000 	C:\WINDOWS\SYSTEM32\WINNSI.DLL

dbghelp: loaded successfully - version: 4.0.5 - missing functions: none
symbol engine: initialized successfully - sym options: 0x614 - pdb path: .;D:\Android\New folder\jre\bin;C:\WINDOWS\SYSTEM32;C:\WINDOWS\WinSxS\amd64_microsoft.windows.common-controls_6595b64144ccf1df_6.0.19041.1110_none_60b5254171f9507e;D:\Android\New folder\jre\bin\server;C:\Users\quocm\.gradle\native\fdc75f09e3144964f2cf3f50f0aa648679c211496f362492102eb8c894070792\windows-amd64;C:\Users\quocm\.gradle\native\12488b8bf47d2d4c9fbf2f6322a914ad602e24e48041cd04a747c6da556b65c4\windows-amd64

VM Arguments:
jvm_args: -XX:MaxPermSize=512m -XX:+HeapDumpOnOutOfMemoryError --add-opens=java.base/java.util=ALL-UNNAMED --add-opens=java.base/java.lang=ALL-UNNAMED --add-opens=java.base/java.lang.invoke=ALL-UNNAMED --add-opens=java.prefs/java.util.prefs=ALL-UNNAMED -Xmx2048m -Dfile.encoding=UTF-8 -Duser.country=US -Duser.language=en -Duser.variant 
java_command: org.gradle.launcher.daemon.bootstrap.GradleDaemon 6.8
java_class_path (initial): C:\Users\quocm\.gradle\wrapper\dists\gradle-6.8-all\9emh0d32e025cam7aasxcw002\gradle-6.8\lib\gradle-launcher-6.8.jar
Launcher Type: SUN_STANDARD

[Global flags]
     intx CICompilerCount                          = 4                                         {product} {ergonomic}
     uint ConcGCThreads                            = 3                                         {product} {ergonomic}
     uint G1ConcRefinementThreads                  = 10                                        {product} {ergonomic}
   size_t G1HeapRegionSize                         = 1048576                                   {product} {ergonomic}
    uintx GCDrainStackTargetSize                   = 64                                        {product} {ergonomic}
     bool HeapDumpOnOutOfMemoryError               = true                                   {manageable} {command line}
   size_t InitialHeapSize                          = 266338304                                 {product} {ergonomic}
   size_t MarkStackSize                            = 4194304                                   {product} {ergonomic}
   size_t MaxHeapSize                              = 2147483648                                {product} {command line}
   size_t MaxNewSize                               = 1287651328                                {product} {ergonomic}
   size_t MinHeapDeltaBytes                        = 1048576                                   {product} {ergonomic}
    uintx NonNMethodCodeHeapSize                   = 5836300                                {pd product} {ergonomic}
    uintx NonProfiledCodeHeapSize                  = 122910970                              {pd product} {ergonomic}
    uintx ProfiledCodeHeapSize                     = 122910970                              {pd product} {ergonomic}
    uintx ReservedCodeCacheSize                    = 251658240                              {pd product} {ergonomic}
     bool SegmentedCodeCache                       = true                                      {product} {ergonomic}
     bool UseCompressedClassPointers               = true                                 {lp64_product} {ergonomic}
     bool UseCompressedOops                        = true                                 {lp64_product} {ergonomic}
     bool UseG1GC                                  = true                                      {product} {ergonomic}
     bool UseLargePagesIndividualAllocation        = false                                  {pd product} {ergonomic}

Logging:
Log output configuration:
 #0: stdout all=warning uptime,level,tags
 #1: stderr all=off uptime,level,tags

Environment Variables:
JAVA_HOME=D:\Android\New folder\jre
CLASSPATH=D:\ReactNative\FullApp\TestProject\android\\gradle\wrapper\gradle-wrapper.jar
PATH=C:\Program Files\Common Files\Oracle\Java\javapath;C:\Program Files (x86)\Intel\Intel(R) Management Engine Components\iCLS\;C:\Program Files\Intel\Intel(R) Management Engine Components\iCLS\;C:\Windows\system32;C:\Windows;C:\Windows\System32\Wbem;C:\Windows\System32\WindowsPowerShell\v1.0\;C:\Windows\System32\OpenSSH\;C:\Program Files (x86)\NVIDIA Corporation\PhysX\Common;C:\Program Files\Intel\WiFi\bin\;C:\Program Files\Common Files\Intel\WirelessCommon\;C:\Program Files (x86)\Intel\Intel(R) Management Engine Components\DAL;C:\Program Files\Intel\Intel(R) Management Engine Components\DAL;C:\Program Files (x86)\Intel\Intel(R) Management Engine Components\IPT;C:\Program Files\Intel\Intel(R) Management Engine Components\IPT;C:\WINDOWS\system32;C:\WINDOWS;C:\WINDOWS\System32\Wbem;C:\WINDOWS\System32\WindowsPowerShell\v1.0\;C:\WINDOWS\System32\OpenSSH\;C:\Program Files\Microsoft SQL Server\Client SDK\ODBC\170\Tools\Binn\;C:\Program Files (x86)\Microsoft SQL Server\150\Tools\Binn\;C:\Program Files\Microsoft SQL Server\150\Tools\Binn\;C:\Program Files\Microsoft SQL Server\150\DTS\Binn\;C:\Program Files (x86)\Microsoft SQL Server\150\DTS\Binn\;C:\Program Files\Azure Data Studio\bin;C:\Program Files\nodejs\;C:\Program Files\Git\cmd;D:\Android\SDK\Sdk\platform-tools;C:\Program Files\MongoDB\Server\5.0\bin;C:\Users\quocm\AppData\Local\Microsoft\WindowsApps;C:\Users\quocm\AppData\Local\Programs\Microsoft VS Code\bin;C:\Program Files\Azure Data Studio\bin;C:\Users\quocm\AppData\Roaming\npm;D:\Android\SDK\Sdk\platform-tools;
USERNAME=quocm
LANG=en_US.UTF-8
OS=Windows_NT
PROCESSOR_IDENTIFIER=Intel64 Family 6 Model 158 Stepping 10, GenuineIntel



---------------  S Y S T E M  ---------------

OS: Windows 10 , 64 bit Build 19041 (10.0.19041.1348)
OS uptime: 0 days 0:37 hours

CPU:total 12 (initial active 12) (6 cores per cpu, 2 threads per core) family 6 model 158 stepping 10 microcode 0xb4, cmov, cx8, fxsr, mmx, sse, sse2, sse3, ssse3, sse4.1, sse4.2, popcnt, avx, avx2, aes, clmul, erms, 3dnowpref, lzcnt, ht, tsc, tscinvbit, bmi1, bmi2, adx, fma

Memory: 4k page, system-wide physical 16230M (8598M free)
TotalPageFile size 19046M (AvailPageFile size 8234M)
current process WorkingSet (physical memory assigned to process): 280M, peak: 280M
current process commit charge ("private bytes"): 459M, peak: 459M

vm_info: OpenJDK 64-Bit Server VM (11.0.10+0-b96-7249189) for windows-amd64 JRE (11.0.10+0-b96-7249189), built on Mar 31 2021 21:44:00 by "builder" with MS VC++ 14.0 (VS2015)

END.
