#
# A fatal error has been detected by the Java Runtime Environment:
#
#  EXCEPTION_ACCESS_VIOLATION (0xc0000005) at pc=0x00007ffac9d2420d, pid=9616, tid=13244
#
# JRE version: OpenJDK Runtime Environment (11.0.10) (build 11.0.10+0-b96-7249189)
# Java VM: OpenJDK 64-Bit Server VM (11.0.10+0-b96-7249189, mixed mode, tiered, compressed oops, g1 gc, windows-amd64)
# Problematic frame:
# V  [jvm.dll+0x2d420d]
#
# No core dump will be written. Minidumps are not enabled by default on client versions of Windows
#
# If you would like to submit a bug report, please visit:
#   https://bugreport.java.com/bugreport/crash.jsp
#

---------------  S U M M A R Y ------------

Command Line: -XX:MaxPermSize=512m -XX:+HeapDumpOnOutOfMemoryError --add-opens=java.base/java.util=ALL-UNNAMED --add-opens=java.base/java.lang=ALL-UNNAMED --add-opens=java.base/java.lang.invoke=ALL-UNNAMED --add-opens=java.prefs/java.util.prefs=ALL-UNNAMED -Xmx2048m -Dfile.encoding=UTF-8 -Duser.country=US -Duser.language=en -Duser.variant org.gradle.launcher.daemon.bootstrap.GradleDaemon 6.8

Host: Intel(R) Core(TM) i7-8750H CPU @ 2.20GHz, 12 cores, 15G,  Windows 10 , 64 bit Build 19041 (10.0.19041.1202)
Time: Wed Nov 10 16:44:54 2021 SE Asia Standard Time elapsed time: 11.455077 seconds (0d 0h 0m 11s)

---------------  T H R E A D  ---------------

Current thread (0x000001347ee8c800):  GCTaskThread "GC Thread#1" [stack: 0x0000000627c00000,0x0000000627d00000] [id=13244]

Stack: [0x0000000627c00000,0x0000000627d00000],  sp=0x0000000627cffa60,  free space=1022k
Native frames: (J=compiled Java code, j=interpreted, Vv=VM code, C=native code)
V  [jvm.dll+0x2d420d]
V  [jvm.dll+0x2fe6ff]
V  [jvm.dll+0x2ff998]
V  [jvm.dll+0x2d1282]
V  [jvm.dll+0x2fdb7b]
V  [jvm.dll+0x2ffefa]
V  [jvm.dll+0x2dd440]
V  [jvm.dll+0x748da0]
V  [jvm.dll+0x6e3d45]
V  [jvm.dll+0x5ebe96]
C  [ucrtbase.dll+0x21bb2]
C  [KERNEL32.DLL+0x17034]
C  [ntdll.dll+0x52651]


siginfo: EXCEPTION_ACCESS_VIOLATION (0xc0000005), reading address 0x00000000000000f8


Register to memory mapping:

RIP=0x00007ffac9d2420d jvm.dll
RAX=0x0000013471f08180 points into unknown readable memory: 0x0000000000000000 | 00 00 00 00 00 00 00 00
RBX=0x000001340fecc550 points into unknown readable memory: 0x00007ffaca2730f8 | f8 30 27 ca fa 7f 00 00
RCX=0x0 is NULL
RDX=0x0000013471f8cd60 points into unknown readable memory: 0x00007ffaca27aae0 | e0 aa 27 ca fa 7f 00 00
RSP=0x0000000627cffa60 points into unknown readable memory: 0x0000000084008854 | 54 88 00 84 00 00 00 00
RBP=0x000001340fecc6c0 points into unknown readable memory: 0x00007ffaca2730b0 | b0 30 27 ca fa 7f 00 00
RSI=0x0000000100001a68 is pointing into metadata
RDI=0x00000000840150e4 is pointing into object: java.lang.String 
{0x00000000840150d8} - klass: 'java/lang/String'
R8 =0x00000000840150e4 is pointing into object: java.lang.String 
{0x00000000840150d8} - klass: 'java/lang/String'
R9 =0x0000000000000200 is an unknown value
R10=0x00000000840150e4 is pointing into object: java.lang.String 
{0x00000000840150d8} - klass: 'java/lang/String'
R11=0x000001340fecc6c0 points into unknown readable memory: 0x00007ffaca2730b0 | b0 30 27 ca fa 7f 00 00
R12=0x0000000000000003 is an unknown value
R13=0x0 is NULL
R14=0x0000000100001a68 is pointing into metadata
R15=0x00000000840150d8 is an oop: java.lang.String 
{0x00000000840150d8} - klass: 'java/lang/String'


Registers:
RAX=0x0000013471f08180, RBX=0x000001340fecc550, RCX=0x0000000000000000, RDX=0x0000013471f8cd60
RSP=0x0000000627cffa60, RBP=0x000001340fecc6c0, RSI=0x0000000100001a68, RDI=0x00000000840150e4
R8 =0x00000000840150e4, R9 =0x0000000000000200, R10=0x00000000840150e4, R11=0x000001340fecc6c0
R12=0x0000000000000003, R13=0x0000000000000000, R14=0x0000000100001a68, R15=0x00000000840150d8
RIP=0x00007ffac9d2420d, EFLAGS=0x0000000000010206

Top of Stack: (sp=0x0000000627cffa60)
0x0000000627cffa60:   0000000084008854 00000000840150d1
0x0000000627cffa70:   0000013471ef8030 0000000084015091
0x0000000627cffa80:   00000000840150e4 00007ffac9d4e6ff
0x0000000627cffa90:   00000000840150d0 00007ffac9d4fc22
0x0000000627cffaa0:   0000000084015090 0000000100005e88
0x0000000627cffab0:   0000000087145a68 0000000000000001
0x0000000627cffac0:   00000000840150d8 00007ffac9d4f998
0x0000000627cffad0:   0000000000000002 000000000000000d
0x0000000627cffae0:   000001340fecc550 0000000084008b71
0x0000000627cffaf0:   0000013471ef8030 0000000627cffb70
0x0000000627cffb00:   000000090fecc6c0 000000000000000d
0x0000000627cffb10:   0000000000000000 000001340fecc550
0x0000000627cffb20:   0000000000000000 0000013471ef80b0
0x0000000627cffb30:   0000000000000000 000001340fecc550
0x0000000627cffb40:   00000006270fe9e0 00007ffac9d21282
0x0000000627cffb50:   000001340fecc550 0000013471f78901 

Instructions: (pc=0x00007ffac9d2420d)
0x00007ffac9d2410d:   74 24 38 48 83 c4 20 5f c3 cc cc cc cc cc cc cc
0x00007ffac9d2411d:   cc cc cc 48 89 5c 24 08 57 48 83 ec 20 48 8b 41
0x00007ffac9d2412d:   18 48 8b da 48 83 cb 01 48 8b d3 48 8b 78 10 48
0x00007ffac9d2413d:   8b cf e8 6c 7b 00 00 84 c0 75 29 48 81 c7 90 00
0x00007ffac9d2414d:   00 00 48 8b 47 08 48 39 47 20 75 08 48 8b cf e8
0x00007ffac9d2415d:   7f 47 0b 00 48 8b 4f 20 48 8b 47 38 48 89 1c c8
0x00007ffac9d2416d:   48 ff 47 20 48 8b 5c 24 30 48 83 c4 20 5f c3 cc
0x00007ffac9d2417d:   cc cc cc 48 89 5c 24 08 57 48 83 ec 20 48 8b 79
0x00007ffac9d2418d:   10 48 8b da 48 83 cb 01 48 8b cf 48 8b d3 e8 10
0x00007ffac9d2419d:   7b 00 00 84 c0 75 29 48 81 c7 90 00 00 00 48 8b
0x00007ffac9d241ad:   47 08 48 39 47 20 75 08 48 8b cf e8 23 47 0b 00
0x00007ffac9d241bd:   48 8b 4f 20 48 8b 47 38 48 89 1c c8 48 ff 47 20
0x00007ffac9d241cd:   48 8b 5c 24 30 48 83 c4 20 5f c3 cc cc cc cc cc
0x00007ffac9d241dd:   cc cc cc 40 53 48 83 ec 20 8b 82 04 01 00 00 48
0x00007ffac9d241ed:   8b d9 d1 e8 a8 01 75 6b 48 8b 41 08 8b 88 c0 02
0x00007ffac9d241fd:   00 00 48 8b 80 b0 02 00 00 49 d3 e9 4a 8b 0c c8
0x00007ffac9d2420d:   48 8b 81 f8 00 00 00 83 b8 18 01 00 00 00 74 43
0x00007ffac9d2421d:   48 8b 4b 50 48 89 7c 24 30 49 c1 e8 09 48 8b 79
0x00007ffac9d2422d:   48 48 2b 79 40 49 03 f8 48 8b d7 e8 93 c1 ff ff
0x00007ffac9d2423d:   84 c0 74 1a 80 7b 28 00 48 8d 4b 18 74 10 48 8b
0x00007ffac9d2424d:   43 50 48 8b 50 40 48 03 d7 e8 35 25 36 00 48 8b
0x00007ffac9d2425d:   7c 24 30 48 83 c4 20 5b c3 cc cc cc cc cc cc cc
0x00007ffac9d2426d:   cc cc cc 48 89 5c 24 08 48 89 74 24 10 57 48 83
0x00007ffac9d2427d:   ec 20 48 63 fa 48 8d 05 5f 91 54 00 45 33 c0 48
0x00007ffac9d2428d:   89 01 48 8b f1 89 79 08 48 8b df 48 8d 0c fd 00
0x00007ffac9d2429d:   00 00 00 41 8d 50 05 e8 37 f6 dd ff 45 33 db 48
0x00007ffac9d242ad:   89 46 10 4c 8d 4e 10 4c 8b d0 45 8b c3 85 ff 7e
0x00007ffac9d242bd:   56 83 ff 02 72 51 8d 4f ff 48 63 d1 48 8d 04 d0
0x00007ffac9d242cd:   4d 3b d1 77 05 49 3b c1 73 3d 8b c7 25 01 00 00
0x00007ffac9d242dd:   80 7d 07 ff c8 83 c8 fe ff c0 2b f8 0f 1f 80 00
0x00007ffac9d242ed:   00 00 00 41 83 c0 02 44 3b c7 7c f7 8d 47 01 49
0x00007ffac9d242fd:   8b fa 99 2b c2 d1 f8 48 63 c8 48 c1 e1 04 48 c1 


Stack slot to memory mapping:
stack at sp + 0 slots: 0x0000000084008854 is pointing into object: [Ljava.util.HashMap$Node; 
{0x0000000084008788} - klass: 'java/util/HashMap$Node'[]
 - length: 1024
stack at sp + 1 slots: 0x00000000840150d1 is pointing into object: java.util.jar.Attributes$Name 
{0x00000000840150c0} - klass: 'java/util/jar/Attributes$Name'
stack at sp + 2 slots: 0x0000013471ef8030 points into unknown readable memory: 0x00000000000009e8 | e8 09 00 00 00 00 00 00
stack at sp + 3 slots: 0x0000000084015091 is pointing into object: [Ljava.util.HashMap$Node; 
{0x0000000084015080} - klass: 'java/util/HashMap$Node'[]
 - length: 2
stack at sp + 4 slots: 0x00000000840150e4 is pointing into object: java.lang.String 
{0x00000000840150d8} - klass: 'java/lang/String'
stack at sp + 5 slots: 0x00007ffac9d4e6ff jvm.dll
stack at sp + 6 slots: 0x00000000840150d0 is pointing into object: java.util.jar.Attributes$Name 
{0x00000000840150c0} - klass: 'java/util/jar/Attributes$Name'
stack at sp + 7 slots: 0x00007ffac9d4fc22 jvm.dll


---------------  P R O C E S S  ---------------

Threads class SMR info:
_java_thread_list=0x000001340f8aac60, length=136, elements={
0x0000013471ee4800, 0x000001347e00d800, 0x000001347e017000, 0x000001347e06a800,
0x000001347e06b800, 0x000001347e06e000, 0x000001347e073000, 0x000001347e07e000,
0x000001347e082800, 0x000001347e1e6800, 0x000001347f92c800, 0x000001347e529000,
0x000001347f624000, 0x000001340f1e9000, 0x000001340fa56800, 0x000001340f4a6000,
0x000001340fb65800, 0x00000134109fb800, 0x000001340fbf0000, 0x000001347fb64000,
0x000001347fb66800, 0x000001347fb64800, 0x000001347fb65800, 0x000001347fb67000,
0x000001347fb68000, 0x000001347fb68800, 0x000001347fb63000, 0x000001347fb69800,
0x0000013412728800, 0x0000013412729800, 0x0000013412727000, 0x000001341272a000,
0x0000013412724800, 0x000001341272b000, 0x0000013412725000, 0x0000013412727800,
0x000001341272d800, 0x000001341272e000, 0x0000013412730800, 0x000001341272c800,
0x000001341272f000, 0x0000013412731800, 0x0000013412730000, 0x000001341272b800,
0x0000013412732000, 0x0000013414625800, 0x0000013414626000, 0x0000013414627000,
0x0000013414628000, 0x0000013414622000, 0x0000013414624800, 0x0000013414628800,
0x0000013414623800, 0x0000013414623000, 0x000001341462f000, 0x000001341462a000,
0x000001341462d800, 0x0000013414629800, 0x000001341462b000, 0x000001341462c000,
0x0000013414631000, 0x0000013414630000, 0x000001341462e800, 0x000001341462c800,
0x00000134108b1000, 0x00000134108b2000, 0x00000134108b4800, 0x00000134108b5000,
0x00000134108b3800, 0x00000134108b8800, 0x00000134108b6800, 0x00000134108b7800,
0x00000134108b2800, 0x00000134108b9000, 0x00000134108bb000, 0x00000134108b6000,
0x00000134108bb800, 0x00000134108bf800, 0x00000134108ba000, 0x00000134108bc800,
0x00000134108bd800, 0x00000134108be000, 0x00000134108bf000, 0x00000134104ab000,
0x00000134104ac800, 0x00000134104aa000, 0x00000134104a7000, 0x00000134104ad800,
0x00000134104ac000, 0x00000134104a7800, 0x00000134104a8800, 0x00000134104ae000,
0x00000134104a9800, 0x00000134104b0800, 0x00000134104b1800, 0x00000134104b4000,
0x00000134104b0000, 0x00000134104b2800, 0x00000134104b3000, 0x00000134104b5000,
0x00000134104af000, 0x00000134104b5800, 0x000001341084d000, 0x000001341084e800,
0x000001341084c000, 0x000001341084a800, 0x000001341084e000, 0x000001341084f800,
0x0000013410849800, 0x0000013410850800, 0x0000013410851000, 0x000001341084b800,
0x0000013410856000, 0x0000013410857800, 0x0000013410854800, 0x0000013410853800,
0x0000013410855000, 0x0000013410857000, 0x0000013410852800, 0x0000013410852000,
0x0000013410858800, 0x0000013413afa000, 0x0000013413af5000, 0x0000013413af9000,
0x0000013413af6000, 0x0000013413af7000, 0x0000013413afd800, 0x0000013413afb800,
0x0000013413af7800, 0x0000013413afe000, 0x0000013413af8800, 0x0000013413afc800,
0x0000013413afb000, 0x0000013413b03000, 0x0000013413b04000, 0x0000013413aff800
}

Java Threads: ( => current thread )
  0x0000013471ee4800 JavaThread "main" [_thread_blocked, id=7816, stack(0x0000000626a00000,0x0000000626b00000)]
  0x000001347e00d800 JavaThread "Reference Handler" daemon [_thread_blocked, id=15212, stack(0x0000000627100000,0x0000000627200000)]
  0x000001347e017000 JavaThread "Finalizer" daemon [_thread_blocked, id=2656, stack(0x0000000627200000,0x0000000627300000)]
  0x000001347e06a800 JavaThread "Signal Dispatcher" daemon [_thread_blocked, id=15000, stack(0x0000000627300000,0x0000000627400000)]
  0x000001347e06b800 JavaThread "Attach Listener" daemon [_thread_blocked, id=18180, stack(0x0000000627400000,0x0000000627500000)]
  0x000001347e06e000 JavaThread "Service Thread" daemon [_thread_blocked, id=13676, stack(0x0000000627500000,0x0000000627600000)]
  0x000001347e073000 JavaThread "C2 CompilerThread0" daemon [_thread_blocked, id=2156, stack(0x0000000627600000,0x0000000627700000)]
  0x000001347e07e000 JavaThread "C1 CompilerThread0" daemon [_thread_blocked, id=16000, stack(0x0000000627700000,0x0000000627800000)]
  0x000001347e082800 JavaThread "Sweeper thread" daemon [_thread_blocked, id=13760, stack(0x0000000627800000,0x0000000627900000)]
  0x000001347e1e6800 JavaThread "Common-Cleaner" daemon [_thread_blocked, id=1460, stack(0x0000000627900000,0x0000000627a00000)]
  0x000001347f92c800 JavaThread "Daemon health stats" [_thread_blocked, id=15392, stack(0x0000000628200000,0x0000000628300000)]
  0x000001347e529000 JavaThread "Incoming local TCP Connector on port 52852" [_thread_in_native, id=12360, stack(0x0000000628300000,0x0000000628400000)]
  0x000001347f624000 JavaThread "Daemon periodic checks" [_thread_blocked, id=17332, stack(0x0000000628400000,0x0000000628500000)]
  0x000001340f1e9000 JavaThread "Daemon" [_thread_blocked, id=18328, stack(0x0000000628500000,0x0000000628600000)]
  0x000001340fa56800 JavaThread "Handler for socket connection from /127.0.0.1:52852 to /127.0.0.1:52853" [_thread_in_native, id=12536, stack(0x0000000628600000,0x0000000628700000)]
  0x000001340f4a6000 JavaThread "Cancel handler" [_thread_blocked, id=12604, stack(0x0000000628700000,0x0000000628800000)]
  0x000001340fb65800 JavaThread "Daemon worker" [_thread_blocked, id=9660, stack(0x0000000628800000,0x0000000628900000)]
  0x00000134109fb800 JavaThread "Asynchronous log dispatcher for DefaultDaemonConnection: socket connection from /127.0.0.1:52852 to /127.0.0.1:52853" [_thread_blocked, id=4176, stack(0x0000000628900000,0x0000000628a00000)]
  0x000001340fbf0000 JavaThread "Stdin handler" [_thread_blocked, id=9624, stack(0x0000000628a00000,0x0000000628b00000)]
  0x000001347fb64000 JavaThread "Daemon client event forwarder" [_thread_blocked, id=17940, stack(0x0000000628b00000,0x0000000628c00000)]
  0x000001347fb66800 JavaThread "Cache worker for file hash cache (C:\Users\Quoc Minh\.gradle\caches\6.8\fileHashes)" [_thread_blocked, id=12852, stack(0x0000000628c00000,0x0000000628d00000)]
  0x000001347fb64800 JavaThread "File lock request listener" [_thread_in_native, id=14784, stack(0x0000000628d00000,0x0000000628e00000)]
  0x000001347fb65800 JavaThread "Cache worker for journal cache (C:\Users\Quoc Minh\.gradle\caches\journal-1)" [_thread_blocked, id=16680, stack(0x0000000628e00000,0x0000000628f00000)]
  0x000001347fb67000 JavaThread "Cache worker for file hash cache (D:\ReactNative\FullApp\TestProject\android\.gradle\6.8\fileHashes)" [_thread_blocked, id=17920, stack(0x0000000629700000,0x0000000629800000)]
  0x000001347fb68000 JavaThread "Cache worker for checksums cache (D:\ReactNative\FullApp\TestProject\android\.gradle\checksums)" [_thread_blocked, id=7304, stack(0x0000000629800000,0x0000000629900000)]
  0x000001347fb68800 JavaThread "Cache worker for cache directory md-supplier (C:\Users\Quoc Minh\.gradle\caches\6.8\md-supplier)" [_thread_blocked, id=528, stack(0x0000000629900000,0x0000000629a00000)]
  0x000001347fb63000 JavaThread "Cache worker for cache directory md-rule (C:\Users\Quoc Minh\.gradle\caches\6.8\md-rule)" [_thread_blocked, id=3276, stack(0x0000000629a00000,0x0000000629b00000)]
  0x000001347fb69800 JavaThread "Cache worker for execution history cache (C:\Users\Quoc Minh\.gradle\caches\6.8\executionHistory)" [_thread_blocked, id=17944, stack(0x0000000629b00000,0x0000000629c00000)]
  0x0000013412728800 JavaThread "jar transforms" [_thread_blocked, id=15052, stack(0x0000000629c00000,0x0000000629d00000)]
  0x0000013412729800 JavaThread "Cache worker for file content cache (C:\Users\Quoc Minh\.gradle\caches\6.8\fileContent)" [_thread_blocked, id=3200, stack(0x0000000629d00000,0x0000000629e00000)]
  0x0000013412727000 JavaThread "Cache worker for Build Output Cleanup Cache (D:\ReactNative\FullApp\TestProject\android\.gradle\buildOutputCleanup)" [_thread_blocked, id=14412, stack(0x000000062a000000,0x000000062a100000)]
  0x000001341272a000 JavaThread "Build operations" [_thread_blocked, id=3132, stack(0x000000062a100000,0x000000062a200000)]
  0x0000013412724800 JavaThread "Build operations Thread 2" [_thread_blocked, id=14756, stack(0x000000062a200000,0x000000062a300000)]
  0x000001341272b000 JavaThread "Build operations Thread 3" [_thread_blocked, id=13488, stack(0x000000062a300000,0x000000062a400000)]
  0x0000013412725000 JavaThread "Build operations Thread 4" [_thread_blocked, id=12368, stack(0x000000062a400000,0x000000062a500000)]
  0x0000013412727800 JavaThread "Build operations Thread 5" [_thread_blocked, id=3396, stack(0x000000062a500000,0x000000062a600000)]
  0x000001341272d800 JavaThread "Build operations Thread 6" [_thread_blocked, id=12680, stack(0x000000062a600000,0x000000062a700000)]
  0x000001341272e000 JavaThread "Build operations Thread 7" [_thread_blocked, id=4692, stack(0x000000062a700000,0x000000062a800000)]
  0x0000013412730800 JavaThread "Build operations Thread 8" [_thread_blocked, id=8452, stack(0x000000062a800000,0x000000062a900000)]
  0x000001341272c800 JavaThread "Build operations Thread 9" [_thread_blocked, id=10632, stack(0x000000062a900000,0x000000062aa00000)]
  0x000001341272f000 JavaThread "Build operations Thread 10" [_thread_blocked, id=18296, stack(0x000000062aa00000,0x000000062ab00000)]
  0x0000013412731800 JavaThread "Build operations Thread 11" [_thread_blocked, id=16816, stack(0x000000062ab00000,0x000000062ac00000)]
  0x0000013412730000 JavaThread "Build operations Thread 12" [_thread_blocked, id=14936, stack(0x000000062ac00000,0x000000062ad00000)]
  0x000001341272b800 JavaThread "jar transforms Thread 2" [_thread_blocked, id=15596, stack(0x000000062ad00000,0x000000062ae00000)]
  0x0000013412732000 JavaThread "jar transforms Thread 3" [_thread_blocked, id=15816, stack(0x000000062ae00000,0x000000062af00000)]
  0x0000013414625800 JavaThread "jar transforms Thread 4" [_thread_blocked, id=18248, stack(0x000000062af00000,0x000000062b000000)]
  0x0000013414626000 JavaThread "jar transforms Thread 5" [_thread_blocked, id=8400, stack(0x000000062b000000,0x000000062b100000)]
  0x0000013414627000 JavaThread "jar transforms Thread 6" [_thread_blocked, id=4648, stack(0x000000062b100000,0x000000062b200000)]
  0x0000013414628000 JavaThread "jar transforms Thread 7" [_thread_blocked, id=15304, stack(0x000000062b200000,0x000000062b300000)]
  0x0000013414622000 JavaThread "jar transforms Thread 8" [_thread_blocked, id=16496, stack(0x000000062b300000,0x000000062b400000)]
  0x0000013414624800 JavaThread "jar transforms Thread 9" [_thread_blocked, id=17280, stack(0x000000062b400000,0x000000062b500000)]
  0x0000013414628800 JavaThread "jar transforms Thread 10" [_thread_blocked, id=17464, stack(0x000000062b500000,0x000000062b600000)]
  0x0000013414623800 JavaThread "jar transforms Thread 11" [_thread_blocked, id=16968, stack(0x000000062b600000,0x000000062b700000)]
  0x0000013414623000 JavaThread "jar transforms Thread 12" [_thread_blocked, id=15272, stack(0x000000062b700000,0x000000062b800000)]
  0x000001341462f000 JavaThread "jar transforms Thread 13" [_thread_blocked, id=11092, stack(0x000000062b800000,0x000000062b900000)]
  0x000001341462a000 JavaThread "jar transforms Thread 14" [_thread_blocked, id=9272, stack(0x000000062b900000,0x000000062ba00000)]
  0x000001341462d800 JavaThread "jar transforms Thread 15" [_thread_blocked, id=17720, stack(0x000000062ba00000,0x000000062bb00000)]
  0x0000013414629800 JavaThread "jar transforms Thread 16" [_thread_blocked, id=12208, stack(0x000000062bb00000,0x000000062bc00000)]
  0x000001341462b000 JavaThread "jar transforms Thread 17" [_thread_blocked, id=17276, stack(0x000000062bc00000,0x000000062bd00000)]
  0x000001341462c000 JavaThread "jar transforms Thread 18" [_thread_blocked, id=13988, stack(0x000000062bd00000,0x000000062be00000)]
  0x0000013414631000 JavaThread "jar transforms Thread 19" [_thread_blocked, id=11056, stack(0x000000062be00000,0x000000062bf00000)]
  0x0000013414630000 JavaThread "jar transforms Thread 20" [_thread_blocked, id=17672, stack(0x000000062bf00000,0x000000062c000000)]
  0x000001341462e800 JavaThread "jar transforms Thread 21" [_thread_blocked, id=18084, stack(0x000000062c000000,0x000000062c100000)]
  0x000001341462c800 JavaThread "jar transforms Thread 22" [_thread_blocked, id=10964, stack(0x000000062c100000,0x000000062c200000)]
  0x00000134108b1000 JavaThread "jar transforms Thread 23" [_thread_blocked, id=16016, stack(0x000000062c200000,0x000000062c300000)]
  0x00000134108b2000 JavaThread "jar transforms Thread 24" [_thread_blocked, id=10968, stack(0x000000062c300000,0x000000062c400000)]
  0x00000134108b4800 JavaThread "jar transforms Thread 25" [_thread_blocked, id=14144, stack(0x000000062c400000,0x000000062c500000)]
  0x00000134108b5000 JavaThread "jar transforms Thread 26" [_thread_blocked, id=11800, stack(0x000000062c500000,0x000000062c600000)]
  0x00000134108b3800 JavaThread "jar transforms Thread 27" [_thread_blocked, id=17668, stack(0x000000062c600000,0x000000062c700000)]
  0x00000134108b8800 JavaThread "jar transforms Thread 28" [_thread_blocked, id=15384, stack(0x000000062c700000,0x000000062c800000)]
  0x00000134108b6800 JavaThread "jar transforms Thread 29" [_thread_blocked, id=10032, stack(0x000000062c800000,0x000000062c900000)]
  0x00000134108b7800 JavaThread "jar transforms Thread 30" [_thread_blocked, id=16324, stack(0x000000062c900000,0x000000062ca00000)]
  0x00000134108b2800 JavaThread "jar transforms Thread 31" [_thread_blocked, id=17500, stack(0x000000062ca00000,0x000000062cb00000)]
  0x00000134108b9000 JavaThread "jar transforms Thread 32" [_thread_blocked, id=3912, stack(0x000000062cb00000,0x000000062cc00000)]
  0x00000134108bb000 JavaThread "jar transforms Thread 33" [_thread_blocked, id=676, stack(0x000000062cc00000,0x000000062cd00000)]
  0x00000134108b6000 JavaThread "jar transforms Thread 34" [_thread_blocked, id=7376, stack(0x000000062cd00000,0x000000062ce00000)]
  0x00000134108bb800 JavaThread "jar transforms Thread 35" [_thread_blocked, id=12580, stack(0x000000062ce00000,0x000000062cf00000)]
  0x00000134108bf800 JavaThread "jar transforms Thread 36" [_thread_blocked, id=5384, stack(0x000000062cf00000,0x000000062d000000)]
  0x00000134108ba000 JavaThread "jar transforms Thread 37" [_thread_blocked, id=14456, stack(0x000000062d000000,0x000000062d100000)]
  0x00000134108bc800 JavaThread "jar transforms Thread 38" [_thread_blocked, id=17444, stack(0x000000062d100000,0x000000062d200000)]
  0x00000134108bd800 JavaThread "jar transforms Thread 39" [_thread_blocked, id=17056, stack(0x000000062d200000,0x000000062d300000)]
  0x00000134108be000 JavaThread "jar transforms Thread 40" [_thread_blocked, id=13000, stack(0x000000062d300000,0x000000062d400000)]
  0x00000134108bf000 JavaThread "jar transforms Thread 41" [_thread_blocked, id=1904, stack(0x000000062d400000,0x000000062d500000)]
  0x00000134104ab000 JavaThread "jar transforms Thread 42" [_thread_blocked, id=18268, stack(0x000000062d500000,0x000000062d600000)]
  0x00000134104ac800 JavaThread "jar transforms Thread 43" [_thread_blocked, id=14604, stack(0x000000062d600000,0x000000062d700000)]
  0x00000134104aa000 JavaThread "jar transforms Thread 44" [_thread_blocked, id=11652, stack(0x000000062d700000,0x000000062d800000)]
  0x00000134104a7000 JavaThread "jar transforms Thread 45" [_thread_blocked, id=14760, stack(0x000000062d800000,0x000000062d900000)]
  0x00000134104ad800 JavaThread "jar transforms Thread 46" [_thread_blocked, id=6936, stack(0x000000062d900000,0x000000062da00000)]
  0x00000134104ac000 JavaThread "jar transforms Thread 47" [_thread_blocked, id=5072, stack(0x000000062da00000,0x000000062db00000)]
  0x00000134104a7800 JavaThread "jar transforms Thread 48" [_thread_blocked, id=2272, stack(0x000000062db00000,0x000000062dc00000)]
  0x00000134104a8800 JavaThread "jar transforms Thread 49" [_thread_blocked, id=15448, stack(0x000000062dc00000,0x000000062dd00000)]
  0x00000134104ae000 JavaThread "jar transforms Thread 50" [_thread_blocked, id=12148, stack(0x000000062dd00000,0x000000062de00000)]
  0x00000134104a9800 JavaThread "jar transforms Thread 51" [_thread_blocked, id=4172, stack(0x000000062de00000,0x000000062df00000)]
  0x00000134104b0800 JavaThread "jar transforms Thread 52" [_thread_blocked, id=8584, stack(0x000000062df00000,0x000000062e000000)]
  0x00000134104b1800 JavaThread "jar transforms Thread 53" [_thread_blocked, id=17424, stack(0x000000062e000000,0x000000062e100000)]
  0x00000134104b4000 JavaThread "jar transforms Thread 54" [_thread_blocked, id=16160, stack(0x000000062e100000,0x000000062e200000)]
  0x00000134104b0000 JavaThread "jar transforms Thread 55" [_thread_blocked, id=11432, stack(0x000000062e200000,0x000000062e300000)]
  0x00000134104b2800 JavaThread "jar transforms Thread 56" [_thread_blocked, id=13788, stack(0x000000062e300000,0x000000062e400000)]
  0x00000134104b3000 JavaThread "jar transforms Thread 57" [_thread_blocked, id=9860, stack(0x000000062e400000,0x000000062e500000)]
  0x00000134104b5000 JavaThread "jar transforms Thread 58" [_thread_blocked, id=16136, stack(0x000000062e500000,0x000000062e600000)]
  0x00000134104af000 JavaThread "jar transforms Thread 59" [_thread_blocked, id=15044, stack(0x000000062e600000,0x000000062e700000)]
  0x00000134104b5800 JavaThread "jar transforms Thread 60" [_thread_blocked, id=16180, stack(0x000000062e700000,0x000000062e800000)]
  0x000001341084d000 JavaThread "jar transforms Thread 61" [_thread_blocked, id=11668, stack(0x000000062e800000,0x000000062e900000)]
  0x000001341084e800 JavaThread "jar transforms Thread 62" [_thread_blocked, id=17576, stack(0x000000062e900000,0x000000062ea00000)]
  0x000001341084c000 JavaThread "jar transforms Thread 63" [_thread_blocked, id=6512, stack(0x000000062ea00000,0x000000062eb00000)]
  0x000001341084a800 JavaThread "jar transforms Thread 64" [_thread_blocked, id=17320, stack(0x000000062eb00000,0x000000062ec00000)]
  0x000001341084e000 JavaThread "jar transforms Thread 65" [_thread_blocked, id=15808, stack(0x000000062ec00000,0x000000062ed00000)]
  0x000001341084f800 JavaThread "jar transforms Thread 66" [_thread_blocked, id=456, stack(0x000000062ed00000,0x000000062ee00000)]
  0x0000013410849800 JavaThread "jar transforms Thread 67" [_thread_blocked, id=16224, stack(0x000000062ee00000,0x000000062ef00000)]
  0x0000013410850800 JavaThread "jar transforms Thread 68" [_thread_blocked, id=13528, stack(0x000000062ef00000,0x000000062f000000)]
  0x0000013410851000 JavaThread "jar transforms Thread 69" [_thread_blocked, id=12240, stack(0x000000062f000000,0x000000062f100000)]
  0x000001341084b800 JavaThread "jar transforms Thread 70" [_thread_blocked, id=17024, stack(0x000000062f100000,0x000000062f200000)]
  0x0000013410856000 JavaThread "jar transforms Thread 71" [_thread_blocked, id=14156, stack(0x000000062f200000,0x000000062f300000)]
  0x0000013410857800 JavaThread "jar transforms Thread 72" [_thread_blocked, id=4660, stack(0x000000062f300000,0x000000062f400000)]
  0x0000013410854800 JavaThread "jar transforms Thread 73" [_thread_blocked, id=16944, stack(0x000000062f400000,0x000000062f500000)]
  0x0000013410853800 JavaThread "jar transforms Thread 74" [_thread_blocked, id=17324, stack(0x000000062f500000,0x000000062f600000)]
  0x0000013410855000 JavaThread "jar transforms Thread 75" [_thread_blocked, id=8800, stack(0x000000062f600000,0x000000062f700000)]
  0x0000013410857000 JavaThread "jar transforms Thread 76" [_thread_blocked, id=15028, stack(0x000000062f700000,0x000000062f800000)]
  0x0000013410852800 JavaThread "jar transforms Thread 77" [_thread_blocked, id=16212, stack(0x000000062f800000,0x000000062f900000)]
  0x0000013410852000 JavaThread "jar transforms Thread 78" [_thread_blocked, id=14736, stack(0x000000062f900000,0x000000062fa00000)]
  0x0000013410858800 JavaThread "jar transforms Thread 79" [_thread_blocked, id=17264, stack(0x000000062fa00000,0x000000062fb00000)]
  0x0000013413afa000 JavaThread "jar transforms Thread 80" [_thread_blocked, id=10580, stack(0x000000062fb00000,0x000000062fc00000)]
  0x0000013413af5000 JavaThread "jar transforms Thread 81" [_thread_blocked, id=2164, stack(0x000000062fc00000,0x000000062fd00000)]
  0x0000013413af9000 JavaThread "jar transforms Thread 82" [_thread_blocked, id=15756, stack(0x000000062fd00000,0x000000062fe00000)]
  0x0000013413af6000 JavaThread "jar transforms Thread 83" [_thread_blocked, id=4480, stack(0x000000062fe00000,0x000000062ff00000)]
  0x0000013413af7000 JavaThread "jar transforms Thread 84" [_thread_blocked, id=17448, stack(0x000000062ff00000,0x0000000630000000)]
  0x0000013413afd800 JavaThread "jar transforms Thread 85" [_thread_blocked, id=16096, stack(0x0000000630000000,0x0000000630100000)]
  0x0000013413afb800 JavaThread "jar transforms Thread 86" [_thread_blocked, id=17344, stack(0x0000000630100000,0x0000000630200000)]
  0x0000013413af7800 JavaThread "jar transforms Thread 87" [_thread_blocked, id=2132, stack(0x0000000630200000,0x0000000630300000)]
  0x0000013413afe000 JavaThread "jar transforms Thread 88" [_thread_blocked, id=15760, stack(0x0000000630300000,0x0000000630400000)]
  0x0000013413af8800 JavaThread "jar transforms Thread 89" [_thread_blocked, id=15916, stack(0x0000000630400000,0x0000000630500000)]
  0x0000013413afc800 JavaThread "jar transforms Thread 90" [_thread_blocked, id=11052, stack(0x0000000630500000,0x0000000630600000)]
  0x0000013413afb000 JavaThread "jar transforms Thread 91" [_thread_blocked, id=9620, stack(0x0000000630600000,0x0000000630700000)]
  0x0000013413b03000 JavaThread "jar transforms Thread 92" [_thread_blocked, id=5756, stack(0x0000000630700000,0x0000000630800000)]
  0x0000013413b04000 JavaThread "pool-1-thread-1" [_thread_blocked, id=292, stack(0x0000000630800000,0x0000000630900000)]
  0x0000013413aff800 JavaThread "Memory manager" [_thread_blocked, id=700, stack(0x0000000630900000,0x0000000630a00000)]

Other Threads:
  0x000001347d7cd800 VMThread "VM Thread" [stack: 0x0000000627000000,0x0000000627100000] [id=2920]
  0x000001347e1f3800 WatcherThread [stack: 0x0000000627a00000,0x0000000627b00000] [id=3436]
  0x0000013471ef7000 GCTaskThread "GC Thread#0" [stack: 0x0000000626b00000,0x0000000626c00000] [id=10812]
=>0x000001347ee8c800 GCTaskThread "GC Thread#1" [stack: 0x0000000627c00000,0x0000000627d00000] [id=13244]
  0x000001347ee54000 GCTaskThread "GC Thread#2" [stack: 0x0000000627d00000,0x0000000627e00000] [id=12612]
  0x000001347ee72000 GCTaskThread "GC Thread#3" [stack: 0x0000000627e00000,0x0000000627f00000] [id=3452]
  0x000001347ee72800 GCTaskThread "GC Thread#4" [stack: 0x0000000627f00000,0x0000000628000000] [id=14116]
  0x000001347ef3f800 GCTaskThread "GC Thread#5" [stack: 0x0000000628000000,0x0000000628100000] [id=9960]
  0x000001347fad0800 GCTaskThread "GC Thread#6" [stack: 0x0000000628f00000,0x0000000629000000] [id=15832]
  0x000001340fdf8800 GCTaskThread "GC Thread#7" [stack: 0x0000000629000000,0x0000000629100000] [id=18088]
  0x000001347fad7000 GCTaskThread "GC Thread#8" [stack: 0x0000000629100000,0x0000000629200000] [id=520]
  0x000001340fc5f000 GCTaskThread "GC Thread#9" [stack: 0x0000000629200000,0x0000000629300000] [id=16236]
  0x0000013471f29800 ConcurrentGCThread "G1 Main Marker" [stack: 0x0000000626c00000,0x0000000626d00000] [id=6696]
  0x0000013471f2c000 ConcurrentGCThread "G1 Conc#0" [stack: 0x0000000626d00000,0x0000000626e00000] [id=8644]
  0x000001347ee8b800 ConcurrentGCThread "G1 Conc#1" [stack: 0x0000000629300000,0x0000000629400000] [id=8704]
  0x000001340faa0000 ConcurrentGCThread "G1 Conc#2" [stack: 0x0000000629400000,0x0000000629500000] [id=13880]
  0x000001347d656800 ConcurrentGCThread "G1 Refine#0" [stack: 0x0000000626e00000,0x0000000626f00000] [id=8392]
  0x000001340f6d8000 ConcurrentGCThread "G1 Refine#1" [stack: 0x0000000629600000,0x0000000629700000] [id=14052]
  0x0000013412ac2800 ConcurrentGCThread "G1 Refine#2" [stack: 0x0000000629e00000,0x0000000629f00000] [id=5444]
  0x000001347d657800 ConcurrentGCThread "G1 Young RemSet Sampling" [stack: 0x0000000626f00000,0x0000000627000000] [id=15544]

Threads with active compile tasks:

VM state:at safepoint (normal execution)

VM Mutex/Monitor currently owned by a thread:  ([mutex/lock_event])
[0x0000013471edfc90] Threads_lock - owner thread: 0x000001347d7cd800
[0x0000013471edef10] Heap_lock - owner thread: 0x000001340fb65800

Heap address: 0x0000000080000000, size: 2048 MB, Compressed Oops mode: 32-bit
Narrow klass base: 0x0000000000000000, Narrow klass shift: 3
Compressed class space size: 1073741824 Address: 0x0000000100000000

Heap:
 garbage-first heap   total 260096K, used 190135K [0x0000000080000000, 0x0000000100000000)
  region size 1024K, 128 young (131072K), 7 survivors (7168K)
 Metaspace       used 64319K, capacity 66257K, committed 66560K, reserved 1107968K
  class space    used 8107K, capacity 8905K, committed 8960K, reserved 1048576K
Heap Regions: E=young(eden), S=young(survivor), O=old, HS=humongous(starts), HC=humongous(continues), CS=collection set, F=free, A=archive, TAMS=top-at-mark-start (previous, next)
|   0|0x0000000080000000, 0x0000000080100000, 0x0000000080100000|100%| O|  |TAMS 0x0000000080100000, 0x0000000080000000| Untracked 
|   1|0x0000000080100000, 0x0000000080200000, 0x0000000080200000|100%| O|  |TAMS 0x0000000080200000, 0x0000000080100000| Untracked 
|   2|0x0000000080200000, 0x0000000080300000, 0x0000000080300000|100%| O|  |TAMS 0x0000000080300000, 0x0000000080200000| Untracked 
|   3|0x0000000080300000, 0x0000000080400000, 0x0000000080400000|100%|HS|  |TAMS 0x0000000080400000, 0x0000000080300000| Complete 
|   4|0x0000000080400000, 0x0000000080500000, 0x0000000080500000|100%|HC|  |TAMS 0x0000000080500000, 0x0000000080400000| Complete 
|   5|0x0000000080500000, 0x0000000080600000, 0x0000000080600000|100%|HC|  |TAMS 0x0000000080600000, 0x0000000080500000| Complete 
|   6|0x0000000080600000, 0x0000000080700000, 0x0000000080700000|100%| O|  |TAMS 0x0000000080700000, 0x0000000080600000| Untracked 
|   7|0x0000000080700000, 0x0000000080800000, 0x0000000080800000|100%| O|  |TAMS 0x0000000080800000, 0x0000000080700000| Untracked 
|   8|0x0000000080800000, 0x0000000080900000, 0x0000000080900000|100%| O|  |TAMS 0x0000000080900000, 0x0000000080800000| Untracked 
|   9|0x0000000080900000, 0x0000000080a00000, 0x0000000080a00000|100%| O|  |TAMS 0x0000000080a00000, 0x0000000080900000| Untracked 
|  10|0x0000000080a00000, 0x0000000080b00000, 0x0000000080b00000|100%| O|  |TAMS 0x0000000080b00000, 0x0000000080a00000| Untracked 
|  11|0x0000000080b00000, 0x0000000080c00000, 0x0000000080c00000|100%| O|  |TAMS 0x0000000080c00000, 0x0000000080b00000| Untracked 
|  12|0x0000000080c00000, 0x0000000080d00000, 0x0000000080d00000|100%| O|  |TAMS 0x0000000080d00000, 0x0000000080c00000| Untracked 
|  13|0x0000000080d00000, 0x0000000080e00000, 0x0000000080e00000|100%| O|  |TAMS 0x0000000080e00000, 0x0000000080d00000| Untracked 
|  14|0x0000000080e00000, 0x0000000080f00000, 0x0000000080f00000|100%| O|  |TAMS 0x0000000080f00000, 0x0000000080e00000| Untracked 
|  15|0x0000000080f00000, 0x0000000081000000, 0x0000000081000000|100%| O|  |TAMS 0x0000000081000000, 0x0000000080f00000| Untracked 
|  16|0x0000000081000000, 0x0000000081100000, 0x0000000081100000|100%| O|  |TAMS 0x0000000081100000, 0x0000000081000000| Untracked 
|  17|0x0000000081100000, 0x0000000081200000, 0x0000000081200000|100%| O|  |TAMS 0x0000000081100000, 0x0000000081100000| Untracked 
|  18|0x0000000081200000, 0x0000000081300000, 0x0000000081300000|100%| O|  |TAMS 0x0000000081200000, 0x0000000081200000| Untracked 
|  19|0x0000000081300000, 0x0000000081400000, 0x0000000081400000|100%| O|  |TAMS 0x000000008137a400, 0x0000000081300000| Untracked 
|  20|0x0000000081400000, 0x0000000081500000, 0x0000000081500000|100%| O|  |TAMS 0x0000000081400000, 0x0000000081400000| Untracked 
|  21|0x0000000081500000, 0x0000000081600000, 0x0000000081600000|100%| O|  |TAMS 0x0000000081500000, 0x0000000081500000| Untracked 
|  22|0x0000000081600000, 0x0000000081700000, 0x0000000081700000|100%| O|  |TAMS 0x0000000081600000, 0x0000000081600000| Untracked 
|  23|0x0000000081700000, 0x0000000081800000, 0x0000000081800000|100%| O|  |TAMS 0x0000000081700000, 0x0000000081700000| Untracked 
|  24|0x0000000081800000, 0x0000000081900000, 0x0000000081900000|100%|HS|  |TAMS 0x0000000081800000, 0x0000000081800000| Complete 
|  25|0x0000000081900000, 0x0000000081a00000, 0x0000000081a00000|100%| O|  |TAMS 0x0000000081900000, 0x0000000081900000| Untracked 
|  26|0x0000000081a00000, 0x0000000081b00000, 0x0000000081b00000|100%| O|  |TAMS 0x0000000081a00000, 0x0000000081a00000| Untracked 
|  27|0x0000000081b00000, 0x0000000081c00000, 0x0000000081c00000|100%| O|  |TAMS 0x0000000081b00000, 0x0000000081b00000| Untracked 
|  28|0x0000000081c00000, 0x0000000081d00000, 0x0000000081d00000|100%| O|  |TAMS 0x0000000081c00000, 0x0000000081c00000| Untracked 
|  29|0x0000000081d00000, 0x0000000081e00000, 0x0000000081e00000|100%| O|  |TAMS 0x0000000081d00000, 0x0000000081d00000| Untracked 
|  30|0x0000000081e00000, 0x0000000081f00000, 0x0000000081f00000|100%| O|  |TAMS 0x0000000081e00000, 0x0000000081e00000| Untracked 
|  31|0x0000000081f00000, 0x0000000082000000, 0x0000000082000000|100%| O|  |TAMS 0x0000000081f00000, 0x0000000081f00000| Untracked 
|  32|0x0000000082000000, 0x0000000082100000, 0x0000000082100000|100%|HS|  |TAMS 0x0000000082000000, 0x0000000082000000| Complete 
|  33|0x0000000082100000, 0x0000000082200000, 0x0000000082200000|100%|HC|  |TAMS 0x0000000082100000, 0x0000000082100000| Complete 
|  34|0x0000000082200000, 0x0000000082300000, 0x0000000082300000|100%| O|  |TAMS 0x0000000082200000, 0x0000000082200000| Untracked 
|  35|0x0000000082300000, 0x0000000082400000, 0x0000000082400000|100%| O|  |TAMS 0x0000000082300000, 0x0000000082300000| Untracked 
|  36|0x0000000082400000, 0x0000000082500000, 0x0000000082500000|100%| O|  |TAMS 0x0000000082400000, 0x0000000082400000| Untracked 
|  37|0x0000000082500000, 0x0000000082600000, 0x0000000082600000|100%| O|  |TAMS 0x0000000082500000, 0x0000000082500000| Untracked 
|  38|0x0000000082600000, 0x0000000082700000, 0x0000000082700000|100%| O|  |TAMS 0x0000000082600000, 0x0000000082600000| Untracked 
|  39|0x0000000082700000, 0x0000000082800000, 0x0000000082800000|100%| O|  |TAMS 0x0000000082700000, 0x0000000082700000| Untracked 
|  40|0x0000000082800000, 0x0000000082900000, 0x0000000082900000|100%| O|  |TAMS 0x0000000082800000, 0x0000000082800000| Untracked 
|  41|0x0000000082900000, 0x0000000082a00000, 0x0000000082a00000|100%| O|  |TAMS 0x0000000082900000, 0x0000000082900000| Untracked 
|  42|0x0000000082a00000, 0x0000000082b00000, 0x0000000082b00000|100%| O|  |TAMS 0x0000000082a00000, 0x0000000082a00000| Untracked 
|  43|0x0000000082b00000, 0x0000000082c00000, 0x0000000082c00000|100%| O|  |TAMS 0x0000000082b00000, 0x0000000082b00000| Untracked 
|  44|0x0000000082c00000, 0x0000000082d00000, 0x0000000082d00000|100%| O|  |TAMS 0x0000000082c00000, 0x0000000082c00000| Untracked 
|  45|0x0000000082d00000, 0x0000000082e00000, 0x0000000082e00000|100%| O|  |TAMS 0x0000000082d00000, 0x0000000082d00000| Untracked 
|  46|0x0000000082e00000, 0x0000000082f00000, 0x0000000082f00000|100%| O|  |TAMS 0x0000000082e00000, 0x0000000082e00000| Untracked 
|  47|0x0000000082f00000, 0x0000000083000000, 0x0000000083000000|100%| O|  |TAMS 0x0000000082f00000, 0x0000000082f00000| Untracked 
|  48|0x0000000083000000, 0x0000000083100000, 0x0000000083100000|100%| O|  |TAMS 0x0000000083000000, 0x0000000083000000| Untracked 
|  49|0x0000000083100000, 0x0000000083200000, 0x0000000083200000|100%| O|  |TAMS 0x0000000083100000, 0x0000000083100000| Untracked 
|  50|0x0000000083200000, 0x0000000083300000, 0x0000000083300000|100%| O|  |TAMS 0x0000000083200000, 0x0000000083200000| Untracked 
|  51|0x0000000083300000, 0x0000000083400000, 0x0000000083400000|100%| O|  |TAMS 0x0000000083300000, 0x0000000083300000| Untracked 
|  52|0x0000000083400000, 0x0000000083500000, 0x0000000083500000|100%| O|  |TAMS 0x0000000083400000, 0x0000000083400000| Untracked 
|  53|0x0000000083500000, 0x0000000083600000, 0x0000000083600000|100%| O|  |TAMS 0x0000000083500000, 0x0000000083500000| Untracked 
|  54|0x0000000083600000, 0x0000000083700000, 0x0000000083700000|100%| O|  |TAMS 0x0000000083600000, 0x0000000083600000| Untracked 
|  55|0x0000000083700000, 0x0000000083800000, 0x0000000083800000|100%| O|  |TAMS 0x0000000083700000, 0x0000000083700000| Untracked 
|  56|0x0000000083800000, 0x0000000083900000, 0x0000000083900000|100%| O|  |TAMS 0x0000000083800000, 0x0000000083800000| Untracked 
|  57|0x0000000083900000, 0x0000000083a00000, 0x0000000083a00000|100%| O|  |TAMS 0x0000000083900000, 0x0000000083900000| Untracked 
|  58|0x0000000083a00000, 0x0000000083b00000, 0x0000000083b00000|100%| O|  |TAMS 0x0000000083a00000, 0x0000000083a00000| Untracked 
|  59|0x0000000083b00000, 0x0000000083c00000, 0x0000000083c00000|100%| O|  |TAMS 0x0000000083b00000, 0x0000000083b00000| Untracked 
|  60|0x0000000083c00000, 0x0000000083d00000, 0x0000000083d00000|100%| O|  |TAMS 0x0000000083c00000, 0x0000000083c00000| Untracked 
|  61|0x0000000083d00000, 0x0000000083e00000, 0x0000000083e00000|100%| O|  |TAMS 0x0000000083d00000, 0x0000000083d00000| Untracked 
|  62|0x0000000083e00000, 0x0000000083f00000, 0x0000000083f00000|100%| O|  |TAMS 0x0000000083e00000, 0x0000000083e00000| Untracked 
|  63|0x0000000083f00000, 0x0000000084000000, 0x0000000084000000|100%| O|  |TAMS 0x0000000083f00000, 0x0000000083f00000| Untracked 
|  64|0x0000000084000000, 0x00000000840752d0, 0x0000000084100000| 45%| O|  |TAMS 0x0000000084000000, 0x0000000084000000| Untracked 
|  65|0x0000000084100000, 0x0000000084100000, 0x0000000084200000|  0%| F|  |TAMS 0x0000000084100000, 0x0000000084100000| Untracked 
|  66|0x0000000084200000, 0x0000000084200000, 0x0000000084300000|  0%| F|  |TAMS 0x0000000084200000, 0x0000000084200000| Untracked 
|  67|0x0000000084300000, 0x0000000084300000, 0x0000000084400000|  0%| F|  |TAMS 0x0000000084300000, 0x0000000084300000| Untracked 
|  68|0x0000000084400000, 0x0000000084400000, 0x0000000084500000|  0%| F|  |TAMS 0x0000000084400000, 0x0000000084400000| Untracked 
|  69|0x0000000084500000, 0x0000000084500000, 0x0000000084600000|  0%| F|  |TAMS 0x0000000084500000, 0x0000000084500000| Untracked 
|  70|0x0000000084600000, 0x0000000084600000, 0x0000000084700000|  0%| F|  |TAMS 0x0000000084600000, 0x0000000084600000| Untracked 
|  71|0x0000000084700000, 0x0000000084700000, 0x0000000084800000|  0%| F|  |TAMS 0x0000000084700000, 0x0000000084700000| Untracked 
|  72|0x0000000084800000, 0x0000000084800000, 0x0000000084900000|  0%| F|  |TAMS 0x0000000084800000, 0x0000000084800000| Untracked 
|  73|0x0000000084900000, 0x0000000084900000, 0x0000000084a00000|  0%| F|  |TAMS 0x0000000084900000, 0x0000000084900000| Untracked 
|  74|0x0000000084a00000, 0x0000000084a00000, 0x0000000084b00000|  0%| F|  |TAMS 0x0000000084a00000, 0x0000000084a00000| Untracked 
|  75|0x0000000084b00000, 0x0000000084b00000, 0x0000000084c00000|  0%| F|  |TAMS 0x0000000084b00000, 0x0000000084b00000| Untracked 
|  76|0x0000000084c00000, 0x0000000084c00000, 0x0000000084d00000|  0%| F|  |TAMS 0x0000000084c00000, 0x0000000084c00000| Untracked 
|  77|0x0000000084d00000, 0x0000000084d00000, 0x0000000084e00000|  0%| F|  |TAMS 0x0000000084d00000, 0x0000000084d00000| Untracked 
|  78|0x0000000084e00000, 0x0000000084e00000, 0x0000000084f00000|  0%| F|  |TAMS 0x0000000084e00000, 0x0000000084e00000| Untracked 
|  79|0x0000000084f00000, 0x0000000084f00000, 0x0000000085000000|  0%| F|  |TAMS 0x0000000084f00000, 0x0000000084f00000| Untracked 
|  80|0x0000000085000000, 0x0000000085000000, 0x0000000085100000|  0%| F|  |TAMS 0x0000000085000000, 0x0000000085000000| Untracked 
|  81|0x0000000085100000, 0x0000000085100000, 0x0000000085200000|  0%| F|  |TAMS 0x0000000085100000, 0x0000000085100000| Untracked 
|  82|0x0000000085200000, 0x0000000085200000, 0x0000000085300000|  0%| F|  |TAMS 0x0000000085200000, 0x0000000085200000| Untracked 
|  83|0x0000000085300000, 0x0000000085300000, 0x0000000085400000|  0%| F|  |TAMS 0x0000000085300000, 0x0000000085300000| Untracked 
|  84|0x0000000085400000, 0x0000000085400000, 0x0000000085500000|  0%| F|  |TAMS 0x0000000085400000, 0x0000000085400000| Untracked 
|  85|0x0000000085500000, 0x0000000085500000, 0x0000000085600000|  0%| F|  |TAMS 0x0000000085500000, 0x0000000085500000| Untracked 
|  86|0x0000000085600000, 0x0000000085600000, 0x0000000085700000|  0%| F|  |TAMS 0x0000000085600000, 0x0000000085600000| Untracked 
|  87|0x0000000085700000, 0x0000000085700000, 0x0000000085800000|  0%| F|  |TAMS 0x0000000085700000, 0x0000000085700000| Untracked 
|  88|0x0000000085800000, 0x0000000085800000, 0x0000000085900000|  0%| F|  |TAMS 0x0000000085800000, 0x0000000085800000| Untracked 
|  89|0x0000000085900000, 0x0000000085900000, 0x0000000085a00000|  0%| F|  |TAMS 0x0000000085900000, 0x0000000085900000| Untracked 
|  90|0x0000000085a00000, 0x0000000085a00000, 0x0000000085b00000|  0%| F|  |TAMS 0x0000000085a00000, 0x0000000085a00000| Untracked 
|  91|0x0000000085b00000, 0x0000000085b00000, 0x0000000085c00000|  0%| F|  |TAMS 0x0000000085b00000, 0x0000000085b00000| Untracked 
|  92|0x0000000085c00000, 0x0000000085c00000, 0x0000000085d00000|  0%| F|  |TAMS 0x0000000085c00000, 0x0000000085c00000| Untracked 
|  93|0x0000000085d00000, 0x0000000085d00000, 0x0000000085e00000|  0%| F|  |TAMS 0x0000000085d00000, 0x0000000085d00000| Untracked 
|  94|0x0000000085e00000, 0x0000000085e00000, 0x0000000085f00000|  0%| F|  |TAMS 0x0000000085e00000, 0x0000000085e00000| Untracked 
|  95|0x0000000085f00000, 0x0000000085f00000, 0x0000000086000000|  0%| F|  |TAMS 0x0000000085f00000, 0x0000000085f00000| Untracked 
|  96|0x0000000086000000, 0x0000000086000000, 0x0000000086100000|  0%| F|  |TAMS 0x0000000086000000, 0x0000000086000000| Untracked 
|  97|0x0000000086100000, 0x0000000086100000, 0x0000000086200000|  0%| F|  |TAMS 0x0000000086100000, 0x0000000086100000| Untracked 
|  98|0x0000000086200000, 0x0000000086200000, 0x0000000086300000|  0%| F|  |TAMS 0x0000000086200000, 0x0000000086200000| Untracked 
|  99|0x0000000086300000, 0x0000000086300000, 0x0000000086400000|  0%| F|  |TAMS 0x0000000086300000, 0x0000000086300000| Untracked 
| 100|0x0000000086400000, 0x0000000086400000, 0x0000000086500000|  0%| F|  |TAMS 0x0000000086400000, 0x0000000086400000| Untracked 
| 101|0x0000000086500000, 0x0000000086500000, 0x0000000086600000|  0%| F|  |TAMS 0x0000000086500000, 0x0000000086500000| Untracked 
| 102|0x0000000086600000, 0x0000000086600000, 0x0000000086700000|  0%| F|  |TAMS 0x0000000086600000, 0x0000000086600000| Untracked 
| 103|0x0000000086700000, 0x0000000086700000, 0x0000000086800000|  0%| F|  |TAMS 0x0000000086700000, 0x0000000086700000| Untracked 
| 104|0x0000000086800000, 0x0000000086800000, 0x0000000086900000|  0%| F|  |TAMS 0x0000000086800000, 0x0000000086800000| Untracked 
| 105|0x0000000086900000, 0x0000000086900000, 0x0000000086a00000|  0%| F|  |TAMS 0x0000000086900000, 0x0000000086900000| Untracked 
| 106|0x0000000086a00000, 0x0000000086a00000, 0x0000000086b00000|  0%| F|  |TAMS 0x0000000086a00000, 0x0000000086a00000| Untracked 
| 107|0x0000000086b00000, 0x0000000086b00000, 0x0000000086c00000|  0%| F|  |TAMS 0x0000000086b00000, 0x0000000086b00000| Untracked 
| 108|0x0000000086c00000, 0x0000000086c00000, 0x0000000086d00000|  0%| F|  |TAMS 0x0000000086c00000, 0x0000000086c00000| Untracked 
| 109|0x0000000086d00000, 0x0000000086d00000, 0x0000000086e00000|  0%| F|  |TAMS 0x0000000086d00000, 0x0000000086d00000| Untracked 
| 110|0x0000000086e00000, 0x0000000086e00000, 0x0000000086f00000|  0%| F|  |TAMS 0x0000000086e00000, 0x0000000086e00000| Untracked 
| 111|0x0000000086f00000, 0x0000000086f00000, 0x0000000087000000|  0%| F|  |TAMS 0x0000000086f00000, 0x0000000086f00000| Untracked 
| 112|0x0000000087000000, 0x00000000870ed0a8, 0x0000000087100000| 92%| E|CS|TAMS 0x0000000087000000, 0x0000000087000000| Complete 
| 113|0x0000000087100000, 0x0000000087200000, 0x0000000087200000|100%| E|CS|TAMS 0x0000000087100000, 0x0000000087100000| Complete 
| 114|0x0000000087200000, 0x0000000087300000, 0x0000000087300000|100%| E|CS|TAMS 0x0000000087200000, 0x0000000087200000| Complete 
| 115|0x0000000087300000, 0x0000000087400000, 0x0000000087400000|100%| E|CS|TAMS 0x0000000087300000, 0x0000000087300000| Complete 
| 116|0x0000000087400000, 0x0000000087500000, 0x0000000087500000|100%| E|CS|TAMS 0x0000000087400000, 0x0000000087400000| Complete 
| 117|0x0000000087500000, 0x0000000087600000, 0x0000000087600000|100%| E|CS|TAMS 0x0000000087500000, 0x0000000087500000| Complete 
| 118|0x0000000087600000, 0x0000000087700000, 0x0000000087700000|100%| E|CS|TAMS 0x0000000087600000, 0x0000000087600000| Complete 
| 119|0x0000000087700000, 0x0000000087700000, 0x0000000087800000|  0%| F|  |TAMS 0x0000000087700000, 0x0000000087700000| Untracked 
| 120|0x0000000087800000, 0x0000000087800000, 0x0000000087900000|  0%| F|  |TAMS 0x0000000087800000, 0x0000000087800000| Untracked 
| 121|0x0000000087900000, 0x0000000087900000, 0x0000000087a00000|  0%| F|  |TAMS 0x0000000087900000, 0x0000000087900000| Untracked 
| 122|0x0000000087a00000, 0x0000000087a00000, 0x0000000087b00000|  0%| F|  |TAMS 0x0000000087a00000, 0x0000000087a00000| Untracked 
| 123|0x0000000087b00000, 0x0000000087b8b7a0, 0x0000000087c00000| 54%| S|  |TAMS 0x0000000087b00000, 0x0000000087b00000| Complete 
| 124|0x0000000087c00000, 0x0000000087d00000, 0x0000000087d00000|100%| S|  |TAMS 0x0000000087c00000, 0x0000000087c00000| Complete 
| 125|0x0000000087d00000, 0x0000000087e00000, 0x0000000087e00000|100%| S|  |TAMS 0x0000000087d00000, 0x0000000087d00000| Complete 
| 126|0x0000000087e00000, 0x0000000087f00000, 0x0000000087f00000|100%| S|  |TAMS 0x0000000087e00000, 0x0000000087e00000| Complete 
| 127|0x0000000087f00000, 0x0000000088000000, 0x0000000088000000|100%| S|  |TAMS 0x0000000087f00000, 0x0000000087f00000| Complete 
| 128|0x0000000088000000, 0x0000000088100000, 0x0000000088100000|100%| S|  |TAMS 0x0000000088000000, 0x0000000088000000| Complete 
| 129|0x0000000088100000, 0x0000000088200000, 0x0000000088200000|100%| E|CS|TAMS 0x0000000088100000, 0x0000000088100000| Complete 
| 130|0x0000000088200000, 0x0000000088300000, 0x0000000088300000|100%| E|CS|TAMS 0x0000000088200000, 0x0000000088200000| Complete 
| 131|0x0000000088300000, 0x0000000088400000, 0x0000000088400000|100%| E|CS|TAMS 0x0000000088300000, 0x0000000088300000| Complete 
| 132|0x0000000088400000, 0x0000000088500000, 0x0000000088500000|100%| S|  |TAMS 0x0000000088400000, 0x0000000088400000| Complete 
| 133|0x0000000088500000, 0x0000000088600000, 0x0000000088600000|100%| E|CS|TAMS 0x0000000088500000, 0x0000000088500000| Complete 
| 134|0x0000000088600000, 0x0000000088700000, 0x0000000088700000|100%| E|CS|TAMS 0x0000000088600000, 0x0000000088600000| Complete 
| 135|0x0000000088700000, 0x0000000088800000, 0x0000000088800000|100%| E|CS|TAMS 0x0000000088700000, 0x0000000088700000| Complete 
| 136|0x0000000088800000, 0x0000000088900000, 0x0000000088900000|100%| E|CS|TAMS 0x0000000088800000, 0x0000000088800000| Complete 
| 137|0x0000000088900000, 0x0000000088a00000, 0x0000000088a00000|100%| E|CS|TAMS 0x0000000088900000, 0x0000000088900000| Complete 
| 138|0x0000000088a00000, 0x0000000088b00000, 0x0000000088b00000|100%| E|CS|TAMS 0x0000000088a00000, 0x0000000088a00000| Complete 
| 139|0x0000000088b00000, 0x0000000088c00000, 0x0000000088c00000|100%| E|CS|TAMS 0x0000000088b00000, 0x0000000088b00000| Complete 
| 140|0x0000000088c00000, 0x0000000088d00000, 0x0000000088d00000|100%| E|CS|TAMS 0x0000000088c00000, 0x0000000088c00000| Complete 
| 141|0x0000000088d00000, 0x0000000088e00000, 0x0000000088e00000|100%| E|CS|TAMS 0x0000000088d00000, 0x0000000088d00000| Complete 
| 142|0x0000000088e00000, 0x0000000088f00000, 0x0000000088f00000|100%| E|CS|TAMS 0x0000000088e00000, 0x0000000088e00000| Complete 
| 143|0x0000000088f00000, 0x0000000089000000, 0x0000000089000000|100%| E|CS|TAMS 0x0000000088f00000, 0x0000000088f00000| Complete 
| 144|0x0000000089000000, 0x0000000089100000, 0x0000000089100000|100%| E|CS|TAMS 0x0000000089000000, 0x0000000089000000| Complete 
| 145|0x0000000089100000, 0x0000000089200000, 0x0000000089200000|100%| E|CS|TAMS 0x0000000089100000, 0x0000000089100000| Complete 
| 146|0x0000000089200000, 0x0000000089300000, 0x0000000089300000|100%| E|CS|TAMS 0x0000000089200000, 0x0000000089200000| Complete 
| 147|0x0000000089300000, 0x0000000089400000, 0x0000000089400000|100%| E|CS|TAMS 0x0000000089300000, 0x0000000089300000| Complete 
| 148|0x0000000089400000, 0x0000000089500000, 0x0000000089500000|100%| E|CS|TAMS 0x0000000089400000, 0x0000000089400000| Complete 
| 149|0x0000000089500000, 0x0000000089600000, 0x0000000089600000|100%| E|CS|TAMS 0x0000000089500000, 0x0000000089500000| Complete 
| 150|0x0000000089600000, 0x0000000089700000, 0x0000000089700000|100%| E|CS|TAMS 0x0000000089600000, 0x0000000089600000| Complete 
| 151|0x0000000089700000, 0x0000000089800000, 0x0000000089800000|100%| E|CS|TAMS 0x0000000089700000, 0x0000000089700000| Complete 
| 152|0x0000000089800000, 0x0000000089900000, 0x0000000089900000|100%| E|CS|TAMS 0x0000000089800000, 0x0000000089800000| Complete 
| 153|0x0000000089900000, 0x0000000089a00000, 0x0000000089a00000|100%| E|CS|TAMS 0x0000000089900000, 0x0000000089900000| Complete 
| 154|0x0000000089a00000, 0x0000000089b00000, 0x0000000089b00000|100%| E|CS|TAMS 0x0000000089a00000, 0x0000000089a00000| Complete 
| 155|0x0000000089b00000, 0x0000000089c00000, 0x0000000089c00000|100%| E|CS|TAMS 0x0000000089b00000, 0x0000000089b00000| Complete 
| 156|0x0000000089c00000, 0x0000000089d00000, 0x0000000089d00000|100%| E|CS|TAMS 0x0000000089c00000, 0x0000000089c00000| Complete 
| 157|0x0000000089d00000, 0x0000000089e00000, 0x0000000089e00000|100%| E|CS|TAMS 0x0000000089d00000, 0x0000000089d00000| Complete 
| 158|0x0000000089e00000, 0x0000000089f00000, 0x0000000089f00000|100%| E|CS|TAMS 0x0000000089e00000, 0x0000000089e00000| Complete 
| 159|0x0000000089f00000, 0x000000008a000000, 0x000000008a000000|100%| E|CS|TAMS 0x0000000089f00000, 0x0000000089f00000| Complete 
| 160|0x000000008a000000, 0x000000008a100000, 0x000000008a100000|100%| E|CS|TAMS 0x000000008a000000, 0x000000008a000000| Complete 
| 161|0x000000008a100000, 0x000000008a200000, 0x000000008a200000|100%| E|CS|TAMS 0x000000008a100000, 0x000000008a100000| Complete 
| 162|0x000000008a200000, 0x000000008a300000, 0x000000008a300000|100%| E|CS|TAMS 0x000000008a200000, 0x000000008a200000| Complete 
| 163|0x000000008a300000, 0x000000008a400000, 0x000000008a400000|100%| E|CS|TAMS 0x000000008a300000, 0x000000008a300000| Complete 
| 164|0x000000008a400000, 0x000000008a500000, 0x000000008a500000|100%| E|CS|TAMS 0x000000008a400000, 0x000000008a400000| Complete 
| 165|0x000000008a500000, 0x000000008a600000, 0x000000008a600000|100%| E|CS|TAMS 0x000000008a500000, 0x000000008a500000| Complete 
| 166|0x000000008a600000, 0x000000008a700000, 0x000000008a700000|100%| E|CS|TAMS 0x000000008a600000, 0x000000008a600000| Complete 
| 167|0x000000008a700000, 0x000000008a800000, 0x000000008a800000|100%| E|CS|TAMS 0x000000008a700000, 0x000000008a700000| Complete 
| 168|0x000000008a800000, 0x000000008a900000, 0x000000008a900000|100%| E|CS|TAMS 0x000000008a800000, 0x000000008a800000| Complete 
| 169|0x000000008a900000, 0x000000008aa00000, 0x000000008aa00000|100%| E|CS|TAMS 0x000000008a900000, 0x000000008a900000| Complete 
| 170|0x000000008aa00000, 0x000000008ab00000, 0x000000008ab00000|100%| E|CS|TAMS 0x000000008aa00000, 0x000000008aa00000| Complete 
| 171|0x000000008ab00000, 0x000000008ac00000, 0x000000008ac00000|100%| E|CS|TAMS 0x000000008ab00000, 0x000000008ab00000| Complete 
| 172|0x000000008ac00000, 0x000000008ad00000, 0x000000008ad00000|100%| E|CS|TAMS 0x000000008ac00000, 0x000000008ac00000| Complete 
| 173|0x000000008ad00000, 0x000000008ae00000, 0x000000008ae00000|100%| E|CS|TAMS 0x000000008ad00000, 0x000000008ad00000| Complete 
| 174|0x000000008ae00000, 0x000000008af00000, 0x000000008af00000|100%| E|CS|TAMS 0x000000008ae00000, 0x000000008ae00000| Complete 
| 175|0x000000008af00000, 0x000000008b000000, 0x000000008b000000|100%| E|CS|TAMS 0x000000008af00000, 0x000000008af00000| Complete 
| 176|0x000000008b000000, 0x000000008b100000, 0x000000008b100000|100%| E|CS|TAMS 0x000000008b000000, 0x000000008b000000| Complete 
| 177|0x000000008b100000, 0x000000008b200000, 0x000000008b200000|100%| E|CS|TAMS 0x000000008b100000, 0x000000008b100000| Complete 
| 178|0x000000008b200000, 0x000000008b300000, 0x000000008b300000|100%| E|CS|TAMS 0x000000008b200000, 0x000000008b200000| Complete 
| 179|0x000000008b300000, 0x000000008b400000, 0x000000008b400000|100%| E|CS|TAMS 0x000000008b300000, 0x000000008b300000| Complete 
| 180|0x000000008b400000, 0x000000008b500000, 0x000000008b500000|100%| E|CS|TAMS 0x000000008b400000, 0x000000008b400000| Complete 
| 181|0x000000008b500000, 0x000000008b600000, 0x000000008b600000|100%| E|CS|TAMS 0x000000008b500000, 0x000000008b500000| Complete 
| 182|0x000000008b600000, 0x000000008b700000, 0x000000008b700000|100%| E|CS|TAMS 0x000000008b600000, 0x000000008b600000| Complete 
| 183|0x000000008b700000, 0x000000008b800000, 0x000000008b800000|100%| E|CS|TAMS 0x000000008b700000, 0x000000008b700000| Complete 
| 184|0x000000008b800000, 0x000000008b900000, 0x000000008b900000|100%| E|CS|TAMS 0x000000008b800000, 0x000000008b800000| Complete 
| 185|0x000000008b900000, 0x000000008ba00000, 0x000000008ba00000|100%| E|CS|TAMS 0x000000008b900000, 0x000000008b900000| Complete 
| 186|0x000000008ba00000, 0x000000008bb00000, 0x000000008bb00000|100%| E|CS|TAMS 0x000000008ba00000, 0x000000008ba00000| Complete 
| 187|0x000000008bb00000, 0x000000008bc00000, 0x000000008bc00000|100%| E|CS|TAMS 0x000000008bb00000, 0x000000008bb00000| Complete 
| 188|0x000000008bc00000, 0x000000008bd00000, 0x000000008bd00000|100%| E|CS|TAMS 0x000000008bc00000, 0x000000008bc00000| Complete 
| 189|0x000000008bd00000, 0x000000008be00000, 0x000000008be00000|100%| E|CS|TAMS 0x000000008bd00000, 0x000000008bd00000| Complete 
| 190|0x000000008be00000, 0x000000008bf00000, 0x000000008bf00000|100%| E|CS|TAMS 0x000000008be00000, 0x000000008be00000| Complete 
| 191|0x000000008bf00000, 0x000000008c000000, 0x000000008c000000|100%| E|CS|TAMS 0x000000008bf00000, 0x000000008bf00000| Complete 
| 192|0x000000008c000000, 0x000000008c100000, 0x000000008c100000|100%| E|CS|TAMS 0x000000008c000000, 0x000000008c000000| Complete 
| 193|0x000000008c100000, 0x000000008c200000, 0x000000008c200000|100%| E|CS|TAMS 0x000000008c100000, 0x000000008c100000| Complete 
| 194|0x000000008c200000, 0x000000008c300000, 0x000000008c300000|100%| E|CS|TAMS 0x000000008c200000, 0x000000008c200000| Complete 
| 195|0x000000008c300000, 0x000000008c400000, 0x000000008c400000|100%| E|CS|TAMS 0x000000008c300000, 0x000000008c300000| Complete 
| 196|0x000000008c400000, 0x000000008c500000, 0x000000008c500000|100%| E|CS|TAMS 0x000000008c400000, 0x000000008c400000| Complete 
| 197|0x000000008c500000, 0x000000008c600000, 0x000000008c600000|100%| E|CS|TAMS 0x000000008c500000, 0x000000008c500000| Complete 
| 198|0x000000008c600000, 0x000000008c700000, 0x000000008c700000|100%| E|CS|TAMS 0x000000008c600000, 0x000000008c600000| Complete 
| 199|0x000000008c700000, 0x000000008c800000, 0x000000008c800000|100%| E|CS|TAMS 0x000000008c700000, 0x000000008c700000| Complete 
| 200|0x000000008c800000, 0x000000008c900000, 0x000000008c900000|100%| E|CS|TAMS 0x000000008c800000, 0x000000008c800000| Complete 
| 201|0x000000008c900000, 0x000000008ca00000, 0x000000008ca00000|100%| E|CS|TAMS 0x000000008c900000, 0x000000008c900000| Complete 
| 202|0x000000008ca00000, 0x000000008cb00000, 0x000000008cb00000|100%| E|CS|TAMS 0x000000008ca00000, 0x000000008ca00000| Complete 
| 203|0x000000008cb00000, 0x000000008cc00000, 0x000000008cc00000|100%| E|CS|TAMS 0x000000008cb00000, 0x000000008cb00000| Complete 
| 204|0x000000008cc00000, 0x000000008cd00000, 0x000000008cd00000|100%| E|CS|TAMS 0x000000008cc00000, 0x000000008cc00000| Complete 
| 205|0x000000008cd00000, 0x000000008ce00000, 0x000000008ce00000|100%| E|CS|TAMS 0x000000008cd00000, 0x000000008cd00000| Complete 
| 206|0x000000008ce00000, 0x000000008cf00000, 0x000000008cf00000|100%| E|CS|TAMS 0x000000008ce00000, 0x000000008ce00000| Complete 
| 207|0x000000008cf00000, 0x000000008d000000, 0x000000008d000000|100%| E|CS|TAMS 0x000000008cf00000, 0x000000008cf00000| Complete 
| 208|0x000000008d000000, 0x000000008d100000, 0x000000008d100000|100%| E|CS|TAMS 0x000000008d000000, 0x000000008d000000| Complete 
| 209|0x000000008d100000, 0x000000008d200000, 0x000000008d200000|100%| E|CS|TAMS 0x000000008d100000, 0x000000008d100000| Complete 
| 210|0x000000008d200000, 0x000000008d300000, 0x000000008d300000|100%| E|CS|TAMS 0x000000008d200000, 0x000000008d200000| Complete 
| 211|0x000000008d300000, 0x000000008d400000, 0x000000008d400000|100%| E|CS|TAMS 0x000000008d300000, 0x000000008d300000| Complete 
| 212|0x000000008d400000, 0x000000008d500000, 0x000000008d500000|100%| E|CS|TAMS 0x000000008d400000, 0x000000008d400000| Complete 
| 213|0x000000008d500000, 0x000000008d600000, 0x000000008d600000|100%| E|CS|TAMS 0x000000008d500000, 0x000000008d500000| Complete 
| 214|0x000000008d600000, 0x000000008d700000, 0x000000008d700000|100%| E|CS|TAMS 0x000000008d600000, 0x000000008d600000| Complete 
| 215|0x000000008d700000, 0x000000008d800000, 0x000000008d800000|100%| E|CS|TAMS 0x000000008d700000, 0x000000008d700000| Complete 
| 216|0x000000008d800000, 0x000000008d900000, 0x000000008d900000|100%| E|CS|TAMS 0x000000008d800000, 0x000000008d800000| Complete 
| 217|0x000000008d900000, 0x000000008da00000, 0x000000008da00000|100%| E|CS|TAMS 0x000000008d900000, 0x000000008d900000| Complete 
| 218|0x000000008da00000, 0x000000008db00000, 0x000000008db00000|100%| E|CS|TAMS 0x000000008da00000, 0x000000008da00000| Complete 
| 219|0x000000008db00000, 0x000000008dc00000, 0x000000008dc00000|100%| E|CS|TAMS 0x000000008db00000, 0x000000008db00000| Complete 
| 220|0x000000008dc00000, 0x000000008dd00000, 0x000000008dd00000|100%| E|CS|TAMS 0x000000008dc00000, 0x000000008dc00000| Complete 
| 221|0x000000008dd00000, 0x000000008de00000, 0x000000008de00000|100%| E|CS|TAMS 0x000000008dd00000, 0x000000008dd00000| Complete 
| 222|0x000000008de00000, 0x000000008df00000, 0x000000008df00000|100%| E|CS|TAMS 0x000000008de00000, 0x000000008de00000| Complete 
| 223|0x000000008df00000, 0x000000008e000000, 0x000000008e000000|100%| E|CS|TAMS 0x000000008df00000, 0x000000008df00000| Complete 
| 224|0x000000008e000000, 0x000000008e100000, 0x000000008e100000|100%| E|CS|TAMS 0x000000008e000000, 0x000000008e000000| Complete 
| 225|0x000000008e100000, 0x000000008e200000, 0x000000008e200000|100%| E|CS|TAMS 0x000000008e100000, 0x000000008e100000| Complete 
| 226|0x000000008e200000, 0x000000008e300000, 0x000000008e300000|100%| E|CS|TAMS 0x000000008e200000, 0x000000008e200000| Complete 
| 227|0x000000008e300000, 0x000000008e400000, 0x000000008e400000|100%| E|CS|TAMS 0x000000008e300000, 0x000000008e300000| Complete 
| 228|0x000000008e400000, 0x000000008e500000, 0x000000008e500000|100%| E|CS|TAMS 0x000000008e400000, 0x000000008e400000| Complete 
| 229|0x000000008e500000, 0x000000008e600000, 0x000000008e600000|100%| E|CS|TAMS 0x000000008e500000, 0x000000008e500000| Complete 
| 230|0x000000008e600000, 0x000000008e700000, 0x000000008e700000|100%| E|CS|TAMS 0x000000008e600000, 0x000000008e600000| Complete 
| 231|0x000000008e700000, 0x000000008e800000, 0x000000008e800000|100%| E|CS|TAMS 0x000000008e700000, 0x000000008e700000| Complete 
| 232|0x000000008e800000, 0x000000008e900000, 0x000000008e900000|100%| E|CS|TAMS 0x000000008e800000, 0x000000008e800000| Complete 
| 233|0x000000008e900000, 0x000000008ea00000, 0x000000008ea00000|100%| E|CS|TAMS 0x000000008e900000, 0x000000008e900000| Complete 
| 234|0x000000008ea00000, 0x000000008eb00000, 0x000000008eb00000|100%| E|CS|TAMS 0x000000008ea00000, 0x000000008ea00000| Complete 
| 235|0x000000008eb00000, 0x000000008ec00000, 0x000000008ec00000|100%| E|CS|TAMS 0x000000008eb00000, 0x000000008eb00000| Complete 
| 236|0x000000008ec00000, 0x000000008ed00000, 0x000000008ed00000|100%| E|CS|TAMS 0x000000008ec00000, 0x000000008ec00000| Complete 
| 237|0x000000008ed00000, 0x000000008ee00000, 0x000000008ee00000|100%| E|CS|TAMS 0x000000008ed00000, 0x000000008ed00000| Complete 
| 238|0x000000008ee00000, 0x000000008ef00000, 0x000000008ef00000|100%| E|CS|TAMS 0x000000008ee00000, 0x000000008ee00000| Complete 
| 239|0x000000008ef00000, 0x000000008f000000, 0x000000008f000000|100%| E|CS|TAMS 0x000000008ef00000, 0x000000008ef00000| Complete 
| 240|0x000000008f000000, 0x000000008f100000, 0x000000008f100000|100%| E|CS|TAMS 0x000000008f000000, 0x000000008f000000| Complete 
| 241|0x000000008f100000, 0x000000008f200000, 0x000000008f200000|100%| E|CS|TAMS 0x000000008f100000, 0x000000008f100000| Complete 
| 242|0x000000008f200000, 0x000000008f300000, 0x000000008f300000|100%| E|CS|TAMS 0x000000008f200000, 0x000000008f200000| Complete 
| 243|0x000000008f300000, 0x000000008f400000, 0x000000008f400000|100%| E|CS|TAMS 0x000000008f300000, 0x000000008f300000| Complete 
| 244|0x000000008f400000, 0x000000008f500000, 0x000000008f500000|100%| E|CS|TAMS 0x000000008f400000, 0x000000008f400000| Complete 
| 245|0x000000008f500000, 0x000000008f600000, 0x000000008f600000|100%| E|CS|TAMS 0x000000008f500000, 0x000000008f500000| Complete 
| 246|0x000000008f600000, 0x000000008f700000, 0x000000008f700000|100%| E|CS|TAMS 0x000000008f600000, 0x000000008f600000| Complete 
| 247|0x000000008f700000, 0x000000008f800000, 0x000000008f800000|100%| E|CS|TAMS 0x000000008f700000, 0x000000008f700000| Complete 
| 248|0x000000008f800000, 0x000000008f900000, 0x000000008f900000|100%| E|CS|TAMS 0x000000008f800000, 0x000000008f800000| Complete 
| 249|0x000000008f900000, 0x000000008fa00000, 0x000000008fa00000|100%| E|CS|TAMS 0x000000008f900000, 0x000000008f900000| Complete 
| 250|0x000000008fa00000, 0x000000008fb00000, 0x000000008fb00000|100%| E|CS|TAMS 0x000000008fa00000, 0x000000008fa00000| Complete 
| 251|0x000000008fb00000, 0x000000008fc00000, 0x000000008fc00000|100%| E|CS|TAMS 0x000000008fb00000, 0x000000008fb00000| Complete 
| 252|0x000000008fc00000, 0x000000008fd00000, 0x000000008fd00000|100%| E|CS|TAMS 0x000000008fc00000, 0x000000008fc00000| Complete 
| 253|0x000000008fd00000, 0x000000008fe00000, 0x000000008fe00000|100%| E|CS|TAMS 0x000000008fd00000, 0x000000008fd00000| Complete 

Card table byte_map: [0x0000013476330000,0x0000013476730000] _byte_map_base: 0x0000013475f30000

Marking Bits (Prev, Next): (CMBitMap*) 0x0000013471f1fb70, (CMBitMap*) 0x0000013471f1fb38
 Prev Bits: [0x0000013478b30000, 0x000001347ab30000)
 Next Bits: [0x0000013476b30000, 0x0000013478b30000)

Polling page: 0x000001346fec0000

Metaspace:

Usage:
  Non-class:     56.01 MB capacity,    54.89 MB ( 98%) used,   973.44 KB (  2%) free+waste,   166.38 KB ( <1%) overhead. 
      Class:      8.70 MB capacity,     7.92 MB ( 91%) used,   716.89 KB (  8%) free+waste,    80.50 KB ( <1%) overhead. 
       Both:     64.70 MB capacity,    62.81 MB ( 97%) used,     1.65 MB (  3%) free+waste,   246.88 KB ( <1%) overhead. 

Virtual space:
  Non-class space:       58.00 MB reserved,      56.25 MB ( 97%) committed 
      Class space:        1.00 GB reserved,       8.75 MB ( <1%) committed 
             Both:        1.06 GB reserved,      65.00 MB (  6%) committed 

Chunk freelists:
   Non-Class:  56.00 KB
       Class:  23.00 KB
        Both:  79.00 KB

MaxMetaspaceSize: 17179869184.00 GB
CompressedClassSpaceSize: 1.00 GB

CodeHeap 'non-profiled nmethods': size=120000Kb used=4975Kb max_used=4975Kb free=115025Kb
 bounds [0x0000013407ad0000, 0x0000013407fb0000, 0x000001340f000000]
CodeHeap 'profiled nmethods': size=120000Kb used=15400Kb max_used=15400Kb free=104599Kb
 bounds [0x00000134005a0000, 0x00000134014b0000, 0x0000013407ad0000]
CodeHeap 'non-nmethods': size=5760Kb used=2253Kb max_used=2312Kb free=3506Kb
 bounds [0x0000013400000000, 0x0000013400270000, 0x00000134005a0000]
 total_blobs=7689 nmethods=6846 adapters=754
 compilation: enabled
              stopped_count=0, restarted_count=0
 full_count=0

Compilation events (20 events):
Event: 10.386 Thread 0x000001340f8b0800 nmethod 6859 0x0000013407f96690 code [0x0000013407f968e0, 0x0000013407f97a30]
Event: 10.409 Thread 0x0000013412989000 nmethod 6803 0x0000013407f98690 code [0x0000013407f98ce0, 0x0000013407f9fcc0]
Event: 10.424 Thread 0x000001347e073000 6860       4       org.apache.tools.ant.DirectoryScanner::isMorePowerfulThanExcludes (53 bytes)
Event: 10.438 Thread 0x000001347e073000 nmethod 6860 0x0000013407fa2710 code [0x0000013407fa2940, 0x0000013407fa3ab8]
Event: 10.681 Thread 0x000001340f8b0800 6861       4       java.util.concurrent.ConcurrentLinkedQueue::poll (84 bytes)
Event: 10.687 Thread 0x000001340f8b0800 nmethod 6861 0x0000013407fa4210 code [0x0000013407fa43c0, 0x0000013407fa4958]
Event: 10.761 Thread 0x000001347e073000 6862       4       sun.nio.fs.WindowsPathParser::parse (384 bytes)
Event: 10.785 Thread 0x000001347e073000 nmethod 6862 0x0000013407fa4b90 code [0x0000013407fa4e00, 0x0000013407fa65e0]
Event: 11.023 Thread 0x000001340f8b0800 6863       4       org.apache.tools.ant.DirectoryScanner$$Lambda$299/0x0000000100551c40::test (16 bytes)
Event: 11.027 Thread 0x000001347e073000 6864       4       org.apache.tools.ant.DirectoryScanner::couldHoldIncluded (38 bytes)
Event: 11.043 Thread 0x000001340f8b0800 nmethod 6863 0x0000013407fa7490 code [0x0000013407fa76e0, 0x0000013407fa89f8]
Event: 11.043 Thread 0x000001340f8b0800 6865       4       org.apache.tools.ant.types.selectors.SelectorUtils::matchPatternStart (91 bytes)
Event: 11.047 Thread 0x000001340f8b0800 nmethod 6865 0x0000013407fa9410 code [0x0000013407fa95c0, 0x0000013407fa9948]
Event: 11.048 Thread 0x000001347e073000 nmethod 6864 0x0000013407fa9b90 code [0x0000013407fa9de0, 0x0000013407faaff8]
Event: 11.230 Thread 0x000001347e07e000 6866  s    3       org.apache.tools.ant.util.VectorSet::contains (9 bytes)
Event: 11.231 Thread 0x000001347e07e000 nmethod 6866 0x00000134014a9590 code [0x00000134014a9760, 0x00000134014a9b68]
Event: 11.244 Thread 0x000001347e073000 6867       4       java.util.concurrent.locks.ReentrantLock$Sync::isHeldExclusively (16 bytes)
Event: 11.245 Thread 0x000001347e073000 nmethod 6867 0x0000013407fab990 code [0x0000013407fabb20, 0x0000013407fabb98]
Event: 11.323 Thread 0x000001347e07e000 6868       3       org.gradle.internal.serialize.InputStreamBackedDecoder::readString (8 bytes)
Event: 11.323 Thread 0x000001347e07e000 nmethod 6868 0x00000134014a9c90 code [0x00000134014a9e60, 0x00000134014a9fe8]

GC Heap History (19 events):
Event: 0.510 GC heap before
{Heap before GC invocations=0 (full 0):
 garbage-first heap   total 260096K, used 29696K [0x0000000080000000, 0x0000000100000000)
  region size 1024K, 24 young (24576K), 0 survivors (0K)
 Metaspace       used 10116K, capacity 10284K, committed 10368K, reserved 1058816K
  class space    used 1049K, capacity 1092K, committed 1152K, reserved 1048576K
}
Event: 0.514 GC heap after
{Heap after GC invocations=1 (full 0):
 garbage-first heap   total 260096K, used 8813K [0x0000000080000000, 0x0000000100000000)
  region size 1024K, 3 young (3072K), 3 survivors (3072K)
 Metaspace       used 10116K, capacity 10284K, committed 10368K, reserved 1058816K
  class space    used 1049K, capacity 1092K, committed 1152K, reserved 1048576K
}
Event: 1.616 GC heap before
{Heap before GC invocations=1 (full 0):
 garbage-first heap   total 260096K, used 95853K [0x0000000080000000, 0x0000000100000000)
  region size 1024K, 90 young (92160K), 3 survivors (3072K)
 Metaspace       used 20605K, capacity 21085K, committed 21248K, reserved 1067008K
  class space    used 2522K, capacity 2703K, committed 2816K, reserved 1048576K
}
Event: 1.621 GC heap after
{Heap after GC invocations=2 (full 0):
 garbage-first heap   total 260096K, used 15922K [0x0000000080000000, 0x0000000100000000)
  region size 1024K, 10 young (10240K), 10 survivors (10240K)
 Metaspace       used 20605K, capacity 21085K, committed 21248K, reserved 1067008K
  class space    used 2522K, capacity 2703K, committed 2816K, reserved 1048576K
}
Event: 1.928 GC heap before
{Heap before GC invocations=3 (full 0):
 garbage-first heap   total 260096K, used 57906K [0x0000000080000000, 0x0000000100000000)
  region size 1024K, 51 young (52224K), 10 survivors (10240K)
 Metaspace       used 24956K, capacity 25540K, committed 25856K, reserved 1071104K
  class space    used 3252K, capacity 3469K, committed 3584K, reserved 1048576K
}
Event: 1.933 GC heap after
{Heap after GC invocations=4 (full 0):
 garbage-first heap   total 260096K, used 18143K [0x0000000080000000, 0x0000000100000000)
  region size 1024K, 3 young (3072K), 3 survivors (3072K)
 Metaspace       used 24956K, capacity 25540K, committed 25856K, reserved 1071104K
  class space    used 3252K, capacity 3469K, committed 3584K, reserved 1048576K
}
Event: 2.601 GC heap before
{Heap before GC invocations=4 (full 0):
 garbage-first heap   total 260096K, used 88799K [0x0000000080000000, 0x0000000100000000)
  region size 1024K, 71 young (72704K), 3 survivors (3072K)
 Metaspace       used 35094K, capacity 35798K, committed 35840K, reserved 1081344K
  class space    used 4556K, capacity 4844K, committed 4864K, reserved 1048576K
}
Event: 2.608 GC heap after
{Heap after GC invocations=5 (full 0):
 garbage-first heap   total 260096K, used 24049K [0x0000000080000000, 0x0000000100000000)
  region size 1024K, 6 young (6144K), 6 survivors (6144K)
 Metaspace       used 35094K, capacity 35798K, committed 35840K, reserved 1081344K
  class space    used 4556K, capacity 4844K, committed 4864K, reserved 1048576K
}
Event: 3.741 GC heap before
{Heap before GC invocations=6 (full 0):
 garbage-first heap   total 260096K, used 122353K [0x0000000080000000, 0x0000000100000000)
  region size 1024K, 102 young (104448K), 6 survivors (6144K)
 Metaspace       used 40217K, capacity 41142K, committed 41344K, reserved 1085440K
  class space    used 5090K, capacity 5456K, committed 5504K, reserved 1048576K
}
Event: 3.761 GC heap after
{Heap after GC invocations=7 (full 0):
 garbage-first heap   total 260096K, used 31209K [0x0000000080000000, 0x0000000100000000)
  region size 1024K, 13 young (13312K), 13 survivors (13312K)
 Metaspace       used 40217K, capacity 41142K, committed 41344K, reserved 1085440K
  class space    used 5090K, capacity 5456K, committed 5504K, reserved 1048576K
}
Event: 4.862 GC heap before
{Heap before GC invocations=8 (full 0):
 garbage-first heap   total 260096K, used 145897K [0x0000000080000000, 0x0000000100000000)
  region size 1024K, 125 young (128000K), 13 survivors (13312K)
 Metaspace       used 40759K, capacity 41684K, committed 41984K, reserved 1085440K
  class space    used 5156K, capacity 5553K, committed 5632K, reserved 1048576K
}
Event: 4.870 GC heap after
{Heap after GC invocations=9 (full 0):
 garbage-first heap   total 260096K, used 33202K [0x0000000080000000, 0x0000000100000000)
  region size 1024K, 10 young (10240K), 10 survivors (10240K)
 Metaspace       used 40759K, capacity 41684K, committed 41984K, reserved 1085440K
  class space    used 5156K, capacity 5553K, committed 5632K, reserved 1048576K
}
Event: 7.840 GC heap before
{Heap before GC invocations=9 (full 0):
 garbage-first heap   total 260096K, used 159154K [0x0000000080000000, 0x0000000100000000)
  region size 1024K, 133 young (136192K), 10 survivors (10240K)
 Metaspace       used 44594K, capacity 45753K, committed 45824K, reserved 1089536K
  class space    used 5606K, capacity 6102K, committed 6144K, reserved 1048576K
}
Event: 7.853 GC heap after
{Heap after GC invocations=10 (full 0):
 garbage-first heap   total 260096K, used 48578K [0x0000000080000000, 0x0000000100000000)
  region size 1024K, 17 young (17408K), 17 survivors (17408K)
 Metaspace       used 44594K, capacity 45753K, committed 45824K, reserved 1089536K
  class space    used 5606K, capacity 6102K, committed 6144K, reserved 1048576K
}
Event: 8.773 GC heap before
{Heap before GC invocations=10 (full 0):
 garbage-first heap   total 260096K, used 176578K [0x0000000080000000, 0x0000000100000000)
  region size 1024K, 140 young (143360K), 17 survivors (17408K)
 Metaspace       used 50442K, capacity 52093K, committed 52224K, reserved 1093632K
  class space    used 6401K, capacity 7080K, committed 7168K, reserved 1048576K
}
Event: 8.785 GC heap after
{Heap after GC invocations=11 (full 0):
 garbage-first heap   total 260096K, used 56700K [0x0000000080000000, 0x0000000100000000)
  region size 1024K, 11 young (11264K), 11 survivors (11264K)
 Metaspace       used 50442K, capacity 52093K, committed 52224K, reserved 1093632K
  class space    used 6401K, capacity 7080K, committed 7168K, reserved 1048576K
}
Event: 10.063 GC heap before
{Heap before GC invocations=11 (full 0):
 garbage-first heap   total 260096K, used 181628K [0x0000000080000000, 0x0000000100000000)
  region size 1024K, 133 young (136192K), 11 survivors (11264K)
 Metaspace       used 64078K, capacity 66059K, committed 66304K, reserved 1105920K
  class space    used 8072K, capacity 8839K, committed 8960K, reserved 1048576K
}
Event: 10.073 GC heap after
{Heap after GC invocations=12 (full 0):
 garbage-first heap   total 260096K, used 66231K [0x0000000080000000, 0x0000000100000000)
  region size 1024K, 10 young (10240K), 10 survivors (10240K)
 Metaspace       used 64078K, capacity 66059K, committed 66304K, reserved 1105920K
  class space    used 8072K, capacity 8839K, committed 8960K, reserved 1048576K
}
Event: 11.439 GC heap before
{Heap before GC invocations=12 (full 0):
 garbage-first heap   total 260096K, used 190135K [0x0000000080000000, 0x0000000100000000)
  region size 1024K, 131 young (134144K), 10 survivors (10240K)
 Metaspace       used 64319K, capacity 66257K, committed 66560K, reserved 1107968K
  class space    used 8107K, capacity 8905K, committed 8960K, reserved 1048576K
}

Deoptimization events (20 events):
Event: 9.857 Thread 0x000001340fb65800 Uncommon trap: trap_request=0xffffff4d fr.pc=0x0000013407ca2ec8 relative=0x0000000000005948
Event: 9.857 Thread 0x000001340fb65800 Uncommon trap: reason=unstable_if action=reinterpret pc=0x0000013407ca2ec8 method=groovy.lang.MetaClassImpl$1MOPIter.methodNameAction(Ljava/lang/Class;Lorg/codehaus/groovy/runtime/metaclass/MetaMethodIndex$Entry;)V @ 182 c2
Event: 9.857 Thread 0x000001340fb65800 DEOPT PACKING pc=0x0000013407ca2ec8 sp=0x00000006288f3810
Event: 9.857 Thread 0x000001340fb65800 DEOPT UNPACKING pc=0x00000134000278af sp=0x00000006288f3828 mode 2
Event: 9.896 Thread 0x000001340fb65800 Uncommon trap: trap_request=0xffffff4d fr.pc=0x0000013407f52744 relative=0x0000000000000ca4
Event: 9.896 Thread 0x000001340fb65800 Uncommon trap: reason=unstable_if action=reinterpret pc=0x0000013407f52744 method=java.util.TreeMap.getEntryUsingComparator(Ljava/lang/Object;)Ljava/util/TreeMap$Entry; @ 53 c2
Event: 9.896 Thread 0x000001340fb65800 DEOPT PACKING pc=0x0000013407f52744 sp=0x00000006288f8f90
Event: 9.896 Thread 0x000001340fb65800 DEOPT UNPACKING pc=0x00000134000278af sp=0x00000006288f8eb0 mode 2
Event: 10.057 Thread 0x000001340fb65800 Uncommon trap: trap_request=0xfffffff4 fr.pc=0x0000013407f53ddc relative=0x0000000000000abc
Event: 10.057 Thread 0x000001340fb65800 Uncommon trap: reason=null_check action=make_not_entrant pc=0x0000013407f53ddc method=com.sun.beans.introspect.MethodInfo$MethodOrder.compare(Ljava/lang/reflect/Method;Ljava/lang/reflect/Method;)I @ 145 c2
Event: 10.057 Thread 0x000001340fb65800 DEOPT PACKING pc=0x0000013407f53ddc sp=0x00000006288f4060
Event: 10.057 Thread 0x000001340fb65800 DEOPT UNPACKING pc=0x00000134000278af sp=0x00000006288f4000 mode 2
Event: 10.123 Thread 0x000001340fb65800 Uncommon trap: trap_request=0xffffff4d fr.pc=0x0000013407e92948 relative=0x0000000000001968
Event: 10.123 Thread 0x000001340fb65800 Uncommon trap: reason=unstable_if action=reinterpret pc=0x0000013407e92948 method=org.codehaus.groovy.runtime.metaclass.MetaMethodIndex.addMethodToList(Ljava/lang/Object;Lgroovy/lang/MetaMethod;)Ljava/lang/Object; @ 256 c2
Event: 10.123 Thread 0x000001340fb65800 DEOPT PACKING pc=0x0000013407e92948 sp=0x00000006288f6270
Event: 10.123 Thread 0x000001340fb65800 DEOPT UNPACKING pc=0x00000134000278af sp=0x00000006288f6228 mode 2
Event: 10.251 Thread 0x000001340fb65800 Uncommon trap: trap_request=0xffffff4d fr.pc=0x0000013407d5de60 relative=0x0000000000000f40
Event: 10.251 Thread 0x000001340fb65800 Uncommon trap: reason=unstable_if action=reinterpret pc=0x0000013407d5de60 method=org.apache.tools.ant.property.ParseProperties.parseProperties(Ljava/lang/String;)Ljava/lang/Object; @ 8 c2
Event: 10.251 Thread 0x000001340fb65800 DEOPT PACKING pc=0x0000013407d5de60 sp=0x00000006288f58e0
Event: 10.251 Thread 0x000001340fb65800 DEOPT UNPACKING pc=0x00000134000278af sp=0x00000006288f58d0 mode 2

Classes redefined (0 events):
No events

Internal exceptions (20 events):
Event: 10.112 Thread 0x000001340fb65800 Exception <a 'java/lang/ClassNotFoundException'{0x000000008f505d90}: org/gradle/api/internal/file/collections/DefaultConfigurableFileTreeBeanInfo> (0x000000008f505d90) thrown at [./src/hotspot/share/classfile/systemDictionary.cpp, line 231]
Event: 10.113 Thread 0x000001340fb65800 Exception <a 'java/lang/ClassNotFoundException'{0x000000008f52e7d0}: org/gradle/api/internal/file/CompositeFileTreeBeanInfo> (0x000000008f52e7d0) thrown at [./src/hotspot/share/classfile/systemDictionary.cpp, line 231]
Event: 10.113 Thread 0x000001340fb65800 Exception <a 'java/lang/ClassNotFoundException'{0x000000008f559b90}: org/gradle/api/internal/file/CompositeFileCollectionBeanInfo> (0x000000008f559b90) thrown at [./src/hotspot/share/classfile/systemDictionary.cpp, line 231]
Event: 10.114 Thread 0x000001340fb65800 Exception <a 'java/lang/ClassNotFoundException'{0x000000008f585488}: org/gradle/api/internal/file/AbstractFileCollectionBeanInfo> (0x000000008f585488) thrown at [./src/hotspot/share/classfile/systemDictionary.cpp, line 231]
Event: 10.114 Thread 0x000001340fb65800 Exception <a 'java/lang/ClassNotFoundException'{0x000000008f5b0e78}: org/gradle/api/internal/file/AbstractFileCollectionCustomizer> (0x000000008f5b0e78) thrown at [./src/hotspot/share/classfile/systemDictionary.cpp, line 231]
Event: 10.115 Thread 0x000001340fb65800 Exception <a 'java/lang/ClassNotFoundException'{0x000000008f5ed9f8}: org/gradle/api/internal/file/CompositeFileCollectionCustomizer> (0x000000008f5ed9f8) thrown at [./src/hotspot/share/classfile/systemDictionary.cpp, line 231]
Event: 10.116 Thread 0x000001340fb65800 Exception <a 'java/lang/ClassNotFoundException'{0x000000008f41e8f8}: org/gradle/api/internal/file/CompositeFileTreeCustomizer> (0x000000008f41e8f8) thrown at [./src/hotspot/share/classfile/systemDictionary.cpp, line 231]
Event: 10.117 Thread 0x000001340fb65800 Exception <a 'java/lang/ClassNotFoundException'{0x000000008f4584e8}: org/gradle/api/internal/file/collections/DefaultConfigurableFileTreeCustomizer> (0x000000008f4584e8) thrown at [./src/hotspot/share/classfile/systemDictionary.cpp, line 231]
Event: 10.124 Thread 0x000001340fb65800 Exception <a 'java/lang/ClassNotFoundException'{0x000000008f3b93e0}: org/gradle/api/internal/artifacts/dependencies/DefaultExternalModuleDependency_DecoratedBeanInfo> (0x000000008f3b93e0) thrown at [./src/hotspot/share/classfile/systemDictionary.cpp, line 231]
Event: 10.125 Thread 0x000001340fb65800 Exception <a 'java/lang/ClassNotFoundException'{0x000000008f3f9890}: org/gradle/api/internal/artifacts/dependencies/DefaultExternalModuleDependencyBeanInfo> (0x000000008f3f9890) thrown at [./src/hotspot/share/classfile/systemDictionary.cpp, line 231]
Event: 10.125 Thread 0x000001340fb65800 Exception <a 'java/lang/ClassNotFoundException'{0x000000008f23a3a0}: org/gradle/api/internal/artifacts/dependencies/AbstractExternalModuleDependencyBeanInfo> (0x000000008f23a3a0) thrown at [./src/hotspot/share/classfile/systemDictionary.cpp, line 231]
Event: 10.126 Thread 0x000001340fb65800 Exception <a 'java/lang/ClassNotFoundException'{0x000000008f26b260}: org/gradle/api/internal/artifacts/dependencies/AbstractModuleDependencyBeanInfo> (0x000000008f26b260) thrown at [./src/hotspot/share/classfile/systemDictionary.cpp, line 231]
Event: 10.126 Thread 0x000001340fb65800 Exception <a 'java/lang/ClassNotFoundException'{0x000000008f29a6e0}: org/gradle/api/internal/artifacts/dependencies/AbstractDependencyBeanInfo> (0x000000008f29a6e0) thrown at [./src/hotspot/share/classfile/systemDictionary.cpp, line 231]
Event: 10.127 Thread 0x000001340fb65800 Exception <a 'java/lang/ClassNotFoundException'{0x000000008f2cb0a0}: org/gradle/api/internal/artifacts/dependencies/AbstractDependencyCustomizer> (0x000000008f2cb0a0) thrown at [./src/hotspot/share/classfile/systemDictionary.cpp, line 231]
Event: 10.128 Thread 0x000001340fb65800 Exception <a 'java/lang/ClassNotFoundException'{0x000000008f2feaa8}: org/gradle/api/internal/artifacts/dependencies/AbstractModuleDependencyCustomizer> (0x000000008f2feaa8) thrown at [./src/hotspot/share/classfile/systemDictionary.cpp, line 231]
Event: 10.129 Thread 0x000001340fb65800 Exception <a 'java/lang/ClassNotFoundException'{0x000000008f1589e0}: org/gradle/api/internal/artifacts/dependencies/AbstractExternalModuleDependencyCustomizer> (0x000000008f1589e0) thrown at [./src/hotspot/share/classfile/systemDictionary.cpp, line 231]
Event: 10.129 Thread 0x000001340fb65800 Exception <a 'java/lang/ClassNotFoundException'{0x000000008f1a9160}: org/gradle/api/internal/artifacts/dependencies/DefaultExternalModuleDependencyCustomizer> (0x000000008f1a9160) thrown at [./src/hotspot/share/classfile/systemDictionary.cpp, line 231]
Event: 10.130 Thread 0x000001340fb65800 Exception <a 'java/lang/ClassNotFoundException'{0x000000008f1f8aa0}: org/gradle/api/internal/artifacts/dependencies/DefaultExternalModuleDependency_DecoratedCustomizer> (0x000000008f1f8aa0) thrown at [./src/hotspot/share/classfile/systemDictionary.cpp, line 231]
Event: 10.216 Thread 0x000001340fb65800 Exception <a 'java/security/PrivilegedActionException'{0x000000008f0ec760}> (0x000000008f0ec760) thrown at [./src/hotspot/share/prims/jvm.cpp, line 1306]
Event: 10.216 Thread 0x000001340fb65800 Exception <a 'java/security/PrivilegedActionException'{0x000000008f0edcc8}> (0x000000008f0edcc8) thrown at [./src/hotspot/share/prims/jvm.cpp, line 1306]

Events (20 events):
Event: 11.321 loading class org/gradle/launcher/daemon/server/health/gc/GarbageCollectionStats done
Event: 11.321 loading class org/gradle/launcher/daemon/server/health/DaemonMemoryStatus$3
Event: 11.321 loading class org/gradle/launcher/daemon/server/health/DaemonMemoryStatus$3 done
Event: 11.321 loading class org/gradle/launcher/daemon/server/health/DaemonMemoryStatus$1
Event: 11.321 loading class org/gradle/launcher/daemon/server/health/DaemonMemoryStatus$1 done
Event: 11.321 loading class org/gradle/launcher/daemon/server/health/DaemonMemoryStatus$2
Event: 11.321 loading class org/gradle/launcher/daemon/server/health/DaemonMemoryStatus$2 done
Event: 11.322 loading class org/gradle/launcher/daemon/server/CompatibleDaemonExpirationStrategy$1
Event: 11.322 loading class org/gradle/launcher/daemon/server/CompatibleDaemonExpirationStrategy$1 done
Event: 11.322 loading class org/gradle/launcher/daemon/registry/PersistentDaemonRegistry$1
Event: 11.322 loading class org/gradle/launcher/daemon/registry/PersistentDaemonRegistry$1 done
Event: 11.322 loading class org/gradle/cache/internal/SimpleStateCache$1
Event: 11.322 loading class org/gradle/cache/internal/SimpleStateCache$1 done
Event: 11.324 loading class org/gradle/launcher/daemon/server/DaemonRegistryUnavailableExpirationStrategy$1
Event: 11.324 loading class org/gradle/launcher/daemon/server/DaemonRegistryUnavailableExpirationStrategy$1 done
Event: 11.324 loading class com/google/common/collect/Lists$TransformingSequentialList$1
Event: 11.324 loading class com/google/common/collect/Lists$TransformingSequentialList$1 done
Event: 11.324 loading class com/google/common/collect/TransformedListIterator
Event: 11.324 loading class com/google/common/collect/TransformedListIterator done
Event: 11.438 Executing VM operation: G1CollectForAllocation


Dynamic libraries:
0x00007ff7e6c20000 - 0x00007ff7e6c2a000 	C:\Program Files\Android\Android Studio\jre\bin\java.exe
0x00007ffb280d0000 - 0x00007ffb282c5000 	C:\WINDOWS\SYSTEM32\ntdll.dll
0x00007ffb26180000 - 0x00007ffb2623e000 	C:\WINDOWS\System32\KERNEL32.DLL
0x00007ffb25b40000 - 0x00007ffb25e09000 	C:\WINDOWS\System32\KERNELBASE.dll
0x00007ffb25f70000 - 0x00007ffb26070000 	C:\WINDOWS\System32\ucrtbase.dll
0x00007ffac6b00000 - 0x00007ffac6b19000 	C:\Program Files\Android\Android Studio\jre\bin\jli.dll
0x00007ffac6ae0000 - 0x00007ffac6af7000 	C:\Program Files\Android\Android Studio\jre\bin\VCRUNTIME140.dll
0x00007ffb27d00000 - 0x00007ffb27ea1000 	C:\WINDOWS\System32\USER32.dll
0x00007ffb25ac0000 - 0x00007ffb25ae2000 	C:\WINDOWS\System32\win32u.dll
0x00007ffb24bc0000 - 0x00007ffb24e5a000 	C:\WINDOWS\WinSxS\amd64_microsoft.windows.common-controls_6595b64144ccf1df_6.0.19041.1110_none_60b5254171f9507e\COMCTL32.dll
0x00007ffb26310000 - 0x00007ffb2633b000 	C:\WINDOWS\System32\GDI32.dll
0x00007ffb27ff0000 - 0x00007ffb2808e000 	C:\WINDOWS\System32\msvcrt.dll
0x00007ffb258c0000 - 0x00007ffb259cb000 	C:\WINDOWS\System32\gdi32full.dll
0x00007ffb257f0000 - 0x00007ffb2588d000 	C:\WINDOWS\System32\msvcp_win.dll
0x00007ffb27eb0000 - 0x00007ffb27ee0000 	C:\WINDOWS\System32\IMM32.DLL
0x00007ffac6a40000 - 0x00007ffac6add000 	C:\Program Files\Android\Android Studio\jre\bin\msvcp140.dll
0x00007ffac9a50000 - 0x00007ffaca51f000 	C:\Program Files\Android\Android Studio\jre\bin\server\jvm.dll
0x00007ffb26c30000 - 0x00007ffb26cdc000 	C:\WINDOWS\System32\ADVAPI32.dll
0x00007ffb27480000 - 0x00007ffb2751b000 	C:\WINDOWS\System32\sechost.dll
0x00007ffb27530000 - 0x00007ffb2765a000 	C:\WINDOWS\System32\RPCRT4.dll
0x00007ffb26ce0000 - 0x00007ffb26ce8000 	C:\WINDOWS\System32\PSAPI.DLL
0x00007ffb1f390000 - 0x00007ffb1f39a000 	C:\WINDOWS\SYSTEM32\VERSION.dll
0x00007ffb16cc0000 - 0x00007ffb16ce7000 	C:\WINDOWS\SYSTEM32\WINMM.dll
0x00007ffb0e2f0000 - 0x00007ffb0e2f9000 	C:\WINDOWS\SYSTEM32\WSOCK32.dll
0x00007ffb27180000 - 0x00007ffb271eb000 	C:\WINDOWS\System32\WS2_32.dll
0x00007ffb23a20000 - 0x00007ffb23a32000 	C:\WINDOWS\SYSTEM32\kernel.appcore.dll
0x00007ffacb690000 - 0x00007ffacb6a1000 	C:\Program Files\Android\Android Studio\jre\bin\verify.dll
0x00007ffb25070000 - 0x00007ffb25254000 	C:\WINDOWS\SYSTEM32\DBGHELP.DLL
0x00007ffb24fc0000 - 0x00007ffb24fec000 	C:\WINDOWS\SYSTEM32\dbgcore.DLL
0x00007ffb259d0000 - 0x00007ffb25a53000 	C:\WINDOWS\System32\bcryptPrimitives.dll
0x00007ffacb530000 - 0x00007ffacb559000 	C:\Program Files\Android\Android Studio\jre\bin\java.dll
0x00007ffb20830000 - 0x00007ffb2083b000 	C:\Program Files\Android\Android Studio\jre\bin\jimage.dll
0x00007ffacb510000 - 0x00007ffacb528000 	C:\Program Files\Android\Android Studio\jre\bin\zip.dll
0x00007ffb26340000 - 0x00007ffb26a7f000 	C:\WINDOWS\System32\SHELL32.dll
0x00007ffb23280000 - 0x00007ffb23a10000 	C:\WINDOWS\SYSTEM32\windows.storage.dll
0x00007ffb279a0000 - 0x00007ffb27cf5000 	C:\WINDOWS\System32\combase.dll
0x00007ffb24b50000 - 0x00007ffb24b7c000 	C:\WINDOWS\SYSTEM32\Wldp.dll
0x00007ffb27f40000 - 0x00007ffb27fed000 	C:\WINDOWS\System32\SHCORE.dll
0x00007ffb27ee0000 - 0x00007ffb27f35000 	C:\WINDOWS\System32\shlwapi.dll
0x00007ffb25730000 - 0x00007ffb2574f000 	C:\WINDOWS\SYSTEM32\profapi.dll
0x00007ffac9a30000 - 0x00007ffac9a4a000 	C:\Program Files\Android\Android Studio\jre\bin\net.dll
0x00007ffb18710000 - 0x00007ffb18818000 	C:\WINDOWS\SYSTEM32\WINHTTP.dll
0x00007ffb24850000 - 0x00007ffb248ba000 	C:\WINDOWS\system32\mswsock.dll
0x00007ffac9a10000 - 0x00007ffac9a24000 	C:\Program Files\Android\Android Studio\jre\bin\nio.dll
0x00007ffacfb20000 - 0x00007ffacfb47000 	C:\Users\Quoc Minh\.gradle\native\fdc75f09e3144964f2cf3f50f0aa648679c211496f362492102eb8c894070792\windows-amd64\native-platform.dll
0x00007ffacb870000 - 0x00007ffacba06000 	C:\Users\Quoc Minh\.gradle\native\12488b8bf47d2d4c9fbf2f6322a914ad602e24e48041cd04a747c6da556b65c4\windows-amd64\native-platform-file-events.dll
0x00007ffb18410000 - 0x00007ffb1841a000 	C:\Program Files\Android\Android Studio\jre\bin\management.dll
0x00007ffb0e4a0000 - 0x00007ffb0e4ac000 	C:\Program Files\Android\Android Studio\jre\bin\management_ext.dll
0x00007ffb25570000 - 0x00007ffb25588000 	C:\WINDOWS\SYSTEM32\CRYPTSP.dll
0x00007ffb241f0000 - 0x00007ffb24224000 	C:\WINDOWS\system32\rsaenh.dll
0x00007ffb25890000 - 0x00007ffb258b7000 	C:\WINDOWS\System32\bcrypt.dll
0x00007ffb256b0000 - 0x00007ffb256de000 	C:\WINDOWS\SYSTEM32\USERENV.dll
0x00007ffb24b40000 - 0x00007ffb24b4c000 	C:\WINDOWS\SYSTEM32\CRYPTBASE.dll
0x00007ffb24540000 - 0x00007ffb2457b000 	C:\WINDOWS\SYSTEM32\IPHLPAPI.DLL
0x00007ffb27170000 - 0x00007ffb27178000 	C:\WINDOWS\System32\NSI.dll
0x00007ffb1e980000 - 0x00007ffb1e997000 	C:\WINDOWS\SYSTEM32\dhcpcsvc6.DLL
0x00007ffb1e740000 - 0x00007ffb1e75d000 	C:\WINDOWS\SYSTEM32\dhcpcsvc.DLL
0x00007ffb24580000 - 0x00007ffb2464c000 	C:\WINDOWS\SYSTEM32\DNSAPI.dll
0x00007ffb1ebd0000 - 0x00007ffb1ebdb000 	C:\WINDOWS\SYSTEM32\WINNSI.DLL

dbghelp: loaded successfully - version: 4.0.5 - missing functions: none
symbol engine: initialized successfully - sym options: 0x614 - pdb path: .;C:\Program Files\Android\Android Studio\jre\bin;C:\WINDOWS\SYSTEM32;C:\WINDOWS\WinSxS\amd64_microsoft.windows.common-controls_6595b64144ccf1df_6.0.19041.1110_none_60b5254171f9507e;C:\Program Files\Android\Android Studio\jre\bin\server;C:\Users\Quoc Minh\.gradle\native\fdc75f09e3144964f2cf3f50f0aa648679c211496f362492102eb8c894070792\windows-amd64;C:\Users\Quoc Minh\.gradle\native\12488b8bf47d2d4c9fbf2f6322a914ad602e24e48041cd04a747c6da556b65c4\windows-amd64

VM Arguments:
jvm_args: -XX:MaxPermSize=512m -XX:+HeapDumpOnOutOfMemoryError --add-opens=java.base/java.util=ALL-UNNAMED --add-opens=java.base/java.lang=ALL-UNNAMED --add-opens=java.base/java.lang.invoke=ALL-UNNAMED --add-opens=java.prefs/java.util.prefs=ALL-UNNAMED -Xmx2048m -Dfile.encoding=UTF-8 -Duser.country=US -Duser.language=en -Duser.variant 
java_command: org.gradle.launcher.daemon.bootstrap.GradleDaemon 6.8
java_class_path (initial): C:\Users\Quoc Minh\.gradle\wrapper\dists\gradle-6.8-all\9emh0d32e025cam7aasxcw002\gradle-6.8\lib\gradle-launcher-6.8.jar
Launcher Type: SUN_STANDARD

[Global flags]
     intx CICompilerCount                          = 4                                         {product} {ergonomic}
     uint ConcGCThreads                            = 3                                         {product} {ergonomic}
     uint G1ConcRefinementThreads                  = 10                                        {product} {ergonomic}
   size_t G1HeapRegionSize                         = 1048576                                   {product} {ergonomic}
    uintx GCDrainStackTargetSize                   = 64                                        {product} {ergonomic}
     bool HeapDumpOnOutOfMemoryError               = true                                   {manageable} {command line}
   size_t InitialHeapSize                          = 266338304                                 {product} {ergonomic}
   size_t MarkStackSize                            = 4194304                                   {product} {ergonomic}
   size_t MaxHeapSize                              = 2147483648                                {product} {command line}
   size_t MaxNewSize                               = 1287651328                                {product} {ergonomic}
   size_t MinHeapDeltaBytes                        = 1048576                                   {product} {ergonomic}
    uintx NonNMethodCodeHeapSize                   = 5836300                                {pd product} {ergonomic}
    uintx NonProfiledCodeHeapSize                  = 122910970                              {pd product} {ergonomic}
    uintx ProfiledCodeHeapSize                     = 122910970                              {pd product} {ergonomic}
    uintx ReservedCodeCacheSize                    = 251658240                              {pd product} {ergonomic}
     bool SegmentedCodeCache                       = true                                      {product} {ergonomic}
     bool UseCompressedClassPointers               = true                                 {lp64_product} {ergonomic}
     bool UseCompressedOops                        = true                                 {lp64_product} {ergonomic}
     bool UseG1GC                                  = true                                      {product} {ergonomic}
     bool UseLargePagesIndividualAllocation        = false                                  {pd product} {ergonomic}

Logging:
Log output configuration:
 #0: stdout all=warning uptime,level,tags
 #1: stderr all=off uptime,level,tags

Environment Variables:
JAVA_HOME=C:\Program Files\Android\Android Studio\jre
CLASSPATH=D:\ReactNative\FullApp\TestProject\android\\gradle\wrapper\gradle-wrapper.jar
PATH=C:\Program Files (x86)\Intel\Intel(R) Management Engine Components\iCLS\;C:\Program Files\Intel\Intel(R) Management Engine Components\iCLS\;C:\Windows\system32;C:\Windows;C:\Windows\System32\Wbem;C:\Windows\System32\WindowsPowerShell\v1.0\;C:\Windows\System32\OpenSSH\;C:\Program Files (x86)\NVIDIA Corporation\PhysX\Common;C:\Program Files\Intel\WiFi\bin\;C:\Program Files\Common Files\Intel\WirelessCommon\;C:\Program Files (x86)\Intel\Intel(R) Management Engine Components\DAL;C:\Program Files\Intel\Intel(R) Management Engine Components\DAL;C:\Program Files (x86)\Intel\Intel(R) Management Engine Components\IPT;C:\Program Files\Intel\Intel(R) Management Engine Components\IPT;C:\WINDOWS\system32;C:\WINDOWS;C:\WINDOWS\System32\Wbem;C:\WINDOWS\System32\WindowsPowerShell\v1.0\;C:\WINDOWS\System32\OpenSSH\;C:\Program Files\Microsoft SQL Server\Client SDK\ODBC\170\Tools\Binn\;C:\Program Files (x86)\Microsoft SQL Server\150\Tools\Binn\;C:\Program Files\Microsoft SQL Server\150\Tools\Binn\;C:\Program Files\Microsoft SQL Server\150\DTS\Binn\;C:\Program Files (x86)\Microsoft SQL Server\150\DTS\Binn\;C:\Program Files\Azure Data Studio\bin;C:\Program Files\Git\cmd;C:\Program Files\nodejs\;C:\Users\Quoc Minh\AppData\Local\python2\scripts;C:\Users\Quoc Minh\AppData\Local\python2;C:\Users\Quoc Minh\AppData\Local\Microsoft\WindowsApps;C:\Program Files\Azure Data Studio\bin;D:\Android\SDK\Sdk\platform-tools;D:\Android\SDK\Sdk\tools;D:\Microsoft VS Code\bin;C:\Users\Quoc Minh\AppData\Roaming\npm;C:\Program Files\MongoDB\Server\5.0\bin\;C:\Program Files\heroku\bin
USERNAME=Quoc Minh
LANG=en_US.UTF-8
OS=Windows_NT
PROCESSOR_IDENTIFIER=Intel64 Family 6 Model 158 Stepping 10, GenuineIntel



---------------  S Y S T E M  ---------------

OS: Windows 10 , 64 bit Build 19041 (10.0.19041.1202)
OS uptime: 0 days 1:45 hours

CPU:total 12 (initial active 12) (6 cores per cpu, 2 threads per core) family 6 model 158 stepping 10 microcode 0xb4, cmov, cx8, fxsr, mmx, sse, sse2, sse3, ssse3, sse4.1, sse4.2, popcnt, avx, avx2, aes, clmul, erms, 3dnowpref, lzcnt, ht, tsc, tscinvbit, bmi1, bmi2, adx, fma

Memory: 4k page, system-wide physical 16230M (5522M free)
TotalPageFile size 18895M (AvailPageFile size 3061M)
current process WorkingSet (physical memory assigned to process): 439M, peak: 455M
current process commit charge ("private bytes"): 523M, peak: 548M

vm_info: OpenJDK 64-Bit Server VM (11.0.10+0-b96-7249189) for windows-amd64 JRE (11.0.10+0-b96-7249189), built on Mar 31 2021 21:44:00 by "builder" with MS VC++ 14.0 (VS2015)

END.
