#
# A fatal error has been detected by the Java Runtime Environment:
#
#  EXCEPTION_ACCESS_VIOLATION (0xc0000005) at pc=0x00007ff8dc2f7688, pid=13188, tid=17348
#
# JRE version: OpenJDK Runtime Environment (11.0.10) (build 11.0.10+0-b96-7249189)
# Java VM: OpenJDK 64-Bit Server VM (11.0.10+0-b96-7249189, mixed mode, tiered, compressed oops, g1 gc, windows-amd64)
# Problematic frame:
# V  [jvm.dll+0x6b7688]
#
# No core dump will be written. Minidumps are not enabled by default on client versions of Windows
#
# If you would like to submit a bug report, please visit:
#   https://bugreport.java.com/bugreport/crash.jsp
#

---------------  S U M M A R Y ------------

Command Line: org.jetbrains.kotlin.cli.jvm.K2JVMCompiler @D:\ReactNative\FullApp\TestProject\node_modules\expo-splash-screen\android\build\20211111_3888222807290567808.compiler.options

Host: Intel(R) Core(TM) i7-8750H CPU @ 2.20GHz, 12 cores, 15G,  Windows 10 , 64 bit Build 19041 (10.0.19041.1202)
Time: Thu Nov 11 10:58:10 2021 SE Asia Standard Time elapsed time: 3.029541 seconds (0d 0h 0m 3s)

---------------  T H R E A D  ---------------

Current thread (0x0000026bd8cbe000):  JavaThread "main" [_thread_in_vm, id=17348, stack(0x000000fb2bb00000,0x000000fb2bc00000)]

Stack: [0x000000fb2bb00000,0x000000fb2bc00000],  sp=0x000000fb2bbfa6b0,  free space=1001k
Native frames: (J=compiled Java code, j=interpreted, Vv=VM code, C=native code)
V  [jvm.dll+0x6b7688]
V  [jvm.dll+0x6b7330]
V  [jvm.dll+0x6b779a]
V  [jvm.dll+0x1c093a]
V  [jvm.dll+0x1bf4d3]
V  [jvm.dll+0x1c4428]
V  [jvm.dll+0x1b9a74]
V  [jvm.dll+0x4c924b]
V  [jvm.dll+0x6c09bb]
V  [jvm.dll+0x3e2794]
V  [jvm.dll+0x3e6a59]
C  [java.dll+0x19b8]

Java frames: (J=compiled Java code, j=interpreted, Vv=VM code)
J 530  java.lang.ClassLoader.defineClass1(Ljava/lang/ClassLoader;Ljava/lang/String;[BIILjava/security/ProtectionDomain;Ljava/lang/String;)Ljava/lang/Class; java.base@11.0.10 (0 bytes) @ 0x0000026be63d680b [0x0000026be63d6740+0x00000000000000cb]
J 475 c1 java.lang.ClassLoader.defineClass(Ljava/lang/String;[BIILjava/security/ProtectionDomain;)Ljava/lang/Class; java.base@11.0.10 (43 bytes) @ 0x0000026bdef4697c [0x0000026bdef46620+0x000000000000035c]
J 416 c1 jdk.internal.loader.BuiltinClassLoader.defineClass(Ljava/lang/String;Ljdk/internal/loader/Resource;)Ljava/lang/Class; java.base@11.0.10 (121 bytes) @ 0x0000026bdef22434 [0x0000026bdef212c0+0x0000000000001174]
J 365 c1 jdk.internal.loader.BuiltinClassLoader.findClassOnClassPathOrNull(Ljava/lang/String;)Ljava/lang/Class; java.base@11.0.10 (64 bytes) @ 0x0000026bdeefcdb4 [0x0000026bdeefcbc0+0x00000000000001f4]
J 2707 c1 jdk.internal.loader.BuiltinClassLoader.loadClassOrNull(Ljava/lang/String;Z)Ljava/lang/Class; java.base@11.0.10 (143 bytes) @ 0x0000026bdf3a20a4 [0x0000026bdf3a0f00+0x00000000000011a4]
J 398 c1 jdk.internal.loader.BuiltinClassLoader.loadClass(Ljava/lang/String;Z)Ljava/lang/Class; java.base@11.0.10 (22 bytes) @ 0x0000026bdef11ce4 [0x0000026bdef11be0+0x0000000000000104]
J 3114 c2 java.lang.ClassLoader.loadClass(Ljava/lang/String;)Ljava/lang/Class; java.base@11.0.10 (7 bytes) @ 0x0000026be6550944 [0x0000026be65508e0+0x0000000000000064]
v  ~StubRoutines::call_stub
J 530  java.lang.ClassLoader.defineClass1(Ljava/lang/ClassLoader;Ljava/lang/String;[BIILjava/security/ProtectionDomain;Ljava/lang/String;)Ljava/lang/Class; java.base@11.0.10 (0 bytes) @ 0x0000026be63d680b [0x0000026be63d6740+0x00000000000000cb]
J 475 c1 java.lang.ClassLoader.defineClass(Ljava/lang/String;[BIILjava/security/ProtectionDomain;)Ljava/lang/Class; java.base@11.0.10 (43 bytes) @ 0x0000026bdef4697c [0x0000026bdef46620+0x000000000000035c]
J 416 c1 jdk.internal.loader.BuiltinClassLoader.defineClass(Ljava/lang/String;Ljdk/internal/loader/Resource;)Ljava/lang/Class; java.base@11.0.10 (121 bytes) @ 0x0000026bdef22434 [0x0000026bdef212c0+0x0000000000001174]
J 365 c1 jdk.internal.loader.BuiltinClassLoader.findClassOnClassPathOrNull(Ljava/lang/String;)Ljava/lang/Class; java.base@11.0.10 (64 bytes) @ 0x0000026bdeefcdb4 [0x0000026bdeefcbc0+0x00000000000001f4]
J 2707 c1 jdk.internal.loader.BuiltinClassLoader.loadClassOrNull(Ljava/lang/String;Z)Ljava/lang/Class; java.base@11.0.10 (143 bytes) @ 0x0000026bdf3a20a4 [0x0000026bdf3a0f00+0x00000000000011a4]
J 398 c1 jdk.internal.loader.BuiltinClassLoader.loadClass(Ljava/lang/String;Z)Ljava/lang/Class; java.base@11.0.10 (22 bytes) @ 0x0000026bdef11ce4 [0x0000026bdef11be0+0x0000000000000104]
J 3114 c2 java.lang.ClassLoader.loadClass(Ljava/lang/String;)Ljava/lang/Class; java.base@11.0.10 (7 bytes) @ 0x0000026be6550944 [0x0000026be65508e0+0x0000000000000064]
v  ~StubRoutines::call_stub
j  org.jetbrains.kotlin.types.expressions.ControlStructureTypingUtils.createTracingForSpecialConstruction(Lorg/jetbrains/kotlin/psi/Call;Ljava/lang/String;Lorg/jetbrains/kotlin/types/expressions/ExpressionTypingContext;)Lorg/jetbrains/kotlin/resolve/calls/tasks/TracingStrategy;+38
j  org.jetbrains.kotlin.types.expressions.ControlStructureTypingUtils.resolveSpecialConstructionAsCall(Lorg/jetbrains/kotlin/psi/Call;Lorg/jetbrains/kotlin/descriptors/impl/SimpleFunctionDescriptorImpl;Lorg/jetbrains/kotlin/types/expressions/ControlStructureTypingUtils$ResolveConstruct;Lorg/jetbrains/kotlin/types/expressions/ExpressionTypingContext;Lorg/jetbrains/kotlin/resolve/calls/model/MutableDataFlowInfoForArguments;)Lorg/jetbrains/kotlin/resolve/calls/model/ResolvedCall;+45
j  org.jetbrains.kotlin.types.expressions.ControlStructureTypingUtils.resolveSpecialConstructionAsCall(Lorg/jetbrains/kotlin/psi/Call;Lorg/jetbrains/kotlin/types/expressions/ControlStructureTypingUtils$ResolveConstruct;Ljava/util/List;Ljava/util/List;Lorg/jetbrains/kotlin/types/expressions/ExpressionTypingContext;Lorg/jetbrains/kotlin/resolve/calls/model/MutableDataFlowInfoForArguments;)Lorg/jetbrains/kotlin/resolve/calls/model/ResolvedCall;+64
j  org.jetbrains.kotlin.types.expressions.BasicExpressionTypingVisitor.visitElvisExpression(Lorg/jetbrains/kotlin/psi/KtBinaryExpression;Lorg/jetbrains/kotlin/types/expressions/ExpressionTypingContext;)Lorg/jetbrains/kotlin/types/expressions/KotlinTypeInfo;+157
j  org.jetbrains.kotlin.types.expressions.BasicExpressionTypingVisitor.visitBinaryExpression(Lorg/jetbrains/kotlin/psi/KtBinaryExpression;Lorg/jetbrains/kotlin/types/expressions/ExpressionTypingContext;)Lorg/jetbrains/kotlin/types/expressions/KotlinTypeInfo;+145
j  org.jetbrains.kotlin.types.expressions.ExpressionTypingVisitorDispatcher.visitBinaryExpression(Lorg/jetbrains/kotlin/psi/KtBinaryExpression;Lorg/jetbrains/kotlin/types/expressions/ExpressionTypingContext;)Lorg/jetbrains/kotlin/types/expressions/KotlinTypeInfo;+15
j  org.jetbrains.kotlin.types.expressions.ExpressionTypingVisitorDispatcher$ForDeclarations.visitBinaryExpression(Lorg/jetbrains/kotlin/psi/KtBinaryExpression;Ljava/lang/Object;)Ljava/lang/Object;+6
j  org.jetbrains.kotlin.psi.KtBinaryExpression.accept(Lorg/jetbrains/kotlin/psi/KtVisitor;Ljava/lang/Object;)Ljava/lang/Object;+11
j  org.jetbrains.kotlin.types.expressions.ExpressionTypingVisitorDispatcher.lambda$getTypeInfo$0(Lorg/jetbrains/kotlin/psi/KtExpression;Lorg/jetbrains/kotlin/types/expressions/ExpressionTypingContext;Lorg/jetbrains/kotlin/psi/KtVisitor;)Lorg/jetbrains/kotlin/types/expressions/KotlinTypeInfo;+43
j  org.jetbrains.kotlin.types.expressions.ExpressionTypingVisitorDispatcher$$Lambda$195.invoke()Ljava/lang/Object;+16
j  org.jetbrains.kotlin.util.PerformanceCounter.time(Lkotlin/jvm/functions/Function0;)Ljava/lang/Object;+25
j  org.jetbrains.kotlin.types.expressions.ExpressionTypingVisitorDispatcher.getTypeInfo(Lorg/jetbrains/kotlin/psi/KtExpression;Lorg/jetbrains/kotlin/types/expressions/ExpressionTypingContext;Lorg/jetbrains/kotlin/psi/KtVisitor;)Lorg/jetbrains/kotlin/types/expressions/KotlinTypeInfo;+24
j  org.jetbrains.kotlin.types.expressions.ExpressionTypingVisitorDispatcher.getTypeInfo(Lorg/jetbrains/kotlin/psi/KtExpression;Lorg/jetbrains/kotlin/types/expressions/ExpressionTypingContext;)Lorg/jetbrains/kotlin/types/expressions/KotlinTypeInfo;+13
j  org.jetbrains.kotlin.types.expressions.ExpressionTypingVisitorDispatcher.getTypeInfo(Lorg/jetbrains/kotlin/psi/KtExpression;Lorg/jetbrains/kotlin/types/expressions/ExpressionTypingContext;Z)Lorg/jetbrains/kotlin/types/expressions/KotlinTypeInfo;+34
j  org.jetbrains.kotlin.types.expressions.ExpressionTypingServices.getTypeInfo(Lorg/jetbrains/kotlin/resolve/scopes/LexicalScope;Lorg/jetbrains/kotlin/psi/KtExpression;Lorg/jetbrains/kotlin/types/KotlinType;Lorg/jetbrains/kotlin/resolve/calls/smartcasts/DataFlowInfo;Lorg/jetbrains/kotlin/resolve/calls/components/InferenceSession;Lorg/jetbrains/kotlin/resolve/BindingTrace;ZLorg/jetbrains/kotlin/psi/KtExpression;Lorg/jetbrains/kotlin/resolve/calls/context/ContextDependency;)Lorg/jetbrains/kotlin/types/expressions/KotlinTypeInfo;+140
j  org.jetbrains.kotlin.types.expressions.ExpressionTypingServices.getTypeInfo(Lorg/jetbrains/kotlin/resolve/scopes/LexicalScope;Lorg/jetbrains/kotlin/psi/KtExpression;Lorg/jetbrains/kotlin/types/KotlinType;Lorg/jetbrains/kotlin/resolve/calls/smartcasts/DataFlowInfo;Lorg/jetbrains/kotlin/resolve/calls/components/InferenceSession;Lorg/jetbrains/kotlin/resolve/BindingTrace;Z)Lorg/jetbrains/kotlin/types/expressions/KotlinTypeInfo;+73
j  org.jetbrains.kotlin.types.expressions.ExpressionTypingServices.getType(Lorg/jetbrains/kotlin/resolve/scopes/LexicalScope;Lorg/jetbrains/kotlin/psi/KtExpression;Lorg/jetbrains/kotlin/types/KotlinType;Lorg/jetbrains/kotlin/resolve/calls/smartcasts/DataFlowInfo;Lorg/jetbrains/kotlin/resolve/calls/components/InferenceSession;Lorg/jetbrains/kotlin/resolve/BindingTrace;)Lorg/jetbrains/kotlin/types/KotlinType;+68
j  org.jetbrains.kotlin.resolve.BodyResolver.resolvePropertyInitializer(Lorg/jetbrains/kotlin/resolve/calls/smartcasts/DataFlowInfo;Lorg/jetbrains/kotlin/psi/KtProperty;Lorg/jetbrains/kotlin/descriptors/PropertyDescriptor;Lorg/jetbrains/kotlin/psi/KtExpression;Lorg/jetbrains/kotlin/resolve/scopes/LexicalScope;)V+106
j  org.jetbrains.kotlin.resolve.BodyResolver.resolveProperty(Lorg/jetbrains/kotlin/resolve/BodiesResolveContext;Lorg/jetbrains/kotlin/psi/KtProperty;Lorg/jetbrains/kotlin/descriptors/PropertyDescriptor;)V+86
j  org.jetbrains.kotlin.resolve.BodyResolver.resolvePropertyDeclarationBodies(Lorg/jetbrains/kotlin/resolve/BodiesResolveContext;)V+171
j  org.jetbrains.kotlin.resolve.BodyResolver.resolveBehaviorDeclarationBodies(Lorg/jetbrains/kotlin/resolve/BodiesResolveContext;)V+16
j  org.jetbrains.kotlin.resolve.BodyResolver.resolveBodies(Lorg/jetbrains/kotlin/resolve/BodiesResolveContext;)V+11
j  org.jetbrains.kotlin.resolve.LazyTopDownAnalyzer.analyzeDeclarations(Lorg/jetbrains/kotlin/resolve/TopDownAnalysisMode;Ljava/util/Collection;Lorg/jetbrains/kotlin/resolve/calls/smartcasts/DataFlowInfo;)Lorg/jetbrains/kotlin/resolve/TopDownAnalysisContext;+331
j  org.jetbrains.kotlin.resolve.LazyTopDownAnalyzer.analyzeDeclarations$default(Lorg/jetbrains/kotlin/resolve/LazyTopDownAnalyzer;Lorg/jetbrains/kotlin/resolve/TopDownAnalysisMode;Ljava/util/Collection;Lorg/jetbrains/kotlin/resolve/calls/smartcasts/DataFlowInfo;ILjava/lang/Object;)Lorg/jetbrains/kotlin/resolve/TopDownAnalysisContext;+18
j  org.jetbrains.kotlin.cli.jvm.compiler.TopDownAnalyzerFacadeForJVM.analyzeFilesWithJavaIntegration(Lorg/jetbrains/kotlin/com/intellij/openapi/project/Project;Ljava/util/Collection;Lorg/jetbrains/kotlin/resolve/BindingTrace;Lorg/jetbrains/kotlin/config/CompilerConfiguration;Lkotlin/jvm/functions/Function1;Lkotlin/jvm/functions/Function2;Lorg/jetbrains/kotlin/com/intellij/psi/search/GlobalSearchScope;Ljava/util/List;)Lorg/jetbrains/kotlin/analyzer/AnalysisResult;+263
j  org.jetbrains.kotlin.cli.jvm.compiler.TopDownAnalyzerFacadeForJVM.analyzeFilesWithJavaIntegration$default(Lorg/jetbrains/kotlin/com/intellij/openapi/project/Project;Ljava/util/Collection;Lorg/jetbrains/kotlin/resolve/BindingTrace;Lorg/jetbrains/kotlin/config/CompilerConfiguration;Lkotlin/jvm/functions/Function1;Lkotlin/jvm/functions/Function2;Lorg/jetbrains/kotlin/com/intellij/psi/search/GlobalSearchScope;Ljava/util/List;ILjava/lang/Object;)Lorg/jetbrains/kotlin/analyzer/AnalysisResult;+60
j  org.jetbrains.kotlin.cli.jvm.compiler.KotlinToJVMBytecodeCompiler$analyze$1.invoke()Lorg/jetbrains/kotlin/analyzer/AnalysisResult;+284
j  org.jetbrains.kotlin.cli.jvm.compiler.KotlinToJVMBytecodeCompiler$analyze$1.invoke()Ljava/lang/Object;+1
j  org.jetbrains.kotlin.cli.common.messages.AnalyzerWithCompilerReport.analyzeAndReport(Ljava/util/Collection;Lkotlin/jvm/functions/Function0;)V+16
j  org.jetbrains.kotlin.cli.jvm.compiler.KotlinToJVMBytecodeCompiler.analyze(Lorg/jetbrains/kotlin/cli/jvm/compiler/KotlinCoreEnvironment;)Lorg/jetbrains/kotlin/analyzer/AnalysisResult;+154
j  org.jetbrains.kotlin.cli.jvm.compiler.KotlinToJVMBytecodeCompiler.compileModules$cli(Lorg/jetbrains/kotlin/cli/jvm/compiler/KotlinCoreEnvironment;Ljava/io/File;Ljava/util/List;Z)Z+362
j  org.jetbrains.kotlin.cli.jvm.compiler.KotlinToJVMBytecodeCompiler.compileModules$cli$default(Lorg/jetbrains/kotlin/cli/jvm/compiler/KotlinToJVMBytecodeCompiler;Lorg/jetbrains/kotlin/cli/jvm/compiler/KotlinCoreEnvironment;Ljava/io/File;Ljava/util/List;ZILjava/lang/Object;)Z+17
j  org.jetbrains.kotlin.cli.jvm.K2JVMCompiler.doExecute(Lorg/jetbrains/kotlin/cli/common/arguments/K2JVMCompilerArguments;Lorg/jetbrains/kotlin/config/CompilerConfiguration;Lorg/jetbrains/kotlin/com/intellij/openapi/Disposable;Lorg/jetbrains/kotlin/utils/KotlinPaths;)Lorg/jetbrains/kotlin/cli/common/ExitCode;+1272
j  org.jetbrains.kotlin.cli.jvm.K2JVMCompiler.doExecute(Lorg/jetbrains/kotlin/cli/common/arguments/CommonCompilerArguments;Lorg/jetbrains/kotlin/config/CompilerConfiguration;Lorg/jetbrains/kotlin/com/intellij/openapi/Disposable;Lorg/jetbrains/kotlin/utils/KotlinPaths;)Lorg/jetbrains/kotlin/cli/common/ExitCode;+9
j  org.jetbrains.kotlin.cli.common.CLICompiler.execImpl(Lorg/jetbrains/kotlin/cli/common/messages/MessageCollector;Lorg/jetbrains/kotlin/config/Services;Lorg/jetbrains/kotlin/cli/common/arguments/CommonCompilerArguments;)Lorg/jetbrains/kotlin/cli/common/ExitCode;+193
j  org.jetbrains.kotlin.cli.common.CLICompiler.execImpl(Lorg/jetbrains/kotlin/cli/common/messages/MessageCollector;Lorg/jetbrains/kotlin/config/Services;Lorg/jetbrains/kotlin/cli/common/arguments/CommonToolArguments;)Lorg/jetbrains/kotlin/cli/common/ExitCode;+7
j  org.jetbrains.kotlin.cli.common.CLITool.exec(Lorg/jetbrains/kotlin/cli/common/messages/MessageCollector;Lorg/jetbrains/kotlin/config/Services;Lorg/jetbrains/kotlin/cli/common/arguments/CommonToolArguments;)Lorg/jetbrains/kotlin/cli/common/ExitCode;+76
j  org.jetbrains.kotlin.cli.common.CLITool.exec(Ljava/io/PrintStream;Lorg/jetbrains/kotlin/config/Services;Lorg/jetbrains/kotlin/cli/common/messages/MessageRenderer;[Ljava/lang/String;)Lorg/jetbrains/kotlin/cli/common/ExitCode;+209
j  org.jetbrains.kotlin.cli.common.CLITool.exec(Ljava/io/PrintStream;Lorg/jetbrains/kotlin/cli/common/messages/MessageRenderer;[Ljava/lang/String;)Lorg/jetbrains/kotlin/cli/common/ExitCode;+25
j  org.jetbrains.kotlin.cli.common.CLITool$Companion.doMainNoExit(Lorg/jetbrains/kotlin/cli/common/CLITool;[Ljava/lang/String;Lorg/jetbrains/kotlin/cli/common/messages/MessageRenderer;)Lorg/jetbrains/kotlin/cli/common/ExitCode;+39
j  org.jetbrains.kotlin.cli.common.CLITool$Companion.doMainNoExit$default(Lorg/jetbrains/kotlin/cli/common/CLITool$Companion;Lorg/jetbrains/kotlin/cli/common/CLITool;[Ljava/lang/String;Lorg/jetbrains/kotlin/cli/common/messages/MessageRenderer;ILjava/lang/Object;)Lorg/jetbrains/kotlin/cli/common/ExitCode;+16
j  org.jetbrains.kotlin.cli.common.CLITool$Companion.doMain(Lorg/jetbrains/kotlin/cli/common/CLITool;[Ljava/lang/String;)V+56
j  org.jetbrains.kotlin.cli.jvm.K2JVMCompiler$Companion.main([Ljava/lang/String;)V+20
j  org.jetbrains.kotlin.cli.jvm.K2JVMCompiler.main([Ljava/lang/String;)V+4
v  ~StubRoutines::call_stub

siginfo: EXCEPTION_ACCESS_VIOLATION (0xc0000005), reading address 0xffffffffffffffff


Register to memory mapping:

RIP=0x00007ff8dc2f7688 jvm.dll
RAX=0x0000026bfa1a87a0 points into unknown readable memory: 0x0000026bfccc58c0 | c0 58 cc fc 6b 02 00 00
RBX=0x00000000c4245685 is an unknown value
RCX=0x0000026bdae62aa0 points into unknown readable memory: 0x0000000000004e2b | 2b 4e 00 00 00 00 00 00
RDX=0x0000000000001ae6 is an unknown value
RSP=0x000000fb2bbfa6b0 is pointing into the stack for thread: 0x0000026bd8cbe000
RBP=0x0000026bdae62aa0 points into unknown readable memory: 0x0000000000004e2b | 2b 4e 00 00 00 00 00 00
RSI=0x0000026bfcbb8d4c points into unknown readable memory: 61 64 64 69
RDI=0x00000000c4245685 is an unknown value
R8 =0x0000026bfcbb8d4c points into unknown readable memory: 61 64 64 69
R9 =0x0000000000000015 is an unknown value
R10=0x0040026bfa257068 is an unknown value
R11=0x0000000000000008 is an unknown value
R12=0x0000000000000034 is an unknown value
R13=0x0000026b82229440 is pointing into metadata
R14=0x0000000000001ae6 is an unknown value
R15=0x0000026bdae62aa0 points into unknown readable memory: 0x0000000000004e2b | 2b 4e 00 00 00 00 00 00


Registers:
RAX=0x0000026bfa1a87a0, RBX=0x00000000c4245685, RCX=0x0000026bdae62aa0, RDX=0x0000000000001ae6
RSP=0x000000fb2bbfa6b0, RBP=0x0000026bdae62aa0, RSI=0x0000026bfcbb8d4c, RDI=0x00000000c4245685
R8 =0x0000026bfcbb8d4c, R9 =0x0000000000000015, R10=0x0040026bfa257068, R11=0x0000000000000008
R12=0x0000000000000034, R13=0x0000026b82229440, R14=0x0000000000001ae6, R15=0x0000026bdae62aa0
RIP=0x00007ff8dc2f7688, EFLAGS=0x0000000000010202

Top of Stack: (sp=0x000000fb2bbfa6b0)
0x000000fb2bbfa6b0:   0000000000000000 0000000000000000
0x000000fb2bbfa6c0:   0000000000000000 0000000000000000
0x000000fb2bbfa6d0:   0000000000000015 00007ff8dc2f7330
0x000000fb2bbfa6e0:   00000000c4245685 000000fb2bbfa870
0x000000fb2bbfa6f0:   0000026bfcbb8d4c 0000000000000032
0x000000fb2bbfa700:   00000000c4245685 0000000000000000
0x000000fb2bbfa710:   0000000000000034 0000026bfcbb8d4c
0x000000fb2bbfa720:   0000026bfcbb8d4c 00007ff8dc2f779a
0x000000fb2bbfa730:   0000026bfcbb8d4c 0000000000000015
0x000000fb2bbfa740:   000000fb2bbfa808 000000fb2bbfac10
0x000000fb2bbfa750:   0000026bc4245685 0000026bd8cbe000
0x000000fb2bbfa760:   0000000000000015 00007ff8dbe0093a
0x000000fb2bbfa770:   0000000000000015 0000026bd8cbe000
0x000000fb2bbfa780:   0000000000000000 0000000000000000
0x000000fb2bbfa790:   0000000000000000 0000000000000000
0x000000fb2bbfa7a0:   0000000000000000 0000000000000000 

Instructions: (pc=0x00007ff8dc2f7688)
0x00007ff8dc2f7588:   8b cf 49 2b df 0f 1f 00 0f b6 04 0b 88 01 48 8d
0x00007ff8dc2f7598:   49 01 48 83 ea 01 75 f0 48 8b 1d 51 30 35 00 49
0x00007ff8dc2f75a8:   8b d5 48 8b cb e8 fe 83 f0 ff 8b 54 24 40 44 8b
0x00007ff8dc2f75b8:   cd 48 8b 0d 20 c8 35 00 4d 8b c7 4c 89 6c 24 30
0x00007ff8dc2f75c8:   c6 44 24 28 01 89 7c 24 20 e8 1a f6 ff ff 48 8b
0x00007ff8dc2f75d8:   cb 48 8b f8 e8 af 83 f0 ff 49 83 3e 00 4c 8b bc
0x00007ff8dc2f75e8:   24 f8 00 00 00 74 15 48 8b 54 24 48 48 8b ce e8
0x00007ff8dc2f75f8:   d4 57 a0 ff 49 8b ce e8 7c 56 a0 ff 48 8b 44 24
0x00007ff8dc2f7608:   50 48 89 46 20 48 8b c7 4c 89 76 10 4c 8b b4 24
0x00007ff8dc2f7618:   00 01 00 00 4c 89 66 18 48 8b b4 24 10 01 00 00
0x00007ff8dc2f7628:   4c 8b a4 24 08 01 00 00 48 8b 8c 24 e0 00 00 00
0x00007ff8dc2f7638:   48 33 cc e8 00 40 09 00 48 81 c4 18 01 00 00 41
0x00007ff8dc2f7648:   5d 5f 5d 5b c3 cc cc cc 48 89 5c 24 08 48 89 6c
0x00007ff8dc2f7658:   24 10 48 89 74 24 18 57 48 83 ec 20 48 8b 41 08
0x00007ff8dc2f7668:   45 33 db 48 63 d2 49 8b f0 48 8b e9 4c 8b 14 d0
0x00007ff8dc2f7678:   4d 85 d2 0f 84 7c 00 00 00 8b 7c 24 50 41 ff c3
0x00007ff8dc2f7688:   41 39 3a 75 46 49 8b 5a 10 0f b7 03 41 3b c1 75
0x00007ff8dc2f7698:   3a 8b d0 85 c0 74 27 48 03 c6 4c 8b c3 4c 2b c6
0x00007ff8dc2f76a8:   0f 1f 84 00 00 00 00 00 41 0f b6 4c 00 05 48 8d
0x00007ff8dc2f76b8:   40 ff 48 ff ca 38 08 75 12 48 85 d2 7f ea 48 8b
0x00007ff8dc2f76c8:   cb e8 a2 e8 ff ff 48 8b c3 eb 2c 4d 8b 52 08 49
0x00007ff8dc2f76d8:   83 e2 fe 75 a8 41 83 fb 64 7c 1a 44 38 15 fe c6
0x00007ff8dc2f76e8:   35 00 75 11 41 8b d3 48 8b cd e8 e9 69 c8 ff 88
0x00007ff8dc2f76f8:   05 eb c6 35 00 33 c0 48 8b 5c 24 30 48 8b 6c 24
0x00007ff8dc2f7708:   38 48 8b 74 24 40 48 83 c4 20 5f c3 cc cc cc cc
0x00007ff8dc2f7718:   cc cc cc cc cc cc cc cc 48 89 5c 24 08 48 89 74
0x00007ff8dc2f7728:   24 10 57 48 83 ec 30 8b 05 5b 00 34 00 49 8b f0
0x00007ff8dc2f7738:   8b da 48 8b f9 44 8b c2 85 c0 74 0f 8b c8 48 8b
0x00007ff8dc2f7748:   d7 e8 e2 c5 9f ff 44 8b c8 eb 26 45 33 c9 48 8b
0x00007ff8dc2f7758:   c7 85 db 7e 1c 0f 1f 00 0f be 08 48 8d 40 01 45
0x00007ff8dc2f7768:   6b c9 1f 41 ff c8 0f b6 d1 44 03 ca 45 85 c0 7f
0x00007ff8dc2f7778:   e7 44 89 0e 41 8b c1 48 8b 0d 5a c6 35 00 33 d2 


Stack slot to memory mapping:
stack at sp + 0 slots: 0x0 is NULL
stack at sp + 1 slots: 0x0 is NULL
stack at sp + 2 slots: 0x0 is NULL
stack at sp + 3 slots: 0x0 is NULL
stack at sp + 4 slots: 0x0000000000000015 is an unknown value
stack at sp + 5 slots: 0x00007ff8dc2f7330 jvm.dll
stack at sp + 6 slots: 0x00000000c4245685 is an unknown value
stack at sp + 7 slots: 0x000000fb2bbfa870 is pointing into the stack for thread: 0x0000026bd8cbe000


---------------  P R O C E S S  ---------------

Threads class SMR info:
_java_thread_list=0x0000026bfad41470, length=12, elements={
0x0000026bd8cbe000, 0x0000026bfab3b800, 0x0000026bfab44800, 0x0000026bfab99000,
0x0000026bfab9b800, 0x0000026bfab9e000, 0x0000026bfaba1000, 0x0000026bfa26e800,
0x0000026bfa272000, 0x0000026bfad39000, 0x0000026bfad2f000, 0x0000026bfad9e000
}

Java Threads: ( => current thread )
=>0x0000026bd8cbe000 JavaThread "main" [_thread_in_vm, id=17348, stack(0x000000fb2bb00000,0x000000fb2bc00000)]
  0x0000026bfab3b800 JavaThread "Reference Handler" daemon [_thread_blocked, id=8400, stack(0x000000fb2c200000,0x000000fb2c300000)]
  0x0000026bfab44800 JavaThread "Finalizer" daemon [_thread_blocked, id=16332, stack(0x000000fb2c300000,0x000000fb2c400000)]
  0x0000026bfab99000 JavaThread "Signal Dispatcher" daemon [_thread_blocked, id=11856, stack(0x000000fb2c400000,0x000000fb2c500000)]
  0x0000026bfab9b800 JavaThread "Attach Listener" daemon [_thread_blocked, id=12040, stack(0x000000fb2c500000,0x000000fb2c600000)]
  0x0000026bfab9e000 JavaThread "Service Thread" daemon [_thread_blocked, id=4300, stack(0x000000fb2c600000,0x000000fb2c700000)]
  0x0000026bfaba1000 JavaThread "C2 CompilerThread0" daemon [_thread_in_native, id=12020, stack(0x000000fb2c700000,0x000000fb2c800000)]
  0x0000026bfa26e800 JavaThread "C1 CompilerThread0" daemon [_thread_blocked, id=1992, stack(0x000000fb2c800000,0x000000fb2c900000)]
  0x0000026bfa272000 JavaThread "Sweeper thread" daemon [_thread_blocked, id=5876, stack(0x000000fb2c900000,0x000000fb2ca00000)]
  0x0000026bfad39000 JavaThread "Common-Cleaner" daemon [_thread_blocked, id=10848, stack(0x000000fb2cb00000,0x000000fb2cc00000)]
  0x0000026bfad2f000 JavaThread "C2 CompilerThread1" daemon [_thread_in_native, id=8904, stack(0x000000fb2cc00000,0x000000fb2cd00000)]
  0x0000026bfad9e000 JavaThread "C2 CompilerThread2" daemon [_thread_blocked, id=14688, stack(0x000000fb2cd00000,0x000000fb2ce00000)]

Other Threads:
  0x0000026bfab37800 VMThread "VM Thread" [stack: 0x000000fb2c100000,0x000000fb2c200000] [id=16800]
  0x0000026bfad1c000 WatcherThread [stack: 0x000000fb2ca00000,0x000000fb2cb00000] [id=8152]
  0x0000026bdae04800 GCTaskThread "GC Thread#0" [stack: 0x000000fb2bc00000,0x000000fb2bd00000] [id=1112]
  0x0000026bfb4af800 GCTaskThread "GC Thread#1" [stack: 0x000000fb2ce00000,0x000000fb2cf00000] [id=15980]
  0x0000026bfb4b0000 GCTaskThread "GC Thread#2" [stack: 0x000000fb2cf00000,0x000000fb2d000000] [id=17648]
  0x0000026bfb49d800 GCTaskThread "GC Thread#3" [stack: 0x000000fb2d000000,0x000000fb2d100000] [id=9560]
  0x0000026bfb49e000 GCTaskThread "GC Thread#4" [stack: 0x000000fb2d100000,0x000000fb2d200000] [id=13344]
  0x0000026bfb49f000 GCTaskThread "GC Thread#5" [stack: 0x000000fb2d200000,0x000000fb2d300000] [id=13640]
  0x0000026b80b98000 GCTaskThread "GC Thread#6" [stack: 0x000000fb2d800000,0x000000fb2d900000] [id=19040]
  0x0000026bdae61800 ConcurrentGCThread "G1 Main Marker" [stack: 0x000000fb2bd00000,0x000000fb2be00000] [id=14512]
  0x0000026bdae64000 ConcurrentGCThread "G1 Conc#0" [stack: 0x000000fb2be00000,0x000000fb2bf00000] [id=17288]
  0x0000026bfbdb7800 ConcurrentGCThread "G1 Conc#1" [stack: 0x000000fb2d300000,0x000000fb2d400000] [id=19024]
  0x0000026bfbf35800 ConcurrentGCThread "G1 Conc#2" [stack: 0x000000fb2d400000,0x000000fb2d500000] [id=16928]
  0x0000026bfa152800 ConcurrentGCThread "G1 Refine#0" [stack: 0x000000fb2bf00000,0x000000fb2c000000] [id=13952]
  0x0000026bfbf4a800 ConcurrentGCThread "G1 Refine#1" [stack: 0x000000fb2d500000,0x000000fb2d600000] [id=17932]
  0x0000026bfbf34800 ConcurrentGCThread "G1 Refine#2" [stack: 0x000000fb2d600000,0x000000fb2d700000] [id=17268]
  0x0000026bfbdb6800 ConcurrentGCThread "G1 Refine#3" [stack: 0x000000fb2d700000,0x000000fb2d800000] [id=12952]
  0x0000026bfa153000 ConcurrentGCThread "G1 Young RemSet Sampling" [stack: 0x000000fb2c000000,0x000000fb2c100000] [id=11916]

Threads with active compile tasks:
C2 CompilerThread0   3069 5369       4       jdk.internal.loader.BuiltinClassLoader::loadClass (22 bytes)
C2 CompilerThread1   3069 5396   !   4       jdk.internal.loader.BuiltinClassLoader::findClassOnClassPathOrNull (64 bytes)

VM state:not at safepoint (normal execution)

VM Mutex/Monitor currently owned by a thread: None

Heap address: 0x0000000702600000, size: 4058 MB, Compressed Oops mode: Zero based, Oop shift amount: 3
Narrow klass base: 0x0000000800000000, Narrow klass shift: 0
Compressed class space size: 1073741824 Address: 0x0000000800000000

Heap:
 garbage-first heap   total 312320K, used 62278K [0x0000000702600000, 0x0000000800000000)
  region size 1024K, 40 young (40960K), 11 survivors (11264K)
 Metaspace       used 51677K, capacity 52253K, committed 52352K, reserved 1095680K
  class space    used 5963K, capacity 6185K, committed 6272K, reserved 1048576K
Heap Regions: E=young(eden), S=young(survivor), O=old, HS=humongous(starts), HC=humongous(continues), CS=collection set, F=free, A=archive, TAMS=top-at-mark-start (previous, next)
|   0|0x0000000702600000, 0x0000000702700000, 0x0000000702700000|100%|HS|  |TAMS 0x0000000702700000, 0x0000000702600000| Complete 
|   1|0x0000000702700000, 0x0000000702800000, 0x0000000702800000|100%|HC|  |TAMS 0x0000000702800000, 0x0000000702700000| Complete 
|   2|0x0000000702800000, 0x0000000702900000, 0x0000000702900000|100%|HC|  |TAMS 0x0000000702900000, 0x0000000702800000| Complete 
|   3|0x0000000702900000, 0x0000000702a00000, 0x0000000702a00000|100%|HS|  |TAMS 0x0000000702a00000, 0x0000000702900000| Complete 
|   4|0x0000000702a00000, 0x0000000702b00000, 0x0000000702b00000|100%|HC|  |TAMS 0x0000000702b00000, 0x0000000702a00000| Complete 
|   5|0x0000000702b00000, 0x0000000702c00000, 0x0000000702c00000|100%|HC|  |TAMS 0x0000000702c00000, 0x0000000702b00000| Complete 
|   6|0x0000000702c00000, 0x0000000702d00000, 0x0000000702d00000|100%| O|  |TAMS 0x0000000702c00000, 0x0000000702c00000| Untracked 
|   7|0x0000000702d00000, 0x0000000702e00000, 0x0000000702e00000|100%| O|  |TAMS 0x0000000702d00000, 0x0000000702d00000| Untracked 
|   8|0x0000000702e00000, 0x0000000702f00000, 0x0000000702f00000|100%| O|  |TAMS 0x0000000702e00000, 0x0000000702e00000| Untracked 
|   9|0x0000000702f00000, 0x0000000703000000, 0x0000000703000000|100%| O|  |TAMS 0x0000000702f00000, 0x0000000702f00000| Untracked 
|  10|0x0000000703000000, 0x0000000703100000, 0x0000000703100000|100%|HS|  |TAMS 0x0000000703100000, 0x0000000703000000| Complete 
|  11|0x0000000703100000, 0x0000000703200000, 0x0000000703200000|100%|HC|  |TAMS 0x0000000703200000, 0x0000000703100000| Complete 
|  12|0x0000000703200000, 0x0000000703300000, 0x0000000703300000|100%| O|  |TAMS 0x0000000703300000, 0x0000000703200000| Untracked 
|  13|0x0000000703300000, 0x0000000703400000, 0x0000000703400000|100%| O|  |TAMS 0x0000000703400000, 0x0000000703300000| Untracked 
|  14|0x0000000703400000, 0x0000000703500000, 0x0000000703500000|100%| O|  |TAMS 0x0000000703500000, 0x0000000703400000| Untracked 
|  15|0x0000000703500000, 0x0000000703600000, 0x0000000703600000|100%| O|  |TAMS 0x0000000703600000, 0x0000000703500000| Untracked 
|  16|0x0000000703600000, 0x0000000703700000, 0x0000000703700000|100%| O|  |TAMS 0x0000000703700000, 0x0000000703600000| Untracked 
|  17|0x0000000703700000, 0x0000000703800000, 0x0000000703800000|100%| O|  |TAMS 0x000000070374fa00, 0x0000000703700000| Untracked 
|  18|0x0000000703800000, 0x0000000703900000, 0x0000000703900000|100%| O|  |TAMS 0x0000000703800000, 0x0000000703800000| Untracked 
|  19|0x0000000703900000, 0x0000000703a00000, 0x0000000703a00000|100%| O|  |TAMS 0x0000000703900000, 0x0000000703900000| Untracked 
|  20|0x0000000703a00000, 0x0000000703b00000, 0x0000000703b00000|100%| O|  |TAMS 0x0000000703a00000, 0x0000000703a00000| Untracked 
|  21|0x0000000703b00000, 0x0000000703c00000, 0x0000000703c00000|100%| O|  |TAMS 0x0000000703b00000, 0x0000000703b00000| Untracked 
|  22|0x0000000703c00000, 0x0000000703cbfe00, 0x0000000703d00000| 74%| O|  |TAMS 0x0000000703c00000, 0x0000000703c00000| Untracked 
|  23|0x0000000703d00000, 0x0000000703d00000, 0x0000000703e00000|  0%| F|  |TAMS 0x0000000703d00000, 0x0000000703d00000| Untracked 
|  24|0x0000000703e00000, 0x0000000703e00000, 0x0000000703f00000|  0%| F|  |TAMS 0x0000000703e00000, 0x0000000703e00000| Untracked 
|  25|0x0000000703f00000, 0x0000000703f00000, 0x0000000704000000|  0%| F|  |TAMS 0x0000000703f00000, 0x0000000703f00000| Untracked 
|  26|0x0000000704000000, 0x0000000704000000, 0x0000000704100000|  0%| F|  |TAMS 0x0000000704000000, 0x0000000704000000| Untracked 
|  27|0x0000000704100000, 0x0000000704100000, 0x0000000704200000|  0%| F|  |TAMS 0x0000000704100000, 0x0000000704100000| Untracked 
|  28|0x0000000704200000, 0x0000000704200000, 0x0000000704300000|  0%| F|  |TAMS 0x0000000704200000, 0x0000000704200000| Untracked 
|  29|0x0000000704300000, 0x0000000704300000, 0x0000000704400000|  0%| F|  |TAMS 0x0000000704300000, 0x0000000704300000| Untracked 
|  30|0x0000000704400000, 0x0000000704400000, 0x0000000704500000|  0%| F|  |TAMS 0x0000000704400000, 0x0000000704400000| Untracked 
|  31|0x0000000704500000, 0x0000000704500000, 0x0000000704600000|  0%| F|  |TAMS 0x0000000704500000, 0x0000000704500000| Untracked 
|  32|0x0000000704600000, 0x0000000704600000, 0x0000000704700000|  0%| F|  |TAMS 0x0000000704600000, 0x0000000704600000| Untracked 
|  33|0x0000000704700000, 0x0000000704700000, 0x0000000704800000|  0%| F|  |TAMS 0x0000000704700000, 0x0000000704700000| Untracked 
|  34|0x0000000704800000, 0x0000000704800000, 0x0000000704900000|  0%| F|  |TAMS 0x0000000704800000, 0x0000000704800000| Untracked 
|  35|0x0000000704900000, 0x0000000704900000, 0x0000000704a00000|  0%| F|  |TAMS 0x0000000704900000, 0x0000000704900000| Untracked 
|  36|0x0000000704a00000, 0x0000000704a00000, 0x0000000704b00000|  0%| F|  |TAMS 0x0000000704a00000, 0x0000000704a00000| Untracked 
|  37|0x0000000704b00000, 0x0000000704b00000, 0x0000000704c00000|  0%| F|  |TAMS 0x0000000704b00000, 0x0000000704b00000| Untracked 
|  38|0x0000000704c00000, 0x0000000704c00000, 0x0000000704d00000|  0%| F|  |TAMS 0x0000000704c00000, 0x0000000704c00000| Untracked 
|  39|0x0000000704d00000, 0x0000000704d00000, 0x0000000704e00000|  0%| F|  |TAMS 0x0000000704d00000, 0x0000000704d00000| Untracked 
|  40|0x0000000704e00000, 0x0000000704e00000, 0x0000000704f00000|  0%| F|  |TAMS 0x0000000704e00000, 0x0000000704e00000| Untracked 
|  41|0x0000000704f00000, 0x0000000704f00000, 0x0000000705000000|  0%| F|  |TAMS 0x0000000704f00000, 0x0000000704f00000| Untracked 
|  42|0x0000000705000000, 0x0000000705000000, 0x0000000705100000|  0%| F|  |TAMS 0x0000000705000000, 0x0000000705000000| Untracked 
|  43|0x0000000705100000, 0x0000000705100000, 0x0000000705200000|  0%| F|  |TAMS 0x0000000705100000, 0x0000000705100000| Untracked 
|  44|0x0000000705200000, 0x0000000705200000, 0x0000000705300000|  0%| F|  |TAMS 0x0000000705200000, 0x0000000705200000| Untracked 
|  45|0x0000000705300000, 0x0000000705300000, 0x0000000705400000|  0%| F|  |TAMS 0x0000000705300000, 0x0000000705300000| Untracked 
|  46|0x0000000705400000, 0x0000000705400000, 0x0000000705500000|  0%| F|  |TAMS 0x0000000705400000, 0x0000000705400000| Untracked 
|  47|0x0000000705500000, 0x0000000705500000, 0x0000000705600000|  0%| F|  |TAMS 0x0000000705500000, 0x0000000705500000| Untracked 
|  48|0x0000000705600000, 0x0000000705600000, 0x0000000705700000|  0%| F|  |TAMS 0x0000000705600000, 0x0000000705600000| Untracked 
|  49|0x0000000705700000, 0x0000000705700000, 0x0000000705800000|  0%| F|  |TAMS 0x0000000705700000, 0x0000000705700000| Untracked 
|  50|0x0000000705800000, 0x0000000705800000, 0x0000000705900000|  0%| F|  |TAMS 0x0000000705800000, 0x0000000705800000| Untracked 
|  51|0x0000000705900000, 0x0000000705900000, 0x0000000705a00000|  0%| F|  |TAMS 0x0000000705900000, 0x0000000705900000| Untracked 
|  52|0x0000000705a00000, 0x0000000705a00000, 0x0000000705b00000|  0%| F|  |TAMS 0x0000000705a00000, 0x0000000705a00000| Untracked 
|  53|0x0000000705b00000, 0x0000000705b00000, 0x0000000705c00000|  0%| F|  |TAMS 0x0000000705b00000, 0x0000000705b00000| Untracked 
|  54|0x0000000705c00000, 0x0000000705c00000, 0x0000000705d00000|  0%| F|  |TAMS 0x0000000705c00000, 0x0000000705c00000| Untracked 
|  55|0x0000000705d00000, 0x0000000705d00000, 0x0000000705e00000|  0%| F|  |TAMS 0x0000000705d00000, 0x0000000705d00000| Untracked 
|  56|0x0000000705e00000, 0x0000000705e00000, 0x0000000705f00000|  0%| F|  |TAMS 0x0000000705e00000, 0x0000000705e00000| Untracked 
|  57|0x0000000705f00000, 0x0000000705f00000, 0x0000000706000000|  0%| F|  |TAMS 0x0000000705f00000, 0x0000000705f00000| Untracked 
|  58|0x0000000706000000, 0x0000000706000000, 0x0000000706100000|  0%| F|  |TAMS 0x0000000706000000, 0x0000000706000000| Untracked 
|  59|0x0000000706100000, 0x0000000706100000, 0x0000000706200000|  0%| F|  |TAMS 0x0000000706100000, 0x0000000706100000| Untracked 
|  60|0x0000000706200000, 0x0000000706200000, 0x0000000706300000|  0%| F|  |TAMS 0x0000000706200000, 0x0000000706200000| Untracked 
|  61|0x0000000706300000, 0x0000000706300000, 0x0000000706400000|  0%| F|  |TAMS 0x0000000706300000, 0x0000000706300000| Untracked 
|  62|0x0000000706400000, 0x0000000706400000, 0x0000000706500000|  0%| F|  |TAMS 0x0000000706400000, 0x0000000706400000| Untracked 
|  63|0x0000000706500000, 0x0000000706500000, 0x0000000706600000|  0%| F|  |TAMS 0x0000000706500000, 0x0000000706500000| Untracked 
|  64|0x0000000706600000, 0x0000000706600000, 0x0000000706700000|  0%| F|  |TAMS 0x0000000706600000, 0x0000000706600000| Untracked 
|  65|0x0000000706700000, 0x0000000706700000, 0x0000000706800000|  0%| F|  |TAMS 0x0000000706700000, 0x0000000706700000| Untracked 
|  66|0x0000000706800000, 0x0000000706800000, 0x0000000706900000|  0%| F|  |TAMS 0x0000000706800000, 0x0000000706800000| Untracked 
|  67|0x0000000706900000, 0x0000000706900000, 0x0000000706a00000|  0%| F|  |TAMS 0x0000000706900000, 0x0000000706900000| Untracked 
|  68|0x0000000706a00000, 0x0000000706a00000, 0x0000000706b00000|  0%| F|  |TAMS 0x0000000706a00000, 0x0000000706a00000| Untracked 
|  69|0x0000000706b00000, 0x0000000706b00000, 0x0000000706c00000|  0%| F|  |TAMS 0x0000000706b00000, 0x0000000706b00000| Untracked 
|  70|0x0000000706c00000, 0x0000000706c00000, 0x0000000706d00000|  0%| F|  |TAMS 0x0000000706c00000, 0x0000000706c00000| Untracked 
|  71|0x0000000706d00000, 0x0000000706d00000, 0x0000000706e00000|  0%| F|  |TAMS 0x0000000706d00000, 0x0000000706d00000| Untracked 
|  72|0x0000000706e00000, 0x0000000706e00000, 0x0000000706f00000|  0%| F|  |TAMS 0x0000000706e00000, 0x0000000706e00000| Untracked 
|  73|0x0000000706f00000, 0x0000000706f00000, 0x0000000707000000|  0%| F|  |TAMS 0x0000000706f00000, 0x0000000706f00000| Untracked 
|  74|0x0000000707000000, 0x0000000707000000, 0x0000000707100000|  0%| F|  |TAMS 0x0000000707000000, 0x0000000707000000| Untracked 
|  75|0x0000000707100000, 0x0000000707100000, 0x0000000707200000|  0%| F|  |TAMS 0x0000000707100000, 0x0000000707100000| Untracked 
|  76|0x0000000707200000, 0x0000000707200000, 0x0000000707300000|  0%| F|  |TAMS 0x0000000707200000, 0x0000000707200000| Untracked 
|  77|0x0000000707300000, 0x0000000707300000, 0x0000000707400000|  0%| F|  |TAMS 0x0000000707300000, 0x0000000707300000| Untracked 
|  78|0x0000000707400000, 0x0000000707400000, 0x0000000707500000|  0%| F|  |TAMS 0x0000000707400000, 0x0000000707400000| Untracked 
|  79|0x0000000707500000, 0x0000000707500000, 0x0000000707600000|  0%| F|  |TAMS 0x0000000707500000, 0x0000000707500000| Untracked 
|  80|0x0000000707600000, 0x0000000707600000, 0x0000000707700000|  0%| F|  |TAMS 0x0000000707600000, 0x0000000707600000| Untracked 
|  81|0x0000000707700000, 0x0000000707700000, 0x0000000707800000|  0%| F|  |TAMS 0x0000000707700000, 0x0000000707700000| Untracked 
|  82|0x0000000707800000, 0x0000000707800000, 0x0000000707900000|  0%| F|  |TAMS 0x0000000707800000, 0x0000000707800000| Untracked 
|  83|0x0000000707900000, 0x0000000707900000, 0x0000000707a00000|  0%| F|  |TAMS 0x0000000707900000, 0x0000000707900000| Untracked 
|  84|0x0000000707a00000, 0x0000000707a00000, 0x0000000707b00000|  0%| F|  |TAMS 0x0000000707a00000, 0x0000000707a00000| Untracked 
|  85|0x0000000707b00000, 0x0000000707b00000, 0x0000000707c00000|  0%| F|  |TAMS 0x0000000707b00000, 0x0000000707b00000| Untracked 
|  86|0x0000000707c00000, 0x0000000707c00000, 0x0000000707d00000|  0%| F|  |TAMS 0x0000000707c00000, 0x0000000707c00000| Untracked 
|  87|0x0000000707d00000, 0x0000000707d00000, 0x0000000707e00000|  0%| F|  |TAMS 0x0000000707d00000, 0x0000000707d00000| Untracked 
|  88|0x0000000707e00000, 0x0000000707e00000, 0x0000000707f00000|  0%| F|  |TAMS 0x0000000707e00000, 0x0000000707e00000| Untracked 
|  89|0x0000000707f00000, 0x0000000707f00000, 0x0000000708000000|  0%| F|  |TAMS 0x0000000707f00000, 0x0000000707f00000| Untracked 
|  90|0x0000000708000000, 0x0000000708000000, 0x0000000708100000|  0%| F|  |TAMS 0x0000000708000000, 0x0000000708000000| Untracked 
|  91|0x0000000708100000, 0x0000000708100000, 0x0000000708200000|  0%| F|  |TAMS 0x0000000708100000, 0x0000000708100000| Untracked 
|  92|0x0000000708200000, 0x0000000708200000, 0x0000000708300000|  0%| F|  |TAMS 0x0000000708200000, 0x0000000708200000| Untracked 
|  93|0x0000000708300000, 0x0000000708300000, 0x0000000708400000|  0%| F|  |TAMS 0x0000000708300000, 0x0000000708300000| Untracked 
|  94|0x0000000708400000, 0x0000000708400000, 0x0000000708500000|  0%| F|  |TAMS 0x0000000708400000, 0x0000000708400000| Untracked 
|  95|0x0000000708500000, 0x0000000708500000, 0x0000000708600000|  0%| F|  |TAMS 0x0000000708500000, 0x0000000708500000| Untracked 
|  96|0x0000000708600000, 0x0000000708600000, 0x0000000708700000|  0%| F|  |TAMS 0x0000000708600000, 0x0000000708600000| Untracked 
|  97|0x0000000708700000, 0x0000000708700000, 0x0000000708800000|  0%| F|  |TAMS 0x0000000708700000, 0x0000000708700000| Untracked 
|  98|0x0000000708800000, 0x0000000708800000, 0x0000000708900000|  0%| F|  |TAMS 0x0000000708800000, 0x0000000708800000| Untracked 
|  99|0x0000000708900000, 0x0000000708900000, 0x0000000708a00000|  0%| F|  |TAMS 0x0000000708900000, 0x0000000708900000| Untracked 
| 100|0x0000000708a00000, 0x0000000708a00000, 0x0000000708b00000|  0%| F|  |TAMS 0x0000000708a00000, 0x0000000708a00000| Untracked 
| 101|0x0000000708b00000, 0x0000000708b00000, 0x0000000708c00000|  0%| F|  |TAMS 0x0000000708b00000, 0x0000000708b00000| Untracked 
| 102|0x0000000708c00000, 0x0000000708c00000, 0x0000000708d00000|  0%| F|  |TAMS 0x0000000708c00000, 0x0000000708c00000| Untracked 
| 103|0x0000000708d00000, 0x0000000708d00000, 0x0000000708e00000|  0%| F|  |TAMS 0x0000000708d00000, 0x0000000708d00000| Untracked 
| 104|0x0000000708e00000, 0x0000000708e00000, 0x0000000708f00000|  0%| F|  |TAMS 0x0000000708e00000, 0x0000000708e00000| Untracked 
| 105|0x0000000708f00000, 0x0000000708f00000, 0x0000000709000000|  0%| F|  |TAMS 0x0000000708f00000, 0x0000000708f00000| Untracked 
| 106|0x0000000709000000, 0x0000000709000000, 0x0000000709100000|  0%| F|  |TAMS 0x0000000709000000, 0x0000000709000000| Untracked 
| 107|0x0000000709100000, 0x0000000709100000, 0x0000000709200000|  0%| F|  |TAMS 0x0000000709100000, 0x0000000709100000| Untracked 
| 108|0x0000000709200000, 0x0000000709200000, 0x0000000709300000|  0%| F|  |TAMS 0x0000000709200000, 0x0000000709200000| Untracked 
| 109|0x0000000709300000, 0x0000000709300000, 0x0000000709400000|  0%| F|  |TAMS 0x0000000709300000, 0x0000000709300000| Untracked 
| 110|0x0000000709400000, 0x0000000709400000, 0x0000000709500000|  0%| F|  |TAMS 0x0000000709400000, 0x0000000709400000| Untracked 
| 111|0x0000000709500000, 0x0000000709500000, 0x0000000709600000|  0%| F|  |TAMS 0x0000000709500000, 0x0000000709500000| Untracked 
| 112|0x0000000709600000, 0x0000000709600000, 0x0000000709700000|  0%| F|  |TAMS 0x0000000709600000, 0x0000000709600000| Untracked 
| 113|0x0000000709700000, 0x0000000709700000, 0x0000000709800000|  0%| F|  |TAMS 0x0000000709700000, 0x0000000709700000| Untracked 
| 114|0x0000000709800000, 0x0000000709800000, 0x0000000709900000|  0%| F|  |TAMS 0x0000000709800000, 0x0000000709800000| Untracked 
| 115|0x0000000709900000, 0x0000000709900000, 0x0000000709a00000|  0%| F|  |TAMS 0x0000000709900000, 0x0000000709900000| Untracked 
| 116|0x0000000709a00000, 0x0000000709a00000, 0x0000000709b00000|  0%| F|  |TAMS 0x0000000709a00000, 0x0000000709a00000| Untracked 
| 117|0x0000000709b00000, 0x0000000709b00000, 0x0000000709c00000|  0%| F|  |TAMS 0x0000000709b00000, 0x0000000709b00000| Untracked 
| 118|0x0000000709c00000, 0x0000000709c00000, 0x0000000709d00000|  0%| F|  |TAMS 0x0000000709c00000, 0x0000000709c00000| Untracked 
| 119|0x0000000709d00000, 0x0000000709d00000, 0x0000000709e00000|  0%| F|  |TAMS 0x0000000709d00000, 0x0000000709d00000| Untracked 
| 120|0x0000000709e00000, 0x0000000709e00000, 0x0000000709f00000|  0%| F|  |TAMS 0x0000000709e00000, 0x0000000709e00000| Untracked 
| 121|0x0000000709f00000, 0x0000000709f00000, 0x000000070a000000|  0%| F|  |TAMS 0x0000000709f00000, 0x0000000709f00000| Untracked 
| 122|0x000000070a000000, 0x000000070a000000, 0x000000070a100000|  0%| F|  |TAMS 0x000000070a000000, 0x000000070a000000| Untracked 
| 123|0x000000070a100000, 0x000000070a100000, 0x000000070a200000|  0%| F|  |TAMS 0x000000070a100000, 0x000000070a100000| Untracked 
| 124|0x000000070a200000, 0x000000070a200000, 0x000000070a300000|  0%| F|  |TAMS 0x000000070a200000, 0x000000070a200000| Untracked 
| 125|0x000000070a300000, 0x000000070a300000, 0x000000070a400000|  0%| F|  |TAMS 0x000000070a300000, 0x000000070a300000| Untracked 
| 126|0x000000070a400000, 0x000000070a400000, 0x000000070a500000|  0%| F|  |TAMS 0x000000070a400000, 0x000000070a400000| Untracked 
| 127|0x000000070a500000, 0x000000070a500000, 0x000000070a600000|  0%| F|  |TAMS 0x000000070a500000, 0x000000070a500000| Untracked 
| 128|0x000000070a600000, 0x000000070a600000, 0x000000070a700000|  0%| F|  |TAMS 0x000000070a600000, 0x000000070a600000| Untracked 
| 129|0x000000070a700000, 0x000000070a700000, 0x000000070a800000|  0%| F|  |TAMS 0x000000070a700000, 0x000000070a700000| Untracked 
| 130|0x000000070a800000, 0x000000070a800000, 0x000000070a900000|  0%| F|  |TAMS 0x000000070a800000, 0x000000070a800000| Untracked 
| 131|0x000000070a900000, 0x000000070a900000, 0x000000070aa00000|  0%| F|  |TAMS 0x000000070a900000, 0x000000070a900000| Untracked 
| 132|0x000000070aa00000, 0x000000070aa00000, 0x000000070ab00000|  0%| F|  |TAMS 0x000000070aa00000, 0x000000070aa00000| Untracked 
| 133|0x000000070ab00000, 0x000000070ab00000, 0x000000070ac00000|  0%| F|  |TAMS 0x000000070ab00000, 0x000000070ab00000| Untracked 
| 134|0x000000070ac00000, 0x000000070ac00000, 0x000000070ad00000|  0%| F|  |TAMS 0x000000070ac00000, 0x000000070ac00000| Untracked 
| 135|0x000000070ad00000, 0x000000070ad00000, 0x000000070ae00000|  0%| F|  |TAMS 0x000000070ad00000, 0x000000070ad00000| Untracked 
| 136|0x000000070ae00000, 0x000000070ae00000, 0x000000070af00000|  0%| F|  |TAMS 0x000000070ae00000, 0x000000070ae00000| Untracked 
| 137|0x000000070af00000, 0x000000070af00000, 0x000000070b000000|  0%| F|  |TAMS 0x000000070af00000, 0x000000070af00000| Untracked 
| 138|0x000000070b000000, 0x000000070b000000, 0x000000070b100000|  0%| F|  |TAMS 0x000000070b000000, 0x000000070b000000| Untracked 
| 139|0x000000070b100000, 0x000000070b100000, 0x000000070b200000|  0%| F|  |TAMS 0x000000070b100000, 0x000000070b100000| Untracked 
| 140|0x000000070b200000, 0x000000070b200000, 0x000000070b300000|  0%| F|  |TAMS 0x000000070b200000, 0x000000070b200000| Untracked 
| 141|0x000000070b300000, 0x000000070b300000, 0x000000070b400000|  0%| F|  |TAMS 0x000000070b300000, 0x000000070b300000| Untracked 
| 142|0x000000070b400000, 0x000000070b400000, 0x000000070b500000|  0%| F|  |TAMS 0x000000070b400000, 0x000000070b400000| Untracked 
| 143|0x000000070b500000, 0x000000070b500000, 0x000000070b600000|  0%| F|  |TAMS 0x000000070b500000, 0x000000070b500000| Untracked 
| 144|0x000000070b600000, 0x000000070b600000, 0x000000070b700000|  0%| F|  |TAMS 0x000000070b600000, 0x000000070b600000| Untracked 
| 145|0x000000070b700000, 0x000000070b700000, 0x000000070b800000|  0%| F|  |TAMS 0x000000070b700000, 0x000000070b700000| Untracked 
| 146|0x000000070b800000, 0x000000070b800000, 0x000000070b900000|  0%| F|  |TAMS 0x000000070b800000, 0x000000070b800000| Untracked 
| 147|0x000000070b900000, 0x000000070b900000, 0x000000070ba00000|  0%| F|  |TAMS 0x000000070b900000, 0x000000070b900000| Untracked 
| 148|0x000000070ba00000, 0x000000070ba00000, 0x000000070bb00000|  0%| F|  |TAMS 0x000000070ba00000, 0x000000070ba00000| Untracked 
| 149|0x000000070bb00000, 0x000000070bb00000, 0x000000070bc00000|  0%| F|  |TAMS 0x000000070bb00000, 0x000000070bb00000| Untracked 
| 150|0x000000070bc00000, 0x000000070bc00000, 0x000000070bd00000|  0%| F|  |TAMS 0x000000070bc00000, 0x000000070bc00000| Untracked 
| 151|0x000000070bd00000, 0x000000070bd00000, 0x000000070be00000|  0%| F|  |TAMS 0x000000070bd00000, 0x000000070bd00000| Untracked 
| 152|0x000000070be00000, 0x000000070be00000, 0x000000070bf00000|  0%| F|  |TAMS 0x000000070be00000, 0x000000070be00000| Untracked 
| 153|0x000000070bf00000, 0x000000070bf00000, 0x000000070c000000|  0%| F|  |TAMS 0x000000070bf00000, 0x000000070bf00000| Untracked 
| 154|0x000000070c000000, 0x000000070c000000, 0x000000070c100000|  0%| F|  |TAMS 0x000000070c000000, 0x000000070c000000| Untracked 
| 155|0x000000070c100000, 0x000000070c100000, 0x000000070c200000|  0%| F|  |TAMS 0x000000070c100000, 0x000000070c100000| Untracked 
| 156|0x000000070c200000, 0x000000070c200000, 0x000000070c300000|  0%| F|  |TAMS 0x000000070c200000, 0x000000070c200000| Untracked 
| 157|0x000000070c300000, 0x000000070c300000, 0x000000070c400000|  0%| F|  |TAMS 0x000000070c300000, 0x000000070c300000| Untracked 
| 158|0x000000070c400000, 0x000000070c400000, 0x000000070c500000|  0%| F|  |TAMS 0x000000070c400000, 0x000000070c400000| Untracked 
| 159|0x000000070c500000, 0x000000070c500000, 0x000000070c600000|  0%| F|  |TAMS 0x000000070c500000, 0x000000070c500000| Untracked 
| 160|0x000000070c600000, 0x000000070c600000, 0x000000070c700000|  0%| F|  |TAMS 0x000000070c600000, 0x000000070c600000| Untracked 
| 161|0x000000070c700000, 0x000000070c700000, 0x000000070c800000|  0%| F|  |TAMS 0x000000070c700000, 0x000000070c700000| Untracked 
| 162|0x000000070c800000, 0x000000070c800000, 0x000000070c900000|  0%| F|  |TAMS 0x000000070c800000, 0x000000070c800000| Untracked 
| 163|0x000000070c900000, 0x000000070c900000, 0x000000070ca00000|  0%| F|  |TAMS 0x000000070c900000, 0x000000070c900000| Untracked 
| 164|0x000000070ca00000, 0x000000070ca00000, 0x000000070cb00000|  0%| F|  |TAMS 0x000000070ca00000, 0x000000070ca00000| Untracked 
| 165|0x000000070cb00000, 0x000000070cb00000, 0x000000070cc00000|  0%| F|  |TAMS 0x000000070cb00000, 0x000000070cb00000| Untracked 
| 166|0x000000070cc00000, 0x000000070cc00000, 0x000000070cd00000|  0%| F|  |TAMS 0x000000070cc00000, 0x000000070cc00000| Untracked 
| 167|0x000000070cd00000, 0x000000070cd00000, 0x000000070ce00000|  0%| F|  |TAMS 0x000000070cd00000, 0x000000070cd00000| Untracked 
| 168|0x000000070ce00000, 0x000000070ce00000, 0x000000070cf00000|  0%| F|  |TAMS 0x000000070ce00000, 0x000000070ce00000| Untracked 
| 169|0x000000070cf00000, 0x000000070cf00000, 0x000000070d000000|  0%| F|  |TAMS 0x000000070cf00000, 0x000000070cf00000| Untracked 
| 170|0x000000070d000000, 0x000000070d000000, 0x000000070d100000|  0%| F|  |TAMS 0x000000070d000000, 0x000000070d000000| Untracked 
| 171|0x000000070d100000, 0x000000070d100000, 0x000000070d200000|  0%| F|  |TAMS 0x000000070d100000, 0x000000070d100000| Untracked 
| 172|0x000000070d200000, 0x000000070d200000, 0x000000070d300000|  0%| F|  |TAMS 0x000000070d200000, 0x000000070d200000| Untracked 
| 173|0x000000070d300000, 0x000000070d300000, 0x000000070d400000|  0%| F|  |TAMS 0x000000070d300000, 0x000000070d300000| Untracked 
| 174|0x000000070d400000, 0x000000070d400000, 0x000000070d500000|  0%| F|  |TAMS 0x000000070d400000, 0x000000070d400000| Untracked 
| 175|0x000000070d500000, 0x000000070d500000, 0x000000070d600000|  0%| F|  |TAMS 0x000000070d500000, 0x000000070d500000| Untracked 
| 176|0x000000070d600000, 0x000000070d600000, 0x000000070d700000|  0%| F|  |TAMS 0x000000070d600000, 0x000000070d600000| Untracked 
| 177|0x000000070d700000, 0x000000070d700000, 0x000000070d800000|  0%| F|  |TAMS 0x000000070d700000, 0x000000070d700000| Untracked 
| 178|0x000000070d800000, 0x000000070d800000, 0x000000070d900000|  0%| F|  |TAMS 0x000000070d800000, 0x000000070d800000| Untracked 
| 179|0x000000070d900000, 0x000000070d900000, 0x000000070da00000|  0%| F|  |TAMS 0x000000070d900000, 0x000000070d900000| Untracked 
| 180|0x000000070da00000, 0x000000070da00000, 0x000000070db00000|  0%| F|  |TAMS 0x000000070da00000, 0x000000070da00000| Untracked 
| 181|0x000000070db00000, 0x000000070db00000, 0x000000070dc00000|  0%| F|  |TAMS 0x000000070db00000, 0x000000070db00000| Untracked 
| 182|0x000000070dc00000, 0x000000070dc00000, 0x000000070dd00000|  0%| F|  |TAMS 0x000000070dc00000, 0x000000070dc00000| Untracked 
| 183|0x000000070dd00000, 0x000000070dd00000, 0x000000070de00000|  0%| F|  |TAMS 0x000000070dd00000, 0x000000070dd00000| Untracked 
| 184|0x000000070de00000, 0x000000070de00000, 0x000000070df00000|  0%| F|  |TAMS 0x000000070de00000, 0x000000070de00000| Untracked 
| 185|0x000000070df00000, 0x000000070df00000, 0x000000070e000000|  0%| F|  |TAMS 0x000000070df00000, 0x000000070df00000| Untracked 
| 186|0x000000070e000000, 0x000000070e000000, 0x000000070e100000|  0%| F|  |TAMS 0x000000070e000000, 0x000000070e000000| Untracked 
| 187|0x000000070e100000, 0x000000070e100000, 0x000000070e200000|  0%| F|  |TAMS 0x000000070e100000, 0x000000070e100000| Untracked 
| 188|0x000000070e200000, 0x000000070e200000, 0x000000070e300000|  0%| F|  |TAMS 0x000000070e200000, 0x000000070e200000| Untracked 
| 189|0x000000070e300000, 0x000000070e300000, 0x000000070e400000|  0%| F|  |TAMS 0x000000070e300000, 0x000000070e300000| Untracked 
| 190|0x000000070e400000, 0x000000070e400000, 0x000000070e500000|  0%| F|  |TAMS 0x000000070e400000, 0x000000070e400000| Untracked 
| 191|0x000000070e500000, 0x000000070e500000, 0x000000070e600000|  0%| F|  |TAMS 0x000000070e500000, 0x000000070e500000| Untracked 
| 192|0x000000070e600000, 0x000000070e600000, 0x000000070e700000|  0%| F|  |TAMS 0x000000070e600000, 0x000000070e600000| Untracked 
| 193|0x000000070e700000, 0x000000070e700000, 0x000000070e800000|  0%| F|  |TAMS 0x000000070e700000, 0x000000070e700000| Untracked 
| 194|0x000000070e800000, 0x000000070e800000, 0x000000070e900000|  0%| F|  |TAMS 0x000000070e800000, 0x000000070e800000| Untracked 
| 195|0x000000070e900000, 0x000000070e900000, 0x000000070ea00000|  0%| F|  |TAMS 0x000000070e900000, 0x000000070e900000| Untracked 
| 196|0x000000070ea00000, 0x000000070ea00000, 0x000000070eb00000|  0%| F|  |TAMS 0x000000070ea00000, 0x000000070ea00000| Untracked 
| 197|0x000000070eb00000, 0x000000070eb11a30, 0x000000070ec00000|  6%| S|CS|TAMS 0x000000070eb00000, 0x000000070eb00000| Complete 
| 198|0x000000070ec00000, 0x000000070ed00000, 0x000000070ed00000|100%| S|CS|TAMS 0x000000070ec00000, 0x000000070ec00000| Complete 
| 199|0x000000070ed00000, 0x000000070ee00000, 0x000000070ee00000|100%| S|CS|TAMS 0x000000070ed00000, 0x000000070ed00000| Complete 
| 200|0x000000070ee00000, 0x000000070ef00000, 0x000000070ef00000|100%| S|CS|TAMS 0x000000070ee00000, 0x000000070ee00000| Complete 
| 201|0x000000070ef00000, 0x000000070f000000, 0x000000070f000000|100%| S|CS|TAMS 0x000000070ef00000, 0x000000070ef00000| Complete 
| 202|0x000000070f000000, 0x000000070f100000, 0x000000070f100000|100%| S|CS|TAMS 0x000000070f000000, 0x000000070f000000| Complete 
| 203|0x000000070f100000, 0x000000070f200000, 0x000000070f200000|100%| S|CS|TAMS 0x000000070f100000, 0x000000070f100000| Complete 
| 204|0x000000070f200000, 0x000000070f300000, 0x000000070f300000|100%| S|CS|TAMS 0x000000070f200000, 0x000000070f200000| Complete 
| 205|0x000000070f300000, 0x000000070f400000, 0x000000070f400000|100%| S|CS|TAMS 0x000000070f300000, 0x000000070f300000| Complete 
| 206|0x000000070f400000, 0x000000070f500000, 0x000000070f500000|100%| S|CS|TAMS 0x000000070f400000, 0x000000070f400000| Complete 
| 207|0x000000070f500000, 0x000000070f600000, 0x000000070f600000|100%| S|CS|TAMS 0x000000070f500000, 0x000000070f500000| Complete 
| 208|0x000000070f600000, 0x000000070f600000, 0x000000070f700000|  0%| F|  |TAMS 0x000000070f600000, 0x000000070f600000| Untracked 
| 209|0x000000070f700000, 0x000000070f700000, 0x000000070f800000|  0%| F|  |TAMS 0x000000070f700000, 0x000000070f700000| Untracked 
| 210|0x000000070f800000, 0x000000070f800000, 0x000000070f900000|  0%| F|  |TAMS 0x000000070f800000, 0x000000070f800000| Untracked 
| 211|0x000000070f900000, 0x000000070f900000, 0x000000070fa00000|  0%| F|  |TAMS 0x000000070f900000, 0x000000070f900000| Untracked 
| 212|0x000000070fa00000, 0x000000070fa00000, 0x000000070fb00000|  0%| F|  |TAMS 0x000000070fa00000, 0x000000070fa00000| Untracked 
| 213|0x000000070fb00000, 0x000000070fb00000, 0x000000070fc00000|  0%| F|  |TAMS 0x000000070fb00000, 0x000000070fb00000| Untracked 
| 214|0x000000070fc00000, 0x000000070fc00000, 0x000000070fd00000|  0%| F|  |TAMS 0x000000070fc00000, 0x000000070fc00000| Untracked 
| 215|0x000000070fd00000, 0x000000070fd00000, 0x000000070fe00000|  0%| F|  |TAMS 0x000000070fd00000, 0x000000070fd00000| Untracked 
| 216|0x000000070fe00000, 0x000000070fe00000, 0x000000070ff00000|  0%| F|  |TAMS 0x000000070fe00000, 0x000000070fe00000| Untracked 
| 217|0x000000070ff00000, 0x000000070ff00000, 0x0000000710000000|  0%| F|  |TAMS 0x000000070ff00000, 0x000000070ff00000| Untracked 
| 218|0x0000000710000000, 0x0000000710000000, 0x0000000710100000|  0%| F|  |TAMS 0x0000000710000000, 0x0000000710000000| Untracked 
| 219|0x0000000710100000, 0x0000000710100000, 0x0000000710200000|  0%| F|  |TAMS 0x0000000710100000, 0x0000000710100000| Untracked 
| 220|0x0000000710200000, 0x0000000710200000, 0x0000000710300000|  0%| F|  |TAMS 0x0000000710200000, 0x0000000710200000| Untracked 
| 221|0x0000000710300000, 0x0000000710300000, 0x0000000710400000|  0%| F|  |TAMS 0x0000000710300000, 0x0000000710300000| Untracked 
| 222|0x0000000710400000, 0x0000000710400000, 0x0000000710500000|  0%| F|  |TAMS 0x0000000710400000, 0x0000000710400000| Untracked 
| 223|0x0000000710500000, 0x0000000710500000, 0x0000000710600000|  0%| F|  |TAMS 0x0000000710500000, 0x0000000710500000| Untracked 
| 224|0x0000000710600000, 0x0000000710600000, 0x0000000710700000|  0%| F|  |TAMS 0x0000000710600000, 0x0000000710600000| Untracked 
| 225|0x0000000710700000, 0x0000000710700000, 0x0000000710800000|  0%| F|  |TAMS 0x0000000710700000, 0x0000000710700000| Untracked 
| 226|0x0000000710800000, 0x0000000710800000, 0x0000000710900000|  0%| F|  |TAMS 0x0000000710800000, 0x0000000710800000| Untracked 
| 227|0x0000000710900000, 0x0000000710900000, 0x0000000710a00000|  0%| F|  |TAMS 0x0000000710900000, 0x0000000710900000| Untracked 
| 228|0x0000000710a00000, 0x0000000710a00000, 0x0000000710b00000|  0%| F|  |TAMS 0x0000000710a00000, 0x0000000710a00000| Untracked 
| 229|0x0000000710b00000, 0x0000000710b00000, 0x0000000710c00000|  0%| F|  |TAMS 0x0000000710b00000, 0x0000000710b00000| Untracked 
| 230|0x0000000710c00000, 0x0000000710c00000, 0x0000000710d00000|  0%| F|  |TAMS 0x0000000710c00000, 0x0000000710c00000| Untracked 
| 231|0x0000000710d00000, 0x0000000710d00000, 0x0000000710e00000|  0%| F|  |TAMS 0x0000000710d00000, 0x0000000710d00000| Untracked 
| 232|0x0000000710e00000, 0x0000000710e00000, 0x0000000710f00000|  0%| F|  |TAMS 0x0000000710e00000, 0x0000000710e00000| Untracked 
| 233|0x0000000710f00000, 0x0000000710f00000, 0x0000000711000000|  0%| F|  |TAMS 0x0000000710f00000, 0x0000000710f00000| Untracked 
| 234|0x0000000711000000, 0x0000000711000000, 0x0000000711100000|  0%| F|  |TAMS 0x0000000711000000, 0x0000000711000000| Untracked 
| 235|0x0000000711100000, 0x0000000711100000, 0x0000000711200000|  0%| F|  |TAMS 0x0000000711100000, 0x0000000711100000| Untracked 
| 236|0x0000000711200000, 0x0000000711200000, 0x0000000711300000|  0%| F|  |TAMS 0x0000000711200000, 0x0000000711200000| Untracked 
| 237|0x0000000711300000, 0x0000000711300000, 0x0000000711400000|  0%| F|  |TAMS 0x0000000711300000, 0x0000000711300000| Untracked 
| 238|0x0000000711400000, 0x0000000711400000, 0x0000000711500000|  0%| F|  |TAMS 0x0000000711400000, 0x0000000711400000| Untracked 
| 239|0x0000000711500000, 0x0000000711500000, 0x0000000711600000|  0%| F|  |TAMS 0x0000000711500000, 0x0000000711500000| Untracked 
| 240|0x0000000711600000, 0x0000000711600000, 0x0000000711700000|  0%| F|  |TAMS 0x0000000711600000, 0x0000000711600000| Untracked 
| 241|0x0000000711700000, 0x0000000711700000, 0x0000000711800000|  0%| F|  |TAMS 0x0000000711700000, 0x0000000711700000| Untracked 
| 242|0x0000000711800000, 0x0000000711800000, 0x0000000711900000|  0%| F|  |TAMS 0x0000000711800000, 0x0000000711800000| Untracked 
| 243|0x0000000711900000, 0x0000000711900000, 0x0000000711a00000|  0%| F|  |TAMS 0x0000000711900000, 0x0000000711900000| Untracked 
| 244|0x0000000711a00000, 0x0000000711a00000, 0x0000000711b00000|  0%| F|  |TAMS 0x0000000711a00000, 0x0000000711a00000| Untracked 
| 245|0x0000000711b00000, 0x0000000711b00000, 0x0000000711c00000|  0%| F|  |TAMS 0x0000000711b00000, 0x0000000711b00000| Untracked 
| 246|0x0000000711c00000, 0x0000000711c00000, 0x0000000711d00000|  0%| F|  |TAMS 0x0000000711c00000, 0x0000000711c00000| Untracked 
| 247|0x0000000711d00000, 0x0000000711d00000, 0x0000000711e00000|  0%| F|  |TAMS 0x0000000711d00000, 0x0000000711d00000| Untracked 
| 248|0x0000000711e00000, 0x0000000711e00000, 0x0000000711f00000|  0%| F|  |TAMS 0x0000000711e00000, 0x0000000711e00000| Untracked 
| 249|0x0000000711f00000, 0x0000000711f00000, 0x0000000712000000|  0%| F|  |TAMS 0x0000000711f00000, 0x0000000711f00000| Untracked 
| 250|0x0000000712000000, 0x0000000712000000, 0x0000000712100000|  0%| F|  |TAMS 0x0000000712000000, 0x0000000712000000| Untracked 
| 251|0x0000000712100000, 0x0000000712100000, 0x0000000712200000|  0%| F|  |TAMS 0x0000000712100000, 0x0000000712100000| Untracked 
| 252|0x0000000712200000, 0x0000000712200000, 0x0000000712300000|  0%| F|  |TAMS 0x0000000712200000, 0x0000000712200000| Untracked 
| 253|0x0000000712300000, 0x0000000712300000, 0x0000000712400000|  0%| F|  |TAMS 0x0000000712300000, 0x0000000712300000| Untracked 
| 254|0x0000000712400000, 0x0000000712400000, 0x0000000712500000|  0%| F|  |TAMS 0x0000000712400000, 0x0000000712400000| Untracked 
| 255|0x0000000712500000, 0x0000000712500000, 0x0000000712600000|  0%| F|  |TAMS 0x0000000712500000, 0x0000000712500000| Untracked 
| 256|0x0000000712600000, 0x0000000712600000, 0x0000000712700000|  0%| F|  |TAMS 0x0000000712600000, 0x0000000712600000| Untracked 
| 257|0x0000000712700000, 0x0000000712700000, 0x0000000712800000|  0%| F|  |TAMS 0x0000000712700000, 0x0000000712700000| Untracked 
| 258|0x0000000712800000, 0x0000000712800000, 0x0000000712900000|  0%| F|  |TAMS 0x0000000712800000, 0x0000000712800000| Untracked 
| 259|0x0000000712900000, 0x0000000712900000, 0x0000000712a00000|  0%| F|  |TAMS 0x0000000712900000, 0x0000000712900000| Untracked 
| 260|0x0000000712a00000, 0x0000000712a00000, 0x0000000712b00000|  0%| F|  |TAMS 0x0000000712a00000, 0x0000000712a00000| Untracked 
| 261|0x0000000712b00000, 0x0000000712b00000, 0x0000000712c00000|  0%| F|  |TAMS 0x0000000712b00000, 0x0000000712b00000| Untracked 
| 262|0x0000000712c00000, 0x0000000712c00000, 0x0000000712d00000|  0%| F|  |TAMS 0x0000000712c00000, 0x0000000712c00000| Untracked 
| 263|0x0000000712d00000, 0x0000000712d00000, 0x0000000712e00000|  0%| F|  |TAMS 0x0000000712d00000, 0x0000000712d00000| Untracked 
| 264|0x0000000712e00000, 0x0000000712e00000, 0x0000000712f00000|  0%| F|  |TAMS 0x0000000712e00000, 0x0000000712e00000| Untracked 
| 265|0x0000000712f00000, 0x0000000712f00000, 0x0000000713000000|  0%| F|  |TAMS 0x0000000712f00000, 0x0000000712f00000| Untracked 
| 266|0x0000000713000000, 0x0000000713000000, 0x0000000713100000|  0%| F|  |TAMS 0x0000000713000000, 0x0000000713000000| Untracked 
| 267|0x0000000713100000, 0x0000000713100000, 0x0000000713200000|  0%| F|  |TAMS 0x0000000713100000, 0x0000000713100000| Untracked 
| 268|0x0000000713200000, 0x0000000713200000, 0x0000000713300000|  0%| F|  |TAMS 0x0000000713200000, 0x0000000713200000| Untracked 
| 269|0x0000000713300000, 0x0000000713300000, 0x0000000713400000|  0%| F|  |TAMS 0x0000000713300000, 0x0000000713300000| Untracked 
| 270|0x0000000713400000, 0x0000000713400000, 0x0000000713500000|  0%| F|  |TAMS 0x0000000713400000, 0x0000000713400000| Untracked 
| 271|0x0000000713500000, 0x0000000713500000, 0x0000000713600000|  0%| F|  |TAMS 0x0000000713500000, 0x0000000713500000| Untracked 
| 272|0x0000000713600000, 0x0000000713600000, 0x0000000713700000|  0%| F|  |TAMS 0x0000000713600000, 0x0000000713600000| Untracked 
| 273|0x0000000713700000, 0x0000000713700000, 0x0000000713800000|  0%| F|  |TAMS 0x0000000713700000, 0x0000000713700000| Untracked 
| 274|0x0000000713800000, 0x0000000713800000, 0x0000000713900000|  0%| F|  |TAMS 0x0000000713800000, 0x0000000713800000| Untracked 
| 275|0x0000000713900000, 0x0000000713900000, 0x0000000713a00000|  0%| F|  |TAMS 0x0000000713900000, 0x0000000713900000| Untracked 
| 276|0x0000000713a00000, 0x0000000713a818c0, 0x0000000713b00000| 50%| E|  |TAMS 0x0000000713a00000, 0x0000000713a00000| Complete 
| 277|0x0000000713b00000, 0x0000000713c00000, 0x0000000713c00000|100%| E|CS|TAMS 0x0000000713b00000, 0x0000000713b00000| Complete 
| 278|0x0000000713c00000, 0x0000000713d00000, 0x0000000713d00000|100%| E|CS|TAMS 0x0000000713c00000, 0x0000000713c00000| Complete 
| 279|0x0000000713d00000, 0x0000000713e00000, 0x0000000713e00000|100%| E|CS|TAMS 0x0000000713d00000, 0x0000000713d00000| Complete 
| 280|0x0000000713e00000, 0x0000000713f00000, 0x0000000713f00000|100%| E|CS|TAMS 0x0000000713e00000, 0x0000000713e00000| Complete 
| 281|0x0000000713f00000, 0x0000000714000000, 0x0000000714000000|100%| E|CS|TAMS 0x0000000713f00000, 0x0000000713f00000| Complete 
| 282|0x0000000714000000, 0x0000000714100000, 0x0000000714100000|100%| E|CS|TAMS 0x0000000714000000, 0x0000000714000000| Complete 
| 283|0x0000000714100000, 0x0000000714200000, 0x0000000714200000|100%| E|CS|TAMS 0x0000000714100000, 0x0000000714100000| Complete 
| 284|0x0000000714200000, 0x0000000714300000, 0x0000000714300000|100%| E|CS|TAMS 0x0000000714200000, 0x0000000714200000| Complete 
| 285|0x0000000714300000, 0x0000000714400000, 0x0000000714400000|100%| E|CS|TAMS 0x0000000714300000, 0x0000000714300000| Complete 
| 286|0x0000000714400000, 0x0000000714500000, 0x0000000714500000|100%| E|CS|TAMS 0x0000000714400000, 0x0000000714400000| Complete 
| 287|0x0000000714500000, 0x0000000714600000, 0x0000000714600000|100%| E|CS|TAMS 0x0000000714500000, 0x0000000714500000| Complete 
| 288|0x0000000714600000, 0x0000000714700000, 0x0000000714700000|100%| E|CS|TAMS 0x0000000714600000, 0x0000000714600000| Complete 
| 289|0x0000000714700000, 0x0000000714800000, 0x0000000714800000|100%| E|CS|TAMS 0x0000000714700000, 0x0000000714700000| Complete 
| 290|0x0000000714800000, 0x0000000714900000, 0x0000000714900000|100%| E|CS|TAMS 0x0000000714800000, 0x0000000714800000| Complete 
| 291|0x0000000714900000, 0x0000000714a00000, 0x0000000714a00000|100%| E|CS|TAMS 0x0000000714900000, 0x0000000714900000| Complete 
| 292|0x0000000714a00000, 0x0000000714b00000, 0x0000000714b00000|100%| E|CS|TAMS 0x0000000714a00000, 0x0000000714a00000| Complete 
| 293|0x0000000714b00000, 0x0000000714c00000, 0x0000000714c00000|100%| E|CS|TAMS 0x0000000714b00000, 0x0000000714b00000| Complete 
| 294|0x0000000714c00000, 0x0000000714d00000, 0x0000000714d00000|100%| E|CS|TAMS 0x0000000714c00000, 0x0000000714c00000| Complete 
| 295|0x0000000714d00000, 0x0000000714e00000, 0x0000000714e00000|100%| E|CS|TAMS 0x0000000714d00000, 0x0000000714d00000| Complete 
| 296|0x0000000714e00000, 0x0000000714f00000, 0x0000000714f00000|100%| E|CS|TAMS 0x0000000714e00000, 0x0000000714e00000| Complete 
| 297|0x0000000714f00000, 0x0000000715000000, 0x0000000715000000|100%| E|CS|TAMS 0x0000000714f00000, 0x0000000714f00000| Complete 
| 298|0x0000000715000000, 0x0000000715100000, 0x0000000715100000|100%| E|CS|TAMS 0x0000000715000000, 0x0000000715000000| Complete 
| 299|0x0000000715100000, 0x0000000715200000, 0x0000000715200000|100%| E|CS|TAMS 0x0000000715100000, 0x0000000715100000| Complete 
| 300|0x0000000715200000, 0x0000000715300000, 0x0000000715300000|100%| E|CS|TAMS 0x0000000715200000, 0x0000000715200000| Complete 
| 301|0x0000000715300000, 0x0000000715400000, 0x0000000715400000|100%| E|CS|TAMS 0x0000000715300000, 0x0000000715300000| Complete 
| 302|0x0000000715400000, 0x0000000715500000, 0x0000000715500000|100%| E|CS|TAMS 0x0000000715400000, 0x0000000715400000| Complete 
| 303|0x0000000715500000, 0x0000000715600000, 0x0000000715600000|100%| E|CS|TAMS 0x0000000715500000, 0x0000000715500000| Complete 
| 304|0x0000000715600000, 0x0000000715700000, 0x0000000715700000|100%| E|CS|TAMS 0x0000000715600000, 0x0000000715600000| Complete 

Card table byte_map: [0x0000026bee620000,0x0000026beee10000] _byte_map_base: 0x0000026beae0d000

Marking Bits (Prev, Next): (CMBitMap*) 0x0000026bdae50e58, (CMBitMap*) 0x0000026bdae50e90
 Prev Bits: [0x0000026bef600000, 0x0000026bf3568000)
 Next Bits: [0x0000026bf3570000, 0x0000026bf74d8000)

Polling page: 0x0000026bda5d0000

Metaspace:

Usage:
  Non-class:     44.99 MB capacity,    44.64 MB (>99%) used,   280.09 KB ( <1%) free+waste,    74.19 KB ( <1%) overhead. 
      Class:      6.04 MB capacity,     5.82 MB ( 96%) used,   191.14 KB (  3%) free+waste,    30.56 KB ( <1%) overhead. 
       Both:     51.03 MB capacity,    50.47 MB ( 99%) used,   471.23 KB ( <1%) free+waste,   104.75 KB ( <1%) overhead. 

Virtual space:
  Non-class space:       46.00 MB reserved,      45.00 MB ( 98%) committed 
      Class space:        1.00 GB reserved,       6.13 MB ( <1%) committed 
             Both:        1.04 GB reserved,      51.13 MB (  5%) committed 

Chunk freelists:
   Non-Class:  12.00 KB
       Class:  23.00 KB
        Both:  35.00 KB

MaxMetaspaceSize: 17179869184.00 GB
CompressedClassSpaceSize: 1.00 GB

CodeHeap 'non-profiled nmethods': size=120000Kb used=2538Kb max_used=2538Kb free=117461Kb
 bounds [0x0000026be63b0000, 0x0000026be6630000, 0x0000026bed8e0000]
CodeHeap 'profiled nmethods': size=120000Kb used=12905Kb max_used=12905Kb free=107094Kb
 bounds [0x0000026bdee80000, 0x0000026bdfb20000, 0x0000026be63b0000]
CodeHeap 'non-nmethods': size=5760Kb used=1200Kb max_used=1253Kb free=4559Kb
 bounds [0x0000026bde8e0000, 0x0000026bdeb50000, 0x0000026bdee80000]
 total_blobs=5931 nmethods=5386 adapters=454
 compilation: enabled
              stopped_count=0, restarted_count=0
 full_count=0

Compilation events (20 events):
Event: 3.006 Thread 0x0000026bfad2f000 nmethod 5376 0x0000026be6623790 code [0x0000026be66239e0, 0x0000026be6624c30]
Event: 3.006 Thread 0x0000026bfad2f000 5396   !   4       jdk.internal.loader.BuiltinClassLoader::findClassOnClassPathOrNull (64 bytes)
Event: 3.009 Thread 0x0000026bfa26e800 5400       3       org.jetbrains.kotlin.psi.KtNamedDeclarationStub::getName (50 bytes)
Event: 3.009 Thread 0x0000026bfa26e800 nmethod 5400 0x0000026bdfb17b10 code [0x0000026bdfb17d60, 0x0000026bdfb187b8]
Event: 3.010 Thread 0x0000026bfa26e800 5401       3       org.jetbrains.kotlin.types.model.TypeSystemInferenceExtensionContext$DefaultImpls::isDefinitelyNotNullType (15 bytes)
Event: 3.010 Thread 0x0000026bfa26e800 nmethod 5401 0x0000026bdfb18a10 code [0x0000026bdfb18c40, 0x0000026bdfb19328]
Event: 3.010 Thread 0x0000026bfa26e800 5402       3       org.jetbrains.kotlin.types.model.TypeSystemContext$DefaultImpls::isDefinitelyNotNullType (38 bytes)
Event: 3.011 Thread 0x0000026bfa26e800 nmethod 5402 0x0000026bdfb19590 code [0x0000026bdfb197e0, 0x0000026bdfb19fb8]
Event: 3.011 Thread 0x0000026bfad9e000 nmethod 5394 0x0000026be6625810 code [0x0000026be6625a40, 0x0000026be66260d0]
Event: 3.011 Thread 0x0000026bfad9e000 5397       4       org.jetbrains.kotlin.com.intellij.psi.impl.source.tree.CompositeElement::findChildByType (52 bytes)
Event: 3.013 Thread 0x0000026bfa26e800 5403       3       org.jetbrains.kotlin.com.google.common.base.Preconditions::checkNotNull (14 bytes)
Event: 3.013 Thread 0x0000026bfa26e800 nmethod 5403 0x0000026bdfb1a290 code [0x0000026bdfb1a460, 0x0000026bdfb1a648]
Event: 3.013 Thread 0x0000026bfad9e000 nmethod 5397 0x0000026be6626490 code [0x0000026be6626640, 0x0000026be6626788]
Event: 3.013 Thread 0x0000026bfad9e000 5398       4       org.jetbrains.kotlin.protobuf.UnmodifiableLazyStringList::get (6 bytes)
Event: 3.014 Thread 0x0000026bfad9e000 nmethod 5398 0x0000026be6626910 code [0x0000026be6626ac0, 0x0000026be6626b88]
Event: 3.014 Thread 0x0000026bfad9e000 5395       4       java.util.jar.JarFile::getManifestFromReference (117 bytes)
Event: 3.015 Thread 0x0000026bfa26e800 5404       1       org.jetbrains.kotlin.com.google.common.collect.ImmutableEntry::getValue (5 bytes)
Event: 3.015 Thread 0x0000026bfa26e800 nmethod 5404 0x0000026be6626c90 code [0x0000026be6626e40, 0x0000026be6626ef8]
Event: 3.022 Thread 0x0000026bfad9e000 nmethod 5395 0x0000026be6626f90 code [0x0000026be66271c0, 0x0000026be6627850]
Event: 3.022 Thread 0x0000026bfad9e000 5405   !   4       java.util.concurrent.ConcurrentHashMap::computeIfAbsent (576 bytes)

GC Heap History (12 events):
Event: 0.392 GC heap before
{Heap before GC invocations=0 (full 0):
 garbage-first heap   total 260096K, used 27648K [0x0000000702600000, 0x0000000800000000)
  region size 1024K, 24 young (24576K), 0 survivors (0K)
 Metaspace       used 12427K, capacity 12588K, committed 12800K, reserved 1060864K
  class space    used 1166K, capacity 1215K, committed 1280K, reserved 1048576K
}
Event: 0.394 GC heap after
{Heap after GC invocations=1 (full 0):
 garbage-first heap   total 260096K, used 5870K [0x0000000702600000, 0x0000000800000000)
  region size 1024K, 3 young (3072K), 3 survivors (3072K)
 Metaspace       used 12427K, capacity 12588K, committed 12800K, reserved 1060864K
  class space    used 1166K, capacity 1215K, committed 1280K, reserved 1048576K
}
Event: 0.799 GC heap before
{Heap before GC invocations=1 (full 0):
 garbage-first heap   total 260096K, used 40686K [0x0000000702600000, 0x0000000800000000)
  region size 1024K, 38 young (38912K), 3 survivors (3072K)
 Metaspace       used 20965K, capacity 21169K, committed 21248K, reserved 1069056K
  class space    used 2222K, capacity 2288K, committed 2304K, reserved 1048576K
}
Event: 0.806 GC heap after
{Heap after GC invocations=2 (full 0):
 garbage-first heap   total 260096K, used 9454K [0x0000000702600000, 0x0000000800000000)
  region size 1024K, 7 young (7168K), 7 survivors (7168K)
 Metaspace       used 20965K, capacity 21169K, committed 21248K, reserved 1069056K
  class space    used 2222K, capacity 2288K, committed 2304K, reserved 1048576K
}
Event: 1.369 GC heap before
{Heap before GC invocations=3 (full 0):
 garbage-first heap   total 260096K, used 68846K [0x0000000702600000, 0x0000000800000000)
  region size 1024K, 56 young (57344K), 7 survivors (7168K)
 Metaspace       used 31759K, capacity 32203K, committed 32384K, reserved 1077248K
  class space    used 3784K, capacity 3954K, committed 3968K, reserved 1048576K
}
Event: 1.378 GC heap after
{Heap after GC invocations=4 (full 0):
 garbage-first heap   total 260096K, used 20798K [0x0000000702600000, 0x0000000800000000)
  region size 1024K, 7 young (7168K), 7 survivors (7168K)
 Metaspace       used 31759K, capacity 32203K, committed 32384K, reserved 1077248K
  class space    used 3784K, capacity 3954K, committed 3968K, reserved 1048576K
}
Event: 1.555 GC heap before
{Heap before GC invocations=4 (full 0):
 garbage-first heap   total 260096K, used 39230K [0x0000000702600000, 0x0000000800000000)
  region size 1024K, 26 young (26624K), 7 survivors (7168K)
 Metaspace       used 35101K, capacity 35506K, committed 35584K, reserved 1081344K
  class space    used 4131K, capacity 4285K, committed 4352K, reserved 1048576K
}
Event: 1.563 GC heap after
{Heap after GC invocations=5 (full 0):
 garbage-first heap   total 260096K, used 23679K [0x0000000702600000, 0x0000000800000000)
  region size 1024K, 10 young (10240K), 10 survivors (10240K)
 Metaspace       used 35101K, capacity 35506K, committed 35584K, reserved 1081344K
  class space    used 4131K, capacity 4285K, committed 4352K, reserved 1048576K
}
Event: 1.622 GC heap before
{Heap before GC invocations=6 (full 0):
 garbage-first heap   total 260096K, used 30847K [0x0000000702600000, 0x0000000800000000)
  region size 1024K, 17 young (17408K), 10 survivors (10240K)
 Metaspace       used 36496K, capacity 36978K, committed 36992K, reserved 1081344K
  class space    used 4304K, capacity 4477K, committed 4480K, reserved 1048576K
}
Event: 1.628 GC heap after
{Heap after GC invocations=7 (full 0):
 garbage-first heap   total 312320K, used 24872K [0x0000000702600000, 0x0000000800000000)
  region size 1024K, 2 young (2048K), 2 survivors (2048K)
 Metaspace       used 36496K, capacity 36978K, committed 36992K, reserved 1081344K
  class space    used 4304K, capacity 4477K, committed 4480K, reserved 1048576K
}
Event: 2.651 GC heap before
{Heap before GC invocations=7 (full 0):
 garbage-first heap   total 312320K, used 123176K [0x0000000702600000, 0x0000000800000000)
  region size 1024K, 97 young (99328K), 2 survivors (2048K)
 Metaspace       used 49681K, capacity 50231K, committed 50304K, reserved 1093632K
  class space    used 5780K, capacity 5980K, committed 6016K, reserved 1048576K
}
Event: 2.657 GC heap after
{Heap after GC invocations=8 (full 0):
 garbage-first heap   total 312320K, used 33606K [0x0000000702600000, 0x0000000800000000)
  region size 1024K, 11 young (11264K), 11 survivors (11264K)
 Metaspace       used 49681K, capacity 50231K, committed 50304K, reserved 1093632K
  class space    used 5780K, capacity 5980K, committed 6016K, reserved 1048576K
}

Deoptimization events (20 events):
Event: 2.942 Thread 0x0000026bd8cbe000 Uncommon trap: trap_request=0xffffffc6 fr.pc=0x0000026be65b965c relative=0x000000000000245c
Event: 2.942 Thread 0x0000026bd8cbe000 Uncommon trap: reason=bimorphic_or_optimized_type_check action=maybe_recompile pc=0x0000026be65b965c method=org.jetbrains.kotlin.serialization.deserialization.descriptors.DeserializedMemberScope.hasClass(Lorg/jetbrains/kotlin/name/Name;)Z @ 11 c2
Event: 2.942 Thread 0x0000026bd8cbe000 DEOPT PACKING pc=0x0000026be65b965c sp=0x000000fb2bbfcf40
Event: 2.942 Thread 0x0000026bd8cbe000 DEOPT UNPACKING pc=0x0000026bde907b2f sp=0x000000fb2bbfced0 mode 2
Event: 2.942 Thread 0x0000026bd8cbe000 Uncommon trap: trap_request=0xffffffc6 fr.pc=0x0000026be65b965c relative=0x000000000000245c
Event: 2.942 Thread 0x0000026bd8cbe000 Uncommon trap: reason=bimorphic_or_optimized_type_check action=maybe_recompile pc=0x0000026be65b965c method=org.jetbrains.kotlin.serialization.deserialization.descriptors.DeserializedMemberScope.hasClass(Lorg/jetbrains/kotlin/name/Name;)Z @ 11 c2
Event: 2.942 Thread 0x0000026bd8cbe000 DEOPT PACKING pc=0x0000026be65b965c sp=0x000000fb2bbfcf40
Event: 2.942 Thread 0x0000026bd8cbe000 DEOPT UNPACKING pc=0x0000026bde907b2f sp=0x000000fb2bbfced0 mode 2
Event: 2.949 Thread 0x0000026bd8cbe000 Uncommon trap: trap_request=0xffffff4d fr.pc=0x0000026be641386c relative=0x000000000000004c
Event: 2.949 Thread 0x0000026bd8cbe000 Uncommon trap: reason=unstable_if action=reinterpret pc=0x0000026be641386c method=kotlin.jvm.internal.Intrinsics.areEqual(Ljava/lang/Object;Ljava/lang/Object;)Z @ 5 c2
Event: 2.949 Thread 0x0000026bd8cbe000 DEOPT PACKING pc=0x0000026be641386c sp=0x000000fb2bbfc850
Event: 2.949 Thread 0x0000026bd8cbe000 DEOPT UNPACKING pc=0x0000026bde907b2f sp=0x000000fb2bbfc7e0 mode 2
Event: 2.963 Thread 0x0000026bd8cbe000 Uncommon trap: trap_request=0xffffff4d fr.pc=0x0000026be6617f04 relative=0x0000000000000144
Event: 2.963 Thread 0x0000026bd8cbe000 Uncommon trap: reason=unstable_if action=reinterpret pc=0x0000026be6617f04 method=org.jetbrains.kotlin.com.intellij.util.keyFMap.ArrayBackedFMap.indexOf(I)I @ 8 c2
Event: 2.963 Thread 0x0000026bd8cbe000 DEOPT PACKING pc=0x0000026be6617f04 sp=0x000000fb2bbfd520
Event: 2.963 Thread 0x0000026bd8cbe000 DEOPT UNPACKING pc=0x0000026bde907b2f sp=0x000000fb2bbfd438 mode 2
Event: 2.963 Thread 0x0000026bd8cbe000 Uncommon trap: trap_request=0xffffff4d fr.pc=0x0000026be6617798 relative=0x00000000000000f8
Event: 2.963 Thread 0x0000026bd8cbe000 Uncommon trap: reason=unstable_if action=reinterpret pc=0x0000026be6617798 method=org.jetbrains.kotlin.com.intellij.util.keyFMap.ArrayBackedFMap.indexOf(I)I @ 8 c2
Event: 2.963 Thread 0x0000026bd8cbe000 DEOPT PACKING pc=0x0000026be6617798 sp=0x000000fb2bbfd480
Event: 2.963 Thread 0x0000026bd8cbe000 DEOPT UNPACKING pc=0x0000026bde907b2f sp=0x000000fb2bbfd408 mode 2

Classes redefined (0 events):
No events

Internal exceptions (20 events):
Event: 0.724 Thread 0x0000026bd8cbe000 Exception <a 'java/lang/NoSuchMethodError'{0x00000007104692c0}: 'long java.lang.invoke.DirectMethodHandle$Holder.invokeStatic(java.lang.Object)'> (0x00000007104692c0) thrown at [./src/hotspot/share/interpreter/linkResolver.cpp, line 773]
Event: 0.724 Thread 0x0000026bd8cbe000 Exception <a 'java/lang/NoSuchMethodError'{0x000000071046c118}: 'long java.lang.invoke.DirectMethodHandle$Holder.invokeStaticInit(java.lang.Object)'> (0x000000071046c118) thrown at [./src/hotspot/share/interpreter/linkResolver.cpp, line 773]
Event: 0.762 Thread 0x0000026bd8cbe000 Exception <a 'java/lang/NoSuchMethodError'{0x000000071001fcd0}: 'int java.lang.invoke.DirectMethodHandle$Holder.invokeStaticInit(java.lang.Object, java.lang.Object)'> (0x000000071001fcd0) thrown at [./src/hotspot/share/interpreter/linkResolver.cpp, line 773]
Event: 0.897 Thread 0x0000026bd8cbe000 Exception <a 'java/lang/NoSuchMethodError'{0x0000000711c9d2b0}: 'java.lang.Object java.lang.invoke.DirectMethodHandle$Holder.invokeStatic(java.lang.Object, java.lang.Object, java.lang.Object, java.lang.Object, java.lang.Object, java.lang.Object, java.lang.Object, java.lang.Object, java.lang.Object, java.lang.Object, java.lang.Object, java.lang.Object, java.lang.Object, java.lang.Object, java.lang.Object)'> (0x0000000711c9d2b0) thrown at [./src/hotspot/share/interpreter/linkResolver.cpp, line 773]
Event: 0.897 Thread 0x0000026bd8cbe000 Exception <a 'java/lang/NoSuchMethodError'{0x0000000711cab2b8}: 'java.lang.Object java.lang.invoke.DirectMethodHandle$Holder.invokeStatic(java.lang.Object, java.lang.Object, java.lang.Object, java.lang.Object, java.lang.Object, java.lang.Object, java.lang.Object, java.lang.Object, java.lang.Object, java.lang.Object, java.lang.Object, java.lang.Object, java.lang.Object, java.lang.Object, java.lang.Object, java.lang.Object)'> (0x0000000711cab2b8) thrown at [./src/hotspot/share/interpreter/linkResolver.cpp, l
Event: 0.898 Thread 0x0000026bd8cbe000 Exception <a 'java/lang/NoSuchMethodError'{0x0000000711cb91d0}: 'java.lang.Object java.lang.invoke.DirectMethodHandle$Holder.invokeSpecial(java.lang.Object, java.lang.Object, int, int, java.lang.Object, java.lang.Object, java.lang.Object)'> (0x0000000711cb91d0) thrown at [./src/hotspot/share/interpreter/linkResolver.cpp, line 773]
Event: 0.898 Thread 0x0000026bd8cbe000 Exception <a 'java/lang/NoSuchMethodError'{0x0000000711cbca08}: 'java.lang.Object java.lang.invoke.DelegatingMethodHandle$Holder.reinvoke_L(java.lang.Object, int, int, java.lang.Object, java.lang.Object, java.lang.Object)'> (0x0000000711cbca08) thrown at [./src/hotspot/share/interpreter/linkResolver.cpp, line 773]
Event: 0.899 Thread 0x0000026bd8cbe000 Exception <a 'java/lang/NoSuchMethodError'{0x0000000711cc0d90}: 'java.lang.Object java.lang.invoke.DirectMethodHandle$Holder.invokeStatic(java.lang.Object, java.lang.Object, java.lang.Object, java.lang.Object, int)'> (0x0000000711cc0d90) thrown at [./src/hotspot/share/interpreter/linkResolver.cpp, line 773]
Event: 0.937 Thread 0x0000026bd8cbe000 Exception <a 'java/lang/NoSuchMethodError'{0x0000000711932f98}: 'void java.lang.invoke.DirectMethodHandle$Holder.invokeSpecial(java.lang.Object, java.lang.Object)'> (0x0000000711932f98) thrown at [./src/hotspot/share/interpreter/linkResolver.cpp, line 773]
Event: 0.963 Thread 0x0000026bd8cbe000 Exception <a 'java/lang/NoSuchMethodError'{0x00000007117cbc90}: 'void java.lang.invoke.DirectMethodHandle$Holder.invokeStaticInit(java.lang.Object, java.lang.Object)'> (0x00000007117cbc90) thrown at [./src/hotspot/share/interpreter/linkResolver.cpp, line 773]
Event: 0.967 Thread 0x0000026bd8cbe000 Exception <a 'java/lang/NoSuchMethodError'{0x000000071160a828}: 'void java.lang.invoke.DirectMethodHandle$Holder.invokeInterface(java.lang.Object, java.lang.Object)'> (0x000000071160a828) thrown at [./src/hotspot/share/interpreter/linkResolver.cpp, line 773]
Event: 1.010 Thread 0x0000026bd8cbe000 Exception <a 'java/lang/NoSuchMethodError'{0x0000000711204ca8}: 'void java.lang.invoke.DirectMethodHandle$Holder.invokeVirtual(java.lang.Object, java.lang.Object)'> (0x0000000711204ca8) thrown at [./src/hotspot/share/interpreter/linkResolver.cpp, line 773]
Event: 1.015 Thread 0x0000026bd8cbe000 Exception <a 'java/lang/NoSuchMethodError'{0x000000071126d680}: 'int java.lang.invoke.DirectMethodHandle$Holder.invokeVirtual(java.lang.Object, java.lang.Object)'> (0x000000071126d680) thrown at [./src/hotspot/share/interpreter/linkResolver.cpp, line 773]
Event: 1.407 Thread 0x0000026bd8cbe000 Exception <a 'java/lang/NoSuchMethodError'{0x0000000712194288}: 'java.lang.Object java.lang.invoke.DirectMethodHandle$Holder.invokeVirtual(java.lang.Object, java.lang.Object, java.lang.Object)'> (0x0000000712194288) thrown at [./src/hotspot/share/interpreter/linkResolver.cpp, line 773]
Event: 1.820 Thread 0x0000026bd8cbe000 Exception <a 'java/lang/NoSuchMethodError'{0x000000071461afd0}: 'java.lang.Object java.lang.invoke.Invokers$Holder.linkToTargetMethod(java.lang.Object, int, java.lang.Object)'> (0x000000071461afd0) thrown at [./src/hotspot/share/interpreter/linkResolver.cpp, line 773]
Event: 2.451 Thread 0x0000026bd8cbe000 Exception <a 'java/lang/NoSuchMethodError'{0x00000007101de8b0}: 'java.lang.Object java.lang.invoke.DirectMethodHandle$Holder.invokeStaticInit(java.lang.Object, java.lang.Object, java.lang.Object)'> (0x00000007101de8b0) thrown at [./src/hotspot/share/interpreter/linkResolver.cpp, line 773]
Event: 2.453 Thread 0x0000026bd8cbe000 Exception <a 'java/lang/NoSuchMethodError'{0x00000007101ec020}: 'java.lang.Object java.lang.invoke.DirectMethodHandle$Holder.invokeStatic(java.lang.Object, int, java.lang.Object, java.lang.Object)'> (0x00000007101ec020) thrown at [./src/hotspot/share/interpreter/linkResolver.cpp, line 773]
Event: 2.454 Thread 0x0000026bd8cbe000 Exception <a 'java/lang/NoSuchMethodError'{0x00000007101f6738}: 'int java.lang.invoke.DirectMethodHandle$Holder.invokeInterface(java.lang.Object, java.lang.Object)'> (0x00000007101f6738) thrown at [./src/hotspot/share/interpreter/linkResolver.cpp, line 773]
Event: 2.923 Thread 0x0000026bd8cbe000 Exception <a 'java/lang/NoSuchMethodError'{0x0000000713f22580}: 'java.lang.Object java.lang.invoke.Invokers$Holder.linkToTargetMethod(java.lang.Object, java.lang.Object, java.lang.Object, java.lang.Object, java.lang.Object, java.lang.Object)'> (0x0000000713f22580) thrown at [./src/hotspot/share/interpreter/linkResolver.cpp, line 773]
Event: 2.950 Thread 0x0000026bd8cbe000 Exception <a 'java/lang/NoSuchMethodError'{0x0000000713d65c18}: 'void java.lang.invoke.DirectMethodHandle$Holder.invokeStatic(java.lang.Object, java.lang.Object, java.lang.Object, java.lang.Object)'> (0x0000000713d65c18) thrown at [./src/hotspot/share/interpreter/linkResolver.cpp, line 773]

Events (20 events):
Event: 3.013 loading class org/jetbrains/kotlin/com/google/common/collect/RegularImmutableBiMap$Inverse$InverseEntrySet
Event: 3.013 loading class org/jetbrains/kotlin/com/google/common/collect/RegularImmutableBiMap$Inverse$InverseEntrySet done
Event: 3.013 loading class org/jetbrains/kotlin/com/google/common/collect/IndexedImmutableSet$1
Event: 3.013 loading class org/jetbrains/kotlin/com/google/common/collect/IndexedImmutableSet$1 done
Event: 3.014 loading class org/jetbrains/kotlin/com/google/common/collect/RegularImmutableBiMap$Inverse$InverseEntrySet$1
Event: 3.014 loading class org/jetbrains/kotlin/com/google/common/collect/RegularImmutableBiMap$Inverse$InverseEntrySet$1 done
Event: 3.015 loading class org/jetbrains/kotlin/com/google/common/primitives/Ints
Event: 3.015 loading class org/jetbrains/kotlin/com/google/common/primitives/Ints done
Event: 3.015 loading class org/jetbrains/kotlin/com/google/common/primitives/Ints$IntConverter
Event: 3.015 loading class org/jetbrains/kotlin/com/google/common/primitives/Ints$IntConverter done
Event: 3.016 loading class org/jetbrains/kotlin/resolve/calls/util/CallMaker$ExpressionValueArgument
Event: 3.016 loading class org/jetbrains/kotlin/resolve/calls/util/CallMaker$ExpressionValueArgument done
Event: 3.016 loading class org/jetbrains/kotlin/types/expressions/ControlStructureTypingUtils$1
Event: 3.016 loading class org/jetbrains/kotlin/types/expressions/ControlStructureTypingUtils$1 done
Event: 3.017 loading class org/jetbrains/kotlin/resolve/descriptorUtil/AnnotationsWithOnly
Event: 3.017 loading class org/jetbrains/kotlin/resolve/descriptorUtil/AnnotationsWithOnly done
Event: 3.017 loading class org/jetbrains/kotlin/types/expressions/ControlStructureTypingUtils$3
Event: 3.017 loading class org/jetbrains/kotlin/types/expressions/ControlStructureTypingUtils$3 done
Event: 3.018 loading class org/jetbrains/kotlin/types/expressions/ControlStructureTypingUtils$ThrowingOnErrorTracingStrategy
Event: 3.018 loading class org/jetbrains/kotlin/types/expressions/ControlStructureTypingUtils$ThrowingOnErrorTracingStrategy done


Dynamic libraries:
0x00007ff74a5b0000 - 0x00007ff74a5ba000 	C:\Program Files\Android\Android Studio\jre\bin\java.exe
0x00007ff9474b0000 - 0x00007ff9476a5000 	C:\WINDOWS\SYSTEM32\ntdll.dll
0x00007ff946df0000 - 0x00007ff946eae000 	C:\WINDOWS\System32\KERNEL32.DLL
0x00007ff944c80000 - 0x00007ff944f49000 	C:\WINDOWS\System32\KERNELBASE.dll
0x00007ff945400000 - 0x00007ff945500000 	C:\WINDOWS\System32\ucrtbase.dll
0x00007ff92e730000 - 0x00007ff92e749000 	C:\Program Files\Android\Android Studio\jre\bin\jli.dll
0x00007ff92e510000 - 0x00007ff92e527000 	C:\Program Files\Android\Android Studio\jre\bin\VCRUNTIME140.dll
0x00007ff946390000 - 0x00007ff946531000 	C:\WINDOWS\System32\USER32.dll
0x00007ff944c00000 - 0x00007ff944c22000 	C:\WINDOWS\System32\win32u.dll
0x00007ff943fa0000 - 0x00007ff94423a000 	C:\WINDOWS\WinSxS\amd64_microsoft.windows.common-controls_6595b64144ccf1df_6.0.19041.1110_none_60b5254171f9507e\COMCTL32.dll
0x00007ff946c80000 - 0x00007ff946cab000 	C:\WINDOWS\System32\GDI32.dll
0x00007ff945a80000 - 0x00007ff945b1e000 	C:\WINDOWS\System32\msvcrt.dll
0x00007ff945160000 - 0x00007ff94526b000 	C:\WINDOWS\System32\gdi32full.dll
0x00007ff945360000 - 0x00007ff9453fd000 	C:\WINDOWS\System32\msvcp_win.dll
0x00007ff947440000 - 0x00007ff947470000 	C:\WINDOWS\System32\IMM32.DLL
0x00007ff918d10000 - 0x00007ff918dad000 	C:\Program Files\Android\Android Studio\jre\bin\msvcp140.dll
0x00007ff8dbc40000 - 0x00007ff8dc70f000 	C:\Program Files\Android\Android Studio\jre\bin\server\jvm.dll
0x00007ff9459d0000 - 0x00007ff945a7c000 	C:\WINDOWS\System32\ADVAPI32.dll
0x00007ff9473a0000 - 0x00007ff94743b000 	C:\WINDOWS\System32\sechost.dll
0x00007ff9458a0000 - 0x00007ff9459ca000 	C:\WINDOWS\System32\RPCRT4.dll
0x00007ff945580000 - 0x00007ff945588000 	C:\WINDOWS\System32\PSAPI.DLL
0x00007ff92e850000 - 0x00007ff92e859000 	C:\WINDOWS\SYSTEM32\WSOCK32.dll
0x00007ff9344f0000 - 0x00007ff934517000 	C:\WINDOWS\SYSTEM32\WINMM.dll
0x00007ff93dfa0000 - 0x00007ff93dfaa000 	C:\WINDOWS\SYSTEM32\VERSION.dll
0x00007ff947330000 - 0x00007ff94739b000 	C:\WINDOWS\System32\WS2_32.dll
0x00007ff942e00000 - 0x00007ff942e12000 	C:\WINDOWS\SYSTEM32\kernel.appcore.dll
0x00007ff92c770000 - 0x00007ff92c781000 	C:\Program Files\Android\Android Studio\jre\bin\verify.dll
0x00007ff944450000 - 0x00007ff944634000 	C:\WINDOWS\SYSTEM32\DBGHELP.DLL
0x00007ff9443a0000 - 0x00007ff9443cc000 	C:\WINDOWS\SYSTEM32\dbgcore.DLL
0x00007ff945270000 - 0x00007ff9452f3000 	C:\WINDOWS\System32\bcryptPrimitives.dll
0x00007ff8fe2f0000 - 0x00007ff8fe319000 	C:\Program Files\Android\Android Studio\jre\bin\java.dll
0x00007ff936200000 - 0x00007ff93620b000 	C:\Program Files\Android\Android Studio\jre\bin\jimage.dll
0x00007ff92c750000 - 0x00007ff92c768000 	C:\Program Files\Android\Android Studio\jre\bin\zip.dll
0x00007ff946540000 - 0x00007ff946c7f000 	C:\WINDOWS\System32\SHELL32.dll
0x00007ff9425a0000 - 0x00007ff942d30000 	C:\WINDOWS\SYSTEM32\windows.storage.dll
0x00007ff945b20000 - 0x00007ff945e75000 	C:\WINDOWS\System32\combase.dll
0x00007ff943f30000 - 0x00007ff943f5c000 	C:\WINDOWS\SYSTEM32\Wldp.dll
0x00007ff945ef0000 - 0x00007ff945f9d000 	C:\WINDOWS\System32\SHCORE.dll
0x00007ff945e80000 - 0x00007ff945ed5000 	C:\WINDOWS\System32\shlwapi.dll
0x00007ff944b10000 - 0x00007ff944b2f000 	C:\WINDOWS\SYSTEM32\profapi.dll
0x00007ff91ff50000 - 0x00007ff91ff6a000 	C:\Program Files\Android\Android Studio\jre\bin\net.dll
0x00007ff93da20000 - 0x00007ff93db28000 	C:\WINDOWS\SYSTEM32\WINHTTP.dll
0x00007ff943c90000 - 0x00007ff943cfa000 	C:\WINDOWS\system32\mswsock.dll
0x00007ff8e9300000 - 0x00007ff8e9314000 	C:\Program Files\Android\Android Studio\jre\bin\nio.dll

dbghelp: loaded successfully - version: 4.0.5 - missing functions: none
symbol engine: initialized successfully - sym options: 0x614 - pdb path: .;C:\Program Files\Android\Android Studio\jre\bin;C:\WINDOWS\SYSTEM32;C:\WINDOWS\WinSxS\amd64_microsoft.windows.common-controls_6595b64144ccf1df_6.0.19041.1110_none_60b5254171f9507e;C:\Program Files\Android\Android Studio\jre\bin\server

VM Arguments:
java_command: org.jetbrains.kotlin.cli.jvm.K2JVMCompiler @D:\ReactNative\FullApp\TestProject\node_modules\expo-splash-screen\android\build\20211111_3888222807290567808.compiler.options
java_class_path (initial): C:\Users\Quoc Minh\.gradle\caches\modules-2\files-2.1\org.jetbrains.kotlin\kotlin-compiler-embeddable\1.4.21\87db94500aaf883536ae8c8efdee76bdc839d582\kotlin-compiler-embeddable-1.4.21.jar;C:\Users\Quoc Minh\.gradle\caches\modules-2\files-2.1\org.jetbrains.kotlin\kotlin-reflect\1.4.21\748f681f4e3edbe9285ff46710c79049c70f4dfa\kotlin-reflect-1.4.21.jar;C:\Users\Quoc Minh\.gradle\caches\modules-2\files-2.1\org.jetbrains.kotlin\kotlin-stdlib\1.4.21\4a668382d7c38688d3490afde93b6a113ed46698\kotlin-stdlib-1.4.21.jar;C:\Users\Quoc Minh\.gradle\caches\modules-2\files-2.1\org.jetbrains.kotlin\kotlin-script-runtime\1.4.21\1247decba314790165b4fe94d09c45b09db6b07f\kotlin-script-runtime-1.4.21.jar;C:\Users\Quoc Minh\.gradle\caches\modules-2\files-2.1\org.jetbrains.kotlin\kotlin-daemon-embeddable\1.4.21\bc95bcebdc871d45d9852b0c01abe9bec373bb52\kotlin-daemon-embeddable-1.4.21.jar;C:\Users\Quoc Minh\.gradle\caches\modules-2\files-2.1\org.jetbrains.intellij.deps\trove4j\1.0.20181211\216c2e14b070f334479d800987affe4054cd563f\trove4j-1.0.20181211.jar;C:\Users\Quoc Minh\.gradle\caches\modules-2\files-2.1\org.jetbrains.kotlin\kotlin-stdlib-common\1.4.21\7f48a062aa4b53215998780f7c245a4276828e1d\kotlin-stdlib-common-1.4.21.jar;C:\Users\Quoc Minh\.gradle\caches\modules-2\files-2.1\org.jetbrains\annotations\13.0\919f0dfe192fb4e063e7dacadee7f8bb9a2672a9\annotations-13.0.jar
Launcher Type: SUN_STANDARD

[Global flags]
     intx CICompilerCount                          = 4                                         {product} {ergonomic}
     uint ConcGCThreads                            = 3                                         {product} {ergonomic}
     uint G1ConcRefinementThreads                  = 10                                        {product} {ergonomic}
   size_t G1HeapRegionSize                         = 1048576                                   {product} {ergonomic}
    uintx GCDrainStackTargetSize                   = 64                                        {product} {ergonomic}
   size_t InitialHeapSize                          = 266338304                                 {product} {ergonomic}
   size_t MarkStackSize                            = 4194304                                   {product} {ergonomic}
   size_t MaxHeapSize                              = 4255121408                                {product} {ergonomic}
   size_t MaxNewSize                               = 2552233984                                {product} {ergonomic}
   size_t MinHeapDeltaBytes                        = 1048576                                   {product} {ergonomic}
    uintx NonNMethodCodeHeapSize                   = 5836300                                {pd product} {ergonomic}
    uintx NonProfiledCodeHeapSize                  = 122910970                              {pd product} {ergonomic}
    uintx ProfiledCodeHeapSize                     = 122910970                              {pd product} {ergonomic}
    uintx ReservedCodeCacheSize                    = 251658240                              {pd product} {ergonomic}
     bool SegmentedCodeCache                       = true                                      {product} {ergonomic}
     bool UseCompressedClassPointers               = true                                 {lp64_product} {ergonomic}
     bool UseCompressedOops                        = true                                 {lp64_product} {ergonomic}
     bool UseG1GC                                  = true                                      {product} {ergonomic}
     bool UseLargePagesIndividualAllocation        = false                                  {pd product} {ergonomic}

Logging:
Log output configuration:
 #0: stdout all=warning uptime,level,tags
 #1: stderr all=off uptime,level,tags

Environment Variables:
JAVA_HOME=C:\Program Files\Android\Android Studio\jre
CLASSPATH=D:\ReactNative\FullApp\TestProject\android\\gradle\wrapper\gradle-wrapper.jar
PATH=D:\ReactNative\FullApp\TestProject\android\node_modules\.bin;D:\ReactNative\FullApp\TestProject\node_modules\.bin;D:\ReactNative\FullApp\node_modules\.bin;D:\ReactNative\node_modules\.bin;D:\node_modules\.bin;C:\Program Files\nodejs;C:\Program Files (x86)\Intel\Intel(R) Management Engine Components\iCLS\;C:\Program Files\Intel\Intel(R) Management Engine Components\iCLS\;C:\Windows\system32;C:\Windows;C:\Windows\System32\Wbem;C:\Windows\System32\WindowsPowerShell\v1.0\;C:\Windows\System32\OpenSSH\;C:\Program Files (x86)\NVIDIA Corporation\PhysX\Common;C:\Program Files\Intel\WiFi\bin\;C:\Program Files\Common Files\Intel\WirelessCommon\;C:\Program Files (x86)\Intel\Intel(R) Management Engine Components\DAL;C:\Program Files\Intel\Intel(R) Management Engine Components\DAL;C:\Program Files (x86)\Intel\Intel(R) Management Engine Components\IPT;C:\Program Files\Intel\Intel(R) Management Engine Components\IPT;C:\WINDOWS\system32;C:\WINDOWS;C:\WINDOWS\System32\Wbem;C:\WINDOWS\System32\WindowsPowerShell\v1.0\;C:\WINDOWS\System32\OpenSSH\;C:\Program Files\Microsoft SQL Server\Client SDK\ODBC\170\Tools\Binn\;C:\Program Files (x86)\Microsoft SQL Server\150\Tools\Binn\;C:\Program Files\Microsoft SQL Server\150\Tools\Binn\;C:\Program Files\Microsoft SQL Server\150\DTS\Binn\;C:\Program Files (x86)\Microsoft SQL Server\150\DTS\Binn\;C:\Program Files\Azure Data Studio\bin;C:\Program Files\Git\cmd;C:\Program Files\nodejs\;C:\Users\Quoc Minh\AppData\Local\python2\scripts;C:\Users\Quoc Minh\AppData\Local\python2;C:\Users\Quoc Minh\AppData\Local\Microsoft\WindowsApps;C:\Program Files\Azure Data Studio\bin;D:\Android\SDK\Sdk\platform-tools;D:\Android\SDK\Sdk\tools;D:\Microsoft VS Code\bin;C:\Users\Quoc Minh\AppData\Roaming\npm;C:\Program Files\MongoDB\Server\5.0\bin\;C:\Program Files\heroku\bin
USERNAME=Quoc Minh
LANG=en_US.UTF-8
OS=Windows_NT
PROCESSOR_IDENTIFIER=Intel64 Family 6 Model 158 Stepping 10, GenuineIntel



---------------  S Y S T E M  ---------------

OS: Windows 10 , 64 bit Build 19041 (10.0.19041.1202)
OS uptime: 0 days 0:38 hours

CPU:total 12 (initial active 12) (6 cores per cpu, 2 threads per core) family 6 model 158 stepping 10 microcode 0xb4, cmov, cx8, fxsr, mmx, sse, sse2, sse3, ssse3, sse4.1, sse4.2, popcnt, avx, avx2, aes, clmul, erms, 3dnowpref, lzcnt, ht, tsc, tscinvbit, bmi1, bmi2, adx, fma

Memory: 4k page, system-wide physical 16230M (3244M free)
TotalPageFile size 19699M (AvailPageFile size 2424M)
current process WorkingSet (physical memory assigned to process): 319M, peak: 321M
current process commit charge ("private bytes"): 528M, peak: 531M

vm_info: OpenJDK 64-Bit Server VM (11.0.10+0-b96-7249189) for windows-amd64 JRE (11.0.10+0-b96-7249189), built on Mar 31 2021 21:44:00 by "builder" with MS VC++ 14.0 (VS2015)

END.
