#
# A fatal error has been detected by the Java Runtime Environment:
#
#  EXCEPTION_ACCESS_VIOLATION (0xc0000005) at pc=0x00007ffdae6d7db0, pid=9484, tid=336
#
# JRE version: OpenJDK Runtime Environment (11.0.10) (build 11.0.10+0-b96-7249189)
# Java VM: OpenJDK 64-Bit Server VM (11.0.10+0-b96-7249189, mixed mode, tiered, compressed oops, g1 gc, windows-amd64)
# Problematic frame:
# V  [jvm.dll+0x357db0]
#
# No core dump will be written. Minidumps are not enabled by default on client versions of Windows
#
# If you would like to submit a bug report, please visit:
#   https://bugreport.java.com/bugreport/crash.jsp
#

---------------  S U M M A R Y ------------

Command Line: -XX:MaxPermSize=512m -XX:+HeapDumpOnOutOfMemoryError --add-opens=java.base/java.util=ALL-UNNAMED --add-opens=java.base/java.lang=ALL-UNNAMED --add-opens=java.base/java.lang.invoke=ALL-UNNAMED --add-opens=java.prefs/java.util.prefs=ALL-UNNAMED -Xmx2048m -Dfile.encoding=UTF-8 -Duser.country=US -Duser.language=en -Duser.variant org.gradle.launcher.daemon.bootstrap.GradleDaemon 6.8

Host: Intel(R) Core(TM) i7-8750H CPU @ 2.20GHz, 12 cores, 15G,  Windows 10 , 64 bit Build 19041 (10.0.19041.1348)
Time: Thu Nov 25 16:59:27 2021 SE Asia Standard Time elapsed time: 11.357821 seconds (0d 0h 0m 11s)

---------------  T H R E A D  ---------------

Current thread (0x00000145a469e800):  JavaThread "C2 CompilerThread1" daemon [_thread_in_native, id=336, stack(0x0000002d69d00000,0x0000002d69e00000)]


Current CompileTask:
C2:  11357 6007       4       java.lang.reflect.Method::invoke (65 bytes)

Stack: [0x0000002d69d00000,0x0000002d69e00000],  sp=0x0000002d69dfbec0,  free space=1007k
Native frames: (J=compiled Java code, j=interpreted, Vv=VM code, C=native code)
V  [jvm.dll+0x357db0]
V  [jvm.dll+0x353330]
V  [jvm.dll+0x198517]
V  [jvm.dll+0x1980af]
V  [jvm.dll+0x1fb70e]
V  [jvm.dll+0x1fa7f4]
V  [jvm.dll+0x18354c]
V  [jvm.dll+0x208ee7]
V  [jvm.dll+0x207731]
V  [jvm.dll+0x6eb1cf]
V  [jvm.dll+0x6e3d45]
V  [jvm.dll+0x5ebe96]
C  [ucrtbase.dll+0x21bb2]
C  [KERNEL32.DLL+0x17034]
C  [ntdll.dll+0x52651]


siginfo: EXCEPTION_ACCESS_VIOLATION (0xc0000005), reading address 0xffffffffffffffff


Register to memory mapping:

RIP=0x00007ffdae6d7db0 jvm.dll
RAX=0x00207ffdaed77c38 is an unknown value
RBX=0x00000000000000f0 is an unknown value
RCX=0x0000000000000002 is an unknown value
RDX=0x0 is NULL
RSP=0x0000002d69dfbec0 is pointing into the stack for thread: 0x00000145a469e800
RBP=0x0000000000000008 is an unknown value
RSI=0x00007ffdaed77c38 jvm.dll
RDI=0x00000145a285d040 points into unknown readable memory: 0x00000145a1b68a10 | 10 8a b6 a1 45 01 00 00
R8 =0x00000145a4ae1be0 points into unknown readable memory: 0xc000002000800000 | 00 00 80 00 20 00 00 c0
R9 =0x0000002d69dfbf10 is pointing into the stack for thread: 0x00000145a469e800
R10=0x000000000000001e is an unknown value
R11=0x0000000000000002 is an unknown value
R12=0x00007ffdae380000 jvm.dll
R13=0x000000000000752f is an unknown value
R14=0x0000000000000002 is an unknown value
R15=0x00007ffdaed77c38 jvm.dll


Registers:
RAX=0x00207ffdaed77c38, RBX=0x00000000000000f0, RCX=0x0000000000000002, RDX=0x0000000000000000
RSP=0x0000002d69dfbec0, RBP=0x0000000000000008, RSI=0x00007ffdaed77c38, RDI=0x00000145a285d040
R8 =0x00000145a4ae1be0, R9 =0x0000002d69dfbf10, R10=0x000000000000001e, R11=0x0000000000000002
R12=0x00007ffdae380000, R13=0x000000000000752f, R14=0x0000000000000002, R15=0x00007ffdaed77c38
RIP=0x00007ffdae6d7db0, EFLAGS=0x0000000000010246

Top of Stack: (sp=0x0000002d69dfbec0)
0x0000002d69dfbec0:   0000002d69dfc4c0 00007ffdae518c60
0x0000002d69dfbed0:   0000000000000000 00007ffdae519105
0x0000002d69dfbee0:   0000000000000642 00007ffdae6d3330
0x0000002d69dfbef0:   00000145a33437b0 0000002d69dfc120
0x0000002d69dfbf00:   0000000000000000 0000000000000000
0x0000002d69dfbf10:   0000064400000000 0000000000000002
0x0000002d69dfbf20:   00207ffdaed77c38 0000000000000007
0x0000002d69dfbf30:   00000145a4f0a3f0 00007ffd00000024
0x0000002d69dfbf40:   00000145a3343990 0000000000000000
0x0000002d69dfbf50:   000000000003e940 0000000000000000
0x0000002d69dfbf60:   00007ffdae380000 00007ffdae518517
0x0000002d69dfbf70:   00000145a8bce990 0000002d69dfc4c0
0x0000002d69dfbf80:   0000000000000000 0000000000000009
0x0000002d69dfbf90:   0000063e00000000 0000002d00000008
0x0000002d69dfbfa0:   00000145a4ae1ce0 00007ffd00000001
0x0000002d69dfbfb0:   00000145a4f09f70 0000000000000001 

Instructions: (pc=0x00007ffdae6d7db0)
0x00007ffdae6d7cb0:   58 4c 8b 64 24 50 48 8b c3 48 83 c4 20 41 5f 5f
0x00007ffdae6d7cc0:   5e 5d 5b c3 cc cc cc cc cc cc cc cc cc cc cc cc
0x00007ffdae6d7cd0:   83 3a 00 4c 8b c2 c7 41 08 08 00 00 00 75 16 33
0x00007ffdae6d7ce0:   d2 c7 41 18 01 00 00 00 89 11 48 8b c1 c7 41 28
0x00007ffdae6d7cf0:   01 00 00 00 c3 33 d2 48 89 11 89 51 18 41 8b 80
0x00007ffdae6d7d00:   90 00 00 00 89 41 28 48 89 51 10 49 8b 40 08 48
0x00007ffdae6d7d10:   89 41 20 48 8b c1 4c 89 41 30 c3 cc cc cc cc cc
0x00007ffdae6d7d20:   48 83 ec 28 8b 51 08 4c 8b c9 83 fa 08 73 18 4c
0x00007ffdae6d7d30:   8b 41 10 8b c2 41 83 3c 80 00 0f 85 0d 01 00 00
0x00007ffdae6d7d40:   ff c2 83 fa 08 72 ec 44 8b 51 18 48 89 5c 24 30
0x00007ffdae6d7d50:   48 89 6c 24 38 48 89 74 24 40 48 89 7c 24 20 44
0x00007ffdae6d7d60:   3b 51 28 0f 83 b9 00 00 00 8b 0d 0d ba 6d 00 48
0x00007ffdae6d7d70:   8d 35 c2 fe 69 00 65 48 8b 04 25 58 00 00 00 bd
0x00007ffdae6d7d80:   08 00 00 00 48 8d 3c c8 0f 1f 84 00 00 00 00 00
0x00007ffdae6d7d90:   41 8b c2 48 8d 1c c5 00 00 00 00 49 8b 41 20 48
0x00007ffdae6d7da0:   8b 04 03 48 3b c6 74 6d 49 89 41 10 33 d2 66 90
0x00007ffdae6d7db0:   83 38 00 0f 85 c3 00 00 00 ff c2 48 83 c0 04 83
0x00007ffdae6d7dc0:   fa 08 72 ec 4d 8b 59 30 4d 85 db 74 48 49 8b 43
0x00007ffdae6d7dd0:   08 8b d5 48 03 17 4c 8b 04 03 48 8b 02 48 8b 88
0x00007ffdae6d7de0:   d0 04 00 00 48 8b 81 88 00 00 00 48 8b 88 88 08
0x00007ffdae6d7df0:   00 00 49 89 08 48 8b 02 48 8b 88 d0 04 00 00 48
0x00007ffdae6d7e00:   8b 81 88 00 00 00 4c 89 80 88 08 00 00 49 8b 43
0x00007ffdae6d7e10:   08 48 89 34 03 41 ff c2 45 3b 51 28 0f 82 6e ff
0x00007ffdae6d7e20:   ff ff 41 8b 41 28 41 89 41 18 33 c0 41 c7 41 08
0x00007ffdae6d7e30:   08 00 00 00 48 8b 74 24 40 48 8b 6c 24 38 48 8b
0x00007ffdae6d7e40:   5c 24 30 48 8b 7c 24 20 48 83 c4 28 c3 8b 41 18
0x00007ffdae6d7e50:   8d 0c c2 8b c2 c1 e1 05 81 e9 00 01 00 00 41 89
0x00007ffdae6d7e60:   49 04 41 8b 0c 80 8d 42 01 41 89 09 49 8b c9 41
0x00007ffdae6d7e70:   89 41 08 48 83 c4 28 e9 a4 33 e4 ff 42 8d 04 d2
0x00007ffdae6d7e80:   c1 e0 05 41 89 41 04 49 8b 41 10 8b 0c 90 41 8d
0x00007ffdae6d7e90:   42 01 41 89 41 18 8d 42 01 41 89 09 49 8b c9 41
0x00007ffdae6d7ea0:   89 41 08 e8 78 33 e4 ff eb 8a cc cc cc cc cc cc 


Stack slot to memory mapping:
stack at sp + 0 slots: 0x0000002d69dfc4c0 is pointing into the stack for thread: 0x00000145a469e800
stack at sp + 1 slots: 0x00007ffdae518c60 jvm.dll
stack at sp + 2 slots: 0x0 is NULL
stack at sp + 3 slots: 0x00007ffdae519105 jvm.dll
stack at sp + 4 slots: 0x0000000000000642 is an unknown value
stack at sp + 5 slots: 0x00007ffdae6d3330 jvm.dll
stack at sp + 6 slots: 0x00000145a33437b0 points into unknown readable memory: 0x0000000000000001 | 01 00 00 00 00 00 00 00
stack at sp + 7 slots: 0x0000002d69dfc120 is pointing into the stack for thread: 0x00000145a469e800


---------------  P R O C E S S  ---------------

Threads class SMR info:
_java_thread_list=0x00000145a6415ad0, length=137, elements={
0x0000014583cef800, 0x000001459ee31800, 0x000001459ee3d000, 0x000001459ee8a800,
0x000001459ee8d000, 0x000001459ee8f000, 0x000001459ee93000, 0x000001459ee99800,
0x000001459eea2800, 0x000001459f023800, 0x00000145a17ca000, 0x000001459f1ee000,
0x00000145a2010800, 0x00000145a00f7000, 0x00000145a1016800, 0x00000145a17d3000,
0x00000145a0377800, 0x00000145a0e9a800, 0x00000145a0d54800, 0x00000145a0749800,
0x00000145a0748800, 0x00000145a074a000, 0x00000145a0748000, 0x00000145a2892800,
0x00000145a288f800, 0x00000145a2893800, 0x00000145a2894000, 0x00000145a2891800,
0x00000145a2895000, 0x00000145a2896000, 0x00000145a469e800, 0x00000145a1af5000,
0x00000145a2891000, 0x00000145a289b800, 0x00000145a2899000, 0x00000145a2897800,
0x00000145a289d000, 0x00000145a289c800, 0x00000145a289e000, 0x00000145a289a000,
0x00000145a2898800, 0x00000145a289a800, 0x000001459fcb5000, 0x000001459fcb9000,
0x000001459fcb5800, 0x000001459fcba000, 0x000001459fcba800, 0x000001459fcbc800,
0x000001459fcbb800, 0x000001459fcb6800, 0x000001459fcbd000, 0x000001459fcb7800,
0x000001459fcbe000, 0x000001459fcb8000, 0x000001459fcc0800, 0x000001459fcc1000,
0x000001459fcc2000, 0x000001459fcbe800, 0x000001459fcc3000, 0x000001459fcbf800,
0x000001459fcc3800, 0x00000145a1ab3800, 0x00000145a1ab4800, 0x00000145a1abb000,
0x00000145a1aba000, 0x00000145a1ab6000, 0x00000145a1ab5800, 0x00000145a1ab8000,
0x00000145a1ab8800, 0x00000145a1ab9800, 0x00000145a1abc000, 0x00000145a1abc800,
0x00000145a1ab7000, 0x00000145a1ac1800, 0x00000145a1ac2800, 0x00000145a1abe800,
0x00000145a1abd800, 0x00000145a1abf000, 0x00000145a1ac0000, 0x00000145a1ac0800,
0x00000145a43bc000, 0x00000145a43c0000, 0x00000145a43ba000, 0x00000145a43bb000,
0x00000145a43bd800, 0x00000145a43be800, 0x00000145a43bf000, 0x00000145a43c0800,
0x00000145a43bc800, 0x00000145a43c1800, 0x00000145a43c3000, 0x00000145a43c4000,
0x00000145a43c5000, 0x00000145a43c7000, 0x00000145a43c8000, 0x00000145a43c5800,
0x00000145a43c6800, 0x00000145a43c2800, 0x00000145a43c9000, 0x00000145a1ae3800,
0x00000145a1ae7000, 0x00000145a1ae1000, 0x00000145a1ae2000, 0x00000145a1ae5000,
0x00000145a1ae2800, 0x00000145a1ae8800, 0x00000145a1ae4800, 0x00000145a1ae6000,
0x00000145a1ae9000, 0x00000145a1aed800, 0x00000145a1ae7800, 0x00000145a1aee000,
0x00000145a1aeb800, 0x00000145a1aef000, 0x00000145a1af0000, 0x00000145a1aea000,
0x00000145a1aeb000, 0x00000145a1aec800, 0x00000145a2cb3800, 0x00000145a2cb4800,
0x00000145a2cb5800, 0x00000145a2cb6000, 0x00000145a2cb0800, 0x00000145a2cb3000,
0x00000145a2cb2000, 0x00000145a2cb7000, 0x00000145a2cb1000, 0x00000145a2cbc800,
0x00000145a2cb7800, 0x00000145a2cbb000, 0x00000145a2cbd800, 0x00000145a2cb8800,
0x00000145a2cbe800, 0x00000145a2cbf000, 0x00000145a2cb9800, 0x00000145a2cba000,
0x00000145a2cbc000
}

Java Threads: ( => current thread )
  0x0000014583cef800 JavaThread "main" [_thread_blocked, id=11116, stack(0x0000002d67200000,0x0000002d67300000)]
  0x000001459ee31800 JavaThread "Reference Handler" daemon [_thread_blocked, id=17792, stack(0x0000002d67900000,0x0000002d67a00000)]
  0x000001459ee3d000 JavaThread "Finalizer" daemon [_thread_blocked, id=10420, stack(0x0000002d67a00000,0x0000002d67b00000)]
  0x000001459ee8a800 JavaThread "Signal Dispatcher" daemon [_thread_blocked, id=18604, stack(0x0000002d67b00000,0x0000002d67c00000)]
  0x000001459ee8d000 JavaThread "Attach Listener" daemon [_thread_blocked, id=18764, stack(0x0000002d67c00000,0x0000002d67d00000)]
  0x000001459ee8f000 JavaThread "Service Thread" daemon [_thread_blocked, id=18768, stack(0x0000002d67d00000,0x0000002d67e00000)]
  0x000001459ee93000 JavaThread "C2 CompilerThread0" daemon [_thread_in_native, id=13352, stack(0x0000002d67e00000,0x0000002d67f00000)]
  0x000001459ee99800 JavaThread "C1 CompilerThread0" daemon [_thread_blocked, id=17948, stack(0x0000002d67f00000,0x0000002d68000000)]
  0x000001459eea2800 JavaThread "Sweeper thread" daemon [_thread_blocked, id=17776, stack(0x0000002d68000000,0x0000002d68100000)]
  0x000001459f023800 JavaThread "Common-Cleaner" daemon [_thread_blocked, id=12212, stack(0x0000002d68100000,0x0000002d68200000)]
  0x00000145a17ca000 JavaThread "Daemon health stats" [_thread_blocked, id=16372, stack(0x0000002d68a00000,0x0000002d68b00000)]
  0x000001459f1ee000 JavaThread "Incoming local TCP Connector on port 64114" [_thread_in_native, id=18212, stack(0x0000002d68b00000,0x0000002d68c00000)]
  0x00000145a2010800 JavaThread "Daemon periodic checks" [_thread_blocked, id=4172, stack(0x0000002d68c00000,0x0000002d68d00000)]
  0x00000145a00f7000 JavaThread "Daemon" [_thread_blocked, id=10512, stack(0x0000002d68d00000,0x0000002d68e00000)]
  0x00000145a1016800 JavaThread "Handler for socket connection from /127.0.0.1:64114 to /127.0.0.1:64115" [_thread_in_native, id=18848, stack(0x0000002d68e00000,0x0000002d68f00000)]
  0x00000145a17d3000 JavaThread "Cancel handler" [_thread_blocked, id=19044, stack(0x0000002d68f00000,0x0000002d69000000)]
  0x00000145a0377800 JavaThread "Daemon worker" [_thread_in_native, id=17488, stack(0x0000002d69000000,0x0000002d69100000)]
  0x00000145a0e9a800 JavaThread "Asynchronous log dispatcher for DefaultDaemonConnection: socket connection from /127.0.0.1:64114 to /127.0.0.1:64115" [_thread_blocked, id=5132, stack(0x0000002d69100000,0x0000002d69200000)]
  0x00000145a0d54800 JavaThread "Stdin handler" [_thread_blocked, id=4024, stack(0x0000002d69200000,0x0000002d69300000)]
  0x00000145a0749800 JavaThread "Daemon client event forwarder" [_thread_blocked, id=17700, stack(0x0000002d69300000,0x0000002d69400000)]
  0x00000145a0748800 JavaThread "Cache worker for file hash cache (C:\Users\quocm\.gradle\caches\6.8\fileHashes)" [_thread_blocked, id=17952, stack(0x0000002d69400000,0x0000002d69500000)]
  0x00000145a074a000 JavaThread "File lock request listener" [_thread_in_native, id=1836, stack(0x0000002d69500000,0x0000002d69600000)]
  0x00000145a0748000 JavaThread "Cache worker for journal cache (C:\Users\quocm\.gradle\caches\journal-1)" [_thread_blocked, id=19240, stack(0x0000002d69600000,0x0000002d69700000)]
  0x00000145a2892800 JavaThread "Cache worker for file hash cache (D:\ReactNative\FullApp\TestProject\android\.gradle\6.8\fileHashes)" [_thread_blocked, id=19020, stack(0x0000002d69e00000,0x0000002d69f00000)]
  0x00000145a288f800 JavaThread "Cache worker for checksums cache (D:\ReactNative\FullApp\TestProject\android\.gradle\checksums)" [_thread_blocked, id=19024, stack(0x0000002d69f00000,0x0000002d6a000000)]
  0x00000145a2893800 JavaThread "Cache worker for cache directory md-supplier (C:\Users\quocm\.gradle\caches\6.8\md-supplier)" [_thread_blocked, id=16708, stack(0x0000002d6a000000,0x0000002d6a100000)]
  0x00000145a2894000 JavaThread "Cache worker for cache directory md-rule (C:\Users\quocm\.gradle\caches\6.8\md-rule)" [_thread_blocked, id=6396, stack(0x0000002d6a100000,0x0000002d6a200000)]
  0x00000145a2891800 JavaThread "Cache worker for execution history cache (C:\Users\quocm\.gradle\caches\6.8\executionHistory)" [_thread_blocked, id=19088, stack(0x0000002d6a300000,0x0000002d6a400000)]
  0x00000145a2895000 JavaThread "jar transforms" [_thread_blocked, id=10008, stack(0x0000002d6a400000,0x0000002d6a500000)]
  0x00000145a2896000 JavaThread "Cache worker for file content cache (C:\Users\quocm\.gradle\caches\6.8\fileContent)" [_thread_blocked, id=9680, stack(0x0000002d6a500000,0x0000002d6a600000)]
=>0x00000145a469e800 JavaThread "C2 CompilerThread1" daemon [_thread_in_native, id=336, stack(0x0000002d69d00000,0x0000002d69e00000)]
  0x00000145a1af5000 JavaThread "C2 CompilerThread2" daemon [_thread_in_native, id=16180, stack(0x0000002d6a200000,0x0000002d6a300000)]
  0x00000145a2891000 JavaThread "Cache worker for Build Output Cleanup Cache (D:\ReactNative\FullApp\TestProject\android\.gradle\buildOutputCleanup)" [_thread_blocked, id=16544, stack(0x0000002d6a600000,0x0000002d6a700000)]
  0x00000145a289b800 JavaThread "Build operations" [_thread_blocked, id=18336, stack(0x0000002d6a700000,0x0000002d6a800000)]
  0x00000145a2899000 JavaThread "Build operations Thread 2" [_thread_blocked, id=16056, stack(0x0000002d6a800000,0x0000002d6a900000)]
  0x00000145a2897800 JavaThread "Build operations Thread 3" [_thread_blocked, id=4632, stack(0x0000002d6a900000,0x0000002d6aa00000)]
  0x00000145a289d000 JavaThread "Build operations Thread 4" [_thread_blocked, id=728, stack(0x0000002d6aa00000,0x0000002d6ab00000)]
  0x00000145a289c800 JavaThread "Build operations Thread 5" [_thread_blocked, id=14196, stack(0x0000002d6ab00000,0x0000002d6ac00000)]
  0x00000145a289e000 JavaThread "Build operations Thread 6" [_thread_blocked, id=16236, stack(0x0000002d6ac00000,0x0000002d6ad00000)]
  0x00000145a289a000 JavaThread "Build operations Thread 7" [_thread_blocked, id=2668, stack(0x0000002d6ad00000,0x0000002d6ae00000)]
  0x00000145a2898800 JavaThread "Build operations Thread 8" [_thread_blocked, id=11104, stack(0x0000002d6ae00000,0x0000002d6af00000)]
  0x00000145a289a800 JavaThread "Build operations Thread 9" [_thread_blocked, id=14116, stack(0x0000002d6af00000,0x0000002d6b000000)]
  0x000001459fcb5000 JavaThread "Build operations Thread 10" [_thread_blocked, id=17272, stack(0x0000002d6b000000,0x0000002d6b100000)]
  0x000001459fcb9000 JavaThread "Build operations Thread 11" [_thread_blocked, id=14724, stack(0x0000002d6b100000,0x0000002d6b200000)]
  0x000001459fcb5800 JavaThread "Build operations Thread 12" [_thread_blocked, id=10400, stack(0x0000002d6b200000,0x0000002d6b300000)]
  0x000001459fcba000 JavaThread "jar transforms Thread 2" [_thread_blocked, id=9640, stack(0x0000002d6b300000,0x0000002d6b400000)]
  0x000001459fcba800 JavaThread "jar transforms Thread 3" [_thread_blocked, id=18552, stack(0x0000002d6b400000,0x0000002d6b500000)]
  0x000001459fcbc800 JavaThread "jar transforms Thread 4" [_thread_blocked, id=1512, stack(0x0000002d6b500000,0x0000002d6b600000)]
  0x000001459fcbb800 JavaThread "jar transforms Thread 5" [_thread_blocked, id=8840, stack(0x0000002d6b600000,0x0000002d6b700000)]
  0x000001459fcb6800 JavaThread "jar transforms Thread 6" [_thread_blocked, id=17752, stack(0x0000002d6b700000,0x0000002d6b800000)]
  0x000001459fcbd000 JavaThread "jar transforms Thread 7" [_thread_blocked, id=15344, stack(0x0000002d6b800000,0x0000002d6b900000)]
  0x000001459fcb7800 JavaThread "jar transforms Thread 8" [_thread_blocked, id=19448, stack(0x0000002d6b900000,0x0000002d6ba00000)]
  0x000001459fcbe000 JavaThread "jar transforms Thread 9" [_thread_blocked, id=8212, stack(0x0000002d6ba00000,0x0000002d6bb00000)]
  0x000001459fcb8000 JavaThread "jar transforms Thread 10" [_thread_blocked, id=17852, stack(0x0000002d6bb00000,0x0000002d6bc00000)]
  0x000001459fcc0800 JavaThread "jar transforms Thread 11" [_thread_blocked, id=14604, stack(0x0000002d6bc00000,0x0000002d6bd00000)]
  0x000001459fcc1000 JavaThread "jar transforms Thread 12" [_thread_blocked, id=18396, stack(0x0000002d6bd00000,0x0000002d6be00000)]
  0x000001459fcc2000 JavaThread "jar transforms Thread 13" [_thread_blocked, id=5304, stack(0x0000002d6be00000,0x0000002d6bf00000)]
  0x000001459fcbe800 JavaThread "jar transforms Thread 14" [_thread_blocked, id=8984, stack(0x0000002d6bf00000,0x0000002d6c000000)]
  0x000001459fcc3000 JavaThread "jar transforms Thread 15" [_thread_blocked, id=18540, stack(0x0000002d6c000000,0x0000002d6c100000)]
  0x000001459fcbf800 JavaThread "jar transforms Thread 16" [_thread_blocked, id=9948, stack(0x0000002d6c100000,0x0000002d6c200000)]
  0x000001459fcc3800 JavaThread "jar transforms Thread 17" [_thread_blocked, id=17252, stack(0x0000002d6c200000,0x0000002d6c300000)]
  0x00000145a1ab3800 JavaThread "jar transforms Thread 18" [_thread_blocked, id=18532, stack(0x0000002d6c300000,0x0000002d6c400000)]
  0x00000145a1ab4800 JavaThread "jar transforms Thread 19" [_thread_blocked, id=18504, stack(0x0000002d6c400000,0x0000002d6c500000)]
  0x00000145a1abb000 JavaThread "jar transforms Thread 20" [_thread_blocked, id=18672, stack(0x0000002d6c500000,0x0000002d6c600000)]
  0x00000145a1aba000 JavaThread "jar transforms Thread 21" [_thread_blocked, id=18572, stack(0x0000002d6c600000,0x0000002d6c700000)]
  0x00000145a1ab6000 JavaThread "jar transforms Thread 22" [_thread_blocked, id=7976, stack(0x0000002d6c700000,0x0000002d6c800000)]
  0x00000145a1ab5800 JavaThread "jar transforms Thread 23" [_thread_blocked, id=17632, stack(0x0000002d6c800000,0x0000002d6c900000)]
  0x00000145a1ab8000 JavaThread "jar transforms Thread 24" [_thread_blocked, id=17636, stack(0x0000002d6c900000,0x0000002d6ca00000)]
  0x00000145a1ab8800 JavaThread "jar transforms Thread 25" [_thread_blocked, id=6324, stack(0x0000002d6ca00000,0x0000002d6cb00000)]
  0x00000145a1ab9800 JavaThread "jar transforms Thread 26" [_thread_blocked, id=8336, stack(0x0000002d6cb00000,0x0000002d6cc00000)]
  0x00000145a1abc000 JavaThread "jar transforms Thread 27" [_thread_blocked, id=14800, stack(0x0000002d6cc00000,0x0000002d6cd00000)]
  0x00000145a1abc800 JavaThread "jar transforms Thread 28" [_thread_blocked, id=17628, stack(0x0000002d6cd00000,0x0000002d6ce00000)]
  0x00000145a1ab7000 JavaThread "jar transforms Thread 29" [_thread_blocked, id=18868, stack(0x0000002d6ce00000,0x0000002d6cf00000)]
  0x00000145a1ac1800 JavaThread "jar transforms Thread 30" [_thread_blocked, id=15688, stack(0x0000002d6cf00000,0x0000002d6d000000)]
  0x00000145a1ac2800 JavaThread "jar transforms Thread 31" [_thread_blocked, id=2172, stack(0x0000002d6d000000,0x0000002d6d100000)]
  0x00000145a1abe800 JavaThread "jar transforms Thread 32" [_thread_blocked, id=10340, stack(0x0000002d6d100000,0x0000002d6d200000)]
  0x00000145a1abd800 JavaThread "jar transforms Thread 33" [_thread_blocked, id=7208, stack(0x0000002d6d200000,0x0000002d6d300000)]
  0x00000145a1abf000 JavaThread "jar transforms Thread 34" [_thread_blocked, id=18840, stack(0x0000002d6d300000,0x0000002d6d400000)]
  0x00000145a1ac0000 JavaThread "jar transforms Thread 35" [_thread_blocked, id=19236, stack(0x0000002d6d400000,0x0000002d6d500000)]
  0x00000145a1ac0800 JavaThread "jar transforms Thread 36" [_thread_blocked, id=2288, stack(0x0000002d6d500000,0x0000002d6d600000)]
  0x00000145a43bc000 JavaThread "jar transforms Thread 37" [_thread_blocked, id=11084, stack(0x0000002d6d600000,0x0000002d6d700000)]
  0x00000145a43c0000 JavaThread "jar transforms Thread 38" [_thread_blocked, id=19124, stack(0x0000002d6d700000,0x0000002d6d800000)]
  0x00000145a43ba000 JavaThread "jar transforms Thread 39" [_thread_blocked, id=18700, stack(0x0000002d6d800000,0x0000002d6d900000)]
  0x00000145a43bb000 JavaThread "jar transforms Thread 40" [_thread_blocked, id=19072, stack(0x0000002d6d900000,0x0000002d6da00000)]
  0x00000145a43bd800 JavaThread "jar transforms Thread 41" [_thread_blocked, id=1336, stack(0x0000002d6da00000,0x0000002d6db00000)]
  0x00000145a43be800 JavaThread "jar transforms Thread 42" [_thread_blocked, id=19340, stack(0x0000002d6db00000,0x0000002d6dc00000)]
  0x00000145a43bf000 JavaThread "jar transforms Thread 43" [_thread_blocked, id=18812, stack(0x0000002d6dc00000,0x0000002d6dd00000)]
  0x00000145a43c0800 JavaThread "jar transforms Thread 44" [_thread_blocked, id=18168, stack(0x0000002d6dd00000,0x0000002d6de00000)]
  0x00000145a43bc800 JavaThread "jar transforms Thread 45" [_thread_blocked, id=19344, stack(0x0000002d6de00000,0x0000002d6df00000)]
  0x00000145a43c1800 JavaThread "jar transforms Thread 46" [_thread_blocked, id=18040, stack(0x0000002d6df00000,0x0000002d6e000000)]
  0x00000145a43c3000 JavaThread "jar transforms Thread 47" [_thread_blocked, id=10408, stack(0x0000002d6e000000,0x0000002d6e100000)]
  0x00000145a43c4000 JavaThread "jar transforms Thread 48" [_thread_blocked, id=19216, stack(0x0000002d6e100000,0x0000002d6e200000)]
  0x00000145a43c5000 JavaThread "jar transforms Thread 49" [_thread_blocked, id=18664, stack(0x0000002d6e200000,0x0000002d6e300000)]
  0x00000145a43c7000 JavaThread "jar transforms Thread 50" [_thread_blocked, id=18640, stack(0x0000002d6e300000,0x0000002d6e400000)]
  0x00000145a43c8000 JavaThread "jar transforms Thread 51" [_thread_blocked, id=18472, stack(0x0000002d6e400000,0x0000002d6e500000)]
  0x00000145a43c5800 JavaThread "jar transforms Thread 52" [_thread_blocked, id=15944, stack(0x0000002d6e500000,0x0000002d6e600000)]
  0x00000145a43c6800 JavaThread "jar transforms Thread 53" [_thread_blocked, id=18944, stack(0x0000002d6e600000,0x0000002d6e700000)]
  0x00000145a43c2800 JavaThread "jar transforms Thread 54" [_thread_blocked, id=9580, stack(0x0000002d6e700000,0x0000002d6e800000)]
  0x00000145a43c9000 JavaThread "jar transforms Thread 55" [_thread_blocked, id=1536, stack(0x0000002d6e800000,0x0000002d6e900000)]
  0x00000145a1ae3800 JavaThread "jar transforms Thread 56" [_thread_blocked, id=8080, stack(0x0000002d6e900000,0x0000002d6ea00000)]
  0x00000145a1ae7000 JavaThread "jar transforms Thread 57" [_thread_blocked, id=11100, stack(0x0000002d6ea00000,0x0000002d6eb00000)]
  0x00000145a1ae1000 JavaThread "jar transforms Thread 58" [_thread_blocked, id=18480, stack(0x0000002d6eb00000,0x0000002d6ec00000)]
  0x00000145a1ae2000 JavaThread "jar transforms Thread 59" [_thread_blocked, id=19176, stack(0x0000002d6ec00000,0x0000002d6ed00000)]
  0x00000145a1ae5000 JavaThread "jar transforms Thread 60" [_thread_blocked, id=17768, stack(0x0000002d6ed00000,0x0000002d6ee00000)]
  0x00000145a1ae2800 JavaThread "jar transforms Thread 61" [_thread_blocked, id=1064, stack(0x0000002d6ee00000,0x0000002d6ef00000)]
  0x00000145a1ae8800 JavaThread "jar transforms Thread 62" [_thread_blocked, id=19100, stack(0x0000002d6ef00000,0x0000002d6f000000)]
  0x00000145a1ae4800 JavaThread "jar transforms Thread 63" [_thread_blocked, id=17936, stack(0x0000002d6f000000,0x0000002d6f100000)]
  0x00000145a1ae6000 JavaThread "jar transforms Thread 64" [_thread_blocked, id=18020, stack(0x0000002d6f100000,0x0000002d6f200000)]
  0x00000145a1ae9000 JavaThread "jar transforms Thread 65" [_thread_blocked, id=3960, stack(0x0000002d6f200000,0x0000002d6f300000)]
  0x00000145a1aed800 JavaThread "jar transforms Thread 66" [_thread_blocked, id=17800, stack(0x0000002d6f300000,0x0000002d6f400000)]
  0x00000145a1ae7800 JavaThread "jar transforms Thread 67" [_thread_blocked, id=1900, stack(0x0000002d6f400000,0x0000002d6f500000)]
  0x00000145a1aee000 JavaThread "jar transforms Thread 68" [_thread_blocked, id=9764, stack(0x0000002d6f500000,0x0000002d6f600000)]
  0x00000145a1aeb800 JavaThread "jar transforms Thread 69" [_thread_blocked, id=18272, stack(0x0000002d6f600000,0x0000002d6f700000)]
  0x00000145a1aef000 JavaThread "jar transforms Thread 70" [_thread_blocked, id=15200, stack(0x0000002d6f700000,0x0000002d6f800000)]
  0x00000145a1af0000 JavaThread "jar transforms Thread 71" [_thread_blocked, id=16744, stack(0x0000002d6f800000,0x0000002d6f900000)]
  0x00000145a1aea000 JavaThread "jar transforms Thread 72" [_thread_blocked, id=7216, stack(0x0000002d6f900000,0x0000002d6fa00000)]
  0x00000145a1aeb000 JavaThread "jar transforms Thread 73" [_thread_blocked, id=18804, stack(0x0000002d6fa00000,0x0000002d6fb00000)]
  0x00000145a1aec800 JavaThread "jar transforms Thread 74" [_thread_blocked, id=19444, stack(0x0000002d6fb00000,0x0000002d6fc00000)]
  0x00000145a2cb3800 JavaThread "jar transforms Thread 75" [_thread_blocked, id=9204, stack(0x0000002d6fc00000,0x0000002d6fd00000)]
  0x00000145a2cb4800 JavaThread "jar transforms Thread 76" [_thread_blocked, id=14420, stack(0x0000002d6fd00000,0x0000002d6fe00000)]
  0x00000145a2cb5800 JavaThread "jar transforms Thread 77" [_thread_blocked, id=8196, stack(0x0000002d6fe00000,0x0000002d6ff00000)]
  0x00000145a2cb6000 JavaThread "jar transforms Thread 78" [_thread_blocked, id=17136, stack(0x0000002d6ff00000,0x0000002d70000000)]
  0x00000145a2cb0800 JavaThread "jar transforms Thread 79" [_thread_blocked, id=17164, stack(0x0000002d70000000,0x0000002d70100000)]
  0x00000145a2cb3000 JavaThread "jar transforms Thread 80" [_thread_blocked, id=19204, stack(0x0000002d70100000,0x0000002d70200000)]
  0x00000145a2cb2000 JavaThread "jar transforms Thread 81" [_thread_blocked, id=17616, stack(0x0000002d70200000,0x0000002d70300000)]
  0x00000145a2cb7000 JavaThread "jar transforms Thread 82" [_thread_blocked, id=19172, stack(0x0000002d70300000,0x0000002d70400000)]
  0x00000145a2cb1000 JavaThread "jar transforms Thread 83" [_thread_blocked, id=11528, stack(0x0000002d70400000,0x0000002d70500000)]
  0x00000145a2cbc800 JavaThread "jar transforms Thread 84" [_thread_blocked, id=14816, stack(0x0000002d70500000,0x0000002d70600000)]
  0x00000145a2cb7800 JavaThread "jar transforms Thread 85" [_thread_blocked, id=6852, stack(0x0000002d70600000,0x0000002d70700000)]
  0x00000145a2cbb000 JavaThread "jar transforms Thread 86" [_thread_blocked, id=18988, stack(0x0000002d70700000,0x0000002d70800000)]
  0x00000145a2cbd800 JavaThread "jar transforms Thread 87" [_thread_blocked, id=15848, stack(0x0000002d70800000,0x0000002d70900000)]
  0x00000145a2cb8800 JavaThread "jar transforms Thread 88" [_thread_blocked, id=2540, stack(0x0000002d70900000,0x0000002d70a00000)]
  0x00000145a2cbe800 JavaThread "jar transforms Thread 89" [_thread_blocked, id=17452, stack(0x0000002d70a00000,0x0000002d70b00000)]
  0x00000145a2cbf000 JavaThread "jar transforms Thread 90" [_thread_blocked, id=18076, stack(0x0000002d70b00000,0x0000002d70c00000)]
  0x00000145a2cb9800 JavaThread "jar transforms Thread 91" [_thread_blocked, id=13920, stack(0x0000002d70c00000,0x0000002d70d00000)]
  0x00000145a2cba000 JavaThread "jar transforms Thread 92" [_thread_blocked, id=1084, stack(0x0000002d70d00000,0x0000002d70e00000)]
  0x00000145a2cbc000 JavaThread "Memory manager" [_thread_blocked, id=17540, stack(0x0000002d70e00000,0x0000002d70f00000)]

Other Threads:
  0x000001459ee30000 VMThread "VM Thread" [stack: 0x0000002d67800000,0x0000002d67900000] [id=17892]
  0x000001459f050800 WatcherThread [stack: 0x0000002d68200000,0x0000002d68300000] [id=504]
  0x0000014583d08800 GCTaskThread "GC Thread#0" [stack: 0x0000002d67300000,0x0000002d67400000] [id=7280]
  0x00000145a0077000 GCTaskThread "GC Thread#1" [stack: 0x0000002d68500000,0x0000002d68600000] [id=19212]
  0x000001459f439800 GCTaskThread "GC Thread#2" [stack: 0x0000002d68600000,0x0000002d68700000] [id=18912]
  0x000001459ff15000 GCTaskThread "GC Thread#3" [stack: 0x0000002d68700000,0x0000002d68800000] [id=15044]
  0x000001459fe64800 GCTaskThread "GC Thread#4" [stack: 0x0000002d68800000,0x0000002d68900000] [id=9368]
  0x000001459f436000 GCTaskThread "GC Thread#5" [stack: 0x0000002d68900000,0x0000002d68a00000] [id=8592]
  0x00000145a0ab9800 GCTaskThread "GC Thread#6" [stack: 0x0000002d69700000,0x0000002d69800000] [id=5896]
  0x00000145a0f03800 GCTaskThread "GC Thread#7" [stack: 0x0000002d69800000,0x0000002d69900000] [id=6016]
  0x00000145a0d81000 GCTaskThread "GC Thread#8" [stack: 0x0000002d69900000,0x0000002d69a00000] [id=17920]
  0x00000145a19a3000 GCTaskThread "GC Thread#9" [stack: 0x0000002d69a00000,0x0000002d69b00000] [id=16840]
  0x0000014583d38000 ConcurrentGCThread "G1 Main Marker" [stack: 0x0000002d67400000,0x0000002d67500000] [id=6228]
  0x0000014583d3a800 ConcurrentGCThread "G1 Conc#0" [stack: 0x0000002d67500000,0x0000002d67600000] [id=17876]
  0x00000145a01b7000 ConcurrentGCThread "G1 Conc#1" [stack: 0x0000002d69b00000,0x0000002d69c00000] [id=18896]
  0x00000145a12b8800 ConcurrentGCThread "G1 Conc#2" [stack: 0x0000002d69c00000,0x0000002d69d00000] [id=11760]
  0x000001459e470800 ConcurrentGCThread "G1 Refine#0" [stack: 0x0000002d67600000,0x0000002d67700000] [id=17880]
  0x000001459e471000 ConcurrentGCThread "G1 Young RemSet Sampling" [stack: 0x0000002d67700000,0x0000002d67800000] [id=17888]

Threads with active compile tasks:
C2 CompilerThread0  11411 6092       4       java.net.URLClassLoader$1::run (5 bytes)
C2 CompilerThread1  11412 6007       4       java.lang.reflect.Method::invoke (65 bytes)
C2 CompilerThread2  11412 6098       4       java.lang.reflect.AccessibleObject::checkCanSetAccessible (386 bytes)

VM state:not at safepoint (normal execution)

VM Mutex/Monitor currently owned by a thread: None

Heap address: 0x0000000080000000, size: 2048 MB, Compressed Oops mode: 32-bit
Narrow klass base: 0x0000000000000000, Narrow klass shift: 3
Compressed class space size: 1073741824 Address: 0x0000000100000000

Heap:
 garbage-first heap   total 260096K, used 87653K [0x0000000080000000, 0x0000000100000000)
  region size 1024K, 48 young (49152K), 10 survivors (10240K)
 Metaspace       used 57434K, capacity 59157K, committed 59264K, reserved 1099776K
  class space    used 7245K, capacity 8005K, committed 8064K, reserved 1048576K
Heap Regions: E=young(eden), S=young(survivor), O=old, HS=humongous(starts), HC=humongous(continues), CS=collection set, F=free, A=archive, TAMS=top-at-mark-start (previous, next)
|   0|0x0000000080000000, 0x0000000080100000, 0x0000000080100000|100%| O|  |TAMS 0x0000000080100000, 0x0000000080000000| Untracked 
|   1|0x0000000080100000, 0x0000000080200000, 0x0000000080200000|100%| O|  |TAMS 0x0000000080200000, 0x0000000080100000| Untracked 
|   2|0x0000000080200000, 0x0000000080300000, 0x0000000080300000|100%| O|  |TAMS 0x0000000080300000, 0x0000000080200000| Untracked 
|   3|0x0000000080300000, 0x0000000080400000, 0x0000000080400000|100%|HS|  |TAMS 0x0000000080400000, 0x0000000080300000| Complete 
|   4|0x0000000080400000, 0x0000000080500000, 0x0000000080500000|100%|HC|  |TAMS 0x0000000080500000, 0x0000000080400000| Complete 
|   5|0x0000000080500000, 0x0000000080600000, 0x0000000080600000|100%|HC|  |TAMS 0x0000000080600000, 0x0000000080500000| Complete 
|   6|0x0000000080600000, 0x0000000080700000, 0x0000000080700000|100%| O|  |TAMS 0x0000000080700000, 0x0000000080600000| Untracked 
|   7|0x0000000080700000, 0x0000000080800000, 0x0000000080800000|100%| O|  |TAMS 0x0000000080800000, 0x0000000080700000| Untracked 
|   8|0x0000000080800000, 0x0000000080900000, 0x0000000080900000|100%| O|  |TAMS 0x0000000080900000, 0x0000000080800000| Untracked 
|   9|0x0000000080900000, 0x0000000080a00000, 0x0000000080a00000|100%| O|  |TAMS 0x0000000080a00000, 0x0000000080900000| Untracked 
|  10|0x0000000080a00000, 0x0000000080b00000, 0x0000000080b00000|100%| O|  |TAMS 0x0000000080b00000, 0x0000000080a00000| Untracked 
|  11|0x0000000080b00000, 0x0000000080c00000, 0x0000000080c00000|100%| O|  |TAMS 0x0000000080c00000, 0x0000000080b00000| Untracked 
|  12|0x0000000080c00000, 0x0000000080d00000, 0x0000000080d00000|100%| O|  |TAMS 0x0000000080d00000, 0x0000000080c00000| Untracked 
|  13|0x0000000080d00000, 0x0000000080e00000, 0x0000000080e00000|100%| O|  |TAMS 0x0000000080e00000, 0x0000000080d00000| Untracked 
|  14|0x0000000080e00000, 0x0000000080f00000, 0x0000000080f00000|100%| O|  |TAMS 0x0000000080f00000, 0x0000000080e00000| Untracked 
|  15|0x0000000080f00000, 0x0000000081000000, 0x0000000081000000|100%| O|  |TAMS 0x0000000081000000, 0x0000000080f00000| Untracked 
|  16|0x0000000081000000, 0x0000000081100000, 0x0000000081100000|100%| O|  |TAMS 0x00000000810f3200, 0x0000000081000000| Untracked 
|  17|0x0000000081100000, 0x0000000081200000, 0x0000000081200000|100%| O|  |TAMS 0x0000000081100000, 0x0000000081100000| Untracked 
|  18|0x0000000081200000, 0x0000000081300000, 0x0000000081300000|100%| O|  |TAMS 0x0000000081200000, 0x0000000081200000| Untracked 
|  19|0x0000000081300000, 0x0000000081400000, 0x0000000081400000|100%| O|  |TAMS 0x0000000081300000, 0x0000000081300000| Untracked 
|  20|0x0000000081400000, 0x0000000081500000, 0x0000000081500000|100%| O|  |TAMS 0x0000000081400000, 0x0000000081400000| Untracked 
|  21|0x0000000081500000, 0x0000000081600000, 0x0000000081600000|100%| O|  |TAMS 0x0000000081500000, 0x0000000081500000| Untracked 
|  22|0x0000000081600000, 0x0000000081700000, 0x0000000081700000|100%| O|  |TAMS 0x0000000081600000, 0x0000000081600000| Untracked 
|  23|0x0000000081700000, 0x0000000081800000, 0x0000000081800000|100%|HS|  |TAMS 0x0000000081700000, 0x0000000081700000| Complete 
|  24|0x0000000081800000, 0x0000000081900000, 0x0000000081900000|100%| O|  |TAMS 0x0000000081800000, 0x0000000081800000| Untracked 
|  25|0x0000000081900000, 0x0000000081a00000, 0x0000000081a00000|100%| O|  |TAMS 0x0000000081900000, 0x0000000081900000| Untracked 
|  26|0x0000000081a00000, 0x0000000081b00000, 0x0000000081b00000|100%| O|  |TAMS 0x0000000081a00000, 0x0000000081a00000| Untracked 
|  27|0x0000000081b00000, 0x0000000081c00000, 0x0000000081c00000|100%| O|  |TAMS 0x0000000081b00000, 0x0000000081b00000| Untracked 
|  28|0x0000000081c00000, 0x0000000081d00000, 0x0000000081d00000|100%| O|  |TAMS 0x0000000081c00000, 0x0000000081c00000| Untracked 
|  29|0x0000000081d00000, 0x0000000081e00000, 0x0000000081e00000|100%| O|  |TAMS 0x0000000081d00000, 0x0000000081d00000| Untracked 
|  30|0x0000000081e00000, 0x0000000081f00000, 0x0000000081f00000|100%| O|  |TAMS 0x0000000081e00000, 0x0000000081e00000| Untracked 
|  31|0x0000000081f00000, 0x0000000082000000, 0x0000000082000000|100%|HS|  |TAMS 0x0000000081f00000, 0x0000000081f00000| Complete 
|  32|0x0000000082000000, 0x0000000082100000, 0x0000000082100000|100%|HC|  |TAMS 0x0000000082000000, 0x0000000082000000| Complete 
|  33|0x0000000082100000, 0x0000000082200000, 0x0000000082200000|100%| O|  |TAMS 0x0000000082100000, 0x0000000082100000| Untracked 
|  34|0x0000000082200000, 0x0000000082300000, 0x0000000082300000|100%| O|  |TAMS 0x0000000082200000, 0x0000000082200000| Untracked 
|  35|0x0000000082300000, 0x0000000082400000, 0x0000000082400000|100%| O|  |TAMS 0x0000000082300000, 0x0000000082300000| Untracked 
|  36|0x0000000082400000, 0x0000000082500000, 0x0000000082500000|100%| O|  |TAMS 0x0000000082400000, 0x0000000082400000| Untracked 
|  37|0x0000000082500000, 0x0000000082600000, 0x0000000082600000|100%| O|  |TAMS 0x0000000082500000, 0x0000000082500000| Untracked 
|  38|0x0000000082600000, 0x00000000826f6000, 0x0000000082700000| 96%| O|  |TAMS 0x0000000082600000, 0x0000000082600000| Untracked 
|  39|0x0000000082700000, 0x0000000082700000, 0x0000000082800000|  0%| F|  |TAMS 0x0000000082700000, 0x0000000082700000| Untracked 
|  40|0x0000000082800000, 0x0000000082800000, 0x0000000082900000|  0%| F|  |TAMS 0x0000000082800000, 0x0000000082800000| Untracked 
|  41|0x0000000082900000, 0x0000000082900000, 0x0000000082a00000|  0%| F|  |TAMS 0x0000000082900000, 0x0000000082900000| Untracked 
|  42|0x0000000082a00000, 0x0000000082a00000, 0x0000000082b00000|  0%| F|  |TAMS 0x0000000082a00000, 0x0000000082a00000| Untracked 
|  43|0x0000000082b00000, 0x0000000082b00000, 0x0000000082c00000|  0%| F|  |TAMS 0x0000000082b00000, 0x0000000082b00000| Untracked 
|  44|0x0000000082c00000, 0x0000000082c00000, 0x0000000082d00000|  0%| F|  |TAMS 0x0000000082c00000, 0x0000000082c00000| Untracked 
|  45|0x0000000082d00000, 0x0000000082d00000, 0x0000000082e00000|  0%| F|  |TAMS 0x0000000082d00000, 0x0000000082d00000| Untracked 
|  46|0x0000000082e00000, 0x0000000082e00000, 0x0000000082f00000|  0%| F|  |TAMS 0x0000000082e00000, 0x0000000082e00000| Untracked 
|  47|0x0000000082f00000, 0x0000000082f00000, 0x0000000083000000|  0%| F|  |TAMS 0x0000000082f00000, 0x0000000082f00000| Untracked 
|  48|0x0000000083000000, 0x0000000083000000, 0x0000000083100000|  0%| F|  |TAMS 0x0000000083000000, 0x0000000083000000| Untracked 
|  49|0x0000000083100000, 0x0000000083100000, 0x0000000083200000|  0%| F|  |TAMS 0x0000000083100000, 0x0000000083100000| Untracked 
|  50|0x0000000083200000, 0x0000000083200000, 0x0000000083300000|  0%| F|  |TAMS 0x0000000083200000, 0x0000000083200000| Untracked 
|  51|0x0000000083300000, 0x0000000083300000, 0x0000000083400000|  0%| F|  |TAMS 0x0000000083300000, 0x0000000083300000| Untracked 
|  52|0x0000000083400000, 0x0000000083400000, 0x0000000083500000|  0%| F|  |TAMS 0x0000000083400000, 0x0000000083400000| Untracked 
|  53|0x0000000083500000, 0x0000000083500000, 0x0000000083600000|  0%| F|  |TAMS 0x0000000083500000, 0x0000000083500000| Untracked 
|  54|0x0000000083600000, 0x0000000083600000, 0x0000000083700000|  0%| F|  |TAMS 0x0000000083600000, 0x0000000083600000| Untracked 
|  55|0x0000000083700000, 0x0000000083700000, 0x0000000083800000|  0%| F|  |TAMS 0x0000000083700000, 0x0000000083700000| Untracked 
|  56|0x0000000083800000, 0x0000000083800000, 0x0000000083900000|  0%| F|  |TAMS 0x0000000083800000, 0x0000000083800000| Untracked 
|  57|0x0000000083900000, 0x0000000083900000, 0x0000000083a00000|  0%| F|  |TAMS 0x0000000083900000, 0x0000000083900000| Untracked 
|  58|0x0000000083a00000, 0x0000000083a00000, 0x0000000083b00000|  0%| F|  |TAMS 0x0000000083a00000, 0x0000000083a00000| Untracked 
|  59|0x0000000083b00000, 0x0000000083b00000, 0x0000000083c00000|  0%| F|  |TAMS 0x0000000083b00000, 0x0000000083b00000| Untracked 
|  60|0x0000000083c00000, 0x0000000083c00000, 0x0000000083d00000|  0%| F|  |TAMS 0x0000000083c00000, 0x0000000083c00000| Untracked 
|  61|0x0000000083d00000, 0x0000000083d00000, 0x0000000083e00000|  0%| F|  |TAMS 0x0000000083d00000, 0x0000000083d00000| Untracked 
|  62|0x0000000083e00000, 0x0000000083e00000, 0x0000000083f00000|  0%| F|  |TAMS 0x0000000083e00000, 0x0000000083e00000| Untracked 
|  63|0x0000000083f00000, 0x0000000083f00000, 0x0000000084000000|  0%| F|  |TAMS 0x0000000083f00000, 0x0000000083f00000| Untracked 
|  64|0x0000000084000000, 0x0000000084000000, 0x0000000084100000|  0%| F|  |TAMS 0x0000000084000000, 0x0000000084000000| Untracked 
|  65|0x0000000084100000, 0x0000000084100000, 0x0000000084200000|  0%| F|  |TAMS 0x0000000084100000, 0x0000000084100000| Untracked 
|  66|0x0000000084200000, 0x0000000084200000, 0x0000000084300000|  0%| F|  |TAMS 0x0000000084200000, 0x0000000084200000| Untracked 
|  67|0x0000000084300000, 0x0000000084300000, 0x0000000084400000|  0%| F|  |TAMS 0x0000000084300000, 0x0000000084300000| Untracked 
|  68|0x0000000084400000, 0x0000000084400000, 0x0000000084500000|  0%| F|  |TAMS 0x0000000084400000, 0x0000000084400000| Untracked 
|  69|0x0000000084500000, 0x0000000084500000, 0x0000000084600000|  0%| F|  |TAMS 0x0000000084500000, 0x0000000084500000| Untracked 
|  70|0x0000000084600000, 0x0000000084600000, 0x0000000084700000|  0%| F|  |TAMS 0x0000000084600000, 0x0000000084600000| Untracked 
|  71|0x0000000084700000, 0x0000000084700000, 0x0000000084800000|  0%| F|  |TAMS 0x0000000084700000, 0x0000000084700000| Untracked 
|  72|0x0000000084800000, 0x0000000084800000, 0x0000000084900000|  0%| F|  |TAMS 0x0000000084800000, 0x0000000084800000| Untracked 
|  73|0x0000000084900000, 0x0000000084900000, 0x0000000084a00000|  0%| F|  |TAMS 0x0000000084900000, 0x0000000084900000| Untracked 
|  74|0x0000000084a00000, 0x0000000084a00000, 0x0000000084b00000|  0%| F|  |TAMS 0x0000000084a00000, 0x0000000084a00000| Untracked 
|  75|0x0000000084b00000, 0x0000000084b00000, 0x0000000084c00000|  0%| F|  |TAMS 0x0000000084b00000, 0x0000000084b00000| Untracked 
|  76|0x0000000084c00000, 0x0000000084c00000, 0x0000000084d00000|  0%| F|  |TAMS 0x0000000084c00000, 0x0000000084c00000| Untracked 
|  77|0x0000000084d00000, 0x0000000084d00000, 0x0000000084e00000|  0%| F|  |TAMS 0x0000000084d00000, 0x0000000084d00000| Untracked 
|  78|0x0000000084e00000, 0x0000000084e00000, 0x0000000084f00000|  0%| F|  |TAMS 0x0000000084e00000, 0x0000000084e00000| Untracked 
|  79|0x0000000084f00000, 0x0000000084f00000, 0x0000000085000000|  0%| F|  |TAMS 0x0000000084f00000, 0x0000000084f00000| Untracked 
|  80|0x0000000085000000, 0x0000000085000000, 0x0000000085100000|  0%| F|  |TAMS 0x0000000085000000, 0x0000000085000000| Untracked 
|  81|0x0000000085100000, 0x0000000085100000, 0x0000000085200000|  0%| F|  |TAMS 0x0000000085100000, 0x0000000085100000| Untracked 
|  82|0x0000000085200000, 0x0000000085200000, 0x0000000085300000|  0%| F|  |TAMS 0x0000000085200000, 0x0000000085200000| Untracked 
|  83|0x0000000085300000, 0x0000000085300000, 0x0000000085400000|  0%| F|  |TAMS 0x0000000085300000, 0x0000000085300000| Untracked 
|  84|0x0000000085400000, 0x0000000085400000, 0x0000000085500000|  0%| F|  |TAMS 0x0000000085400000, 0x0000000085400000| Untracked 
|  85|0x0000000085500000, 0x0000000085500000, 0x0000000085600000|  0%| F|  |TAMS 0x0000000085500000, 0x0000000085500000| Untracked 
|  86|0x0000000085600000, 0x0000000085600000, 0x0000000085700000|  0%| F|  |TAMS 0x0000000085600000, 0x0000000085600000| Untracked 
|  87|0x0000000085700000, 0x0000000085700000, 0x0000000085800000|  0%| F|  |TAMS 0x0000000085700000, 0x0000000085700000| Untracked 
|  88|0x0000000085800000, 0x0000000085800000, 0x0000000085900000|  0%| F|  |TAMS 0x0000000085800000, 0x0000000085800000| Untracked 
|  89|0x0000000085900000, 0x0000000085900000, 0x0000000085a00000|  0%| F|  |TAMS 0x0000000085900000, 0x0000000085900000| Untracked 
|  90|0x0000000085a00000, 0x0000000085a00000, 0x0000000085b00000|  0%| F|  |TAMS 0x0000000085a00000, 0x0000000085a00000| Untracked 
|  91|0x0000000085b00000, 0x0000000085b00000, 0x0000000085c00000|  0%| F|  |TAMS 0x0000000085b00000, 0x0000000085b00000| Untracked 
|  92|0x0000000085c00000, 0x0000000085c00000, 0x0000000085d00000|  0%| F|  |TAMS 0x0000000085c00000, 0x0000000085c00000| Untracked 
|  93|0x0000000085d00000, 0x0000000085d00000, 0x0000000085e00000|  0%| F|  |TAMS 0x0000000085d00000, 0x0000000085d00000| Untracked 
|  94|0x0000000085e00000, 0x0000000085e00000, 0x0000000085f00000|  0%| F|  |TAMS 0x0000000085e00000, 0x0000000085e00000| Untracked 
|  95|0x0000000085f00000, 0x0000000085f00000, 0x0000000086000000|  0%| F|  |TAMS 0x0000000085f00000, 0x0000000085f00000| Untracked 
|  96|0x0000000086000000, 0x0000000086000000, 0x0000000086100000|  0%| F|  |TAMS 0x0000000086000000, 0x0000000086000000| Untracked 
|  97|0x0000000086100000, 0x0000000086100000, 0x0000000086200000|  0%| F|  |TAMS 0x0000000086100000, 0x0000000086100000| Untracked 
|  98|0x0000000086200000, 0x0000000086200000, 0x0000000086300000|  0%| F|  |TAMS 0x0000000086200000, 0x0000000086200000| Untracked 
|  99|0x0000000086300000, 0x0000000086300000, 0x0000000086400000|  0%| F|  |TAMS 0x0000000086300000, 0x0000000086300000| Untracked 
| 100|0x0000000086400000, 0x0000000086400000, 0x0000000086500000|  0%| F|  |TAMS 0x0000000086400000, 0x0000000086400000| Untracked 
| 101|0x0000000086500000, 0x0000000086500000, 0x0000000086600000|  0%| F|  |TAMS 0x0000000086500000, 0x0000000086500000| Untracked 
| 102|0x0000000086600000, 0x0000000086600000, 0x0000000086700000|  0%| F|  |TAMS 0x0000000086600000, 0x0000000086600000| Untracked 
| 103|0x0000000086700000, 0x0000000086700000, 0x0000000086800000|  0%| F|  |TAMS 0x0000000086700000, 0x0000000086700000| Untracked 
| 104|0x0000000086800000, 0x0000000086800000, 0x0000000086900000|  0%| F|  |TAMS 0x0000000086800000, 0x0000000086800000| Untracked 
| 105|0x0000000086900000, 0x0000000086900000, 0x0000000086a00000|  0%| F|  |TAMS 0x0000000086900000, 0x0000000086900000| Untracked 
| 106|0x0000000086a00000, 0x0000000086a00000, 0x0000000086b00000|  0%| F|  |TAMS 0x0000000086a00000, 0x0000000086a00000| Untracked 
| 107|0x0000000086b00000, 0x0000000086b00000, 0x0000000086c00000|  0%| F|  |TAMS 0x0000000086b00000, 0x0000000086b00000| Untracked 
| 108|0x0000000086c00000, 0x0000000086c00000, 0x0000000086d00000|  0%| F|  |TAMS 0x0000000086c00000, 0x0000000086c00000| Untracked 
| 109|0x0000000086d00000, 0x0000000086d00000, 0x0000000086e00000|  0%| F|  |TAMS 0x0000000086d00000, 0x0000000086d00000| Untracked 
| 110|0x0000000086e00000, 0x0000000086e00000, 0x0000000086f00000|  0%| F|  |TAMS 0x0000000086e00000, 0x0000000086e00000| Untracked 
| 111|0x0000000086f00000, 0x0000000086f00000, 0x0000000087000000|  0%| F|  |TAMS 0x0000000086f00000, 0x0000000086f00000| Untracked 
| 112|0x0000000087000000, 0x0000000087000000, 0x0000000087100000|  0%| F|  |TAMS 0x0000000087000000, 0x0000000087000000| Untracked 
| 113|0x0000000087100000, 0x00000000871a36e0, 0x0000000087200000| 63%| S|CS|TAMS 0x0000000087100000, 0x0000000087100000| Complete 
| 114|0x0000000087200000, 0x0000000087300000, 0x0000000087300000|100%| S|CS|TAMS 0x0000000087200000, 0x0000000087200000| Complete 
| 115|0x0000000087300000, 0x0000000087400000, 0x0000000087400000|100%| S|CS|TAMS 0x0000000087300000, 0x0000000087300000| Complete 
| 116|0x0000000087400000, 0x0000000087400000, 0x0000000087500000|  0%| F|  |TAMS 0x0000000087400000, 0x0000000087400000| Untracked 
| 117|0x0000000087500000, 0x0000000087500000, 0x0000000087600000|  0%| F|  |TAMS 0x0000000087500000, 0x0000000087500000| Untracked 
| 118|0x0000000087600000, 0x0000000087600000, 0x0000000087700000|  0%| F|  |TAMS 0x0000000087600000, 0x0000000087600000| Untracked 
| 119|0x0000000087700000, 0x0000000087700000, 0x0000000087800000|  0%| F|  |TAMS 0x0000000087700000, 0x0000000087700000| Untracked 
| 120|0x0000000087800000, 0x0000000087800000, 0x0000000087900000|  0%| F|  |TAMS 0x0000000087800000, 0x0000000087800000| Untracked 
| 121|0x0000000087900000, 0x0000000087900000, 0x0000000087a00000|  0%| F|  |TAMS 0x0000000087900000, 0x0000000087900000| Untracked 
| 122|0x0000000087a00000, 0x0000000087a00000, 0x0000000087b00000|  0%| F|  |TAMS 0x0000000087a00000, 0x0000000087a00000| Untracked 
| 123|0x0000000087b00000, 0x0000000087b00000, 0x0000000087c00000|  0%| F|  |TAMS 0x0000000087b00000, 0x0000000087b00000| Untracked 
| 124|0x0000000087c00000, 0x0000000087c00000, 0x0000000087d00000|  0%| F|  |TAMS 0x0000000087c00000, 0x0000000087c00000| Untracked 
| 125|0x0000000087d00000, 0x0000000087d00000, 0x0000000087e00000|  0%| F|  |TAMS 0x0000000087d00000, 0x0000000087d00000| Untracked 
| 126|0x0000000087e00000, 0x0000000087e00000, 0x0000000087f00000|  0%| F|  |TAMS 0x0000000087e00000, 0x0000000087e00000| Untracked 
| 127|0x0000000087f00000, 0x0000000088000000, 0x0000000088000000|100%| S|CS|TAMS 0x0000000087f00000, 0x0000000087f00000| Complete 
| 128|0x0000000088000000, 0x0000000088100000, 0x0000000088100000|100%| S|CS|TAMS 0x0000000088000000, 0x0000000088000000| Complete 
| 129|0x0000000088100000, 0x0000000088200000, 0x0000000088200000|100%| S|CS|TAMS 0x0000000088100000, 0x0000000088100000| Complete 
| 130|0x0000000088200000, 0x0000000088300000, 0x0000000088300000|100%| S|CS|TAMS 0x0000000088200000, 0x0000000088200000| Complete 
| 131|0x0000000088300000, 0x0000000088400000, 0x0000000088400000|100%| S|CS|TAMS 0x0000000088300000, 0x0000000088300000| Complete 
| 132|0x0000000088400000, 0x0000000088500000, 0x0000000088500000|100%| S|CS|TAMS 0x0000000088400000, 0x0000000088400000| Complete 
| 133|0x0000000088500000, 0x0000000088600000, 0x0000000088600000|100%| S|CS|TAMS 0x0000000088500000, 0x0000000088500000| Complete 
| 134|0x0000000088600000, 0x0000000088600000, 0x0000000088700000|  0%| F|  |TAMS 0x0000000088600000, 0x0000000088600000| Untracked 
| 135|0x0000000088700000, 0x0000000088700000, 0x0000000088800000|  0%| F|  |TAMS 0x0000000088700000, 0x0000000088700000| Untracked 
| 136|0x0000000088800000, 0x0000000088800000, 0x0000000088900000|  0%| F|  |TAMS 0x0000000088800000, 0x0000000088800000| Untracked 
| 137|0x0000000088900000, 0x0000000088900000, 0x0000000088a00000|  0%| F|  |TAMS 0x0000000088900000, 0x0000000088900000| Untracked 
| 138|0x0000000088a00000, 0x0000000088a00000, 0x0000000088b00000|  0%| F|  |TAMS 0x0000000088a00000, 0x0000000088a00000| Untracked 
| 139|0x0000000088b00000, 0x0000000088b00000, 0x0000000088c00000|  0%| F|  |TAMS 0x0000000088b00000, 0x0000000088b00000| Untracked 
| 140|0x0000000088c00000, 0x0000000088c00000, 0x0000000088d00000|  0%| F|  |TAMS 0x0000000088c00000, 0x0000000088c00000| Untracked 
| 141|0x0000000088d00000, 0x0000000088d00000, 0x0000000088e00000|  0%| F|  |TAMS 0x0000000088d00000, 0x0000000088d00000| Untracked 
| 142|0x0000000088e00000, 0x0000000088e00000, 0x0000000088f00000|  0%| F|  |TAMS 0x0000000088e00000, 0x0000000088e00000| Untracked 
| 143|0x0000000088f00000, 0x0000000088f00000, 0x0000000089000000|  0%| F|  |TAMS 0x0000000088f00000, 0x0000000088f00000| Untracked 
| 144|0x0000000089000000, 0x0000000089000000, 0x0000000089100000|  0%| F|  |TAMS 0x0000000089000000, 0x0000000089000000| Untracked 
| 145|0x0000000089100000, 0x0000000089100000, 0x0000000089200000|  0%| F|  |TAMS 0x0000000089100000, 0x0000000089100000| Untracked 
| 146|0x0000000089200000, 0x0000000089200000, 0x0000000089300000|  0%| F|  |TAMS 0x0000000089200000, 0x0000000089200000| Untracked 
| 147|0x0000000089300000, 0x0000000089300000, 0x0000000089400000|  0%| F|  |TAMS 0x0000000089300000, 0x0000000089300000| Untracked 
| 148|0x0000000089400000, 0x0000000089400000, 0x0000000089500000|  0%| F|  |TAMS 0x0000000089400000, 0x0000000089400000| Untracked 
| 149|0x0000000089500000, 0x0000000089500000, 0x0000000089600000|  0%| F|  |TAMS 0x0000000089500000, 0x0000000089500000| Untracked 
| 150|0x0000000089600000, 0x0000000089600000, 0x0000000089700000|  0%| F|  |TAMS 0x0000000089600000, 0x0000000089600000| Untracked 
| 151|0x0000000089700000, 0x0000000089700000, 0x0000000089800000|  0%| F|  |TAMS 0x0000000089700000, 0x0000000089700000| Untracked 
| 152|0x0000000089800000, 0x0000000089800000, 0x0000000089900000|  0%| F|  |TAMS 0x0000000089800000, 0x0000000089800000| Untracked 
| 153|0x0000000089900000, 0x0000000089900000, 0x0000000089a00000|  0%| F|  |TAMS 0x0000000089900000, 0x0000000089900000| Untracked 
| 154|0x0000000089a00000, 0x0000000089a00000, 0x0000000089b00000|  0%| F|  |TAMS 0x0000000089a00000, 0x0000000089a00000| Untracked 
| 155|0x0000000089b00000, 0x0000000089b00000, 0x0000000089c00000|  0%| F|  |TAMS 0x0000000089b00000, 0x0000000089b00000| Untracked 
| 156|0x0000000089c00000, 0x0000000089c00000, 0x0000000089d00000|  0%| F|  |TAMS 0x0000000089c00000, 0x0000000089c00000| Untracked 
| 157|0x0000000089d00000, 0x0000000089d00000, 0x0000000089e00000|  0%| F|  |TAMS 0x0000000089d00000, 0x0000000089d00000| Untracked 
| 158|0x0000000089e00000, 0x0000000089e00000, 0x0000000089f00000|  0%| F|  |TAMS 0x0000000089e00000, 0x0000000089e00000| Untracked 
| 159|0x0000000089f00000, 0x0000000089f00000, 0x000000008a000000|  0%| F|  |TAMS 0x0000000089f00000, 0x0000000089f00000| Untracked 
| 160|0x000000008a000000, 0x000000008a000000, 0x000000008a100000|  0%| F|  |TAMS 0x000000008a000000, 0x000000008a000000| Untracked 
| 161|0x000000008a100000, 0x000000008a100000, 0x000000008a200000|  0%| F|  |TAMS 0x000000008a100000, 0x000000008a100000| Untracked 
| 162|0x000000008a200000, 0x000000008a200000, 0x000000008a300000|  0%| F|  |TAMS 0x000000008a200000, 0x000000008a200000| Untracked 
| 163|0x000000008a300000, 0x000000008a300000, 0x000000008a400000|  0%| F|  |TAMS 0x000000008a300000, 0x000000008a300000| Untracked 
| 164|0x000000008a400000, 0x000000008a400000, 0x000000008a500000|  0%| F|  |TAMS 0x000000008a400000, 0x000000008a400000| Untracked 
| 165|0x000000008a500000, 0x000000008a500000, 0x000000008a600000|  0%| F|  |TAMS 0x000000008a500000, 0x000000008a500000| Untracked 
| 166|0x000000008a600000, 0x000000008a600000, 0x000000008a700000|  0%| F|  |TAMS 0x000000008a600000, 0x000000008a600000| Untracked 
| 167|0x000000008a700000, 0x000000008a700000, 0x000000008a800000|  0%| F|  |TAMS 0x000000008a700000, 0x000000008a700000| Untracked 
| 168|0x000000008a800000, 0x000000008a800000, 0x000000008a900000|  0%| F|  |TAMS 0x000000008a800000, 0x000000008a800000| Untracked 
| 169|0x000000008a900000, 0x000000008a900000, 0x000000008aa00000|  0%| F|  |TAMS 0x000000008a900000, 0x000000008a900000| Untracked 
| 170|0x000000008aa00000, 0x000000008aa00000, 0x000000008ab00000|  0%| F|  |TAMS 0x000000008aa00000, 0x000000008aa00000| Untracked 
| 171|0x000000008ab00000, 0x000000008ab00000, 0x000000008ac00000|  0%| F|  |TAMS 0x000000008ab00000, 0x000000008ab00000| Untracked 
| 172|0x000000008ac00000, 0x000000008ac00000, 0x000000008ad00000|  0%| F|  |TAMS 0x000000008ac00000, 0x000000008ac00000| Untracked 
| 173|0x000000008ad00000, 0x000000008ad00000, 0x000000008ae00000|  0%| F|  |TAMS 0x000000008ad00000, 0x000000008ad00000| Untracked 
| 174|0x000000008ae00000, 0x000000008ae00000, 0x000000008af00000|  0%| F|  |TAMS 0x000000008ae00000, 0x000000008ae00000| Untracked 
| 175|0x000000008af00000, 0x000000008af00000, 0x000000008b000000|  0%| F|  |TAMS 0x000000008af00000, 0x000000008af00000| Untracked 
| 176|0x000000008b000000, 0x000000008b000000, 0x000000008b100000|  0%| F|  |TAMS 0x000000008b000000, 0x000000008b000000| Untracked 
| 177|0x000000008b100000, 0x000000008b100000, 0x000000008b200000|  0%| F|  |TAMS 0x000000008b100000, 0x000000008b100000| Untracked 
| 178|0x000000008b200000, 0x000000008b200000, 0x000000008b300000|  0%| F|  |TAMS 0x000000008b200000, 0x000000008b200000| Untracked 
| 179|0x000000008b300000, 0x000000008b300000, 0x000000008b400000|  0%| F|  |TAMS 0x000000008b300000, 0x000000008b300000| Untracked 
| 180|0x000000008b400000, 0x000000008b400000, 0x000000008b500000|  0%| F|  |TAMS 0x000000008b400000, 0x000000008b400000| Untracked 
| 181|0x000000008b500000, 0x000000008b500000, 0x000000008b600000|  0%| F|  |TAMS 0x000000008b500000, 0x000000008b500000| Untracked 
| 182|0x000000008b600000, 0x000000008b600000, 0x000000008b700000|  0%| F|  |TAMS 0x000000008b600000, 0x000000008b600000| Untracked 
| 183|0x000000008b700000, 0x000000008b700000, 0x000000008b800000|  0%| F|  |TAMS 0x000000008b700000, 0x000000008b700000| Untracked 
| 184|0x000000008b800000, 0x000000008b800000, 0x000000008b900000|  0%| F|  |TAMS 0x000000008b800000, 0x000000008b800000| Untracked 
| 185|0x000000008b900000, 0x000000008b900000, 0x000000008ba00000|  0%| F|  |TAMS 0x000000008b900000, 0x000000008b900000| Untracked 
| 186|0x000000008ba00000, 0x000000008ba00000, 0x000000008bb00000|  0%| F|  |TAMS 0x000000008ba00000, 0x000000008ba00000| Untracked 
| 187|0x000000008bb00000, 0x000000008bb00000, 0x000000008bc00000|  0%| F|  |TAMS 0x000000008bb00000, 0x000000008bb00000| Untracked 
| 188|0x000000008bc00000, 0x000000008bc00000, 0x000000008bd00000|  0%| F|  |TAMS 0x000000008bc00000, 0x000000008bc00000| Untracked 
| 189|0x000000008bd00000, 0x000000008bd00000, 0x000000008be00000|  0%| F|  |TAMS 0x000000008bd00000, 0x000000008bd00000| Untracked 
| 190|0x000000008be00000, 0x000000008be00000, 0x000000008bf00000|  0%| F|  |TAMS 0x000000008be00000, 0x000000008be00000| Untracked 
| 191|0x000000008bf00000, 0x000000008bf00000, 0x000000008c000000|  0%| F|  |TAMS 0x000000008bf00000, 0x000000008bf00000| Untracked 
| 192|0x000000008c000000, 0x000000008c000000, 0x000000008c100000|  0%| F|  |TAMS 0x000000008c000000, 0x000000008c000000| Untracked 
| 193|0x000000008c100000, 0x000000008c100000, 0x000000008c200000|  0%| F|  |TAMS 0x000000008c100000, 0x000000008c100000| Untracked 
| 194|0x000000008c200000, 0x000000008c200000, 0x000000008c300000|  0%| F|  |TAMS 0x000000008c200000, 0x000000008c200000| Untracked 
| 195|0x000000008c300000, 0x000000008c300000, 0x000000008c400000|  0%| F|  |TAMS 0x000000008c300000, 0x000000008c300000| Untracked 
| 196|0x000000008c400000, 0x000000008c400000, 0x000000008c500000|  0%| F|  |TAMS 0x000000008c400000, 0x000000008c400000| Untracked 
| 197|0x000000008c500000, 0x000000008c500000, 0x000000008c600000|  0%| F|  |TAMS 0x000000008c500000, 0x000000008c500000| Untracked 
| 198|0x000000008c600000, 0x000000008c600000, 0x000000008c700000|  0%| F|  |TAMS 0x000000008c600000, 0x000000008c600000| Untracked 
| 199|0x000000008c700000, 0x000000008c700000, 0x000000008c800000|  0%| F|  |TAMS 0x000000008c700000, 0x000000008c700000| Untracked 
| 200|0x000000008c800000, 0x000000008c800000, 0x000000008c900000|  0%| F|  |TAMS 0x000000008c800000, 0x000000008c800000| Untracked 
| 201|0x000000008c900000, 0x000000008c900000, 0x000000008ca00000|  0%| F|  |TAMS 0x000000008c900000, 0x000000008c900000| Untracked 
| 202|0x000000008ca00000, 0x000000008ca00000, 0x000000008cb00000|  0%| F|  |TAMS 0x000000008ca00000, 0x000000008ca00000| Untracked 
| 203|0x000000008cb00000, 0x000000008cb00000, 0x000000008cc00000|  0%| F|  |TAMS 0x000000008cb00000, 0x000000008cb00000| Untracked 
| 204|0x000000008cc00000, 0x000000008cc00000, 0x000000008cd00000|  0%| F|  |TAMS 0x000000008cc00000, 0x000000008cc00000| Untracked 
| 205|0x000000008cd00000, 0x000000008cd00000, 0x000000008ce00000|  0%| F|  |TAMS 0x000000008cd00000, 0x000000008cd00000| Untracked 
| 206|0x000000008ce00000, 0x000000008ce00000, 0x000000008cf00000|  0%| F|  |TAMS 0x000000008ce00000, 0x000000008ce00000| Untracked 
| 207|0x000000008cf00000, 0x000000008cf00000, 0x000000008d000000|  0%| F|  |TAMS 0x000000008cf00000, 0x000000008cf00000| Untracked 
| 208|0x000000008d000000, 0x000000008d000000, 0x000000008d100000|  0%| F|  |TAMS 0x000000008d000000, 0x000000008d000000| Untracked 
| 209|0x000000008d100000, 0x000000008d100000, 0x000000008d200000|  0%| F|  |TAMS 0x000000008d100000, 0x000000008d100000| Untracked 
| 210|0x000000008d200000, 0x000000008d200000, 0x000000008d300000|  0%| F|  |TAMS 0x000000008d200000, 0x000000008d200000| Untracked 
| 211|0x000000008d300000, 0x000000008d300000, 0x000000008d400000|  0%| F|  |TAMS 0x000000008d300000, 0x000000008d300000| Untracked 
| 212|0x000000008d400000, 0x000000008d400000, 0x000000008d500000|  0%| F|  |TAMS 0x000000008d400000, 0x000000008d400000| Untracked 
| 213|0x000000008d500000, 0x000000008d500000, 0x000000008d600000|  0%| F|  |TAMS 0x000000008d500000, 0x000000008d500000| Untracked 
| 214|0x000000008d600000, 0x000000008d600000, 0x000000008d700000|  0%| F|  |TAMS 0x000000008d600000, 0x000000008d600000| Untracked 
| 215|0x000000008d700000, 0x000000008d700000, 0x000000008d800000|  0%| F|  |TAMS 0x000000008d700000, 0x000000008d700000| Untracked 
| 216|0x000000008d800000, 0x000000008d900000, 0x000000008d900000|100%| E|  |TAMS 0x000000008d800000, 0x000000008d800000| Complete 
| 217|0x000000008d900000, 0x000000008da00000, 0x000000008da00000|100%| E|CS|TAMS 0x000000008d900000, 0x000000008d900000| Complete 
| 218|0x000000008da00000, 0x000000008db00000, 0x000000008db00000|100%| E|CS|TAMS 0x000000008da00000, 0x000000008da00000| Complete 
| 219|0x000000008db00000, 0x000000008dc00000, 0x000000008dc00000|100%| E|CS|TAMS 0x000000008db00000, 0x000000008db00000| Complete 
| 220|0x000000008dc00000, 0x000000008dd00000, 0x000000008dd00000|100%| E|CS|TAMS 0x000000008dc00000, 0x000000008dc00000| Complete 
| 221|0x000000008dd00000, 0x000000008de00000, 0x000000008de00000|100%| E|CS|TAMS 0x000000008dd00000, 0x000000008dd00000| Complete 
| 222|0x000000008de00000, 0x000000008df00000, 0x000000008df00000|100%| E|CS|TAMS 0x000000008de00000, 0x000000008de00000| Complete 
| 223|0x000000008df00000, 0x000000008e000000, 0x000000008e000000|100%| E|CS|TAMS 0x000000008df00000, 0x000000008df00000| Complete 
| 224|0x000000008e000000, 0x000000008e100000, 0x000000008e100000|100%| E|CS|TAMS 0x000000008e000000, 0x000000008e000000| Complete 
| 225|0x000000008e100000, 0x000000008e200000, 0x000000008e200000|100%| E|CS|TAMS 0x000000008e100000, 0x000000008e100000| Complete 
| 226|0x000000008e200000, 0x000000008e300000, 0x000000008e300000|100%| E|CS|TAMS 0x000000008e200000, 0x000000008e200000| Complete 
| 227|0x000000008e300000, 0x000000008e400000, 0x000000008e400000|100%| E|CS|TAMS 0x000000008e300000, 0x000000008e300000| Complete 
| 228|0x000000008e400000, 0x000000008e500000, 0x000000008e500000|100%| E|CS|TAMS 0x000000008e400000, 0x000000008e400000| Complete 
| 229|0x000000008e500000, 0x000000008e600000, 0x000000008e600000|100%| E|CS|TAMS 0x000000008e500000, 0x000000008e500000| Complete 
| 230|0x000000008e600000, 0x000000008e700000, 0x000000008e700000|100%| E|CS|TAMS 0x000000008e600000, 0x000000008e600000| Complete 
| 231|0x000000008e700000, 0x000000008e800000, 0x000000008e800000|100%| E|CS|TAMS 0x000000008e700000, 0x000000008e700000| Complete 
| 232|0x000000008e800000, 0x000000008e900000, 0x000000008e900000|100%| E|CS|TAMS 0x000000008e800000, 0x000000008e800000| Complete 
| 233|0x000000008e900000, 0x000000008ea00000, 0x000000008ea00000|100%| E|CS|TAMS 0x000000008e900000, 0x000000008e900000| Complete 
| 234|0x000000008ea00000, 0x000000008eb00000, 0x000000008eb00000|100%| E|CS|TAMS 0x000000008ea00000, 0x000000008ea00000| Complete 
| 235|0x000000008eb00000, 0x000000008ec00000, 0x000000008ec00000|100%| E|CS|TAMS 0x000000008eb00000, 0x000000008eb00000| Complete 
| 236|0x000000008ec00000, 0x000000008ed00000, 0x000000008ed00000|100%| E|CS|TAMS 0x000000008ec00000, 0x000000008ec00000| Complete 
| 237|0x000000008ed00000, 0x000000008ee00000, 0x000000008ee00000|100%| E|CS|TAMS 0x000000008ed00000, 0x000000008ed00000| Complete 
| 238|0x000000008ee00000, 0x000000008ef00000, 0x000000008ef00000|100%| E|CS|TAMS 0x000000008ee00000, 0x000000008ee00000| Complete 
| 239|0x000000008ef00000, 0x000000008f000000, 0x000000008f000000|100%| E|CS|TAMS 0x000000008ef00000, 0x000000008ef00000| Complete 
| 240|0x000000008f000000, 0x000000008f100000, 0x000000008f100000|100%| E|CS|TAMS 0x000000008f000000, 0x000000008f000000| Complete 
| 241|0x000000008f100000, 0x000000008f200000, 0x000000008f200000|100%| E|CS|TAMS 0x000000008f100000, 0x000000008f100000| Complete 
| 242|0x000000008f200000, 0x000000008f300000, 0x000000008f300000|100%| E|CS|TAMS 0x000000008f200000, 0x000000008f200000| Complete 
| 243|0x000000008f300000, 0x000000008f400000, 0x000000008f400000|100%| E|CS|TAMS 0x000000008f300000, 0x000000008f300000| Complete 
| 244|0x000000008f400000, 0x000000008f500000, 0x000000008f500000|100%| E|CS|TAMS 0x000000008f400000, 0x000000008f400000| Complete 
| 245|0x000000008f500000, 0x000000008f600000, 0x000000008f600000|100%| E|CS|TAMS 0x000000008f500000, 0x000000008f500000| Complete 
| 246|0x000000008f600000, 0x000000008f700000, 0x000000008f700000|100%| E|CS|TAMS 0x000000008f600000, 0x000000008f600000| Complete 
| 247|0x000000008f700000, 0x000000008f800000, 0x000000008f800000|100%| E|CS|TAMS 0x000000008f700000, 0x000000008f700000| Complete 
| 248|0x000000008f800000, 0x000000008f900000, 0x000000008f900000|100%| E|CS|TAMS 0x000000008f800000, 0x000000008f800000| Complete 
| 249|0x000000008f900000, 0x000000008fa00000, 0x000000008fa00000|100%| E|CS|TAMS 0x000000008f900000, 0x000000008f900000| Complete 
| 250|0x000000008fa00000, 0x000000008fb00000, 0x000000008fb00000|100%| E|CS|TAMS 0x000000008fa00000, 0x000000008fa00000| Complete 
| 251|0x000000008fb00000, 0x000000008fc00000, 0x000000008fc00000|100%| E|CS|TAMS 0x000000008fb00000, 0x000000008fb00000| Complete 
| 252|0x000000008fc00000, 0x000000008fd00000, 0x000000008fd00000|100%| E|CS|TAMS 0x000000008fc00000, 0x000000008fc00000| Complete 
| 253|0x000000008fd00000, 0x000000008fe00000, 0x000000008fe00000|100%| E|CS|TAMS 0x000000008fd00000, 0x000000008fd00000| Complete 

Card table byte_map: [0x0000014597140000,0x0000014597540000] _byte_map_base: 0x0000014596d40000

Marking Bits (Prev, Next): (CMBitMap*) 0x0000014583d2f460, (CMBitMap*) 0x0000014583d2f428
 Prev Bits: [0x0000014599940000, 0x000001459b940000)
 Next Bits: [0x0000014597940000, 0x0000014599940000)

Polling page: 0x0000014581c60000

Metaspace:

Usage:
  Non-class:     50.02 MB capacity,    49.05 MB ( 98%) used,   837.20 KB (  2%) free+waste,   151.31 KB ( <1%) overhead. 
      Class:      7.82 MB capacity,     7.08 MB ( 91%) used,   679.71 KB (  8%) free+waste,    73.88 KB ( <1%) overhead. 
       Both:     57.83 MB capacity,    56.13 MB ( 97%) used,     1.48 MB (  3%) free+waste,   225.19 KB ( <1%) overhead. 

Virtual space:
  Non-class space:       52.00 MB reserved,      50.25 MB ( 97%) committed 
      Class space:        1.00 GB reserved,       7.88 MB ( <1%) committed 
             Both:        1.05 GB reserved,      58.13 MB (  5%) committed 

Chunk freelists:
   Non-Class:  48.00 KB
       Class:  27.00 KB
        Both:  75.00 KB

MaxMetaspaceSize: 17179869184.00 GB
CompressedClassSpaceSize: 1.00 GB

CodeHeap 'non-profiled nmethods': size=120000Kb used=4068Kb max_used=4068Kb free=115931Kb
 bounds [0x000001458f2b0000, 0x000001458f6b0000, 0x00000145967e0000]
CodeHeap 'profiled nmethods': size=120000Kb used=13598Kb max_used=13598Kb free=106402Kb
 bounds [0x0000014587d80000, 0x0000014588ad0000, 0x000001458f2b0000]
CodeHeap 'non-nmethods': size=5760Kb used=2238Kb max_used=2277Kb free=3521Kb
 bounds [0x00000145877e0000, 0x0000014587a50000, 0x0000014587d80000]
 total_blobs=6952 nmethods=6130 adapters=733
 compilation: enabled
              stopped_count=0, restarted_count=0
 full_count=0

Compilation events (20 events):
Event: 11.319 Thread 0x000001459ee99800 6106       3       org.gradle.api.internal.model.DefaultObjectFactory::property (172 bytes)
Event: 11.320 Thread 0x000001459ee99800 nmethod 6106 0x0000014588aaca90 code [0x0000014588aad160, 0x0000014588aaff58]
Event: 11.325 Thread 0x000001459ee99800 6108   !   3       com.google.common.cache.LocalCache$Segment::getAndRecordStats (134 bytes)
Event: 11.326 Thread 0x000001459ee99800 nmethod 6108 0x0000014588ab1090 code [0x0000014588ab1440, 0x0000014588ab2928]
Event: 11.337 Thread 0x000001459ee99800 6109       3       com.google.common.collect.ImmutableSet$Builder::<init> (6 bytes)
Event: 11.337 Thread 0x000001459ee99800 nmethod 6109 0x0000014588ab3410 code [0x0000014588ab35e0, 0x0000014588ab3948]
Event: 11.337 Thread 0x000001459ee99800 6110       3       com.google.common.collect.CompactHashMap::put (220 bytes)
Event: 11.338 Thread 0x000001459ee99800 nmethod 6110 0x0000014588ab3a90 code [0x0000014588ab3d40, 0x0000014588ab4d08]
Event: 11.339 Thread 0x000001459ee99800 6111       3       com.google.common.collect.CompactHashMap::resizeMeMaybe (39 bytes)
Event: 11.339 Thread 0x000001459ee99800 nmethod 6111 0x0000014588ab5410 code [0x0000014588ab55e0, 0x0000014588ab5908]
Event: 11.339 Thread 0x000001459ee99800 6113       1       com.google.common.collect.ImmutableEntry::getValue (5 bytes)
Event: 11.339 Thread 0x000001459ee99800 nmethod 6113 0x000001458f6a8a10 code [0x000001458f6a8bc0, 0x000001458f6a8c78]
Event: 11.343 Thread 0x000001459ee99800 6115       3       com.google.common.collect.ImmutableSet::shouldTrim (17 bytes)
Event: 11.344 Thread 0x000001459ee99800 nmethod 6115 0x0000014588ab5a10 code [0x0000014588ab5bc0, 0x0000014588ab5cf8]
Event: 11.345 Thread 0x000001459ee99800 6116   !   3       com.google.common.cache.LocalCache$LoadingValueReference::loadFuture (125 bytes)
Event: 11.345 Thread 0x000001459ee99800 nmethod 6116 0x0000014588ab5d90 code [0x0000014588ab60a0, 0x0000014588ab6f78]
Event: 11.348 Thread 0x000001459ee99800 6117       3       org.gradle.internal.instantiation.generator.AbstractClassGenerator$ClassGenerationHandler::hasFields (1 bytes)
Event: 11.348 Thread 0x000001459ee99800 nmethod 6117 0x0000014588ab7790 code [0x0000014588ab7940, 0x0000014588ab7a38]
Event: 11.351 Thread 0x000001459ee99800 6118       3       org.gradle.api.internal.DefaultNamedDomainObjectCollection::hasWithName (32 bytes)
Event: 11.352 Thread 0x000001459ee99800 nmethod 6118 0x0000014588ab7b10 code [0x0000014588ab7ce0, 0x0000014588ab8018]

GC Heap History (18 events):
Event: 0.512 GC heap before
{Heap before GC invocations=0 (full 0):
 garbage-first heap   total 260096K, used 29696K [0x0000000080000000, 0x0000000100000000)
  region size 1024K, 24 young (24576K), 0 survivors (0K)
 Metaspace       used 10331K, capacity 10561K, committed 10752K, reserved 1058816K
  class space    used 1087K, capacity 1163K, committed 1280K, reserved 1048576K
}
Event: 0.516 GC heap after
{Heap after GC invocations=1 (full 0):
 garbage-first heap   total 260096K, used 8421K [0x0000000080000000, 0x0000000100000000)
  region size 1024K, 3 young (3072K), 3 survivors (3072K)
 Metaspace       used 10331K, capacity 10561K, committed 10752K, reserved 1058816K
  class space    used 1087K, capacity 1163K, committed 1280K, reserved 1048576K
}
Event: 1.851 GC heap before
{Heap before GC invocations=1 (full 0):
 garbage-first heap   total 260096K, used 93413K [0x0000000080000000, 0x0000000100000000)
  region size 1024K, 88 young (90112K), 3 survivors (3072K)
 Metaspace       used 20589K, capacity 21085K, committed 21248K, reserved 1067008K
  class space    used 2523K, capacity 2703K, committed 2816K, reserved 1048576K
}
Event: 1.858 GC heap after
{Heap after GC invocations=2 (full 0):
 garbage-first heap   total 260096K, used 15920K [0x0000000080000000, 0x0000000100000000)
  region size 1024K, 11 young (11264K), 11 survivors (11264K)
 Metaspace       used 20589K, capacity 21085K, committed 21248K, reserved 1067008K
  class space    used 2523K, capacity 2703K, committed 2816K, reserved 1048576K
}
Event: 1.929 GC heap before
{Heap before GC invocations=3 (full 0):
 garbage-first heap   total 260096K, used 29232K [0x0000000080000000, 0x0000000100000000)
  region size 1024K, 24 young (24576K), 11 survivors (11264K)
 Metaspace       used 21456K, capacity 21937K, committed 22144K, reserved 1069056K
  class space    used 2703K, capacity 2903K, committed 2944K, reserved 1048576K
}
Event: 1.932 GC heap after
{Heap after GC invocations=4 (full 0):
 garbage-first heap   total 260096K, used 16986K [0x0000000080000000, 0x0000000100000000)
  region size 1024K, 1 young (1024K), 1 survivors (1024K)
 Metaspace       used 21456K, capacity 21937K, committed 22144K, reserved 1069056K
  class space    used 2703K, capacity 2903K, committed 2944K, reserved 1048576K
}
Event: 2.769 GC heap before
{Heap before GC invocations=4 (full 0):
 garbage-first heap   total 260096K, used 113242K [0x0000000080000000, 0x0000000100000000)
  region size 1024K, 96 young (98304K), 1 survivors (1024K)
 Metaspace       used 34979K, capacity 35734K, committed 35840K, reserved 1081344K
  class space    used 4553K, capacity 4844K, committed 4864K, reserved 1048576K
}
Event: 2.773 GC heap after
{Heap after GC invocations=5 (full 0):
 garbage-first heap   total 260096K, used 22066K [0x0000000080000000, 0x0000000100000000)
  region size 1024K, 6 young (6144K), 6 survivors (6144K)
 Metaspace       used 34979K, capacity 35734K, committed 35840K, reserved 1081344K
  class space    used 4553K, capacity 4844K, committed 4864K, reserved 1048576K
}
Event: 2.778 GC heap before
{Heap before GC invocations=5 (full 0):
 garbage-first heap   total 260096K, used 25138K [0x0000000080000000, 0x0000000100000000)
  region size 1024K, 8 young (8192K), 6 survivors (6144K)
 Metaspace       used 35087K, capacity 35798K, committed 35840K, reserved 1081344K
  class space    used 4553K, capacity 4844K, committed 4864K, reserved 1048576K
}
Event: 2.784 GC heap after
{Heap after GC invocations=6 (full 0):
 garbage-first heap   total 260096K, used 24506K [0x0000000080000000, 0x0000000100000000)
  region size 1024K, 7 young (7168K), 7 survivors (7168K)
 Metaspace       used 35087K, capacity 35798K, committed 35840K, reserved 1081344K
  class space    used 4553K, capacity 4844K, committed 4864K, reserved 1048576K
}
Event: 4.374 GC heap before
{Heap before GC invocations=7 (full 0):
 garbage-first heap   total 260096K, used 129978K [0x0000000080000000, 0x0000000100000000)
  region size 1024K, 110 young (112640K), 7 survivors (7168K)
 Metaspace       used 40187K, capacity 41085K, committed 41344K, reserved 1085440K
  class space    used 5091K, capacity 5457K, committed 5504K, reserved 1048576K
}
Event: 4.387 GC heap after
{Heap after GC invocations=8 (full 0):
 garbage-first heap   total 260096K, used 31692K [0x0000000080000000, 0x0000000100000000)
  region size 1024K, 14 young (14336K), 14 survivors (14336K)
 Metaspace       used 40187K, capacity 41085K, committed 41344K, reserved 1085440K
  class space    used 5091K, capacity 5457K, committed 5504K, reserved 1048576K
}
Event: 6.287 GC heap before
{Heap before GC invocations=9 (full 0):
 garbage-first heap   total 260096K, used 158668K [0x0000000080000000, 0x0000000100000000)
  region size 1024K, 138 young (141312K), 14 survivors (14336K)
 Metaspace       used 40755K, capacity 41691K, committed 41984K, reserved 1085440K
  class space    used 5153K, capacity 5554K, committed 5632K, reserved 1048576K
}
Event: 6.295 GC heap after
{Heap after GC invocations=10 (full 0):
 garbage-first heap   total 260096K, used 33710K [0x0000000080000000, 0x0000000100000000)
  region size 1024K, 11 young (11264K), 11 survivors (11264K)
 Metaspace       used 40755K, capacity 41691K, committed 41984K, reserved 1085440K
  class space    used 5153K, capacity 5554K, committed 5632K, reserved 1048576K
}
Event: 10.102 GC heap before
{Heap before GC invocations=10 (full 0):
 garbage-first heap   total 260096K, used 164782K [0x0000000080000000, 0x0000000100000000)
  region size 1024K, 138 young (141312K), 11 survivors (11264K)
 Metaspace       used 44644K, capacity 45883K, committed 46080K, reserved 1089536K
  class space    used 5608K, capacity 6104K, committed 6144K, reserved 1048576K
}
Event: 10.114 GC heap after
{Heap after GC invocations=11 (full 0):
 garbage-first heap   total 260096K, used 49000K [0x0000000080000000, 0x0000000100000000)
  region size 1024K, 18 young (18432K), 18 survivors (18432K)
 Metaspace       used 44644K, capacity 45883K, committed 46080K, reserved 1089536K
  class space    used 5608K, capacity 6104K, committed 6144K, reserved 1048576K
}
Event: 10.971 GC heap before
{Heap before GC invocations=11 (full 0):
 garbage-first heap   total 260096K, used 173928K [0x0000000080000000, 0x0000000100000000)
  region size 1024K, 138 young (141312K), 18 survivors (18432K)
 Metaspace       used 51072K, capacity 52741K, committed 52992K, reserved 1095680K
  class space    used 6494K, capacity 7124K, committed 7168K, reserved 1048576K
}
Event: 10.977 GC heap after
{Heap after GC invocations=12 (full 0):
 garbage-first heap   total 260096K, used 49765K [0x0000000080000000, 0x0000000100000000)
  region size 1024K, 10 young (10240K), 10 survivors (10240K)
 Metaspace       used 51072K, capacity 52741K, committed 52992K, reserved 1095680K
  class space    used 6494K, capacity 7124K, committed 7168K, reserved 1048576K
}

Deoptimization events (20 events):
Event: 11.063 Thread 0x00000145a0377800 Uncommon trap: trap_request=0xffffff4d fr.pc=0x000001458f50ab0c relative=0x00000000000003cc
Event: 11.063 Thread 0x00000145a0377800 Uncommon trap: reason=unstable_if action=reinterpret pc=0x000001458f50ab0c method=sun.util.calendar.BaseCalendar$Date.hit(J)Z @ 6 c2
Event: 11.063 Thread 0x00000145a0377800 DEOPT PACKING pc=0x000001458f50ab0c sp=0x0000002d690f7d70
Event: 11.063 Thread 0x00000145a0377800 DEOPT UNPACKING pc=0x00000145878078af sp=0x0000002d690f7c58 mode 2
Event: 11.063 Thread 0x00000145a0377800 Uncommon trap: trap_request=0xffffff45 fr.pc=0x000001458f4f6780 relative=0x00000000000001c0
Event: 11.063 Thread 0x00000145a0377800 Uncommon trap: reason=unstable_fused_if action=reinterpret pc=0x000001458f4f6780 method=sun.util.calendar.BaseCalendar.getFixedDate(IIILsun/util/calendar/BaseCalendar$Date;)J @ 67 c2
Event: 11.063 Thread 0x00000145a0377800 DEOPT PACKING pc=0x000001458f4f6780 sp=0x0000002d690f7c70
Event: 11.063 Thread 0x00000145a0377800 DEOPT UNPACKING pc=0x00000145878078af sp=0x0000002d690f7c10 mode 2
Event: 11.092 Thread 0x00000145a0377800 Uncommon trap: trap_request=0xffffff4d fr.pc=0x000001458f577bf4 relative=0x0000000000002a94
Event: 11.092 Thread 0x00000145a0377800 Uncommon trap: reason=unstable_if action=reinterpret pc=0x000001458f577bf4 method=java.lang.reflect.AccessibleObject.verifyAccess(Ljava/lang/Class;Ljava/lang/Class;Ljava/lang/Class;I)Z @ 14 c2
Event: 11.092 Thread 0x00000145a0377800 DEOPT PACKING pc=0x000001458f577bf4 sp=0x0000002d690f6ac0
Event: 11.092 Thread 0x00000145a0377800 DEOPT UNPACKING pc=0x00000145878078af sp=0x0000002d690f6b20 mode 2
Event: 11.130 Thread 0x00000145a0377800 Uncommon trap: trap_request=0xffffff45 fr.pc=0x000001458f5bd56c relative=0x0000000000000d4c
Event: 11.130 Thread 0x00000145a0377800 Uncommon trap: reason=unstable_fused_if action=reinterpret pc=0x000001458f5bd56c method=org.objectweb.asm.ByteVector.putUTF8(Ljava/lang/String;)Lorg/objectweb/asm/ByteVector; @ 93 c2
Event: 11.130 Thread 0x00000145a0377800 DEOPT PACKING pc=0x000001458f5bd56c sp=0x0000002d690f80a0
Event: 11.130 Thread 0x00000145a0377800 DEOPT UNPACKING pc=0x00000145878078af sp=0x0000002d690f7ff8 mode 2
Event: 11.136 Thread 0x00000145a0377800 Uncommon trap: trap_request=0xffffff45 fr.pc=0x000001458f3bd974 relative=0x0000000000000214
Event: 11.136 Thread 0x00000145a0377800 Uncommon trap: reason=unstable_fused_if action=reinterpret pc=0x000001458f3bd974 method=org.objectweb.asm.ByteVector.putUTF8(Ljava/lang/String;)Lorg/objectweb/asm/ByteVector; @ 93 c2
Event: 11.136 Thread 0x00000145a0377800 DEOPT PACKING pc=0x000001458f3bd974 sp=0x0000002d690f83e0
Event: 11.136 Thread 0x00000145a0377800 DEOPT UNPACKING pc=0x00000145878078af sp=0x0000002d690f8360 mode 2

Classes redefined (0 events):
No events

Internal exceptions (20 events):
Event: 10.772 Thread 0x00000145a0377800 Exception <a 'java/security/PrivilegedActionException'{0x00000000898013b0}> (0x00000000898013b0) thrown at [./src/hotspot/share/prims/jvm.cpp, line 1306]
Event: 10.772 Thread 0x00000145a0377800 Exception <a 'java/security/PrivilegedActionException'{0x0000000089803110}> (0x0000000089803110) thrown at [./src/hotspot/share/prims/jvm.cpp, line 1306]
Event: 10.773 Thread 0x00000145a0377800 Exception <a 'java/security/PrivilegedActionException'{0x0000000089807080}> (0x0000000089807080) thrown at [./src/hotspot/share/prims/jvm.cpp, line 1306]
Event: 10.773 Thread 0x00000145a0377800 Exception <a 'java/security/PrivilegedActionException'{0x0000000089808de0}> (0x0000000089808de0) thrown at [./src/hotspot/share/prims/jvm.cpp, line 1306]
Event: 10.781 Thread 0x00000145a0377800 Exception <a 'java/lang/ClassNotFoundException'{0x00000000898c6680}: org/gradle/api/internal/artifacts/repositories/DefaultMavenArtifactRepository_DecoratedBeanInfo> (0x00000000898c6680) thrown at [./src/hotspot/share/classfile/systemDictionary.cpp, line 231]
Event: 10.782 Thread 0x00000145a0377800 Exception <a 'java/lang/ClassNotFoundException'{0x000000008970b6f0}: org/gradle/api/internal/artifacts/repositories/DefaultMavenArtifactRepositoryBeanInfo> (0x000000008970b6f0) thrown at [./src/hotspot/share/classfile/systemDictionary.cpp, line 231]
Event: 10.783 Thread 0x00000145a0377800 Exception <a 'java/lang/ClassNotFoundException'{0x0000000089754188}: org/gradle/api/internal/artifacts/repositories/AbstractAuthenticationSupportedRepositoryBeanInfo> (0x0000000089754188) thrown at [./src/hotspot/share/classfile/systemDictionary.cpp, line 231]
Event: 10.784 Thread 0x00000145a0377800 Exception <a 'java/lang/ClassNotFoundException'{0x000000008979dc68}: org/gradle/api/internal/artifacts/repositories/AbstractResolutionAwareArtifactRepositoryBeanInfo> (0x000000008979dc68) thrown at [./src/hotspot/share/classfile/systemDictionary.cpp, line 231]
Event: 10.785 Thread 0x00000145a0377800 Exception <a 'java/lang/ClassNotFoundException'{0x00000000897e18f8}: org/gradle/api/internal/artifacts/repositories/AbstractArtifactRepositoryBeanInfo> (0x00000000897e18f8) thrown at [./src/hotspot/share/classfile/systemDictionary.cpp, line 231]
Event: 10.786 Thread 0x00000145a0377800 Exception <a 'java/lang/ClassNotFoundException'{0x0000000089628230}: org/gradle/api/internal/artifacts/repositories/AbstractArtifactRepositoryCustomizer> (0x0000000089628230) thrown at [./src/hotspot/share/classfile/systemDictionary.cpp, line 231]
Event: 10.788 Thread 0x00000145a0377800 Exception <a 'java/lang/ClassNotFoundException'{0x000000008968de00}: org/gradle/api/internal/artifacts/repositories/AbstractResolutionAwareArtifactRepositoryCustomizer> (0x000000008968de00) thrown at [./src/hotspot/share/classfile/systemDictionary.cpp, line 231]
Event: 10.788 Thread 0x00000145a0377800 Exception <a 'java/lang/ClassNotFoundException'{0x00000000896dfea0}: org/gradle/api/internal/artifacts/repositories/AbstractAuthenticationSupportedRepositoryCustomizer> (0x00000000896dfea0) thrown at [./src/hotspot/share/classfile/systemDictionary.cpp, line 231]
Event: 10.789 Thread 0x00000145a0377800 Exception <a 'java/lang/ClassNotFoundException'{0x0000000089535900}: org/gradle/api/internal/artifacts/repositories/DefaultMavenArtifactRepositoryCustomizer> (0x0000000089535900) thrown at [./src/hotspot/share/classfile/systemDictionary.cpp, line 231]
Event: 10.791 Thread 0x00000145a0377800 Exception <a 'java/lang/ClassNotFoundException'{0x0000000089593218}: org/gradle/api/internal/artifacts/repositories/DefaultMavenArtifactRepository_DecoratedCustomizer> (0x0000000089593218) thrown at [./src/hotspot/share/classfile/systemDictionary.cpp, line 231]
Event: 10.860 Thread 0x00000145a0377800 Exception <a 'java/lang/ClassNotFoundException'{0x00000000892867a8}: build_2yldcwd3ixzx8eznbx4dwno83BeanInfo> (0x00000000892867a8) thrown at [./src/hotspot/share/classfile/systemDictionary.cpp, line 231]
Event: 10.860 Thread 0x00000145a0377800 Exception <a 'java/lang/ClassNotFoundException'{0x0000000089290510}: build_2yldcwd3ixzx8eznbx4dwno83Customizer> (0x0000000089290510) thrown at [./src/hotspot/share/classfile/systemDictionary.cpp, line 231]
Event: 11.014 Thread 0x00000145a0377800 Exception <a 'java/lang/NoSuchMethodError'{0x000000008fc779d0}: 'java.lang.Object java.lang.invoke.DirectMethodHandle$Holder.invokeSpecial(java.lang.Object, java.lang.Object, java.lang.Object, java.lang.Object, java.lang.Object, int)'> (0x000000008fc779d0) thrown at [./src/hotspot/share/interpreter/linkResolver.cpp, line 773]
Event: 11.015 Thread 0x00000145a0377800 Exception <a 'java/lang/NoSuchMethodError'{0x000000008fc7c010}: 'java.lang.Object java.lang.invoke.Invokers$Holder.linkToTargetMethod(java.lang.Object, java.lang.Object, java.lang.Object, int, java.lang.Object)'> (0x000000008fc7c010) thrown at [./src/hotspot/share/interpreter/linkResolver.cpp, line 773]
Event: 11.148 Thread 0x00000145a0377800 Exception <a 'java/lang/IncompatibleClassChangeError'{0x000000008ed9f258}: Found class java.lang.Object, but interface was expected> (0x000000008ed9f258) thrown at [./src/hotspot/share/interpreter/linkResolver.cpp, line 839]
Event: 11.320 Thread 0x00000145a0377800 Exception <a 'java/lang/NoSuchMethodError'{0x000000008e3fe2e0}: 'void java.lang.invoke.DirectMethodHandle$Holder.invokeInterface(java.lang.Object, java.lang.Object, java.lang.Object, java.lang.Object)'> (0x000000008e3fe2e0) thrown at [./src/hotspot/share/interpreter/linkResolver.cpp, line 773]

Events (20 events):
Event: 11.353 loading class org/gradle/api/Task
Event: 11.353 loading class org/gradle/api/Task done
Event: 11.353 loading class org/gradle/api/Task
Event: 11.353 loading class org/gradle/api/Task done
Event: 11.353 loading class org/gradle/api/Action
Event: 11.353 loading class org/gradle/api/Action done
Event: 11.354 loading class org/gradle/api/Task
Event: 11.354 loading class org/gradle/api/Task done
Event: 11.354 loading class org/gradle/api/Action
Event: 11.354 loading class org/gradle/api/Action done
Event: 11.354 loading class org/gradle/api/Task
Event: 11.354 loading class org/gradle/api/Task done
Event: 11.354 loading class org/gradle/api/Action
Event: 11.354 loading class org/gradle/api/Action done
Event: 11.355 loading class org/gradle/api/internal/file/DefaultFilePropertyFactory$PathToDirectoryTransformer
Event: 11.355 loading class org/gradle/api/internal/file/DefaultFilePropertyFactory$PathToDirectoryTransformer done
Event: 11.355 loading class org/gradle/api/internal/plugins/BuildConfigurationRule
Event: 11.355 loading class org/gradle/api/internal/plugins/BuildConfigurationRule done
Event: 11.355 loading class org/gradle/api/internal/plugins/AbstractRule
Event: 11.355 loading class org/gradle/api/internal/plugins/AbstractRule done


Dynamic libraries:
0x00007ff6b6b40000 - 0x00007ff6b6b4a000 	D:\Android\New folder\jre\bin\java.exe
0x00007ffe39470000 - 0x00007ffe39665000 	C:\WINDOWS\SYSTEM32\ntdll.dll
0x00007ffe38230000 - 0x00007ffe382ee000 	C:\WINDOWS\System32\KERNEL32.DLL
0x00007ffe36c40000 - 0x00007ffe36f08000 	C:\WINDOWS\System32\KERNELBASE.dll
0x00007ffe37010000 - 0x00007ffe37110000 	C:\WINDOWS\System32\ucrtbase.dll
0x00007ffdfdf40000 - 0x00007ffdfdf59000 	D:\Android\New folder\jre\bin\jli.dll
0x00007ffe20990000 - 0x00007ffe209a7000 	D:\Android\New folder\jre\bin\VCRUNTIME140.dll
0x00007ffe390a0000 - 0x00007ffe39241000 	C:\WINDOWS\System32\USER32.dll
0x00007ffe37140000 - 0x00007ffe37162000 	C:\WINDOWS\System32\win32u.dll
0x00007ffe35f60000 - 0x00007ffe361fa000 	C:\WINDOWS\WinSxS\amd64_microsoft.windows.common-controls_6595b64144ccf1df_6.0.19041.1110_none_60b5254171f9507e\COMCTL32.dll
0x00007ffe37ee0000 - 0x00007ffe37f0b000 	C:\WINDOWS\System32\GDI32.dll
0x00007ffe37170000 - 0x00007ffe3727b000 	C:\WINDOWS\System32\gdi32full.dll
0x00007ffe38ca0000 - 0x00007ffe38d3e000 	C:\WINDOWS\System32\msvcrt.dll
0x00007ffe36f10000 - 0x00007ffe36fad000 	C:\WINDOWS\System32\msvcp_win.dll
0x00007ffe376f0000 - 0x00007ffe37720000 	C:\WINDOWS\System32\IMM32.DLL
0x00007ffdb7ef0000 - 0x00007ffdb7f8d000 	D:\Android\New folder\jre\bin\msvcp140.dll
0x00007ffdae380000 - 0x00007ffdaee4f000 	D:\Android\New folder\jre\bin\server\jvm.dll
0x00007ffe392d0000 - 0x00007ffe3937c000 	C:\WINDOWS\System32\ADVAPI32.dll
0x00007ffe39390000 - 0x00007ffe3942b000 	C:\WINDOWS\System32\sechost.dll
0x00007ffe38020000 - 0x00007ffe3814a000 	C:\WINDOWS\System32\RPCRT4.dll
0x00007ffe39380000 - 0x00007ffe39388000 	C:\WINDOWS\System32\PSAPI.DLL
0x00007ffe1f020000 - 0x00007ffe1f029000 	C:\WINDOWS\SYSTEM32\WSOCK32.dll
0x00007ffe2e770000 - 0x00007ffe2e77a000 	C:\WINDOWS\SYSTEM32\VERSION.dll
0x00007ffe28820000 - 0x00007ffe28847000 	C:\WINDOWS\SYSTEM32\WINMM.dll
0x00007ffe38460000 - 0x00007ffe384cb000 	C:\WINDOWS\System32\WS2_32.dll
0x00007ffe34da0000 - 0x00007ffe34db2000 	C:\WINDOWS\SYSTEM32\kernel.appcore.dll
0x00007ffdfb9b0000 - 0x00007ffdfb9c1000 	D:\Android\New folder\jre\bin\verify.dll
0x00007ffe36460000 - 0x00007ffe36644000 	C:\WINDOWS\SYSTEM32\DBGHELP.DLL
0x00007ffe36360000 - 0x00007ffe3638c000 	C:\WINDOWS\SYSTEM32\dbgcore.DLL
0x00007ffe37430000 - 0x00007ffe374b3000 	C:\WINDOWS\System32\bcryptPrimitives.dll
0x00007ffdf3ef0000 - 0x00007ffdf3f19000 	D:\Android\New folder\jre\bin\java.dll
0x00007ffe2fa80000 - 0x00007ffe2fa8b000 	D:\Android\New folder\jre\bin\jimage.dll
0x00007ffdfad60000 - 0x00007ffdfad78000 	D:\Android\New folder\jre\bin\zip.dll
0x00007ffe37780000 - 0x00007ffe37ebf000 	C:\WINDOWS\System32\SHELL32.dll
0x00007ffe34600000 - 0x00007ffe34d90000 	C:\WINDOWS\SYSTEM32\windows.storage.dll
0x00007ffe38d40000 - 0x00007ffe39095000 	C:\WINDOWS\System32\combase.dll
0x00007ffe35ef0000 - 0x00007ffe35f1e000 	C:\WINDOWS\SYSTEM32\Wldp.dll
0x00007ffe37f70000 - 0x00007ffe3801d000 	C:\WINDOWS\System32\SHCORE.dll
0x00007ffe37f10000 - 0x00007ffe37f65000 	C:\WINDOWS\System32\shlwapi.dll
0x00007ffe36ad0000 - 0x00007ffe36aef000 	C:\WINDOWS\SYSTEM32\profapi.dll
0x00007ffdfa840000 - 0x00007ffdfa85a000 	D:\Android\New folder\jre\bin\net.dll
0x00007ffe30840000 - 0x00007ffe3094c000 	C:\WINDOWS\SYSTEM32\WINHTTP.dll
0x00007ffe35c50000 - 0x00007ffe35cba000 	C:\WINDOWS\system32\mswsock.dll
0x00007ffdf7bb0000 - 0x00007ffdf7bc4000 	D:\Android\New folder\jre\bin\nio.dll
0x00007ffe2cc70000 - 0x00007ffe2cc97000 	C:\Users\quocm\.gradle\native\fdc75f09e3144964f2cf3f50f0aa648679c211496f362492102eb8c894070792\windows-amd64\native-platform.dll
0x00007ffdddaf0000 - 0x00007ffdddc86000 	C:\Users\quocm\.gradle\native\12488b8bf47d2d4c9fbf2f6322a914ad602e24e48041cd04a747c6da556b65c4\windows-amd64\native-platform-file-events.dll
0x00007ffe1f560000 - 0x00007ffe1f56a000 	D:\Android\New folder\jre\bin\management.dll
0x00007ffe02250000 - 0x00007ffe0225c000 	D:\Android\New folder\jre\bin\management_ext.dll
0x00007ffe36910000 - 0x00007ffe36928000 	C:\WINDOWS\SYSTEM32\CRYPTSP.dll
0x00007ffe355f0000 - 0x00007ffe35624000 	C:\WINDOWS\system32\rsaenh.dll
0x00007ffe37110000 - 0x00007ffe37137000 	C:\WINDOWS\System32\bcrypt.dll
0x00007ffe36a90000 - 0x00007ffe36abe000 	C:\WINDOWS\SYSTEM32\USERENV.dll
0x00007ffe35ee0000 - 0x00007ffe35eec000 	C:\WINDOWS\SYSTEM32\CRYPTBASE.dll
0x00007ffe35940000 - 0x00007ffe3597b000 	C:\WINDOWS\SYSTEM32\IPHLPAPI.DLL
0x00007ffe38220000 - 0x00007ffe38228000 	C:\WINDOWS\System32\NSI.dll
0x00007ffe2f010000 - 0x00007ffe2f027000 	C:\WINDOWS\SYSTEM32\dhcpcsvc6.DLL
0x00007ffe2fc90000 - 0x00007ffe2fcad000 	C:\WINDOWS\SYSTEM32\dhcpcsvc.DLL
0x00007ffe35980000 - 0x00007ffe35a4b000 	C:\WINDOWS\SYSTEM32\DNSAPI.dll
0x00007ffe2fcb0000 - 0x00007ffe2fcbb000 	C:\WINDOWS\SYSTEM32\WINNSI.DLL

dbghelp: loaded successfully - version: 4.0.5 - missing functions: none
symbol engine: initialized successfully - sym options: 0x614 - pdb path: .;D:\Android\New folder\jre\bin;C:\WINDOWS\SYSTEM32;C:\WINDOWS\WinSxS\amd64_microsoft.windows.common-controls_6595b64144ccf1df_6.0.19041.1110_none_60b5254171f9507e;D:\Android\New folder\jre\bin\server;C:\Users\quocm\.gradle\native\fdc75f09e3144964f2cf3f50f0aa648679c211496f362492102eb8c894070792\windows-amd64;C:\Users\quocm\.gradle\native\12488b8bf47d2d4c9fbf2f6322a914ad602e24e48041cd04a747c6da556b65c4\windows-amd64

VM Arguments:
jvm_args: -XX:MaxPermSize=512m -XX:+HeapDumpOnOutOfMemoryError --add-opens=java.base/java.util=ALL-UNNAMED --add-opens=java.base/java.lang=ALL-UNNAMED --add-opens=java.base/java.lang.invoke=ALL-UNNAMED --add-opens=java.prefs/java.util.prefs=ALL-UNNAMED -Xmx2048m -Dfile.encoding=UTF-8 -Duser.country=US -Duser.language=en -Duser.variant 
java_command: org.gradle.launcher.daemon.bootstrap.GradleDaemon 6.8
java_class_path (initial): C:\Users\quocm\.gradle\wrapper\dists\gradle-6.8-all\9emh0d32e025cam7aasxcw002\gradle-6.8\lib\gradle-launcher-6.8.jar
Launcher Type: SUN_STANDARD

[Global flags]
     intx CICompilerCount                          = 4                                         {product} {ergonomic}
     uint ConcGCThreads                            = 3                                         {product} {ergonomic}
     uint G1ConcRefinementThreads                  = 10                                        {product} {ergonomic}
   size_t G1HeapRegionSize                         = 1048576                                   {product} {ergonomic}
    uintx GCDrainStackTargetSize                   = 64                                        {product} {ergonomic}
     bool HeapDumpOnOutOfMemoryError               = true                                   {manageable} {command line}
   size_t InitialHeapSize                          = 266338304                                 {product} {ergonomic}
   size_t MarkStackSize                            = 4194304                                   {product} {ergonomic}
   size_t MaxHeapSize                              = 2147483648                                {product} {command line}
   size_t MaxNewSize                               = 1287651328                                {product} {ergonomic}
   size_t MinHeapDeltaBytes                        = 1048576                                   {product} {ergonomic}
    uintx NonNMethodCodeHeapSize                   = 5836300                                {pd product} {ergonomic}
    uintx NonProfiledCodeHeapSize                  = 122910970                              {pd product} {ergonomic}
    uintx ProfiledCodeHeapSize                     = 122910970                              {pd product} {ergonomic}
    uintx ReservedCodeCacheSize                    = 251658240                              {pd product} {ergonomic}
     bool SegmentedCodeCache                       = true                                      {product} {ergonomic}
     bool UseCompressedClassPointers               = true                                 {lp64_product} {ergonomic}
     bool UseCompressedOops                        = true                                 {lp64_product} {ergonomic}
     bool UseG1GC                                  = true                                      {product} {ergonomic}
     bool UseLargePagesIndividualAllocation        = false                                  {pd product} {ergonomic}

Logging:
Log output configuration:
 #0: stdout all=warning uptime,level,tags
 #1: stderr all=off uptime,level,tags

Environment Variables:
JAVA_HOME=D:\Android\New folder\jre
CLASSPATH=D:\ReactNative\FullApp\TestProject\android\\gradle\wrapper\gradle-wrapper.jar
PATH=C:\Program Files\Common Files\Oracle\Java\javapath;C:\Program Files (x86)\Intel\Intel(R) Management Engine Components\iCLS\;C:\Program Files\Intel\Intel(R) Management Engine Components\iCLS\;C:\Windows\system32;C:\Windows;C:\Windows\System32\Wbem;C:\Windows\System32\WindowsPowerShell\v1.0\;C:\Windows\System32\OpenSSH\;C:\Program Files (x86)\NVIDIA Corporation\PhysX\Common;C:\Program Files\Intel\WiFi\bin\;C:\Program Files\Common Files\Intel\WirelessCommon\;C:\Program Files (x86)\Intel\Intel(R) Management Engine Components\DAL;C:\Program Files\Intel\Intel(R) Management Engine Components\DAL;C:\Program Files (x86)\Intel\Intel(R) Management Engine Components\IPT;C:\Program Files\Intel\Intel(R) Management Engine Components\IPT;C:\WINDOWS\system32;C:\WINDOWS;C:\WINDOWS\System32\Wbem;C:\WINDOWS\System32\WindowsPowerShell\v1.0\;C:\WINDOWS\System32\OpenSSH\;C:\Program Files\Microsoft SQL Server\Client SDK\ODBC\170\Tools\Binn\;C:\Program Files (x86)\Microsoft SQL Server\150\Tools\Binn\;C:\Program Files\Microsoft SQL Server\150\Tools\Binn\;C:\Program Files\Microsoft SQL Server\150\DTS\Binn\;C:\Program Files (x86)\Microsoft SQL Server\150\DTS\Binn\;C:\Program Files\Azure Data Studio\bin;C:\Program Files\nodejs\;C:\Program Files\Git\cmd;D:\Android\SDK\Sdk\platform-tools;C:\Program Files\MongoDB\Server\5.0\bin;C:\Users\quocm\AppData\Local\Microsoft\WindowsApps;C:\Users\quocm\AppData\Local\Programs\Microsoft VS Code\bin;C:\Program Files\Azure Data Studio\bin;C:\Users\quocm\AppData\Roaming\npm;D:\Android\SDK\Sdk\platform-tools;
USERNAME=quocm
LANG=en_US.UTF-8
OS=Windows_NT
PROCESSOR_IDENTIFIER=Intel64 Family 6 Model 158 Stepping 10, GenuineIntel



---------------  S Y S T E M  ---------------

OS: Windows 10 , 64 bit Build 19041 (10.0.19041.1348)
OS uptime: 0 days 1:03 hours

CPU:total 12 (initial active 12) (6 cores per cpu, 2 threads per core) family 6 model 158 stepping 10 microcode 0xb4, cmov, cx8, fxsr, mmx, sse, sse2, sse3, ssse3, sse4.1, sse4.2, popcnt, avx, avx2, aes, clmul, erms, 3dnowpref, lzcnt, ht, tsc, tscinvbit, bmi1, bmi2, adx, fma

Memory: 4k page, system-wide physical 16230M (7062M free)
TotalPageFile size 22118M (AvailPageFile size 9201M)
current process WorkingSet (physical memory assigned to process): 406M, peak: 408M
current process commit charge ("private bytes"): 510M, peak: 512M

vm_info: OpenJDK 64-Bit Server VM (11.0.10+0-b96-7249189) for windows-amd64 JRE (11.0.10+0-b96-7249189), built on Mar 31 2021 21:44:00 by "builder" with MS VC++ 14.0 (VS2015)

END.
