#
# A fatal error has been detected by the Java Runtime Environment:
#
#  EXCEPTION_ACCESS_VIOLATION (0xc0000005) at pc=0x00007ff942a5d677, pid=19168, tid=19324
#
# JRE version: OpenJDK Runtime Environment (11.0.10) (build 11.0.10+0-b96-7249189)
# Java VM: OpenJDK 64-Bit Server VM (11.0.10+0-b96-7249189, mixed mode, tiered, compressed oops, g1 gc, windows-amd64)
# Problematic frame:
# V  [jvm.dll+0x10d677]
#
# No core dump will be written. Minidumps are not enabled by default on client versions of Windows
#
# If you would like to submit a bug report, please visit:
#   https://bugreport.java.com/bugreport/crash.jsp
#

---------------  S U M M A R Y ------------

Command Line: org.jetbrains.kotlin.cli.jvm.K2JVMCompiler @D:\ReactNative\FullApp\TestProject\node_modules\expo-splash-screen\android\build\20211202_6926965324454160978.compiler.options

Host: Intel(R) Core(TM) i7-8750H CPU @ 2.20GHz, 12 cores, 15G,  Windows 10 , 64 bit Build 19041 (10.0.19041.1348)
Time: Thu Dec  2 14:03:33 2021 SE Asia Standard Time elapsed time: 0.831919 seconds (0d 0h 0m 0s)

---------------  T H R E A D  ---------------

Current thread (0x000001400f4d1000):  ConcurrentGCThread "G1 Conc#1" [stack: 0x00000035ce000000,0x00000035ce100000] [id=19324]

Stack: [0x00000035ce000000,0x00000035ce100000],  sp=0x00000035ce0ff550,  free space=1021k
Native frames: (J=compiled Java code, j=interpreted, Vv=VM code, C=native code)
V  [jvm.dll+0x10d677]
V  [jvm.dll+0x2e726e]
V  [jvm.dll+0x2e1f7b]
V  [jvm.dll+0x34bcc7]
V  [jvm.dll+0x2e705e]
V  [jvm.dll+0x748da0]
V  [jvm.dll+0x6e3d45]
V  [jvm.dll+0x5ebe96]
C  [ucrtbase.dll+0x21bb2]
C  [KERNEL32.DLL+0x17034]
C  [ntdll.dll+0x52651]


siginfo: EXCEPTION_ACCESS_VIOLATION (0xc0000005), writing address 0x00000140742a0000


Register to memory mapping:

RIP=0x00007ff942a5d677 jvm.dll
RAX=0x0 is NULL
RBX=0x0000000000080800 is an unknown value
RCX=0x0000000000000800 is an unknown value
RDX=0x0000000002000000 is an unknown value
RSP=0x00000035ce0ff550 points into unknown readable memory: 0x0060000709600000 | 00 00 60 09 07 00 60 00
RBP=0x00000035ccaff3e8 points into unknown readable memory: 0x00007ff94316f418 | 18 f4 16 43 f9 7f 00 00
RSI=0x000001406e6e4370 points into unknown readable memory: 0x0000014073ea0000 | 00 00 ea 73 40 01 00 00
RDI=0x00000140742a0000 is an unknown value
R8 =0x0000000000000001 is an unknown value
R9 =0x0000000000080000 is an unknown value
R10=0x0000000002020000 is an unknown value
R11=0x0000000002000000 is an unknown value
R12=0x0000000000000054 is an unknown value
R13=0x0 is NULL
R14=0x00000035ccaff3e8 points into unknown readable memory: 0x00007ff94316f418 | 18 f4 16 43 f9 7f 00 00
R15=0x000001406e68ef58 points into unknown readable memory: 0x00007ff94316d0f8 | f8 d0 16 43 f9 7f 00 00


Registers:
RAX=0x0000000000000000, RBX=0x0000000000080800, RCX=0x0000000000000800, RDX=0x0000000002000000
RSP=0x00000035ce0ff550, RBP=0x00000035ccaff3e8, RSI=0x000001406e6e4370, RDI=0x00000140742a0000
R8 =0x0000000000000001, R9 =0x0000000000080000, R10=0x0000000002020000, R11=0x0000000002000000
R12=0x0000000000000054, R13=0x0000000000000000, R14=0x00000035ccaff3e8, R15=0x000001406e68ef58
RIP=0x00007ff942a5d677, EFLAGS=0x0000000000010246

Top of Stack: (sp=0x00000035ce0ff550)
0x00000035ce0ff550:   0060000709600000 00007ff942c3726e
0x00000035ce0ff560:   0000000712700000 000001406e6e4358
0x00000035ce0ff570:   000001400f4d1000 00007ff942f0f601
0x00000035ce0ff580:   0000000712600000 0000000000020000
0x00000035ce0ff590:   0000000702600000 000000001fb40000
0x00000035ce0ff5a0:   0000000712600000 00007ff942c31f7b
0x00000035ce0ff5b0:   000001400f4d1000 00007ff942f0f347
0x00000035ce0ff5c0:   0000000000000000 00007ff94300434a
0x00000035ce0ff5d0:   0000000712600000 0000000000020000
0x00000035ce0ff5e0:   0000000712600000 0000000000020000
0x00000035ce0ff5f0:   00000000000000fe 00007ff942c9bcc7
0x00000035ce0ff600:   000000000000001b 00000035ccaff408
0x00000035ce0ff610:   000001407e966e90 0000000000000002
0x00000035ce0ff620:   0000000000000000 000001400f4d1000
0x00000035ce0ff630:   0000000000000000 00007ff942c3705e
0x00000035ce0ff640:   00000035ccaff3d0 0000000000000001 

Instructions: (pc=0x00007ff942a5d677)
0x00007ff942a5d577:   20 5f e9 82 00 00 00 49 8b c1 48 c1 e0 06 48 3b
0x00007ff942a5d587:   d0 74 22 48 8b 06 48 8b ca 48 c1 e9 06 4c 8d 04
0x00007ff942a5d597:   c8 0f b6 ca 80 e1 3f ba 01 00 00 00 48 d3 e2 48
0x00007ff942a5d5a7:   ff ca 49 21 10 48 8b 06 4c 8b c7 4d 2b c1 33 d2
0x00007ff942a5d5b7:   49 c1 e0 03 4a 8d 0c c8 e8 88 f7 63 00 48 8b c7
0x00007ff942a5d5c7:   48 c1 e0 06 48 3b c3 74 1e 33 d2 83 e3 3f 74 10
0x00007ff942a5d5d7:   8b cb ba 01 00 00 00 48 d3 e2 48 ff ca 48 f7 d2
0x00007ff942a5d5e7:   48 8b 06 48 21 14 f8 48 8b 5c 24 30 48 8b 74 24
0x00007ff942a5d5f7:   38 48 83 c4 20 5f c3 cc cc 48 89 5c 24 10 56 4c
0x00007ff942a5d607:   8d 4a 3f 4d 8b d0 4c 8b da 48 8b f1 4c 3b ca 77
0x00007ff942a5d617:   08 4c 8b 49 08 49 83 c1 3f 49 8b da 49 c1 e9 06
0x00007ff942a5d627:   48 c1 eb 06 41 b8 01 00 00 00 48 89 7c 24 10 4c
0x00007ff942a5d637:   3b cb 73 79 49 8b c1 48 c1 e0 06 4c 3b d8 74 21
0x00007ff942a5d647:   48 8b 06 49 8b cb 48 c1 e9 06 41 8b d0 48 8d 3c
0x00007ff942a5d657:   c8 41 0f b6 cb 80 e1 3f 48 d3 e2 48 ff ca 48 21
0x00007ff942a5d667:   17 48 8b 06 48 8b cb 49 2b c9 4a 8d 3c c8 33 c0
0x00007ff942a5d677:   f3 48 ab 48 8b c3 48 c1 e0 06 49 3b c2 0f 84 a3
0x00007ff942a5d687:   00 00 00 33 d2 41 83 e2 3f 74 0f 41 8b ca 49 8b
0x00007ff942a5d697:   d0 48 d3 e2 48 ff ca 48 f7 d2 48 8b 06 48 21 14
0x00007ff942a5d6a7:   d8 48 8b 7c 24 10 48 8b 5c 24 18 5e c3 49 c1 e1
0x00007ff942a5d6b7:   06 49 8b d2 4d 3b ca 49 0f 42 d1 4c 3b da 74 32
0x00007ff942a5d6c7:   41 0f b6 cb 49 8b f8 80 e1 3f 48 d3 e7 48 8b ca
0x00007ff942a5d6d7:   48 ff cf 83 e1 3f 74 0f 49 8b c0 48 d3 e0 48 ff
0x00007ff942a5d6e7:   c8 48 f7 d0 48 0b f8 48 8b 06 49 c1 eb 06 4a 21
0x00007ff942a5d6f7:   3c d8 49 3b d2 74 2f 0f b6 ca 49 8b f8 80 e1 3f
0x00007ff942a5d707:   48 d3 e7 48 ff cf 41 83 e2 3f 74 0f 41 8b ca 49
0x00007ff942a5d717:   d3 e0 49 ff c8 49 f7 d0 49 0b f8 48 8b 06 48 c1
0x00007ff942a5d727:   ea 06 48 21 3c d0 48 8b 7c 24 10 48 8b 5c 24 18
0x00007ff942a5d737:   5e c3 cc cc cc cc cc cc cc 40 53 48 83 ec 20 48
0x00007ff942a5d747:   8b d9 e8 92 00 00 00 4c 8b 4b 08 33 c0 49 83 c1
0x00007ff942a5d757:   3f 49 c1 e9 06 4d 85 c9 74 70 4c 8b 13 4c 8b 05
0x00007ff942a5d767:   55 0a 8e 00 0f 1f 44 00 00 49 8b 12 4d 8d 52 08 


Stack slot to memory mapping:
stack at sp + 0 slots: 0x0060000709600000 is an unknown value
stack at sp + 1 slots: 0x00007ff942c3726e jvm.dll
stack at sp + 2 slots: 
[error occurred during error reporting (inspecting top of stack), id 0xc0000005, EXCEPTION_ACCESS_VIOLATION (0xc0000005) at pc=0x00007ff942c29dc7]


---------------  P R O C E S S  ---------------

Threads class SMR info:
_java_thread_list=0x000001407f58f670, length=12, elements={
0x000001406e680800, 0x000001407eb24000, 0x000001407eb2d000, 0x000001407f3d9000,
0x000001407f3dc000, 0x000001407f3de000, 0x000001407f3e1000, 0x000001407f424800,
0x000001407f429000, 0x000001407f59b000, 0x000001407f596800, 0x000001407f597800
}

Java Threads: ( => current thread )
  0x000001406e680800 JavaThread "main" [_thread_in_vm, id=19228, stack(0x00000035cc800000,0x00000035cc900000)]
  0x000001407eb24000 JavaThread "Reference Handler" daemon [_thread_blocked, id=19256, stack(0x00000035ccf00000,0x00000035cd000000)]
  0x000001407eb2d000 JavaThread "Finalizer" daemon [_thread_blocked, id=19260, stack(0x00000035cd000000,0x00000035cd100000)]
  0x000001407f3d9000 JavaThread "Signal Dispatcher" daemon [_thread_blocked, id=19264, stack(0x00000035cd100000,0x00000035cd200000)]
  0x000001407f3dc000 JavaThread "Attach Listener" daemon [_thread_blocked, id=19268, stack(0x00000035cd200000,0x00000035cd300000)]
  0x000001407f3de000 JavaThread "Service Thread" daemon [_thread_blocked, id=19272, stack(0x00000035cd300000,0x00000035cd400000)]
  0x000001407f3e1000 JavaThread "C2 CompilerThread0" daemon [_thread_blocked, id=19276, stack(0x00000035cd400000,0x00000035cd500000)]
  0x000001407f424800 JavaThread "C1 CompilerThread0" daemon [_thread_blocked, id=19280, stack(0x00000035cd500000,0x00000035cd600000)]
  0x000001407f429000 JavaThread "Sweeper thread" daemon [_thread_blocked, id=19284, stack(0x00000035cd600000,0x00000035cd700000)]
  0x000001407f59b000 JavaThread "Common-Cleaner" daemon [_thread_blocked, id=19292, stack(0x00000035cd800000,0x00000035cd900000)]
  0x000001407f596800 JavaThread "C2 CompilerThread1" daemon [_thread_blocked, id=19296, stack(0x00000035cd900000,0x00000035cda00000)]
  0x000001407f597800 JavaThread "C2 CompilerThread2" daemon [_thread_blocked, id=19300, stack(0x00000035cda00000,0x00000035cdb00000)]

Other Threads:
  0x000001407eb11800 VMThread "VM Thread" [stack: 0x00000035cce00000,0x00000035ccf00000] [id=19252]
  0x000001407f590800 WatcherThread [stack: 0x00000035cd700000,0x00000035cd800000] [id=19288]
  0x000001406e697000 GCTaskThread "GC Thread#0" [stack: 0x00000035cc900000,0x00000035cca00000] [id=19232]
  0x000001400f4b8000 GCTaskThread "GC Thread#1" [stack: 0x00000035cdb00000,0x00000035cdc00000] [id=19304]
  0x000001400f4b8800 GCTaskThread "GC Thread#2" [stack: 0x00000035cdc00000,0x00000035cdd00000] [id=19308]
  0x000001400f4b9800 GCTaskThread "GC Thread#3" [stack: 0x00000035cdd00000,0x00000035cde00000] [id=19312]
  0x000001400f4c0000 GCTaskThread "GC Thread#4" [stack: 0x00000035cde00000,0x00000035cdf00000] [id=19316]
  0x000001400f4c0800 GCTaskThread "GC Thread#5" [stack: 0x00000035cdf00000,0x00000035ce000000] [id=19320]
  0x000001406e6f5000 ConcurrentGCThread "G1 Main Marker" [stack: 0x00000035cca00000,0x00000035ccb00000] [id=19236]
  0x000001406e6f7800 ConcurrentGCThread "G1 Conc#0" [stack: 0x00000035ccb00000,0x00000035ccc00000] [id=19240]
=>0x000001400f4d1000 ConcurrentGCThread "G1 Conc#1" [stack: 0x00000035ce000000,0x00000035ce100000] [id=19324]
  0x000001400f600800 ConcurrentGCThread "G1 Conc#2" [stack: 0x00000035ce100000,0x00000035ce200000] [id=19328]
  0x000001407e9ef000 ConcurrentGCThread "G1 Refine#0" [stack: 0x00000035ccc00000,0x00000035ccd00000] [id=19244]
  0x000001407e9f0000 ConcurrentGCThread "G1 Young RemSet Sampling" [stack: 0x00000035ccd00000,0x00000035cce00000] [id=19248]

Threads with active compile tasks:

VM state:not at safepoint (normal execution)

VM Mutex/Monitor currently owned by a thread: None

Heap address: 0x0000000702600000, size: 4058 MB, Compressed Oops mode: Zero based, Oop shift amount: 3
Narrow klass base: 0x0000000800000000, Narrow klass shift: 0
Compressed class space size: 1073741824 Address: 0x0000000800000000

Heap:
 garbage-first heap   total 260096K, used 9406K [0x0000000702600000, 0x0000000800000000)
  region size 1024K, 8 young (8192K), 7 survivors (7168K)
 Metaspace       used 21182K, capacity 21396K, committed 21628K, reserved 1069056K
  class space    used 2246K, capacity 2321K, committed 2432K, reserved 1048576K
Heap Regions: E=young(eden), S=young(survivor), O=old, HS=humongous(starts), HC=humongous(continues), CS=collection set, F=free, A=archive, TAMS=top-at-mark-start (previous, next)
|   0|0x0000000702600000, 0x0000000702700000, 0x0000000702700000|100%|HS|  |TAMS 0x0000000702700000, 0x0000000702600000| Complete 
|   1|0x0000000702700000, 0x0000000702800000, 0x0000000702800000|100%|HC|  |TAMS 0x0000000702800000, 0x0000000702700000| Complete 
|   2|0x0000000702800000, 0x0000000702900000, 0x0000000702900000|100%|HC|  |TAMS 0x0000000702900000, 0x0000000702800000| Complete 
|   3|0x0000000702900000, 0x0000000702900000, 0x0000000702a00000|  0%| F|  |TAMS 0x0000000702900000, 0x0000000702900000| Untracked 
|   4|0x0000000702a00000, 0x0000000702a00000, 0x0000000702b00000|  0%| F|  |TAMS 0x0000000702a00000, 0x0000000702a00000| Untracked 
|   5|0x0000000702b00000, 0x0000000702b00000, 0x0000000702c00000|  0%| F|  |TAMS 0x0000000702b00000, 0x0000000702b00000| Untracked 
|   6|0x0000000702c00000, 0x0000000702c00000, 0x0000000702d00000|  0%| F|  |TAMS 0x0000000702c00000, 0x0000000702c00000| Untracked 
|   7|0x0000000702d00000, 0x0000000702d00000, 0x0000000702e00000|  0%| F|  |TAMS 0x0000000702d00000, 0x0000000702d00000| Untracked 
|   8|0x0000000702e00000, 0x0000000702e00000, 0x0000000702f00000|  0%| F|  |TAMS 0x0000000702e00000, 0x0000000702e00000| Untracked 
|   9|0x0000000702f00000, 0x0000000702f00000, 0x0000000703000000|  0%| F|  |TAMS 0x0000000702f00000, 0x0000000702f00000| Untracked 
|  10|0x0000000703000000, 0x0000000703000000, 0x0000000703100000|  0%| F|  |TAMS 0x0000000703000000, 0x0000000703000000| Untracked 
|  11|0x0000000703100000, 0x0000000703100000, 0x0000000703200000|  0%| F|  |TAMS 0x0000000703100000, 0x0000000703100000| Untracked 
|  12|0x0000000703200000, 0x0000000703200000, 0x0000000703300000|  0%| F|  |TAMS 0x0000000703200000, 0x0000000703200000| Untracked 
|  13|0x0000000703300000, 0x0000000703300000, 0x0000000703400000|  0%| F|  |TAMS 0x0000000703300000, 0x0000000703300000| Untracked 
|  14|0x0000000703400000, 0x0000000703400000, 0x0000000703500000|  0%| F|  |TAMS 0x0000000703400000, 0x0000000703400000| Untracked 
|  15|0x0000000703500000, 0x0000000703500000, 0x0000000703600000|  0%| F|  |TAMS 0x0000000703500000, 0x0000000703500000| Untracked 
|  16|0x0000000703600000, 0x0000000703600000, 0x0000000703700000|  0%| F|  |TAMS 0x0000000703600000, 0x0000000703600000| Untracked 
|  17|0x0000000703700000, 0x0000000703700000, 0x0000000703800000|  0%| F|  |TAMS 0x0000000703700000, 0x0000000703700000| Untracked 
|  18|0x0000000703800000, 0x0000000703800000, 0x0000000703900000|  0%| F|  |TAMS 0x0000000703800000, 0x0000000703800000| Untracked 
|  19|0x0000000703900000, 0x0000000703900000, 0x0000000703a00000|  0%| F|  |TAMS 0x0000000703900000, 0x0000000703900000| Untracked 
|  20|0x0000000703a00000, 0x0000000703a00000, 0x0000000703b00000|  0%| F|  |TAMS 0x0000000703a00000, 0x0000000703a00000| Untracked 
|  21|0x0000000703b00000, 0x0000000703b00000, 0x0000000703c00000|  0%| F|  |TAMS 0x0000000703b00000, 0x0000000703b00000| Untracked 
|  22|0x0000000703c00000, 0x0000000703c00000, 0x0000000703d00000|  0%| F|  |TAMS 0x0000000703c00000, 0x0000000703c00000| Untracked 
|  23|0x0000000703d00000, 0x0000000703d00000, 0x0000000703e00000|  0%| F|  |TAMS 0x0000000703d00000, 0x0000000703d00000| Untracked 
|  24|0x0000000703e00000, 0x0000000703e00000, 0x0000000703f00000|  0%| F|  |TAMS 0x0000000703e00000, 0x0000000703e00000| Untracked 
|  25|0x0000000703f00000, 0x0000000703f00000, 0x0000000704000000|  0%| F|  |TAMS 0x0000000703f00000, 0x0000000703f00000| Untracked 
|  26|0x0000000704000000, 0x0000000704000000, 0x0000000704100000|  0%| F|  |TAMS 0x0000000704000000, 0x0000000704000000| Untracked 
|  27|0x0000000704100000, 0x0000000704100000, 0x0000000704200000|  0%| F|  |TAMS 0x0000000704100000, 0x0000000704100000| Untracked 
|  28|0x0000000704200000, 0x0000000704200000, 0x0000000704300000|  0%| F|  |TAMS 0x0000000704200000, 0x0000000704200000| Untracked 
|  29|0x0000000704300000, 0x0000000704300000, 0x0000000704400000|  0%| F|  |TAMS 0x0000000704300000, 0x0000000704300000| Untracked 
|  30|0x0000000704400000, 0x0000000704400000, 0x0000000704500000|  0%| F|  |TAMS 0x0000000704400000, 0x0000000704400000| Untracked 
|  31|0x0000000704500000, 0x0000000704500000, 0x0000000704600000|  0%| F|  |TAMS 0x0000000704500000, 0x0000000704500000| Untracked 
|  32|0x0000000704600000, 0x0000000704600000, 0x0000000704700000|  0%| F|  |TAMS 0x0000000704600000, 0x0000000704600000| Untracked 
|  33|0x0000000704700000, 0x0000000704700000, 0x0000000704800000|  0%| F|  |TAMS 0x0000000704700000, 0x0000000704700000| Untracked 
|  34|0x0000000704800000, 0x0000000704800000, 0x0000000704900000|  0%| F|  |TAMS 0x0000000704800000, 0x0000000704800000| Untracked 
|  35|0x0000000704900000, 0x0000000704900000, 0x0000000704a00000|  0%| F|  |TAMS 0x0000000704900000, 0x0000000704900000| Untracked 
|  36|0x0000000704a00000, 0x0000000704a00000, 0x0000000704b00000|  0%| F|  |TAMS 0x0000000704a00000, 0x0000000704a00000| Untracked 
|  37|0x0000000704b00000, 0x0000000704b00000, 0x0000000704c00000|  0%| F|  |TAMS 0x0000000704b00000, 0x0000000704b00000| Untracked 
|  38|0x0000000704c00000, 0x0000000704c00000, 0x0000000704d00000|  0%| F|  |TAMS 0x0000000704c00000, 0x0000000704c00000| Untracked 
|  39|0x0000000704d00000, 0x0000000704d00000, 0x0000000704e00000|  0%| F|  |TAMS 0x0000000704d00000, 0x0000000704d00000| Untracked 
|  40|0x0000000704e00000, 0x0000000704e00000, 0x0000000704f00000|  0%| F|  |TAMS 0x0000000704e00000, 0x0000000704e00000| Untracked 
|  41|0x0000000704f00000, 0x0000000704f00000, 0x0000000705000000|  0%| F|  |TAMS 0x0000000704f00000, 0x0000000704f00000| Untracked 
|  42|0x0000000705000000, 0x0000000705000000, 0x0000000705100000|  0%| F|  |TAMS 0x0000000705000000, 0x0000000705000000| Untracked 
|  43|0x0000000705100000, 0x0000000705100000, 0x0000000705200000|  0%| F|  |TAMS 0x0000000705100000, 0x0000000705100000| Untracked 
|  44|0x0000000705200000, 0x0000000705200000, 0x0000000705300000|  0%| F|  |TAMS 0x0000000705200000, 0x0000000705200000| Untracked 
|  45|0x0000000705300000, 0x0000000705300000, 0x0000000705400000|  0%| F|  |TAMS 0x0000000705300000, 0x0000000705300000| Untracked 
|  46|0x0000000705400000, 0x0000000705400000, 0x0000000705500000|  0%| F|  |TAMS 0x0000000705400000, 0x0000000705400000| Untracked 
|  47|0x0000000705500000, 0x0000000705500000, 0x0000000705600000|  0%| F|  |TAMS 0x0000000705500000, 0x0000000705500000| Untracked 
|  48|0x0000000705600000, 0x0000000705600000, 0x0000000705700000|  0%| F|  |TAMS 0x0000000705600000, 0x0000000705600000| Untracked 
|  49|0x0000000705700000, 0x0000000705700000, 0x0000000705800000|  0%| F|  |TAMS 0x0000000705700000, 0x0000000705700000| Untracked 
|  50|0x0000000705800000, 0x0000000705800000, 0x0000000705900000|  0%| F|  |TAMS 0x0000000705800000, 0x0000000705800000| Untracked 
|  51|0x0000000705900000, 0x0000000705900000, 0x0000000705a00000|  0%| F|  |TAMS 0x0000000705900000, 0x0000000705900000| Untracked 
|  52|0x0000000705a00000, 0x0000000705a00000, 0x0000000705b00000|  0%| F|  |TAMS 0x0000000705a00000, 0x0000000705a00000| Untracked 
|  53|0x0000000705b00000, 0x0000000705b00000, 0x0000000705c00000|  0%| F|  |TAMS 0x0000000705b00000, 0x0000000705b00000| Untracked 
|  54|0x0000000705c00000, 0x0000000705c00000, 0x0000000705d00000|  0%| F|  |TAMS 0x0000000705c00000, 0x0000000705c00000| Untracked 
|  55|0x0000000705d00000, 0x0000000705d00000, 0x0000000705e00000|  0%| F|  |TAMS 0x0000000705d00000, 0x0000000705d00000| Untracked 
|  56|0x0000000705e00000, 0x0000000705e00000, 0x0000000705f00000|  0%| F|  |TAMS 0x0000000705e00000, 0x0000000705e00000| Untracked 
|  57|0x0000000705f00000, 0x0000000705f00000, 0x0000000706000000|  0%| F|  |TAMS 0x0000000705f00000, 0x0000000705f00000| Untracked 
|  58|0x0000000706000000, 0x0000000706000000, 0x0000000706100000|  0%| F|  |TAMS 0x0000000706000000, 0x0000000706000000| Untracked 
|  59|0x0000000706100000, 0x0000000706100000, 0x0000000706200000|  0%| F|  |TAMS 0x0000000706100000, 0x0000000706100000| Untracked 
|  60|0x0000000706200000, 0x0000000706200000, 0x0000000706300000|  0%| F|  |TAMS 0x0000000706200000, 0x0000000706200000| Untracked 
|  61|0x0000000706300000, 0x0000000706300000, 0x0000000706400000|  0%| F|  |TAMS 0x0000000706300000, 0x0000000706300000| Untracked 
|  62|0x0000000706400000, 0x0000000706400000, 0x0000000706500000|  0%| F|  |TAMS 0x0000000706400000, 0x0000000706400000| Untracked 
|  63|0x0000000706500000, 0x0000000706500000, 0x0000000706600000|  0%| F|  |TAMS 0x0000000706500000, 0x0000000706500000| Untracked 
|  64|0x0000000706600000, 0x0000000706600000, 0x0000000706700000|  0%| F|  |TAMS 0x0000000706600000, 0x0000000706600000| Untracked 
|  65|0x0000000706700000, 0x0000000706700000, 0x0000000706800000|  0%| F|  |TAMS 0x0000000706700000, 0x0000000706700000| Untracked 
|  66|0x0000000706800000, 0x0000000706800000, 0x0000000706900000|  0%| F|  |TAMS 0x0000000706800000, 0x0000000706800000| Untracked 
|  67|0x0000000706900000, 0x0000000706900000, 0x0000000706a00000|  0%| F|  |TAMS 0x0000000706900000, 0x0000000706900000| Untracked 
|  68|0x0000000706a00000, 0x0000000706a00000, 0x0000000706b00000|  0%| F|  |TAMS 0x0000000706a00000, 0x0000000706a00000| Untracked 
|  69|0x0000000706b00000, 0x0000000706b00000, 0x0000000706c00000|  0%| F|  |TAMS 0x0000000706b00000, 0x0000000706b00000| Untracked 
|  70|0x0000000706c00000, 0x0000000706c00000, 0x0000000706d00000|  0%| F|  |TAMS 0x0000000706c00000, 0x0000000706c00000| Untracked 
|  71|0x0000000706d00000, 0x0000000706d00000, 0x0000000706e00000|  0%| F|  |TAMS 0x0000000706d00000, 0x0000000706d00000| Untracked 
|  72|0x0000000706e00000, 0x0000000706e00000, 0x0000000706f00000|  0%| F|  |TAMS 0x0000000706e00000, 0x0000000706e00000| Untracked 
|  73|0x0000000706f00000, 0x0000000706f00000, 0x0000000707000000|  0%| F|  |TAMS 0x0000000706f00000, 0x0000000706f00000| Untracked 
|  74|0x0000000707000000, 0x0000000707000000, 0x0000000707100000|  0%| F|  |TAMS 0x0000000707000000, 0x0000000707000000| Untracked 
|  75|0x0000000707100000, 0x0000000707100000, 0x0000000707200000|  0%| F|  |TAMS 0x0000000707100000, 0x0000000707100000| Untracked 
|  76|0x0000000707200000, 0x0000000707200000, 0x0000000707300000|  0%| F|  |TAMS 0x0000000707200000, 0x0000000707200000| Untracked 
|  77|0x0000000707300000, 0x0000000707300000, 0x0000000707400000|  0%| F|  |TAMS 0x0000000707300000, 0x0000000707300000| Untracked 
|  78|0x0000000707400000, 0x0000000707400000, 0x0000000707500000|  0%| F|  |TAMS 0x0000000707400000, 0x0000000707400000| Untracked 
|  79|0x0000000707500000, 0x0000000707500000, 0x0000000707600000|  0%| F|  |TAMS 0x0000000707500000, 0x0000000707500000| Untracked 
|  80|0x0000000707600000, 0x0000000707600000, 0x0000000707700000|  0%| F|  |TAMS 0x0000000707600000, 0x0000000707600000| Untracked 
|  81|0x0000000707700000, 0x0000000707700000, 0x0000000707800000|  0%| F|  |TAMS 0x0000000707700000, 0x0000000707700000| Untracked 
|  82|0x0000000707800000, 0x0000000707800000, 0x0000000707900000|  0%| F|  |TAMS 0x0000000707800000, 0x0000000707800000| Untracked 
|  83|0x0000000707900000, 0x0000000707900000, 0x0000000707a00000|  0%| F|  |TAMS 0x0000000707900000, 0x0000000707900000| Untracked 
|  84|0x0000000707a00000, 0x0000000707a00000, 0x0000000707b00000|  0%| F|  |TAMS 0x0000000707a00000, 0x0000000707a00000| Untracked 
|  85|0x0000000707b00000, 0x0000000707b00000, 0x0000000707c00000|  0%| F|  |TAMS 0x0000000707b00000, 0x0000000707b00000| Untracked 
|  86|0x0000000707c00000, 0x0000000707c00000, 0x0000000707d00000|  0%| F|  |TAMS 0x0000000707c00000, 0x0000000707c00000| Untracked 
|  87|0x0000000707d00000, 0x0000000707d00000, 0x0000000707e00000|  0%| F|  |TAMS 0x0000000707d00000, 0x0000000707d00000| Untracked 
|  88|0x0000000707e00000, 0x0000000707e00000, 0x0000000707f00000|  0%| F|  |TAMS 0x0000000707e00000, 0x0000000707e00000| Untracked 
|  89|0x0000000707f00000, 0x0000000707f00000, 0x0000000708000000|  0%| F|  |TAMS 0x0000000707f00000, 0x0000000707f00000| Untracked 
|  90|0x0000000708000000, 0x0000000708000000, 0x0000000708100000|  0%| F|  |TAMS 0x0000000708000000, 0x0000000708000000| Untracked 
|  91|0x0000000708100000, 0x0000000708100000, 0x0000000708200000|  0%| F|  |TAMS 0x0000000708100000, 0x0000000708100000| Untracked 
|  92|0x0000000708200000, 0x0000000708200000, 0x0000000708300000|  0%| F|  |TAMS 0x0000000708200000, 0x0000000708200000| Untracked 
|  93|0x0000000708300000, 0x0000000708300000, 0x0000000708400000|  0%| F|  |TAMS 0x0000000708300000, 0x0000000708300000| Untracked 
|  94|0x0000000708400000, 0x0000000708400000, 0x0000000708500000|  0%| F|  |TAMS 0x0000000708400000, 0x0000000708400000| Untracked 
|  95|0x0000000708500000, 0x0000000708500000, 0x0000000708600000|  0%| F|  |TAMS 0x0000000708500000, 0x0000000708500000| Untracked 
|  96|0x0000000708600000, 0x0000000708600000, 0x0000000708700000|  0%| F|  |TAMS 0x0000000708600000, 0x0000000708600000| Untracked 
|  97|0x0000000708700000, 0x0000000708700000, 0x0000000708800000|  0%| F|  |TAMS 0x0000000708700000, 0x0000000708700000| Untracked 
|  98|0x0000000708800000, 0x0000000708800000, 0x0000000708900000|  0%| F|  |TAMS 0x0000000708800000, 0x0000000708800000| Untracked 
|  99|0x0000000708900000, 0x0000000708900000, 0x0000000708a00000|  0%| F|  |TAMS 0x0000000708900000, 0x0000000708900000| Untracked 
| 100|0x0000000708a00000, 0x0000000708a00000, 0x0000000708b00000|  0%| F|  |TAMS 0x0000000708a00000, 0x0000000708a00000| Untracked 
| 101|0x0000000708b00000, 0x0000000708b00000, 0x0000000708c00000|  0%| F|  |TAMS 0x0000000708b00000, 0x0000000708b00000| Untracked 
| 102|0x0000000708c00000, 0x0000000708c00000, 0x0000000708d00000|  0%| F|  |TAMS 0x0000000708c00000, 0x0000000708c00000| Untracked 
| 103|0x0000000708d00000, 0x0000000708d00000, 0x0000000708e00000|  0%| F|  |TAMS 0x0000000708d00000, 0x0000000708d00000| Untracked 
| 104|0x0000000708e00000, 0x0000000708e00000, 0x0000000708f00000|  0%| F|  |TAMS 0x0000000708e00000, 0x0000000708e00000| Untracked 
| 105|0x0000000708f00000, 0x0000000708f00000, 0x0000000709000000|  0%| F|  |TAMS 0x0000000708f00000, 0x0000000708f00000| Untracked 
| 106|0x0000000709000000, 0x0000000709000000, 0x0000000709100000|  0%| F|  |TAMS 0x0000000709000000, 0x0000000709000000| Untracked 
| 107|0x0000000709100000, 0x0000000709100000, 0x0000000709200000|  0%| F|  |TAMS 0x0000000709100000, 0x0000000709100000| Untracked 
| 108|0x0000000709200000, 0x0000000709200000, 0x0000000709300000|  0%| F|  |TAMS 0x0000000709200000, 0x0000000709200000| Untracked 
| 109|0x0000000709300000, 0x0000000709300000, 0x0000000709400000|  0%| F|  |TAMS 0x0000000709300000, 0x0000000709300000| Untracked 
| 110|0x0000000709400000, 0x0000000709400000, 0x0000000709500000|  0%| F|  |TAMS 0x0000000709400000, 0x0000000709400000| Untracked 
| 111|0x0000000709500000, 0x0000000709500000, 0x0060000709600000|  0%| F|  |TAMS 0x0000000709500000, 0x0000000709500000| Untracked 
| 112|0x0000000709600000, 0x0000000709600000, 0x0000000709700000|  0%| F|  |TAMS 0x0000000709600000, 0x0000000709600000| Untracked 
| 113|0x0000000709700000, 0x0000000709700000, 0x0000000709800000|  0%| F|  |TAMS 0x0000000709700000, 0x0000000709700000| Untracked 
| 114|0x0000000709800000, 0x0000000709800000, 0x0000000709900000|  0%| F|  |TAMS 0x0000000709800000, 0x0000000709800000| Untracked 
| 115|0x0000000709900000, 0x0000000709900000, 0x0000000709a00000|  0%| F|  |TAMS 0x0000000709900000, 0x0000000709900000| Untracked 
| 116|0x0000000709a00000, 0x0000000709a00000, 0x0000000709b00000|  0%| F|  |TAMS 0x0000000709a00000, 0x0000000709a00000| Untracked 
| 117|0x0000000709b00000, 0x0000000709b00000, 0x0000000709c00000|  0%| F|  |TAMS 0x0000000709b00000, 0x0000000709b00000| Untracked 
| 118|0x0000000709c00000, 0x0000000709c00000, 0x0000000709d00000|  0%| F|  |TAMS 0x0000000709c00000, 0x0000000709c00000| Untracked 
| 119|0x0000000709d00000, 0x0000000709d00000, 0x0000000709e00000|  0%| F|  |TAMS 0x0000000709d00000, 0x0000000709d00000| Untracked 
| 120|0x0000000709e00000, 0x0000000709e00000, 0x0000000709f00000|  0%| F|  |TAMS 0x0000000709e00000, 0x0000000709e00000| Untracked 
| 121|0x0000000709f00000, 0x0000000709f00000, 0x000000070a000000|  0%| F|  |TAMS 0x0000000709f00000, 0x0000000709f00000| Untracked 
| 122|0x000000070a000000, 0x000000070a000000, 0x000000070a100000|  0%| F|  |TAMS 0x000000070a000000, 0x000000070a000000| Untracked 
| 123|0x000000070a100000, 0x000000070a100000, 0x000000070a200000|  0%| F|  |TAMS 0x000000070a100000, 0x000000070a100000| Untracked 
| 124|0x000000070a200000, 0x000000070a200000, 0x000000070a300000|  0%| F|  |TAMS 0x000000070a200000, 0x000000070a200000| Untracked 
| 125|0x000000070a300000, 0x000000070a300000, 0x000000070a400000|  0%| F|  |TAMS 0x000000070a300000, 0x000000070a300000| Untracked 
| 126|0x000000070a400000, 0x000000070a400000, 0x000000070a500000|  0%| F|  |TAMS 0x000000070a400000, 0x000000070a400000| Untracked 
| 127|0x000000070a500000, 0x000000070a500000, 0x000000070a600000|  0%| F|  |TAMS 0x000000070a500000, 0x000000070a500000| Untracked 
| 128|0x000000070a600000, 0x000000070a600000, 0x000000070a700000|  0%| F|  |TAMS 0x000000070a600000, 0x000000070a600000| Untracked 
| 129|0x000000070a700000, 0x000000070a700000, 0x000000070a800000|  0%| F|  |TAMS 0x000000070a700000, 0x000000070a700000| Untracked 
| 130|0x000000070a800000, 0x000000070a800000, 0x000000070a900000|  0%| F|  |TAMS 0x000000070a800000, 0x000000070a800000| Untracked 
| 131|0x000000070a900000, 0x000000070a900000, 0x000000070aa00000|  0%| F|  |TAMS 0x000000070a900000, 0x000000070a900000| Untracked 
| 132|0x000000070aa00000, 0x000000070aa00000, 0x000000070ab00000|  0%| F|  |TAMS 0x000000070aa00000, 0x000000070aa00000| Untracked 
| 133|0x000000070ab00000, 0x000000070ab00000, 0x000000070ac00000|  0%| F|  |TAMS 0x000000070ab00000, 0x000000070ab00000| Untracked 
| 134|0x000000070ac00000, 0x000000070ac00000, 0x000000070ad00000|  0%| F|  |TAMS 0x000000070ac00000, 0x000000070ac00000| Untracked 
| 135|0x000000070ad00000, 0x000000070ad00000, 0x000000070ae00000|  0%| F|  |TAMS 0x000000070ad00000, 0x000000070ad00000| Untracked 
| 136|0x000000070ae00000, 0x000000070ae00000, 0x000000070af00000|  0%| F|  |TAMS 0x000000070ae00000, 0x000000070ae00000| Untracked 
| 137|0x000000070af00000, 0x000000070af00000, 0x000000070b000000|  0%| F|  |TAMS 0x000000070af00000, 0x000000070af00000| Untracked 
| 138|0x000000070b000000, 0x000000070b000000, 0x000000070b100000|  0%| F|  |TAMS 0x000000070b000000, 0x000000070b000000| Untracked 
| 139|0x000000070b100000, 0x000000070b100000, 0x000000070b200000|  0%| F|  |TAMS 0x000000070b100000, 0x000000070b100000| Untracked 
| 140|0x000000070b200000, 0x000000070b200000, 0x000000070b300000|  0%| F|  |TAMS 0x000000070b200000, 0x000000070b200000| Untracked 
| 141|0x000000070b300000, 0x000000070b300000, 0x000000070b400000|  0%| F|  |TAMS 0x000000070b300000, 0x000000070b300000| Untracked 
| 142|0x000000070b400000, 0x000000070b400000, 0x000000070b500000|  0%| F|  |TAMS 0x000000070b400000, 0x000000070b400000| Untracked 
| 143|0x000000070b500000, 0x000000070b500000, 0x000000070b600000|  0%| F|  |TAMS 0x000000070b500000, 0x000000070b500000| Untracked 
| 144|0x000000070b600000, 0x000000070b600000, 0x000000070b700000|  0%| F|  |TAMS 0x000000070b600000, 0x000000070b600000| Untracked 
| 145|0x000000070b700000, 0x000000070b700000, 0x000000070b800000|  0%| F|  |TAMS 0x000000070b700000, 0x000000070b700000| Untracked 
| 146|0x000000070b800000, 0x000000070b800000, 0x000000070b900000|  0%| F|  |TAMS 0x000000070b800000, 0x000000070b800000| Untracked 
| 147|0x000000070b900000, 0x000000070b900000, 0x000000070ba00000|  0%| F|  |TAMS 0x000000070b900000, 0x000000070b900000| Untracked 
| 148|0x000000070ba00000, 0x000000070ba00000, 0x000000070bb00000|  0%| F|  |TAMS 0x000000070ba00000, 0x000000070ba00000| Untracked 
| 149|0x000000070bb00000, 0x000000070bb00000, 0x000000070bc00000|  0%| F|  |TAMS 0x000000070bb00000, 0x000000070bb00000| Untracked 
| 150|0x000000070bc00000, 0x000000070bc00000, 0x000000070bd00000|  0%| F|  |TAMS 0x000000070bc00000, 0x000000070bc00000| Untracked 
| 151|0x000000070bd00000, 0x000000070bd00000, 0x000000070be00000|  0%| F|  |TAMS 0x000000070bd00000, 0x000000070bd00000| Untracked 
| 152|0x000000070be00000, 0x000000070be00000, 0x000000070bf00000|  0%| F|  |TAMS 0x000000070be00000, 0x000000070be00000| Untracked 
| 153|0x000000070bf00000, 0x000000070bf00000, 0x000000070c000000|  0%| F|  |TAMS 0x000000070bf00000, 0x000000070bf00000| Untracked 
| 154|0x000000070c000000, 0x000000070c000000, 0x000000070c100000|  0%| F|  |TAMS 0x000000070c000000, 0x000000070c000000| Untracked 
| 155|0x000000070c100000, 0x000000070c100000, 0x000000070c200000|  0%| F|  |TAMS 0x000000070c100000, 0x000000070c100000| Untracked 
| 156|0x000000070c200000, 0x000000070c200000, 0x000000070c300000|  0%| F|  |TAMS 0x000000070c200000, 0x000000070c200000| Untracked 
| 157|0x000000070c300000, 0x000000070c300000, 0x000000070c400000|  0%| F|  |TAMS 0x000000070c300000, 0x000000070c300000| Untracked 
| 158|0x000000070c400000, 0x000000070c400000, 0x000000070c500000|  0%| F|  |TAMS 0x000000070c400000, 0x000000070c400000| Untracked 
| 159|0x000000070c500000, 0x000000070c500000, 0x000000070c600000|  0%| F|  |TAMS 0x000000070c500000, 0x000000070c500000| Untracked 
| 160|0x000000070c600000, 0x000000070c600000, 0x000000070c700000|  0%| F|  |TAMS 0x000000070c600000, 0x000000070c600000| Untracked 
| 161|0x000000070c700000, 0x000000070c700000, 0x000000070c800000|  0%| F|  |TAMS 0x000000070c700000, 0x000000070c700000| Untracked 
| 162|0x000000070c800000, 0x000000070c800000, 0x000000070c900000|  0%| F|  |TAMS 0x000000070c800000, 0x000000070c800000| Untracked 
| 163|0x000000070c900000, 0x000000070c900000, 0x000000070ca00000|  0%| F|  |TAMS 0x000000070c900000, 0x000000070c900000| Untracked 
| 164|0x000000070ca00000, 0x000000070ca00000, 0x000000070cb00000|  0%| F|  |TAMS 0x000000070ca00000, 0x000000070ca00000| Untracked 
| 165|0x000000070cb00000, 0x000000070cb00000, 0x000000070cc00000|  0%| F|  |TAMS 0x000000070cb00000, 0x000000070cb00000| Untracked 
| 166|0x000000070cc00000, 0x000000070cc00000, 0x000000070cd00000|  0%| F|  |TAMS 0x000000070cc00000, 0x000000070cc00000| Untracked 
| 167|0x000000070cd00000, 0x000000070cd00000, 0x000000070ce00000|  0%| F|  |TAMS 0x000000070cd00000, 0x000000070cd00000| Untracked 
| 168|0x000000070ce00000, 0x000000070ce00000, 0x000000070cf00000|  0%| F|  |TAMS 0x000000070ce00000, 0x000000070ce00000| Untracked 
| 169|0x000000070cf00000, 0x000000070cf00000, 0x000000070d000000|  0%| F|  |TAMS 0x000000070cf00000, 0x000000070cf00000| Untracked 
| 170|0x000000070d000000, 0x000000070d000000, 0x000000070d100000|  0%| F|  |TAMS 0x000000070d000000, 0x000000070d000000| Untracked 
| 171|0x000000070d100000, 0x000000070d100000, 0x000000070d200000|  0%| F|  |TAMS 0x000000070d100000, 0x000000070d100000| Untracked 
| 172|0x000000070d200000, 0x000000070d200000, 0x000000070d300000|  0%| F|  |TAMS 0x000000070d200000, 0x000000070d200000| Untracked 
| 173|0x000000070d300000, 0x000000070d300000, 0x000000070d400000|  0%| F|  |TAMS 0x000000070d300000, 0x000000070d300000| Untracked 
| 174|0x000000070d400000, 0x000000070d400000, 0x000000070d500000|  0%| F|  |TAMS 0x000000070d400000, 0x000000070d400000| Untracked 
| 175|0x000000070d500000, 0x000000070d500000, 0x000000070d600000|  0%| F|  |TAMS 0x000000070d500000, 0x000000070d500000| Untracked 
| 176|0x000000070d600000, 0x000000070d600000, 0x000000070d700000|  0%| F|  |TAMS 0x000000070d600000, 0x000000070d600000| Untracked 
| 177|0x000000070d700000, 0x000000070d700000, 0x000000070d800000|  0%| F|  |TAMS 0x000000070d700000, 0x000000070d700000| Untracked 
| 178|0x000000070d800000, 0x000000070d800000, 0x000000070d900000|  0%| F|  |TAMS 0x000000070d800000, 0x000000070d800000| Untracked 
| 179|0x000000070d900000, 0x000000070d900000, 0x000000070da00000|  0%| F|  |TAMS 0x000000070d900000, 0x000000070d900000| Untracked 
| 180|0x000000070da00000, 0x000000070da00000, 0x000000070db00000|  0%| F|  |TAMS 0x000000070da00000, 0x000000070da00000| Untracked 
| 181|0x000000070db00000, 0x000000070db00000, 0x000000070dc00000|  0%| F|  |TAMS 0x000000070db00000, 0x000000070db00000| Untracked 
| 182|0x000000070dc00000, 0x000000070dc00000, 0x000000070dd00000|  0%| F|  |TAMS 0x000000070dc00000, 0x000000070dc00000| Untracked 
| 183|0x000000070dd00000, 0x000000070dd00000, 0x000000070de00000|  0%| F|  |TAMS 0x000000070dd00000, 0x000000070dd00000| Untracked 
| 184|0x000000070de00000, 0x000000070de00000, 0x000000070df00000|  0%| F|  |TAMS 0x000000070de00000, 0x000000070de00000| Untracked 
| 185|0x000000070df00000, 0x000000070df00000, 0x000000070e000000|  0%| F|  |TAMS 0x000000070df00000, 0x000000070df00000| Untracked 
| 186|0x000000070e000000, 0x000000070e000000, 0x000000070e100000|  0%| F|  |TAMS 0x000000070e000000, 0x000000070e000000| Untracked 
| 187|0x000000070e100000, 0x000000070e100000, 0x000000070e200000|  0%| F|  |TAMS 0x000000070e100000, 0x000000070e100000| Untracked 
| 188|0x000000070e200000, 0x000000070e200000, 0x000000070e300000|  0%| F|  |TAMS 0x000000070e200000, 0x000000070e200000| Untracked 
| 189|0x000000070e300000, 0x000000070e300000, 0x000000070e400000|  0%| F|  |TAMS 0x000000070e300000, 0x000000070e300000| Untracked 
| 190|0x000000070e400000, 0x000000070e400000, 0x000000070e500000|  0%| F|  |TAMS 0x000000070e400000, 0x000000070e400000| Untracked 
| 191|0x000000070e500000, 0x000000070e500000, 0x000000070e600000|  0%| F|  |TAMS 0x000000070e500000, 0x000000070e500000| Untracked 
| 192|0x000000070e600000, 0x000000070e600000, 0x000000070e700000|  0%| F|  |TAMS 0x000000070e600000, 0x000000070e600000| Untracked 
| 193|0x000000070e700000, 0x000000070e700000, 0x000000070e800000|  0%| F|  |TAMS 0x000000070e700000, 0x000000070e700000| Untracked 
| 194|0x000000070e800000, 0x000000070e800000, 0x000000070e900000|  0%| F|  |TAMS 0x000000070e800000, 0x000000070e800000| Untracked 
| 195|0x000000070e900000, 0x000000070e900000, 0x000000070ea00000|  0%| F|  |TAMS 0x000000070e900000, 0x000000070e900000| Untracked 
| 196|0x000000070ea00000, 0x000000070ea00000, 0x000000070eb00000|  0%| F|  |TAMS 0x000000070ea00000, 0x000000070ea00000| Untracked 
| 197|0x000000070eb00000, 0x000000070eb00000, 0x000000070ec00000|  0%| F|  |TAMS 0x000000070eb00000, 0x000000070eb00000| Untracked 
| 198|0x000000070ec00000, 0x000000070ec00000, 0x000000070ed00000|  0%| F|  |TAMS 0x000000070ec00000, 0x000000070ec00000| Untracked 
| 199|0x000000070ed00000, 0x000000070ed00000, 0x000000070ee00000|  0%| F|  |TAMS 0x000000070ed00000, 0x000000070ed00000| Untracked 
| 200|0x000000070ee00000, 0x000000070ee00000, 0x000000070ef00000|  0%| F|  |TAMS 0x000000070ee00000, 0x000000070ee00000| Untracked 
| 201|0x000000070ef00000, 0x000000070ef00000, 0x000000070f000000|  0%| F|  |TAMS 0x000000070ef00000, 0x000000070ef00000| Untracked 
| 202|0x000000070f000000, 0x000000070f000000, 0x000000070f100000|  0%| F|  |TAMS 0x000000070f000000, 0x000000070f000000| Untracked 
| 203|0x000000070f100000, 0x000000070f100000, 0x000000070f200000|  0%| F|  |TAMS 0x000000070f100000, 0x000000070f100000| Untracked 
| 204|0x000000070f200000, 0x000000070f200000, 0x000000070f300000|  0%| F|  |TAMS 0x000000070f200000, 0x000000070f200000| Untracked 
| 205|0x000000070f300000, 0x000000070f300000, 0x000000070f400000|  0%| F|  |TAMS 0x000000070f300000, 0x000000070f300000| Untracked 
| 206|0x000000070f400000, 0x000000070f400000, 0x000000070f500000|  0%| F|  |TAMS 0x000000070f400000, 0x000000070f400000| Untracked 
| 207|0x000000070f500000, 0x000000070f500000, 0x000000070f600000|  0%| F|  |TAMS 0x000000070f500000, 0x000000070f500000| Untracked 
| 208|0x000000070f600000, 0x000000070f600000, 0x000000070f700000|  0%| F|  |TAMS 0x000000070f600000, 0x000000070f600000| Untracked 
| 209|0x000000070f700000, 0x000000070f72f8a0, 0x000000070f800000| 18%| S|CS|TAMS 0x000000070f700000, 0x000000070f700000| Complete 
| 210|0x000000070f800000, 0x000000070f900000, 0x000000070f900000|100%| S|CS|TAMS 0x000000070f800000, 0x000000070f800000| Complete 
| 211|0x000000070f900000, 0x000000070fa00000, 0x000000070fa00000|100%| S|CS|TAMS 0x000000070f900000, 0x000000070f900000| Complete 
| 212|0x000000070fa00000, 0x000000070fb00000, 0x000000070fb00000|100%| S|CS|TAMS 0x000000070fa00000, 0x000000070fa00000| Complete 
| 213|0x000000070fb00000, 0x000000070fc00000, 0x000000070fc00000|100%| S|CS|TAMS 0x000000070fb00000, 0x000000070fb00000| Complete 
| 214|0x000000070fc00000, 0x000000070fd00000, 0x000000070fd00000|100%| S|CS|TAMS 0x000000070fc00000, 0x000000070fc00000| Complete 
| 215|0x000000070fd00000, 0x000000070fe00000, 0x000000070fe00000|100%| S|CS|TAMS 0x000000070fd00000, 0x000000070fd00000| Complete 
| 216|0x000000070fe00000, 0x000000070fe00000, 0x000000070ff00000|  0%| F|  |TAMS 0x000000070fe00000, 0x000000070fe00000| Untracked 
| 217|0x000000070ff00000, 0x000000070ff00000, 0x0000000710000000|  0%| F|  |TAMS 0x000000070ff00000, 0x000000070ff00000| Untracked 
| 218|0x0000000710000000, 0x0000000710000000, 0x0000000710100000|  0%| F|  |TAMS 0x0000000710000000, 0x0000000710000000| Untracked 
| 219|0x0000000710100000, 0x0000000710100000, 0x0000000710200000|  0%| F|  |TAMS 0x0000000710100000, 0x0000000710100000| Untracked 
| 220|0x0000000710200000, 0x0000000710200000, 0x0000000710300000|  0%| F|  |TAMS 0x0000000710200000, 0x0000000710200000| Untracked 
| 221|0x0000000710300000, 0x0000000710300000, 0x0000000710400000|  0%| F|  |TAMS 0x0000000710300000, 0x0000000710300000| Untracked 
| 222|0x0000000710400000, 0x0000000710400000, 0x0000000710500000|  0%| F|  |TAMS 0x0000000710400000, 0x0000000710400000| Untracked 
| 223|0x0000000710500000, 0x0000000710500000, 0x0000000710600000|  0%| F|  |TAMS 0x0000000710500000, 0x0000000710500000| Untracked 
| 224|0x0000000710600000, 0x0000000710600000, 0x0000000710700000|  0%| F|  |TAMS 0x0000000710600000, 0x0000000710600000| Untracked 
| 225|0x0000000710700000, 0x0000000710700000, 0x0000000710800000|  0%| F|  |TAMS 0x0000000710700000, 0x0000000710700000| Untracked 
| 226|0x0000000710800000, 0x0000000710800000, 0x0000000710900000|  0%| F|  |TAMS 0x0000000710800000, 0x0000000710800000| Untracked 
| 227|0x0000000710900000, 0x0000000710900000, 0x0000000710a00000|  0%| F|  |TAMS 0x0000000710900000, 0x0000000710900000| Untracked 
| 228|0x0000000710a00000, 0x0000000710a00000, 0x0000000710b00000|  0%| F|  |TAMS 0x0000000710a00000, 0x0000000710a00000| Untracked 
| 229|0x0000000710b00000, 0x0000000710b00000, 0x0000000710c00000|  0%| F|  |TAMS 0x0000000710b00000, 0x0000000710b00000| Untracked 
| 230|0x0000000710c00000, 0x0000000710c00000, 0x0000000710d00000|  0%| F|  |TAMS 0x0000000710c00000, 0x0000000710c00000| Untracked 
| 231|0x0000000710d00000, 0x0000000710d00000, 0x0000000710e00000|  0%| F|  |TAMS 0x0000000710d00000, 0x0000000710d00000| Untracked 
| 232|0x0000000710e00000, 0x0000000710e00000, 0x0000000710f00000|  0%| F|  |TAMS 0x0000000710e00000, 0x0000000710e00000| Untracked 
| 233|0x0000000710f00000, 0x0000000710f00000, 0x0000000711000000|  0%| F|  |TAMS 0x0000000710f00000, 0x0000000710f00000| Untracked 
| 234|0x0000000711000000, 0x0000000711000000, 0x0000000711100000|  0%| F|  |TAMS 0x0000000711000000, 0x0000000711000000| Untracked 
| 235|0x0000000711100000, 0x0000000711100000, 0x0000000711200000|  0%| F|  |TAMS 0x0000000711100000, 0x0000000711100000| Untracked 
| 236|0x0000000711200000, 0x0000000711200000, 0x0000000711300000|  0%| F|  |TAMS 0x0000000711200000, 0x0000000711200000| Untracked 
| 237|0x0000000711300000, 0x0000000711300000, 0x0000000711400000|  0%| F|  |TAMS 0x0000000711300000, 0x0000000711300000| Untracked 
| 238|0x0000000711400000, 0x0000000711400000, 0x0000000711500000|  0%| F|  |TAMS 0x0000000711400000, 0x0000000711400000| Untracked 
| 239|0x0000000711500000, 0x0000000711500000, 0x0000000711600000|  0%| F|  |TAMS 0x0000000711500000, 0x0000000711500000| Untracked 
| 240|0x0000000711600000, 0x0000000711600000, 0x0000000711700000|  0%| F|  |TAMS 0x0000000711600000, 0x0000000711600000| Untracked 
| 241|0x0000000711700000, 0x0000000711700000, 0x0000000711800000|  0%| F|  |TAMS 0x0000000711700000, 0x0000000711700000| Untracked 
| 242|0x0000000711800000, 0x0000000711800000, 0x0000000711900000|  0%| F|  |TAMS 0x0000000711800000, 0x0000000711800000| Untracked 
| 243|0x0000000711900000, 0x0000000711900000, 0x0000000711a00000|  0%| F|  |TAMS 0x0000000711900000, 0x0000000711900000| Untracked 
| 244|0x0000000711a00000, 0x0000000711a00000, 0x0000000711b00000|  0%| F|  |TAMS 0x0000000711a00000, 0x0000000711a00000| Untracked 
| 245|0x0000000711b00000, 0x0000000711b00000, 0x0000000711c00000|  0%| F|  |TAMS 0x0000000711b00000, 0x0000000711b00000| Untracked 
| 246|0x0000000711c00000, 0x0000000711c00000, 0x0000000711d00000|  0%| F|  |TAMS 0x0000000711c00000, 0x0000000711c00000| Untracked 
| 247|0x0000000711d00000, 0x0000000711d00000, 0x0000000711e00000|  0%| F|  |TAMS 0x0000000711d00000, 0x0000000711d00000| Untracked 
| 248|0x0000000711e00000, 0x0000000711e00000, 0x0000000711f00000|  0%| F|  |TAMS 0x0000000711e00000, 0x0000000711e00000| Untracked 
| 249|0x0000000711f00000, 0x0000000711f00000, 0x0000000712000000|  0%| F|  |TAMS 0x0000000711f00000, 0x0000000711f00000| Untracked 
| 250|0x0000000712000000, 0x0000000712000000, 0x0000000712100000|  0%| F|  |TAMS 0x0000000712000000, 0x0000000712000000| Untracked 
| 251|0x0000000712100000, 0x0000000712100000, 0x0000000712200000|  0%| F|  |TAMS 0x0000000712100000, 0x0000000712100000| Untracked 
| 252|0x0000000712200000, 0x0000000712200000, 0x0000000712300000|  0%| F|  |TAMS 0x0000000712200000, 0x0000000712200000| Untracked 
| 253|0x0000000712300000, 0x0000000712380000, 0x0000000712400000| 50%| E|  |TAMS 0x0000000712300000, 0x0000000712300000| Complete 

Card table byte_map: [0x0000014072ec0000,0x00000140736b0000] _byte_map_base: 0x000001406f6ad000

Marking Bits (Prev, Next): (CMBitMap*) 0x000001406e6e4390, (CMBitMap*) 0x000001406e6e4358
 Prev Bits: [0x0000014077e10000, 0x000001407bd78000)
 Next Bits: [0x0000014073ea0000, 0x0000014077e08000)

Polling page: 0x000001406c610000

Metaspace:

Usage:
  Non-class:     18.63 MB capacity,    18.49 MB (>99%) used,   113.79 KB ( <1%) free+waste,    25.00 KB ( <1%) overhead. 
      Class:      2.27 MB capacity,     2.19 MB ( 97%) used,    64.46 KB (  3%) free+waste,    10.19 KB ( <1%) overhead. 
       Both:     20.89 MB capacity,    20.69 MB (>99%) used,   178.25 KB ( <1%) free+waste,    35.19 KB ( <1%) overhead. 

Virtual space:
  Non-class space:       20.00 MB reserved,      18.75 MB ( 94%) committed 
      Class space:        1.00 GB reserved,       2.38 MB ( <1%) committed 
             Both:        1.02 GB reserved,      21.12 MB (  2%) committed 

Chunk freelists:
   Non-Class:  61.00 KB
       Class:  15.00 KB
        Both:  76.00 KB

MaxMetaspaceSize: 17179869184.00 GB
CompressedClassSpaceSize: 1.00 GB

CodeHeap 'non-profiled nmethods': size=120000Kb used=492Kb max_used=492Kb free=119508Kb
 bounds [0x0000014007ad0000, 0x0000014007d40000, 0x000001400f000000]
CodeHeap 'profiled nmethods': size=120000Kb used=2832Kb max_used=2832Kb free=117167Kb
 bounds [0x00000140005a0000, 0x0000014000870000, 0x0000014007ad0000]
CodeHeap 'non-nmethods': size=5760Kb used=1129Kb max_used=1158Kb free=4630Kb
 bounds [0x0000014000000000, 0x0000014000270000, 0x00000140005a0000]
 total_blobs=1985 nmethods=1540 adapters=356
 compilation: enabled
              stopped_count=0, restarted_count=0
 full_count=0

Compilation events (20 events):
Event: 0.815 Thread 0x000001407f424800 1530       2       java.io.BufferedInputStream::getBufIfOpen (21 bytes)
Event: 0.815 Thread 0x000001407f424800 nmethod 1530 0x000001400085fd10 code [0x000001400085fee0, 0x00000140008600a8]
Event: 0.815 Thread 0x000001407f424800 1534  s    3       java.io.BufferedInputStream::read (113 bytes)
Event: 0.825 Thread 0x000001407f424800 nmethod 1534 0x0000014000860190 code [0x00000140008603c0, 0x0000014000860d78]
Event: 0.825 Thread 0x000001407f424800 1529       3       java.lang.StringUTF16::compress (20 bytes)
Event: 0.826 Thread 0x000001407f424800 nmethod 1529 0x0000014000861010 code [0x00000140008611e0, 0x0000014000861408]
Event: 0.826 Thread 0x000001407f424800 1536       3       java.io.BufferedInputStream::read1 (108 bytes)
Event: 0.826 Thread 0x000001407f3e1000 nmethod 1526 0x0000014007b48190 code [0x0000014007b48380, 0x0000014007b48c08]
Event: 0.828 Thread 0x000001407f424800 nmethod 1536 0x0000014000861510 code [0x0000014000861760, 0x0000014000862098]
Event: 0.828 Thread 0x000001407f596800 nmethod 1519 0x0000014007b49010 code [0x0000014007b49200, 0x0000014007b4a848]
Event: 0.828 Thread 0x000001407f424800 1533       3       java.lang.String::<init> (14 bytes)
Event: 0.828 Thread 0x000001407f424800 nmethod 1533 0x0000014000862390 code [0x0000014000862560, 0x0000014000862758]
Event: 0.828 Thread 0x000001407f424800 1535       3       java.lang.String::rangeCheck (9 bytes)
Event: 0.829 Thread 0x000001407f424800 nmethod 1535 0x0000014000862890 code [0x0000014000862a40, 0x0000014000862b68]
Event: 0.829 Thread 0x000001407f424800 1532  s    3       java.io.BufferedInputStream::read (49 bytes)
Event: 0.829 Thread 0x000001407f424800 nmethod 1532 0x0000014000862c10 code [0x0000014000862e00, 0x0000014000863378]
Event: 0.829 Thread 0x000001407f424800 1537       3       java.io.DataInputStream::readUTF (5 bytes)
Event: 0.829 Thread 0x000001407f424800 nmethod 1537 0x0000014000863510 code [0x00000140008636c0, 0x00000140008637e8]
Event: 0.829 Thread 0x000001407f424800 1539       3       java.io.DataInputStream::readShort (40 bytes)
Event: 0.829 Thread 0x000001407f424800 nmethod 1539 0x0000014000863890 code [0x0000014000863a80, 0x0000014000863e08]

GC Heap History (4 events):
Event: 0.404 GC heap before
{Heap before GC invocations=0 (full 0):
 garbage-first heap   total 260096K, used 27648K [0x0000000702600000, 0x0000000800000000)
  region size 1024K, 24 young (24576K), 0 survivors (0K)
 Metaspace       used 12428K, capacity 12556K, committed 12800K, reserved 1060864K
  class space    used 1168K, capacity 1183K, committed 1280K, reserved 1048576K
}
Event: 0.406 GC heap after
{Heap after GC invocations=1 (full 0):
 garbage-first heap   total 260096K, used 5881K [0x0000000702600000, 0x0000000800000000)
  region size 1024K, 3 young (3072K), 3 survivors (3072K)
 Metaspace       used 12428K, capacity 12556K, committed 12800K, reserved 1060864K
  class space    used 1168K, capacity 1183K, committed 1280K, reserved 1048576K
}
Event: 0.816 GC heap before
{Heap before GC invocations=1 (full 0):
 garbage-first heap   total 260096K, used 40697K [0x0000000702600000, 0x0000000800000000)
  region size 1024K, 38 young (38912K), 3 survivors (3072K)
 Metaspace       used 20974K, capacity 21169K, committed 21248K, reserved 1069056K
  class space    used 2221K, capacity 2288K, committed 2304K, reserved 1048576K
}
Event: 0.825 GC heap after
{Heap after GC invocations=2 (full 0):
 garbage-first heap   total 260096K, used 9406K [0x0000000702600000, 0x0000000800000000)
  region size 1024K, 7 young (7168K), 7 survivors (7168K)
 Metaspace       used 20974K, capacity 21169K, committed 21248K, reserved 1069056K
  class space    used 2221K, capacity 2288K, committed 2304K, reserved 1048576K
}

Deoptimization events (20 events):
Event: 0.183 Thread 0x000001406e680800 DEOPT PACKING pc=0x00000140005e1ec2 sp=0x00000035cc8efd80
Event: 0.183 Thread 0x000001406e680800 DEOPT UNPACKING pc=0x000001400002794e sp=0x00000035cc8ef1e8 mode 0
Event: 0.202 Thread 0x000001406e680800 DEOPT PACKING pc=0x00000140005c7f50 sp=0x00000035cc8f7b30
Event: 0.202 Thread 0x000001406e680800 DEOPT UNPACKING pc=0x000001400002794e sp=0x00000035cc8f6fb8 mode 0
Event: 0.378 Thread 0x000001406e680800 DEOPT PACKING pc=0x00000140005e8b7f sp=0x00000035cc8fb580
Event: 0.378 Thread 0x000001406e680800 DEOPT UNPACKING pc=0x000001400002794e sp=0x00000035cc8fa9d0 mode 0
Event: 0.385 Thread 0x000001406e680800 DEOPT PACKING pc=0x00000140005f8d40 sp=0x00000035cc8fbaa0
Event: 0.385 Thread 0x000001406e680800 DEOPT UNPACKING pc=0x000001400002794e sp=0x00000035cc8fafb8 mode 0
Event: 0.438 Thread 0x000001406e680800 Uncommon trap: trap_request=0xffffff4d fr.pc=0x0000014007afd928 relative=0x00000000000001e8
Event: 0.438 Thread 0x000001406e680800 Uncommon trap: reason=unstable_if action=reinterpret pc=0x0000014007afd928 method=kotlin.reflect.jvm.internal.impl.protobuf.CodedInputStream.readRawVarint32()I @ 10 c2
Event: 0.438 Thread 0x000001406e680800 DEOPT PACKING pc=0x0000014007afd928 sp=0x00000035cc8fbef0
Event: 0.438 Thread 0x000001406e680800 DEOPT UNPACKING pc=0x0000014000027b2f sp=0x00000035cc8fbe70 mode 2
Event: 0.583 Thread 0x000001406e680800 Uncommon trap: trap_request=0xffffff4d fr.pc=0x0000014007af6a88 relative=0x0000000000000248
Event: 0.583 Thread 0x000001406e680800 Uncommon trap: reason=unstable_if action=reinterpret pc=0x0000014007af6a88 method=java.lang.String.startsWith(Ljava/lang/String;I)Z @ 14 c2
Event: 0.583 Thread 0x000001406e680800 DEOPT PACKING pc=0x0000014007af6a88 sp=0x00000035cc8ff100
Event: 0.583 Thread 0x000001406e680800 DEOPT UNPACKING pc=0x0000014000027b2f sp=0x00000035cc8ff068 mode 2
Event: 0.599 Thread 0x000001406e680800 Uncommon trap: trap_request=0xffffff4d fr.pc=0x0000014007b099a0 relative=0x00000000000000e0
Event: 0.600 Thread 0x000001406e680800 Uncommon trap: reason=unstable_if action=reinterpret pc=0x0000014007b099a0 method=java.lang.Integer.valueOf(I)Ljava/lang/Integer; @ 3 c2
Event: 0.600 Thread 0x000001406e680800 DEOPT PACKING pc=0x0000014007b099a0 sp=0x00000035cc8fd230
Event: 0.600 Thread 0x000001406e680800 DEOPT UNPACKING pc=0x0000014000027b2f sp=0x00000035cc8fd1c8 mode 2

Classes redefined (0 events):
No events

Internal exceptions (6 events):
Event: 0.144 Thread 0x000001406e680800 Exception <a 'java/lang/NoSuchMethodError'{0x0000000712053480}: 'int java.lang.invoke.DirectMethodHandle$Holder.invokeSpecialIFC(java.lang.Object, java.lang.Object, int)'> (0x0000000712053480) thrown at [./src/hotspot/share/interpreter/linkResolver.cpp, line 773]
Event: 0.719 Thread 0x000001406e680800 Exception <a 'java/lang/NoSuchMethodError'{0x0000000710681b78}: 'int java.lang.invoke.DirectMethodHandle$Holder.invokeStaticInit(java.lang.Object, java.lang.Object, java.lang.Object)'> (0x0000000710681b78) thrown at [./src/hotspot/share/interpreter/linkResolver.cpp, line 773]
Event: 0.722 Thread 0x000001406e680800 Exception <a 'java/lang/NoSuchMethodError'{0x00000007106bd420}: 'java.lang.Object java.lang.invoke.DirectMethodHandle$Holder.invokeStaticInit(java.lang.Object, int)'> (0x00000007106bd420) thrown at [./src/hotspot/share/interpreter/linkResolver.cpp, line 773]
Event: 0.737 Thread 0x000001406e680800 Exception <a 'java/lang/NoSuchMethodError'{0x000000071042fe78}: 'long java.lang.invoke.DirectMethodHandle$Holder.invokeStatic(java.lang.Object)'> (0x000000071042fe78) thrown at [./src/hotspot/share/interpreter/linkResolver.cpp, line 773]
Event: 0.737 Thread 0x000001406e680800 Exception <a 'java/lang/NoSuchMethodError'{0x0000000710432cd0}: 'long java.lang.invoke.DirectMethodHandle$Holder.invokeStaticInit(java.lang.Object)'> (0x0000000710432cd0) thrown at [./src/hotspot/share/interpreter/linkResolver.cpp, line 773]
Event: 0.774 Thread 0x000001406e680800 Exception <a 'java/lang/NoSuchMethodError'{0x00000007101e3d50}: 'int java.lang.invoke.DirectMethodHandle$Holder.invokeStaticInit(java.lang.Object, java.lang.Object)'> (0x00000007101e3d50) thrown at [./src/hotspot/share/interpreter/linkResolver.cpp, line 773]

Events (20 events):
Event: 0.828 Executing VM operation: CGC_Operation done
Event: 0.828 loading class sun/util/locale/provider/LocaleProviderAdapter$NonExistentAdapter
Event: 0.828 loading class sun/util/locale/provider/FallbackLocaleProviderAdapter
Event: 0.828 loading class sun/util/locale/provider/JRELocaleProviderAdapter
Event: 0.829 loading class sun/util/locale/provider/ResourceBundleBasedAdapter
Event: 0.829 loading class sun/util/locale/provider/ResourceBundleBasedAdapter done
Event: 0.829 loading class sun/util/locale/provider/JRELocaleProviderAdapter done
Event: 0.829 loading class sun/util/locale/provider/FallbackLocaleProviderAdapter done
Event: 0.829 loading class sun/util/locale/provider/LocaleProviderAdapter$NonExistentAdapter done
Event: 0.829 loading class sun/util/locale/LanguageTag
Event: 0.829 loading class sun/util/locale/LanguageTag done
Event: 0.829 loading class sun/util/locale/provider/LocaleResources
Event: 0.829 loading class sun/util/locale/provider/LocaleResources done
Event: 0.829 loading class sun/util/resources/LocaleData
Event: 0.829 loading class sun/util/resources/LocaleData done
Event: 0.829 loading class java/util/ResourceBundle$Control
Event: 0.830 loading class java/util/ResourceBundle$Control done
Event: 0.830 loading class java/util/ResourceBundle$Control$CandidateListCache
Event: 0.830 loading class java/util/ResourceBundle$Control$CandidateListCache done
Event: 0.830 loading class java/util/ResourceBundle


Dynamic libraries:
0x00007ff7137f0000 - 0x00007ff7137fa000 	D:\Android\New folder\jre\bin\java.exe
0x00007ff9b44d0000 - 0x00007ff9b46c5000 	C:\WINDOWS\SYSTEM32\ntdll.dll
0x00007ff9b32f0000 - 0x00007ff9b33ae000 	C:\WINDOWS\System32\KERNEL32.DLL
0x00007ff9b1c40000 - 0x00007ff9b1f08000 	C:\WINDOWS\System32\KERNELBASE.dll
0x00007ff9b1fa0000 - 0x00007ff9b20a0000 	C:\WINDOWS\System32\ucrtbase.dll
0x00007ff9ab360000 - 0x00007ff9ab379000 	D:\Android\New folder\jre\bin\jli.dll
0x00007ff97d390000 - 0x00007ff97d3a7000 	D:\Android\New folder\jre\bin\VCRUNTIME140.dll
0x00007ff9b3090000 - 0x00007ff9b3231000 	C:\WINDOWS\System32\USER32.dll
0x00007ff9b1f10000 - 0x00007ff9b1f32000 	C:\WINDOWS\System32\win32u.dll
0x00007ff9b0fc0000 - 0x00007ff9b125a000 	C:\WINDOWS\WinSxS\amd64_microsoft.windows.common-controls_6595b64144ccf1df_6.0.19041.1110_none_60b5254171f9507e\COMCTL32.dll
0x00007ff9b3e80000 - 0x00007ff9b3eab000 	C:\WINDOWS\System32\GDI32.dll
0x00007ff9b2590000 - 0x00007ff9b262e000 	C:\WINDOWS\System32\msvcrt.dll
0x00007ff9b2230000 - 0x00007ff9b233b000 	C:\WINDOWS\System32\gdi32full.dll
0x00007ff9b2480000 - 0x00007ff9b251d000 	C:\WINDOWS\System32\msvcp_win.dll
0x00007ff9b32b0000 - 0x00007ff9b32e0000 	C:\WINDOWS\System32\IMM32.DLL
0x00007ff944790000 - 0x00007ff94482d000 	D:\Android\New folder\jre\bin\msvcp140.dll
0x00007ff942950000 - 0x00007ff94341f000 	D:\Android\New folder\jre\bin\server\jvm.dll
0x00007ff9b3d20000 - 0x00007ff9b3dcc000 	C:\WINDOWS\System32\ADVAPI32.dll
0x00007ff9b2cd0000 - 0x00007ff9b2d6b000 	C:\WINDOWS\System32\sechost.dll
0x00007ff9b2e30000 - 0x00007ff9b2f5a000 	C:\WINDOWS\System32\RPCRT4.dll
0x00007ff9b2580000 - 0x00007ff9b2588000 	C:\WINDOWS\System32\PSAPI.DLL
0x00007ff9986b0000 - 0x00007ff9986b9000 	C:\WINDOWS\SYSTEM32\WSOCK32.dll
0x00007ff9a9e60000 - 0x00007ff9a9e6a000 	C:\WINDOWS\SYSTEM32\VERSION.dll
0x00007ff9a3d50000 - 0x00007ff9a3d77000 	C:\WINDOWS\SYSTEM32\WINMM.dll
0x00007ff9b3240000 - 0x00007ff9b32ab000 	C:\WINDOWS\System32\WS2_32.dll
0x00007ff9afe00000 - 0x00007ff9afe12000 	C:\WINDOWS\SYSTEM32\kernel.appcore.dll
0x00007ff975e40000 - 0x00007ff975e51000 	D:\Android\New folder\jre\bin\verify.dll
0x00007ff9b1610000 - 0x00007ff9b17f4000 	C:\WINDOWS\SYSTEM32\DBGHELP.DLL
0x00007ff9b13c0000 - 0x00007ff9b13ec000 	C:\WINDOWS\SYSTEM32\dbgcore.DLL
0x00007ff9b23f0000 - 0x00007ff9b2473000 	C:\WINDOWS\System32\bcryptPrimitives.dll
0x00007ff975670000 - 0x00007ff975699000 	D:\Android\New folder\jre\bin\java.dll
0x00007ff97d380000 - 0x00007ff97d38b000 	D:\Android\New folder\jre\bin\jimage.dll
0x00007ff9759a0000 - 0x00007ff9759b8000 	D:\Android\New folder\jre\bin\zip.dll
0x00007ff9b3430000 - 0x00007ff9b3b6f000 	C:\WINDOWS\System32\SHELL32.dll
0x00007ff9af660000 - 0x00007ff9afdf0000 	C:\WINDOWS\SYSTEM32\windows.storage.dll
0x00007ff9b4130000 - 0x00007ff9b4485000 	C:\WINDOWS\System32\combase.dll
0x00007ff9b0f50000 - 0x00007ff9b0f7e000 	C:\WINDOWS\SYSTEM32\Wldp.dll
0x00007ff9b2d80000 - 0x00007ff9b2e2d000 	C:\WINDOWS\System32\SHCORE.dll
0x00007ff9b27f0000 - 0x00007ff9b2845000 	C:\WINDOWS\System32\shlwapi.dll
0x00007ff9b1b30000 - 0x00007ff9b1b4f000 	C:\WINDOWS\SYSTEM32\profapi.dll
0x00007ff974da0000 - 0x00007ff974dba000 	D:\Android\New folder\jre\bin\net.dll
0x00007ff9ab860000 - 0x00007ff9ab96c000 	C:\WINDOWS\SYSTEM32\WINHTTP.dll
0x00007ff9b0cb0000 - 0x00007ff9b0d1a000 	C:\WINDOWS\system32\mswsock.dll
0x00007ff974d80000 - 0x00007ff974d94000 	D:\Android\New folder\jre\bin\nio.dll

dbghelp: loaded successfully - version: 4.0.5 - missing functions: none
symbol engine: initialized successfully - sym options: 0x614 - pdb path: .;D:\Android\New folder\jre\bin;C:\WINDOWS\SYSTEM32;C:\WINDOWS\WinSxS\amd64_microsoft.windows.common-controls_6595b64144ccf1df_6.0.19041.1110_none_60b5254171f9507e;D:\Android\New folder\jre\bin\server

VM Arguments:
java_command: org.jetbrains.kotlin.cli.jvm.K2JVMCompiler @D:\ReactNative\FullApp\TestProject\node_modules\expo-splash-screen\android\build\20211202_6926965324454160978.compiler.options
java_class_path (initial): C:\Users\quocm\.gradle\caches\modules-2\files-2.1\org.jetbrains.kotlin\kotlin-compiler-embeddable\1.4.21\87db94500aaf883536ae8c8efdee76bdc839d582\kotlin-compiler-embeddable-1.4.21.jar;C:\Users\quocm\.gradle\caches\modules-2\files-2.1\org.jetbrains.kotlin\kotlin-reflect\1.4.21\748f681f4e3edbe9285ff46710c79049c70f4dfa\kotlin-reflect-1.4.21.jar;C:\Users\quocm\.gradle\caches\modules-2\files-2.1\org.jetbrains.kotlin\kotlin-stdlib\1.4.21\4a668382d7c38688d3490afde93b6a113ed46698\kotlin-stdlib-1.4.21.jar;C:\Users\quocm\.gradle\caches\modules-2\files-2.1\org.jetbrains.kotlin\kotlin-script-runtime\1.4.21\1247decba314790165b4fe94d09c45b09db6b07f\kotlin-script-runtime-1.4.21.jar;C:\Users\quocm\.gradle\caches\modules-2\files-2.1\org.jetbrains.kotlin\kotlin-daemon-embeddable\1.4.21\bc95bcebdc871d45d9852b0c01abe9bec373bb52\kotlin-daemon-embeddable-1.4.21.jar;C:\Users\quocm\.gradle\caches\modules-2\files-2.1\org.jetbrains.intellij.deps\trove4j\1.0.20181211\216c2e14b070f334479d800987affe4054cd563f\trove4j-1.0.20181211.jar;C:\Users\quocm\.gradle\caches\modules-2\files-2.1\org.jetbrains.kotlin\kotlin-stdlib-common\1.4.21\7f48a062aa4b53215998780f7c245a4276828e1d\kotlin-stdlib-common-1.4.21.jar;C:\Users\quocm\.gradle\caches\modules-2\files-2.1\org.jetbrains\annotations\13.0\919f0dfe192fb4e063e7dacadee7f8bb9a2672a9\annotations-13.0.jar
Launcher Type: SUN_STANDARD

[Global flags]
     intx CICompilerCount                          = 4                                         {product} {ergonomic}
     uint ConcGCThreads                            = 3                                         {product} {ergonomic}
     uint G1ConcRefinementThreads                  = 10                                        {product} {ergonomic}
   size_t G1HeapRegionSize                         = 1048576                                   {product} {ergonomic}
    uintx GCDrainStackTargetSize                   = 64                                        {product} {ergonomic}
   size_t InitialHeapSize                          = 266338304                                 {product} {ergonomic}
   size_t MarkStackSize                            = 4194304                                   {product} {ergonomic}
   size_t MaxHeapSize                              = 4255121408                                {product} {ergonomic}
   size_t MaxNewSize                               = 2552233984                                {product} {ergonomic}
   size_t MinHeapDeltaBytes                        = 1048576                                   {product} {ergonomic}
    uintx NonNMethodCodeHeapSize                   = 5836300                                {pd product} {ergonomic}
    uintx NonProfiledCodeHeapSize                  = 122910970                              {pd product} {ergonomic}
    uintx ProfiledCodeHeapSize                     = 122910970                              {pd product} {ergonomic}
    uintx ReservedCodeCacheSize                    = 251658240                              {pd product} {ergonomic}
     bool SegmentedCodeCache                       = true                                      {product} {ergonomic}
     bool UseCompressedClassPointers               = true                                 {lp64_product} {ergonomic}
     bool UseCompressedOops                        = true                                 {lp64_product} {ergonomic}
     bool UseG1GC                                  = true                                      {product} {ergonomic}
     bool UseLargePagesIndividualAllocation        = false                                  {pd product} {ergonomic}

Logging:
Log output configuration:
 #0: stdout all=warning uptime,level,tags
 #1: stderr all=off uptime,level,tags

Environment Variables:
JAVA_HOME=D:\Android\New folder\jre
CLASSPATH=D:\ReactNative\FullApp\TestProject\android\\gradle\wrapper\gradle-wrapper.jar
PATH=D:\ReactNative\FullApp\TestProject\android\node_modules\.bin;D:\ReactNative\FullApp\TestProject\node_modules\.bin;D:\ReactNative\FullApp\node_modules\.bin;D:\ReactNative\node_modules\.bin;D:\node_modules\.bin;C:\Program Files\nodejs;C:\Program Files\Common Files\Oracle\Java\javapath;C:\Program Files (x86)\Intel\Intel(R) Management Engine Components\iCLS\;C:\Program Files\Intel\Intel(R) Management Engine Components\iCLS\;C:\Windows\system32;C:\Windows;C:\Windows\System32\Wbem;C:\Windows\System32\WindowsPowerShell\v1.0\;C:\Windows\System32\OpenSSH\;C:\Program Files (x86)\NVIDIA Corporation\PhysX\Common;C:\Program Files\Intel\WiFi\bin\;C:\Program Files\Common Files\Intel\WirelessCommon\;C:\Program Files (x86)\Intel\Intel(R) Management Engine Components\DAL;C:\Program Files\Intel\Intel(R) Management Engine Components\DAL;C:\Program Files (x86)\Intel\Intel(R) Management Engine Components\IPT;C:\Program Files\Intel\Intel(R) Management Engine Components\IPT;C:\WINDOWS\system32;C:\WINDOWS;C:\WINDOWS\System32\Wbem;C:\WINDOWS\System32\WindowsPowerShell\v1.0\;C:\WINDOWS\System32\OpenSSH\;C:\Program Files\Microsoft SQL Server\Client SDK\ODBC\170\Tools\Binn\;C:\Program Files (x86)\Microsoft SQL Server\150\Tools\Binn\;C:\Program Files\Microsoft SQL Server\150\Tools\Binn\;C:\Program Files\Microsoft SQL Server\150\DTS\Binn\;C:\Program Files (x86)\Microsoft SQL Server\150\DTS\Binn\;C:\Program Files\Azure Data Studio\bin;C:\Program Files\nodejs\;C:\Program Files\Git\cmd;D:\Android\SDK\Sdk\platform-tools;C:\Program Files\MongoDB\Server\5.0\bin;C:\Users\quocm\AppData\Local\Microsoft\WindowsApps;C:\Users\quocm\AppData\Local\Programs\Microsoft VS Code\bin;C:\Program Files\Azure Data Studio\bin;C:\Users\quocm\AppData\Roaming\npm;D:\Android\SDK\Sdk\platform-tools;
USERNAME=quocm
LANG=en_US.UTF-8
OS=Windows_NT
PROCESSOR_IDENTIFIER=Intel64 Family 6 Model 158 Stepping 10, GenuineIntel



---------------  S Y S T E M  ---------------

OS: Windows 10 , 64 bit Build 19041 (10.0.19041.1348)
OS uptime: 0 days 0:07 hours

CPU:total 12 (initial active 12) (6 cores per cpu, 2 threads per core) family 6 model 158 stepping 10 microcode 0xb4, cmov, cx8, fxsr, mmx, sse, sse2, sse3, ssse3, sse4.1, sse4.2, popcnt, avx, avx2, aes, clmul, erms, 3dnowpref, lzcnt, ht, tsc, tscinvbit, bmi1, bmi2, adx, fma

Memory: 4k page, system-wide physical 16230M (4676M free)
TotalPageFile size 19046M (AvailPageFile size 3319M)
current process WorkingSet (physical memory assigned to process): 120M, peak: 120M
current process commit charge ("private bytes"): 370M, peak: 370M

vm_info: OpenJDK 64-Bit Server VM (11.0.10+0-b96-7249189) for windows-amd64 JRE (11.0.10+0-b96-7249189), built on Mar 31 2021 21:44:00 by "builder" with MS VC++ 14.0 (VS2015)

END.
