#
# A fatal error has been detected by the Java Runtime Environment:
#
#  EXCEPTION_ACCESS_VIOLATION (0xc0000005) at pc=0x00007ff9bfe51171, pid=11820, tid=7476
#
# JRE version: OpenJDK Runtime Environment (11.0.10) (build 11.0.10+0-b96-7249189)
# Java VM: OpenJDK 64-Bit Server VM (11.0.10+0-b96-7249189, mixed mode, tiered, compressed oops, g1 gc, windows-amd64)
# Problematic frame:
# V  [jvm.dll+0x641171]
#
# No core dump will be written. Minidumps are not enabled by default on client versions of Windows
#
# If you would like to submit a bug report, please visit:
#   https://bugreport.java.com/bugreport/crash.jsp
#

---------------  S U M M A R Y ------------

Command Line: -XX:MaxPermSize=512m -XX:+HeapDumpOnOutOfMemoryError --add-opens=java.base/java.util=ALL-UNNAMED --add-opens=java.base/java.lang=ALL-UNNAMED --add-opens=java.base/java.lang.invoke=ALL-UNNAMED --add-opens=java.prefs/java.util.prefs=ALL-UNNAMED -Xmx2048m -Dfile.encoding=UTF-8 -Duser.country=US -Duser.language=en -Duser.variant org.gradle.launcher.daemon.bootstrap.GradleDaemon 6.8

Host: Intel(R) Core(TM) i7-8750H CPU @ 2.20GHz, 12 cores, 15G,  Windows 10 , 64 bit Build 19041 (10.0.19041.1348)
Time: Sun Nov 21 20:30:12 2021 SE Asia Standard Time elapsed time: 410.209095 seconds (0d 0h 6m 50s)

---------------  T H R E A D  ---------------

Current thread (0x000001ba596c2000):  JavaThread "C2 CompilerThread0" daemon [_thread_in_native, id=7476, stack(0x0000007456c00000,0x0000007456d00000)]


Current CompileTask:
C2: 410209 14960       4       org.gradle.internal.operations.DefaultBuildOperationRunner$CallableBuildOperationWorker::execute (10 bytes)

Stack: [0x0000007456c00000,0x0000007456d00000],  sp=0x0000007456cfb940,  free space=1006k
Native frames: (J=compiled Java code, j=interpreted, Vv=VM code, C=native code)
V  [jvm.dll+0x641171]
V  [jvm.dll+0x197f00]
V  [jvm.dll+0x1fb70e]
V  [jvm.dll+0x1fa7f4]
V  [jvm.dll+0x18354c]
V  [jvm.dll+0x208ee7]
V  [jvm.dll+0x207731]
V  [jvm.dll+0x6eb1cf]
V  [jvm.dll+0x6e3d45]
V  [jvm.dll+0x5ebe96]
C  [ucrtbase.dll+0x21bb2]
C  [KERNEL32.DLL+0x17034]
C  [ntdll.dll+0x52651]


siginfo: EXCEPTION_ACCESS_VIOLATION (0xc0000005), reading address 0xffffffffffffffff


Register to memory mapping:

RIP=0x00007ff9bfe51171 jvm.dll
RAX=0x00417ff9c0207c38 is an unknown value
RBX=0x000001ba62bb4960 points into unknown readable memory: 0x00007ff9bffb0888 | 88 08 fb bf f9 7f 00 00
RCX=0x000001ba683fd1b0 points into unknown readable memory: 0x0000000000000000 | 00 00 00 00 00 00 00 00
RDX=0x00000000000213e0 is an unknown value
RSP=0x0000007456cfb940 is pointing into the stack for thread: 0x000001ba596c2000
RBP=0x0000007456cfba40 is pointing into the stack for thread: 0x000001ba596c2000
RSI=0x000001ba62bb5048 points into unknown readable memory: 0x00007ff9bfff8568 | 68 85 ff bf f9 7f 00 00
RDI=0x0000000000000016 is an unknown value
R8 =0x0000000000000018 is an unknown value
R9 =0x0000000000000001 is an unknown value
R10=0x0000000000000002 is an unknown value
R11=0x0000000000000009 is an unknown value
R12=0x0 is NULL
R13=0x000001ba62bb5058 points into unknown readable memory: 0x0000007456cfe888 | 88 e8 cf 56 74 00 00 00
R14=0x0000007456cfc1c0 is pointing into the stack for thread: 0x000001ba596c2000
R15=0x0000007456cfc1c0 is pointing into the stack for thread: 0x000001ba596c2000


Registers:
RAX=0x00417ff9c0207c38, RBX=0x000001ba62bb4960, RCX=0x000001ba683fd1b0, RDX=0x00000000000213e0
RSP=0x0000007456cfb940, RBP=0x0000007456cfba40, RSI=0x000001ba62bb5048, RDI=0x0000000000000016
R8 =0x0000000000000018, R9 =0x0000000000000001, R10=0x0000000000000002, R11=0x0000000000000009
R12=0x0000000000000000, R13=0x000001ba62bb5058, R14=0x0000007456cfc1c0, R15=0x0000007456cfc1c0
RIP=0x00007ff9bfe51171, EFLAGS=0x0000000000010202

Top of Stack: (sp=0x0000007456cfb940)
0x0000007456cfb940:   00007ff9c019b610 000001ba648e5cc8
0x0000007456cfb950:   000001ba648e5cc8 000001ba616a3d38
0x0000007456cfb960:   00007ff90000192a 000001ba00000002
0x0000007456cfb970:   000001ba00001929 0000007456cfba01
0x0000007456cfb980:   000001ba00000001 0000007456cfbc70
0x0000007456cfb990:   000001ba00000004 00007ff9bf8cc69c
0x0000007456cfb9a0:   000001ba00000001 000001ba62bb5048
0x0000007456cfb9b0:   000018d700000001 0000000000000000
0x0000007456cfb9c0:   0000000100000009 0000000000000001
0x0000007456cfb9d0:   000001ba00000000 000001ba62bb4960
0x0000007456cfb9e0:   000001ba6457cfe0 0000000000000024
0x0000007456cfb9f0:   000001ba62bb5058 00007ffa00000252
0x0000007456cfba00:   000001ba6149d170 000018dc00000000
0x0000007456cfba10:   0000007456cfbf00 0000007400000014
0x0000007456cfba20:   000001ba67272490 000001ba67257630
0x0000007456cfba30:   0000000000000000 000001ba672524d0 

Instructions: (pc=0x00007ff9bfe51171)
0x00007ff9bfe51071:   0f 87 04 02 00 00 b9 68 00 00 00 e8 0f b0 9c ff
0x00007ff9bfe51081:   48 85 c0 74 18 4c 8b ce 48 89 5c 24 20 4d 8b c6
0x00007ff9bfe51091:   ba 07 00 00 00 48 8b c8 e8 e2 63 b5 ff 8b 55 90
0x00007ff9bfe510a1:   4c 8b c0 49 8b cc 48 8b f8 e8 c1 35 a4 ff 8b 95
0x00007ff9bfe510b1:   38 03 00 00 4c 8b cf 48 8b 74 24 68 44 8b c2 49
0x00007ff9bfe510c1:   89 5c 24 48 ff c2 8b 85 28 03 00 00 8b c8 89 95
0x00007ff9bfe510d1:   38 03 00 00 ff c0 89 4c 24 20 48 8b d6 49 8b cf
0x00007ff9bfe510e1:   89 85 28 03 00 00 e8 14 0a 00 00 8b 85 38 03 00
0x00007ff9bfe510f1:   00 4c 8d 6e 10 ff c0 89 85 38 03 00 00 e9 7d e9
0x00007ff9bfe51101:   ff ff 4c 8b 6d b0 48 8b 74 24 68 8b 85 38 03 00
0x00007ff9bfe51111:   00 ff c0 89 85 38 03 00 00 e9 61 e9 ff ff 44 8b
0x00007ff9bfe51121:   5d 80 45 8b d4 4c 8b b5 20 03 00 00 45 85 db 74
0x00007ff9bfe51131:   60 48 8b 45 40 49 63 ca 44 8b 04 88 8b 46 4c 41
0x00007ff9bfe51141:   8b f8 ff c8 48 c1 ef 08 45 8b c8 41 83 e0 1f 49
0x00007ff9bfe51151:   c1 e9 05 41 83 e1 07 48 8d 14 80 49 8b 46 68 48
0x00007ff9bfe51161:   c1 e2 05 48 8b 48 10 48 8b 44 0a 08 48 8b 04 f8
0x00007ff9bfe51171:   42 8b 04 88 44 0f a3 c0 48 8b 45 c0 72 03 4c 89
0x00007ff9bfe51181:   20 48 83 c0 08 41 ff c2 48 89 45 c0 45 3b d3 72
0x00007ff9bfe51191:   a0 8b 4d b8 49 8b 56 48 ff c1 89 4d b8 3b 4a 40
0x00007ff9bfe511a1:   0f 82 a9 e2 ff ff 48 8b 5d 50 41 8b fc 83 7b 18
0x00007ff9bfe511b1:   00 76 32 0f 1f 40 00 0f 1f 84 00 00 00 00 00 48
0x00007ff9bfe511c1:   8b 43 10 44 8b 85 28 03 00 00 8b cf 48 8b 14 c8
0x00007ff9bfe511d1:   49 8b ce ff 85 28 03 00 00 e8 01 a0 b5 ff ff c7
0x00007ff9bfe511e1:   3b 7b 18 72 da 8b 85 28 03 00 00 48 8b 55 48 89
0x00007ff9bfe511f1:   45 10 41 8b c4 89 45 90 83 7a 18 00 0f 86 95 03
0x00007ff9bfe51201:   00 00 44 8b 85 28 03 00 00 8b c8 48 8b 42 10 48
0x00007ff9bfe51211:   8b 34 c8 49 8b 46 48 48 89 75 88 8b 56 28 48 8b
0x00007ff9bfe51221:   48 78 49 8b 86 28 01 00 00 4c 8b 2c d1 48 63 ca
0x00007ff9bfe51231:   48 8b d6 4c 89 6d 08 8b 1c 88 49 8b ce 48 8b 45
0x00007ff9bfe51241:   20 8b 3c 98 ff 85 28 03 00 00 89 bd 38 03 00 00
0x00007ff9bfe51251:   e8 8a 9f b5 ff 48 8b 45 60 44 8b ff 41 8b 4d 4c
0x00007ff9bfe51261:   48 89 7d f0 48 8b 14 f8 8b c1 c1 e8 05 3b 42 10 


Stack slot to memory mapping:
stack at sp + 0 slots: 0x00007ff9c019b610 jvm.dll
stack at sp + 1 slots: 0x000001ba648e5cc8 points into unknown readable memory: 0x00007ff9bfff8568 | 68 85 ff bf f9 7f 00 00
stack at sp + 2 slots: 0x000001ba648e5cc8 points into unknown readable memory: 0x00007ff9bfff8568 | 68 85 ff bf f9 7f 00 00
stack at sp + 3 slots: 0x000001ba616a3d38 points into unknown readable memory: 0x00007ff9c000c768 | 68 c7 00 c0 f9 7f 00 00
stack at sp + 4 slots: 0x00007ff90000192a is an unknown value
stack at sp + 5 slots: 0x000001ba00000002 is an unknown value
stack at sp + 6 slots: 0x000001ba00001929 is an unknown value
stack at sp + 7 slots: 0x0000007456cfba01 is pointing into the stack for thread: 0x000001ba596c2000


---------------  P R O C E S S  ---------------

Threads class SMR info:
_java_thread_list=0x000001ba60c2dcb0, length=62, elements={
0x000001ba3e52f000, 0x000001ba5965c000, 0x000001ba59665000, 0x000001ba596ba800,
0x000001ba596bb800, 0x000001ba596be000, 0x000001ba596c2000, 0x000001ba596c7000,
0x000001ba596c8000, 0x000001ba59835800, 0x000001ba5cefb800, 0x000001ba5a646800,
0x000001ba5c891000, 0x000001ba5b810800, 0x000001ba5d0d1800, 0x000001ba5b12a800,
0x000001ba5bf27800, 0x000001ba5bbe3000, 0x000001ba5c773000, 0x000001ba5b6f3000,
0x000001ba5b6f2000, 0x000001ba5b6f8800, 0x000001ba5b6f7000, 0x000001ba5b6f3800,
0x000001ba5b6f4800, 0x000001ba5b6f5800, 0x000001ba5b6f8000, 0x000001ba5b6f6000,
0x000001ba5b71e000, 0x000001ba5b71d800, 0x000001ba5b71a000, 0x000001ba5b71b000,
0x000001ba5b721800, 0x000001ba5b723000, 0x000001ba5b722800, 0x000001ba5b71f000,
0x000001ba5b724800, 0x000001ba5b724000, 0x000001ba5b725800, 0x000001ba5b726800,
0x000001ba5b720800, 0x000001ba5b727000, 0x000001ba5b8b0000, 0x000001ba5b8bc000,
0x000001ba5b8b9000, 0x000001ba5b8b7000, 0x000001ba5b8be000, 0x000001ba5b8b8000,
0x000001ba5ed1f000, 0x000001ba5ed1d800, 0x000001ba5ed20000, 0x000001ba5ed1c000,
0x000001ba5ed1e000, 0x000001ba5ed21800, 0x000001ba5ed22800, 0x000001ba5b8b2800,
0x000001ba5b8b5000, 0x000001ba5b8b3000, 0x000001ba5b8b5800, 0x000001ba5b8b4000,
0x000001ba5b8b0800, 0x000001ba5b8b6800
}

Java Threads: ( => current thread )
  0x000001ba3e52f000 JavaThread "main" [_thread_blocked, id=2940, stack(0x0000007456000000,0x0000007456100000)]
  0x000001ba5965c000 JavaThread "Reference Handler" daemon [_thread_blocked, id=14756, stack(0x0000007456700000,0x0000007456800000)]
  0x000001ba59665000 JavaThread "Finalizer" daemon [_thread_blocked, id=6028, stack(0x0000007456800000,0x0000007456900000)]
  0x000001ba596ba800 JavaThread "Signal Dispatcher" daemon [_thread_blocked, id=14380, stack(0x0000007456900000,0x0000007456a00000)]
  0x000001ba596bb800 JavaThread "Attach Listener" daemon [_thread_blocked, id=15324, stack(0x0000007456a00000,0x0000007456b00000)]
  0x000001ba596be000 JavaThread "Service Thread" daemon [_thread_blocked, id=14844, stack(0x0000007456b00000,0x0000007456c00000)]
=>0x000001ba596c2000 JavaThread "C2 CompilerThread0" daemon [_thread_in_native, id=7476, stack(0x0000007456c00000,0x0000007456d00000)]
  0x000001ba596c7000 JavaThread "C1 CompilerThread0" daemon [_thread_in_native, id=11972, stack(0x0000007456d00000,0x0000007456e00000)]
  0x000001ba596c8000 JavaThread "Sweeper thread" daemon [_thread_blocked, id=8164, stack(0x0000007456e00000,0x0000007456f00000)]
  0x000001ba59835800 JavaThread "Common-Cleaner" daemon [_thread_blocked, id=6704, stack(0x0000007456f00000,0x0000007457000000)]
  0x000001ba5cefb800 JavaThread "Daemon health stats" [_thread_blocked, id=14440, stack(0x0000007457800000,0x0000007457900000)]
  0x000001ba5a646800 JavaThread "Incoming local TCP Connector on port 56540" [_thread_in_native, id=15228, stack(0x0000007457900000,0x0000007457a00000)]
  0x000001ba5c891000 JavaThread "Daemon periodic checks" [_thread_blocked, id=3616, stack(0x0000007457a00000,0x0000007457b00000)]
  0x000001ba5b810800 JavaThread "Daemon" [_thread_blocked, id=13956, stack(0x0000007457b00000,0x0000007457c00000)]
  0x000001ba5d0d1800 JavaThread "Handler for socket connection from /127.0.0.1:56540 to /127.0.0.1:56541" [_thread_in_native, id=9460, stack(0x0000007457c00000,0x0000007457d00000)]
  0x000001ba5b12a800 JavaThread "Cancel handler" [_thread_blocked, id=14732, stack(0x0000007457d00000,0x0000007457e00000)]
  0x000001ba5bf27800 JavaThread "Daemon worker" [_thread_blocked, id=3252, stack(0x0000007457e00000,0x0000007457f00000)]
  0x000001ba5bbe3000 JavaThread "Asynchronous log dispatcher for DefaultDaemonConnection: socket connection from /127.0.0.1:56540 to /127.0.0.1:56541" [_thread_blocked, id=3708, stack(0x0000007457f00000,0x0000007458000000)]
  0x000001ba5c773000 JavaThread "Stdin handler" [_thread_blocked, id=15208, stack(0x0000007458000000,0x0000007458100000)]
  0x000001ba5b6f3000 JavaThread "Daemon client event forwarder" [_thread_blocked, id=4164, stack(0x0000007458100000,0x0000007458200000)]
  0x000001ba5b6f2000 JavaThread "Cache worker for file hash cache (C:\Users\quocm\.gradle\caches\6.8\fileHashes)" [_thread_blocked, id=8360, stack(0x0000007458200000,0x0000007458300000)]
  0x000001ba5b6f8800 JavaThread "File lock request listener" [_thread_in_native, id=11592, stack(0x0000007458300000,0x0000007458400000)]
  0x000001ba5b6f7000 JavaThread "Cache worker for journal cache (C:\Users\quocm\.gradle\caches\journal-1)" [_thread_blocked, id=9876, stack(0x0000007458400000,0x0000007458500000)]
  0x000001ba5b6f3800 JavaThread "Cache worker for file hash cache (D:\ReactNative\FullApp\TestProject\android\.gradle\6.8\fileHashes)" [_thread_blocked, id=8668, stack(0x0000007458d00000,0x0000007458e00000)]
  0x000001ba5b6f4800 JavaThread "Cache worker for checksums cache (D:\ReactNative\FullApp\TestProject\android\.gradle\checksums)" [_thread_blocked, id=4732, stack(0x0000007458e00000,0x0000007458f00000)]
  0x000001ba5b6f5800 JavaThread "Cache worker for cache directory md-supplier (C:\Users\quocm\.gradle\caches\6.8\md-supplier)" [_thread_blocked, id=14584, stack(0x0000007458f00000,0x0000007459000000)]
  0x000001ba5b6f8000 JavaThread "Cache worker for cache directory md-rule (C:\Users\quocm\.gradle\caches\6.8\md-rule)" [_thread_blocked, id=8352, stack(0x0000007459000000,0x0000007459100000)]
  0x000001ba5b6f6000 JavaThread "Cache worker for execution history cache (C:\Users\quocm\.gradle\caches\6.8\executionHistory)" [_thread_blocked, id=9692, stack(0x0000007459100000,0x0000007459200000)]
  0x000001ba5b71e000 JavaThread "Cache worker for file content cache (C:\Users\quocm\.gradle\caches\6.8\fileContent)" [_thread_blocked, id=11928, stack(0x0000007459300000,0x0000007459400000)]
  0x000001ba5b71d800 JavaThread "Cache worker for Build Output Cleanup Cache (D:\ReactNative\FullApp\TestProject\android\.gradle\buildOutputCleanup)" [_thread_blocked, id=3908, stack(0x0000007459400000,0x0000007459500000)]
  0x000001ba5b71a000 JavaThread "Build operations" [_thread_blocked, id=5356, stack(0x0000007458b00000,0x0000007458c00000)]
  0x000001ba5b71b000 JavaThread "Build operations Thread 2" [_thread_blocked, id=14932, stack(0x0000007458c00000,0x0000007458d00000)]
  0x000001ba5b721800 JavaThread "Build operations Thread 3" [_thread_blocked, id=13208, stack(0x0000007459500000,0x0000007459600000)]
  0x000001ba5b723000 JavaThread "Build operations Thread 4" [_thread_blocked, id=14492, stack(0x0000007459600000,0x0000007459700000)]
  0x000001ba5b722800 JavaThread "Build operations Thread 5" [_thread_blocked, id=11584, stack(0x0000007459700000,0x0000007459800000)]
  0x000001ba5b71f000 JavaThread "Build operations Thread 6" [_thread_blocked, id=11952, stack(0x0000007459800000,0x0000007459900000)]
  0x000001ba5b724800 JavaThread "Build operations Thread 7" [_thread_blocked, id=10248, stack(0x0000007459900000,0x0000007459a00000)]
  0x000001ba5b724000 JavaThread "Build operations Thread 8" [_thread_blocked, id=8680, stack(0x0000007459a00000,0x0000007459b00000)]
  0x000001ba5b725800 JavaThread "Build operations Thread 9" [_thread_blocked, id=14912, stack(0x0000007459b00000,0x0000007459c00000)]
  0x000001ba5b726800 JavaThread "Build operations Thread 10" [_thread_blocked, id=15308, stack(0x0000007459c00000,0x0000007459d00000)]
  0x000001ba5b720800 JavaThread "Build operations Thread 11" [_thread_blocked, id=6640, stack(0x0000007459d00000,0x0000007459e00000)]
  0x000001ba5b727000 JavaThread "Build operations Thread 12" [_thread_blocked, id=11916, stack(0x0000007459e00000,0x0000007459f00000)]
  0x000001ba5b8b0000 JavaThread "Memory manager" [_thread_blocked, id=1092, stack(0x000000745fb00000,0x000000745fc00000)]
  0x000001ba5b8bc000 JavaThread "Execution worker for ':'" [_thread_blocked, id=15852, stack(0x0000007460300000,0x0000007460400000)]
  0x000001ba5b8b9000 JavaThread "Execution worker for ':' Thread 2" [_thread_blocked, id=15856, stack(0x0000007460400000,0x0000007460500000)]
  0x000001ba5b8b7000 JavaThread "Execution worker for ':' Thread 3" [_thread_blocked, id=15864, stack(0x0000007460500000,0x0000007460600000)]
  0x000001ba5b8be000 JavaThread "Execution worker for ':' Thread 4" [_thread_blocked, id=15860, stack(0x0000007460600000,0x0000007460700000)]
  0x000001ba5b8b8000 JavaThread "Execution worker for ':' Thread 5" [_thread_blocked, id=15832, stack(0x0000007460700000,0x0000007460800000)]
  0x000001ba5ed1f000 JavaThread "Execution worker for ':' Thread 6" [_thread_blocked, id=15828, stack(0x0000007460800000,0x0000007460900000)]
  0x000001ba5ed1d800 JavaThread "Execution worker for ':' Thread 7" [_thread_blocked, id=2368, stack(0x0000007460900000,0x0000007460a00000)]
  0x000001ba5ed20000 JavaThread "Execution worker for ':' Thread 8" [_thread_blocked, id=10080, stack(0x0000007460a00000,0x0000007460b00000)]
  0x000001ba5ed1c000 JavaThread "Execution worker for ':' Thread 9" [_thread_blocked, id=15932, stack(0x0000007460b00000,0x0000007460c00000)]
  0x000001ba5ed1e000 JavaThread "Execution worker for ':' Thread 10" [_thread_blocked, id=15928, stack(0x0000007460c00000,0x0000007460d00000)]
  0x000001ba5ed21800 JavaThread "Execution worker for ':' Thread 11" [_thread_in_native, id=15936, stack(0x0000007460d00000,0x0000007460e00000)]
  0x000001ba5ed22800 JavaThread "Cache worker for execution history cache (D:\ReactNative\FullApp\TestProject\android\.gradle\6.8\executionHistory)" [_thread_blocked, id=15924, stack(0x0000007460e00000,0x0000007460f00000)]
  0x000001ba5b8b2800 JavaThread "Exec process" [_thread_blocked, id=1420, stack(0x0000007455d00000,0x0000007455e00000)]
  0x000001ba5b8b5000 JavaThread "Exec process Thread 2" [_thread_blocked, id=15644, stack(0x0000007459200000,0x0000007459300000)]
  0x000001ba5b8b3000 JavaThread "Exec process Thread 3" [_thread_blocked, id=15668, stack(0x0000007459f00000,0x000000745a000000)]
  0x000001ba5b8b5800 JavaThread "C2 CompilerThread1" daemon [_thread_in_native, id=9008, stack(0x0000007455e00000,0x0000007455f00000)]
  0x000001ba5b8b4000 JavaThread "C2 CompilerThread2" daemon [_thread_in_native, id=9588, stack(0x0000007455f00000,0x0000007456000000)]
  0x000001ba5b8b0800 JavaThread "WorkerExecutor Queue" [_thread_blocked, id=2344, stack(0x000000745a000000,0x000000745a100000)]
  0x000001ba5b8b6800 JavaThread "WorkerExecutor Queue Thread 2" [_thread_blocked, id=5904, stack(0x000000745a100000,0x000000745a200000)]

Other Threads:
  0x000001ba58e1e800 VMThread "VM Thread" [stack: 0x0000007456600000,0x0000007456700000] [id=11104]
  0x000001ba59842800 WatcherThread [stack: 0x0000007457000000,0x0000007457100000] [id=10316]
  0x000001ba3e549800 GCTaskThread "GC Thread#0" [stack: 0x0000007456100000,0x0000007456200000] [id=1876]
  0x000001ba5a254800 GCTaskThread "GC Thread#1" [stack: 0x0000007457200000,0x0000007457300000] [id=13348]
  0x000001ba5a4bd800 GCTaskThread "GC Thread#2" [stack: 0x0000007457300000,0x0000007457400000] [id=988]
  0x000001ba5a4be000 GCTaskThread "GC Thread#3" [stack: 0x0000007457400000,0x0000007457500000] [id=4720]
  0x000001ba5a38b000 GCTaskThread "GC Thread#4" [stack: 0x0000007457500000,0x0000007457600000] [id=2288]
  0x000001ba5a38c000 GCTaskThread "GC Thread#5" [stack: 0x0000007457600000,0x0000007457700000] [id=14376]
  0x000001ba5c17d000 GCTaskThread "GC Thread#6" [stack: 0x0000007458500000,0x0000007458600000] [id=4452]
  0x000001ba5b94b000 GCTaskThread "GC Thread#7" [stack: 0x0000007458600000,0x0000007458700000] [id=1784]
  0x000001ba5b9d3800 GCTaskThread "GC Thread#8" [stack: 0x0000007458700000,0x0000007458800000] [id=15356]
  0x000001ba5c906000 GCTaskThread "GC Thread#9" [stack: 0x0000007458800000,0x0000007458900000] [id=12716]
  0x000001ba3e579000 ConcurrentGCThread "G1 Main Marker" [stack: 0x0000007456200000,0x0000007456300000] [id=15224]
  0x000001ba3e57b800 ConcurrentGCThread "G1 Conc#0" [stack: 0x0000007456300000,0x0000007456400000] [id=13180]
  0x000001ba5a3d5000 ConcurrentGCThread "G1 Conc#1" [stack: 0x0000007458900000,0x0000007458a00000] [id=3568]
  0x000001ba5b67f000 ConcurrentGCThread "G1 Conc#2" [stack: 0x0000007458a00000,0x0000007458b00000] [id=14360]
  0x000001ba58ca2800 ConcurrentGCThread "G1 Refine#0" [stack: 0x0000007456400000,0x0000007456500000] [id=15052]
  0x000001ba5ec47000 ConcurrentGCThread "G1 Refine#1" [stack: 0x000000745fa00000,0x000000745fb00000] [id=16000]
  0x000001ba5ec45800 ConcurrentGCThread "G1 Refine#2" [stack: 0x000000745fc00000,0x000000745fd00000] [id=16004]
  0x000001ba58ca3000 ConcurrentGCThread "G1 Young RemSet Sampling" [stack: 0x0000007456500000,0x0000007456600000] [id=1780]

Threads with active compile tasks:
C2 CompilerThread0 410295 14960       4       org.gradle.internal.operations.DefaultBuildOperationRunner$CallableBuildOperationWorker::execute (10 bytes)
C2 CompilerThread1 410295 15058       4       org.gradle.internal.operations.DefaultBuildOperationRunner::execute (23 bytes)
C2 CompilerThread2 410295 15200       4       org.gradle.internal.logging.progress.DefaultProgressLoggerFactory$ProgressLoggerImpl::started (191 bytes)

VM state:not at safepoint (normal execution)

VM Mutex/Monitor currently owned by a thread: None

Heap address: 0x0000000080000000, size: 2048 MB, Compressed Oops mode: 32-bit
Narrow klass base: 0x0000000000000000, Narrow klass shift: 3
Compressed class space size: 1073741824 Address: 0x0000000100000000

Heap:
 garbage-first heap   total 260096K, used 221840K [0x0000000080000000, 0x0000000100000000)
  region size 1024K, 5 young (5120K), 1 survivors (1024K)
 Metaspace       used 92369K, capacity 99434K, committed 99584K, reserved 1134592K
  class space    used 12117K, capacity 14832K, committed 14848K, reserved 1048576K
Heap Regions: E=young(eden), S=young(survivor), O=old, HS=humongous(starts), HC=humongous(continues), CS=collection set, F=free, A=archive, TAMS=top-at-mark-start (previous, next)
|   0|0x0000000080000000, 0x0000000080100000, 0x0000000080100000|100%| O|  |TAMS 0x0000000080100000, 0x0000000080100000| Untracked 
|   1|0x0000000080100000, 0x0000000080200000, 0x0000000080200000|100%| O|  |TAMS 0x0000000080200000, 0x0000000080200000| Untracked 
|   2|0x0000000080200000, 0x0000000080300000, 0x0000000080300000|100%| O|  |TAMS 0x0000000080300000, 0x0000000080300000| Untracked 
|   3|0x0000000080300000, 0x0000000080400000, 0x0000000080400000|100%|HS|  |TAMS 0x0000000080400000, 0x0000000080400000| Complete 
|   4|0x0000000080400000, 0x0000000080500000, 0x0000000080500000|100%|HC|  |TAMS 0x0000000080500000, 0x0000000080500000| Complete 
|   5|0x0000000080500000, 0x0000000080600000, 0x0000000080600000|100%|HC|  |TAMS 0x0000000080600000, 0x0000000080600000| Complete 
|   6|0x0000000080600000, 0x0000000080700000, 0x0000000080700000|100%| O|  |TAMS 0x0000000080700000, 0x0000000080700000| Untracked 
|   7|0x0000000080700000, 0x0000000080800000, 0x0000000080800000|100%| O|  |TAMS 0x0000000080800000, 0x0000000080800000| Untracked 
|   8|0x0000000080800000, 0x0000000080900000, 0x0000000080900000|100%| O|  |TAMS 0x0000000080900000, 0x0000000080900000| Untracked 
|   9|0x0000000080900000, 0x0000000080a00000, 0x0000000080a00000|100%| O|  |TAMS 0x0000000080a00000, 0x0000000080a00000| Untracked 
|  10|0x0000000080a00000, 0x0000000080b00000, 0x0000000080b00000|100%| O|  |TAMS 0x0000000080b00000, 0x0000000080b00000| Untracked 
|  11|0x0000000080b00000, 0x0000000080c00000, 0x0000000080c00000|100%| O|  |TAMS 0x0000000080c00000, 0x0000000080c00000| Untracked 
|  12|0x0000000080c00000, 0x0000000080d00000, 0x0000000080d00000|100%| O|  |TAMS 0x0000000080d00000, 0x0000000080d00000| Untracked 
|  13|0x0000000080d00000, 0x0000000080e00000, 0x0000000080e00000|100%| O|  |TAMS 0x0000000080e00000, 0x0000000080e00000| Untracked 
|  14|0x0000000080e00000, 0x0000000080f00000, 0x0000000080f00000|100%| O|  |TAMS 0x0000000080f00000, 0x0000000080f00000| Untracked 
|  15|0x0000000080f00000, 0x0000000081000000, 0x0000000081000000|100%| O|  |TAMS 0x0000000081000000, 0x0000000081000000| Untracked 
|  16|0x0000000081000000, 0x0000000081100000, 0x0000000081100000|100%| O|  |TAMS 0x0000000081100000, 0x0000000081100000| Untracked 
|  17|0x0000000081100000, 0x0000000081200000, 0x0000000081200000|100%| O|  |TAMS 0x0000000081200000, 0x0000000081200000| Untracked 
|  18|0x0000000081200000, 0x0000000081300000, 0x0000000081300000|100%| O|  |TAMS 0x0000000081300000, 0x0000000081300000| Untracked 
|  19|0x0000000081300000, 0x0000000081400000, 0x0000000081400000|100%| O|  |TAMS 0x0000000081400000, 0x0000000081400000| Untracked 
|  20|0x0000000081400000, 0x0000000081500000, 0x0000000081500000|100%| O|  |TAMS 0x0000000081500000, 0x0000000081500000| Untracked 
|  21|0x0000000081500000, 0x0000000081600000, 0x0000000081600000|100%| O|  |TAMS 0x0000000081600000, 0x0000000081600000| Untracked 
|  22|0x0000000081600000, 0x0000000081700000, 0x0000000081700000|100%| O|  |TAMS 0x0000000081700000, 0x0000000081700000| Untracked 
|  23|0x0000000081700000, 0x0000000081800000, 0x0000000081800000|100%|HS|  |TAMS 0x0000000081800000, 0x0000000081800000| Complete 
|  24|0x0000000081800000, 0x0000000081900000, 0x0000000081900000|100%| O|  |TAMS 0x0000000081900000, 0x0000000081900000| Untracked 
|  25|0x0000000081900000, 0x0000000081a00000, 0x0000000081a00000|100%| O|  |TAMS 0x0000000081a00000, 0x0000000081a00000| Untracked 
|  26|0x0000000081a00000, 0x0000000081a00000, 0x0000000081b00000|  0%| F|  |TAMS 0x0000000081a00000, 0x0000000081a00000| Untracked 
|  27|0x0000000081b00000, 0x0000000081c00000, 0x0000000081c00000|100%| O|  |TAMS 0x0000000081c00000, 0x0000000081c00000| Untracked 
|  28|0x0000000081c00000, 0x0000000081d00000, 0x0000000081d00000|100%|HS|  |TAMS 0x0000000081d00000, 0x0000000081d00000| Complete 
|  29|0x0000000081d00000, 0x0000000081e00000, 0x0000000081e00000|100%|HC|  |TAMS 0x0000000081e00000, 0x0000000081e00000| Complete 
|  30|0x0000000081e00000, 0x0000000081f00000, 0x0000000081f00000|100%| O|  |TAMS 0x0000000081f00000, 0x0000000081f00000| Untracked 
|  31|0x0000000081f00000, 0x0000000082000000, 0x0000000082000000|100%| O|  |TAMS 0x0000000082000000, 0x0000000082000000| Untracked 
|  32|0x0000000082000000, 0x0000000082100000, 0x0000000082100000|100%| O|  |TAMS 0x0000000082100000, 0x0000000082100000| Untracked 
|  33|0x0000000082100000, 0x0000000082200000, 0x0000000082200000|100%| O|  |TAMS 0x0000000082200000, 0x0000000082200000| Untracked 
|  34|0x0000000082200000, 0x0000000082300000, 0x0000000082300000|100%| O|  |TAMS 0x0000000082300000, 0x0000000082300000| Untracked 
|  35|0x0000000082300000, 0x0000000082400000, 0x0000000082400000|100%| O|  |TAMS 0x0000000082400000, 0x0000000082400000| Untracked 
|  36|0x0000000082400000, 0x0000000082500000, 0x0000000082500000|100%| O|  |TAMS 0x0000000082500000, 0x0000000082500000| Untracked 
|  37|0x0000000082500000, 0x0000000082600000, 0x0000000082600000|100%| O|  |TAMS 0x0000000082600000, 0x0000000082600000| Untracked 
|  38|0x0000000082600000, 0x0000000082700000, 0x0000000082700000|100%| O|  |TAMS 0x0000000082700000, 0x0000000082700000| Untracked 
|  39|0x0000000082700000, 0x0000000082700000, 0x0000000082800000|  0%| F|  |TAMS 0x0000000082700000, 0x0000000082700000| Untracked 
|  40|0x0000000082800000, 0x0000000082900000, 0x0000000082900000|100%| O|  |TAMS 0x0000000082900000, 0x0000000082900000| Untracked 
|  41|0x0000000082900000, 0x0000000082a00000, 0x0000000082a00000|100%| O|  |TAMS 0x0000000082a00000, 0x0000000082a00000| Untracked 
|  42|0x0000000082a00000, 0x0000000082b00000, 0x0000000082b00000|100%| O|  |TAMS 0x0000000082b00000, 0x0000000082b00000| Untracked 
|  43|0x0000000082b00000, 0x0000000082c00000, 0x0000000082c00000|100%| O|  |TAMS 0x0000000082c00000, 0x0000000082c00000| Untracked 
|  44|0x0000000082c00000, 0x0000000082d00000, 0x0000000082d00000|100%| O|  |TAMS 0x0000000082d00000, 0x0000000082d00000| Untracked 
|  45|0x0000000082d00000, 0x0000000082e00000, 0x0000000082e00000|100%| O|  |TAMS 0x0000000082e00000, 0x0000000082e00000| Untracked 
|  46|0x0000000082e00000, 0x0000000082f00000, 0x0000000082f00000|100%| O|  |TAMS 0x0000000082f00000, 0x0000000082f00000| Untracked 
|  47|0x0000000082f00000, 0x0000000083000000, 0x0000000083000000|100%| O|  |TAMS 0x0000000083000000, 0x0000000083000000| Untracked 
|  48|0x0000000083000000, 0x0000000083100000, 0x0000000083100000|100%| O|  |TAMS 0x0000000083100000, 0x0000000083100000| Untracked 
|  49|0x0000000083100000, 0x0000000083200000, 0x0000000083200000|100%| O|  |TAMS 0x0000000083200000, 0x0000000083200000| Untracked 
|  50|0x0000000083200000, 0x0000000083300000, 0x0000000083300000|100%| O|  |TAMS 0x0000000083300000, 0x0000000083300000| Untracked 
|  51|0x0000000083300000, 0x0000000083400000, 0x0000000083400000|100%| O|  |TAMS 0x0000000083400000, 0x0000000083400000| Untracked 
|  52|0x0000000083400000, 0x0000000083500000, 0x0000000083500000|100%| O|  |TAMS 0x0000000083500000, 0x0000000083500000| Untracked 
|  53|0x0000000083500000, 0x0000000083600000, 0x0000000083600000|100%| O|  |TAMS 0x0000000083600000, 0x0000000083600000| Untracked 
|  54|0x0000000083600000, 0x0000000083700000, 0x0000000083700000|100%| O|  |TAMS 0x0000000083700000, 0x0000000083700000| Untracked 
|  55|0x0000000083700000, 0x0000000083800000, 0x0000000083800000|100%| O|  |TAMS 0x0000000083800000, 0x0000000083800000| Untracked 
|  56|0x0000000083800000, 0x0000000083900000, 0x0000000083900000|100%| O|  |TAMS 0x0000000083900000, 0x0000000083900000| Untracked 
|  57|0x0000000083900000, 0x0000000083a00000, 0x0000000083a00000|100%| O|  |TAMS 0x0000000083a00000, 0x0000000083a00000| Untracked 
|  58|0x0000000083a00000, 0x0000000083b00000, 0x0000000083b00000|100%| O|  |TAMS 0x0000000083b00000, 0x0000000083b00000| Untracked 
|  59|0x0000000083b00000, 0x0000000083c00000, 0x0000000083c00000|100%| O|  |TAMS 0x0000000083c00000, 0x0000000083c00000| Untracked 
|  60|0x0000000083c00000, 0x0000000083d00000, 0x0000000083d00000|100%|HS|  |TAMS 0x0000000083d00000, 0x0000000083d00000| Complete 
|  61|0x0000000083d00000, 0x0000000083e00000, 0x0000000083e00000|100%|HC|  |TAMS 0x0000000083e00000, 0x0000000083e00000| Complete 
|  62|0x0000000083e00000, 0x0000000083f00000, 0x0000000083f00000|100%|HC|  |TAMS 0x0000000083f00000, 0x0000000083f00000| Complete 
|  63|0x0000000083f00000, 0x0000000083f00000, 0x0000000084000000|  0%| F|  |TAMS 0x0000000083f00000, 0x0000000083f00000| Untracked 
|  64|0x0000000084000000, 0x0000000084100000, 0x0000000084100000|100%| O|  |TAMS 0x0000000084100000, 0x0000000084100000| Untracked 
|  65|0x0000000084100000, 0x0000000084200000, 0x0000000084200000|100%| O|  |TAMS 0x0000000084200000, 0x0000000084200000| Untracked 
|  66|0x0000000084200000, 0x0000000084300000, 0x0000000084300000|100%| O|  |TAMS 0x0000000084300000, 0x0000000084300000| Untracked 
|  67|0x0000000084300000, 0x0000000084400000, 0x0000000084400000|100%| O|  |TAMS 0x0000000084400000, 0x0000000084400000| Untracked 
|  68|0x0000000084400000, 0x0000000084500000, 0x0000000084500000|100%| O|  |TAMS 0x0000000084500000, 0x0000000084500000| Untracked 
|  69|0x0000000084500000, 0x0000000084600000, 0x0000000084600000|100%| O|  |TAMS 0x0000000084600000, 0x0000000084600000| Untracked 
|  70|0x0000000084600000, 0x0000000084700000, 0x0000000084700000|100%| O|  |TAMS 0x0000000084700000, 0x0000000084700000| Untracked 
|  71|0x0000000084700000, 0x0000000084800000, 0x0000000084800000|100%| O|  |TAMS 0x0000000084800000, 0x0000000084800000| Untracked 
|  72|0x0000000084800000, 0x0000000084900000, 0x0000000084900000|100%| O|  |TAMS 0x0000000084900000, 0x0000000084900000| Untracked 
|  73|0x0000000084900000, 0x0000000084a00000, 0x0000000084a00000|100%| O|  |TAMS 0x0000000084a00000, 0x0000000084a00000| Untracked 
|  74|0x0000000084a00000, 0x0000000084b00000, 0x0000000084b00000|100%|HS|  |TAMS 0x0000000084b00000, 0x0000000084b00000| Complete 
|  75|0x0000000084b00000, 0x0000000084c00000, 0x0000000084c00000|100%|HC|  |TAMS 0x0000000084c00000, 0x0000000084c00000| Complete 
|  76|0x0000000084c00000, 0x0000000084d00000, 0x0000000084d00000|100%|HC|  |TAMS 0x0000000084d00000, 0x0000000084d00000| Complete 
|  77|0x0000000084d00000, 0x0000000084e00000, 0x0000000084e00000|100%| O|  |TAMS 0x0000000084e00000, 0x0000000084e00000| Untracked 
|  78|0x0000000084e00000, 0x0000000084f00000, 0x0000000084f00000|100%| O|  |TAMS 0x0000000084f00000, 0x0000000084f00000| Untracked 
|  79|0x0000000084f00000, 0x0000000085000000, 0x0000000085000000|100%| O|  |TAMS 0x0000000085000000, 0x0000000085000000| Untracked 
|  80|0x0000000085000000, 0x0000000085100000, 0x0000000085100000|100%| O|  |TAMS 0x0000000085100000, 0x0000000085100000| Untracked 
|  81|0x0000000085100000, 0x0000000085200000, 0x0000000085200000|100%| O|  |TAMS 0x0000000085200000, 0x0000000085200000| Untracked 
|  82|0x0000000085200000, 0x0000000085300000, 0x0000000085300000|100%| O|  |TAMS 0x0000000085300000, 0x0000000085300000| Untracked 
|  83|0x0000000085300000, 0x0000000085400000, 0x0000000085400000|100%| O|  |TAMS 0x0000000085400000, 0x0000000085400000| Untracked 
|  84|0x0000000085400000, 0x0000000085500000, 0x0000000085500000|100%| O|  |TAMS 0x0000000085500000, 0x0000000085500000| Untracked 
|  85|0x0000000085500000, 0x0000000085600000, 0x0000000085600000|100%| O|  |TAMS 0x0000000085600000, 0x0000000085600000| Untracked 
|  86|0x0000000085600000, 0x0000000085700000, 0x0000000085700000|100%| O|  |TAMS 0x0000000085700000, 0x0000000085700000| Untracked 
|  87|0x0000000085700000, 0x0000000085800000, 0x0000000085800000|100%| O|  |TAMS 0x0000000085800000, 0x0000000085800000| Untracked 
|  88|0x0000000085800000, 0x0000000085900000, 0x0000000085900000|100%| O|  |TAMS 0x0000000085900000, 0x0000000085900000| Untracked 
|  89|0x0000000085900000, 0x0000000085a00000, 0x0000000085a00000|100%| O|  |TAMS 0x0000000085a00000, 0x0000000085a00000| Untracked 
|  90|0x0000000085a00000, 0x0000000085b00000, 0x0000000085b00000|100%| O|  |TAMS 0x0000000085b00000, 0x0000000085b00000| Untracked 
|  91|0x0000000085b00000, 0x0000000085c00000, 0x0000000085c00000|100%| O|  |TAMS 0x0000000085c00000, 0x0000000085c00000| Untracked 
|  92|0x0000000085c00000, 0x0000000085d00000, 0x0000000085d00000|100%| O|  |TAMS 0x0000000085d00000, 0x0000000085d00000| Untracked 
|  93|0x0000000085d00000, 0x0000000085e00000, 0x0000000085e00000|100%| O|  |TAMS 0x0000000085e00000, 0x0000000085e00000| Untracked 
|  94|0x0000000085e00000, 0x0000000085e00000, 0x0000000085f00000|  0%| F|  |TAMS 0x0000000085e00000, 0x0000000085e00000| Untracked 
|  95|0x0000000085f00000, 0x0000000086000000, 0x0000000086000000|100%|HS|  |TAMS 0x0000000086000000, 0x0000000086000000| Complete 
|  96|0x0000000086000000, 0x0000000086100000, 0x0000000086100000|100%|HC|  |TAMS 0x0000000086100000, 0x0000000086100000| Complete 
|  97|0x0000000086100000, 0x0000000086200000, 0x0000000086200000|100%| O|  |TAMS 0x0000000086200000, 0x0000000086200000| Untracked 
|  98|0x0000000086200000, 0x0000000086300000, 0x0000000086300000|100%| O|  |TAMS 0x0000000086300000, 0x0000000086300000| Untracked 
|  99|0x0000000086300000, 0x0000000086400000, 0x0000000086400000|100%| O|  |TAMS 0x0000000086400000, 0x0000000086400000| Untracked 
| 100|0x0000000086400000, 0x0000000086500000, 0x0000000086500000|100%| O|  |TAMS 0x0000000086500000, 0x0000000086500000| Untracked 
| 101|0x0000000086500000, 0x0000000086600000, 0x0000000086600000|100%| O|  |TAMS 0x0000000086600000, 0x0000000086600000| Untracked 
| 102|0x0000000086600000, 0x0000000086700000, 0x0000000086700000|100%| O|  |TAMS 0x0000000086700000, 0x0000000086700000| Untracked 
| 103|0x0000000086700000, 0x0000000086800000, 0x0000000086800000|100%| O|  |TAMS 0x0000000086800000, 0x0000000086800000| Untracked 
| 104|0x0000000086800000, 0x0000000086900000, 0x0000000086900000|100%| O|  |TAMS 0x0000000086900000, 0x0000000086900000| Untracked 
| 105|0x0000000086900000, 0x0000000086a00000, 0x0000000086a00000|100%| O|  |TAMS 0x0000000086a00000, 0x0000000086a00000| Untracked 
| 106|0x0000000086a00000, 0x0000000086b00000, 0x0000000086b00000|100%| O|  |TAMS 0x0000000086b00000, 0x0000000086b00000| Untracked 
| 107|0x0000000086b00000, 0x0000000086c00000, 0x0000000086c00000|100%| O|  |TAMS 0x0000000086c00000, 0x0000000086c00000| Untracked 
| 108|0x0000000086c00000, 0x0000000086d00000, 0x0000000086d00000|100%| O|  |TAMS 0x0000000086d00000, 0x0000000086d00000| Untracked 
| 109|0x0000000086d00000, 0x0000000086e00000, 0x0000000086e00000|100%| O|  |TAMS 0x0000000086e00000, 0x0000000086e00000| Untracked 
| 110|0x0000000086e00000, 0x0000000086f00000, 0x0000000086f00000|100%| O|  |TAMS 0x0000000086f00000, 0x0000000086f00000| Untracked 
| 111|0x0000000086f00000, 0x0000000087000000, 0x0000000087000000|100%| O|  |TAMS 0x0000000087000000, 0x0000000087000000| Untracked 
| 112|0x0000000087000000, 0x0000000087100000, 0x0000000087100000|100%| O|  |TAMS 0x0000000087100000, 0x0000000087100000| Untracked 
| 113|0x0000000087100000, 0x0000000087200000, 0x0000000087200000|100%| O|  |TAMS 0x0000000087200000, 0x0000000087200000| Untracked 
| 114|0x0000000087200000, 0x0000000087300000, 0x0000000087300000|100%| O|  |TAMS 0x0000000087300000, 0x0000000087300000| Untracked 
| 115|0x0000000087300000, 0x0000000087400000, 0x0000000087400000|100%| O|  |TAMS 0x0000000087400000, 0x0000000087400000| Untracked 
| 116|0x0000000087400000, 0x0000000087500000, 0x0000000087500000|100%| O|  |TAMS 0x0000000087500000, 0x0000000087500000| Untracked 
| 117|0x0000000087500000, 0x0000000087600000, 0x0000000087600000|100%| O|  |TAMS 0x0000000087600000, 0x0000000087600000| Untracked 
| 118|0x0000000087600000, 0x0000000087700000, 0x0000000087700000|100%| O|  |TAMS 0x0000000087700000, 0x0000000087700000| Untracked 
| 119|0x0000000087700000, 0x0000000087800000, 0x0000000087800000|100%| O|  |TAMS 0x0000000087800000, 0x0000000087800000| Untracked 
| 120|0x0000000087800000, 0x0000000087900000, 0x0000000087900000|100%| O|  |TAMS 0x0000000087900000, 0x0000000087900000| Untracked 
| 121|0x0000000087900000, 0x0000000087a00000, 0x0000000087a00000|100%| O|  |TAMS 0x0000000087a00000, 0x0000000087a00000| Untracked 
| 122|0x0000000087a00000, 0x0000000087b00000, 0x0000000087b00000|100%| O|  |TAMS 0x0000000087b00000, 0x0000000087b00000| Untracked 
| 123|0x0000000087b00000, 0x0000000087c00000, 0x0000000087c00000|100%| O|  |TAMS 0x0000000087c00000, 0x0000000087c00000| Untracked 
| 124|0x0000000087c00000, 0x0000000087d00000, 0x0000000087d00000|100%| O|  |TAMS 0x0000000087d00000, 0x0000000087d00000| Untracked 
| 125|0x0000000087d00000, 0x0000000087e00000, 0x0000000087e00000|100%| O|  |TAMS 0x0000000087e00000, 0x0000000087e00000| Untracked 
| 126|0x0000000087e00000, 0x0000000087f00000, 0x0000000087f00000|100%| O|  |TAMS 0x0000000087f00000, 0x0000000087f00000| Untracked 
| 127|0x0000000087f00000, 0x0000000088000000, 0x0000000088000000|100%| O|  |TAMS 0x0000000088000000, 0x0000000088000000| Untracked 
| 128|0x0000000088000000, 0x0000000088100000, 0x0000000088100000|100%| O|  |TAMS 0x0000000088100000, 0x0000000088100000| Untracked 
| 129|0x0000000088100000, 0x0000000088200000, 0x0000000088200000|100%| O|  |TAMS 0x0000000088200000, 0x0000000088200000| Untracked 
| 130|0x0000000088200000, 0x0000000088300000, 0x0000000088300000|100%| O|  |TAMS 0x0000000088300000, 0x0000000088300000| Untracked 
| 131|0x0000000088300000, 0x0000000088400000, 0x0000000088400000|100%| O|  |TAMS 0x0000000088400000, 0x0000000088400000| Untracked 
| 132|0x0000000088400000, 0x0000000088500000, 0x0000000088500000|100%| O|  |TAMS 0x0000000088500000, 0x0000000088500000| Untracked 
| 133|0x0000000088500000, 0x0000000088600000, 0x0000000088600000|100%| O|  |TAMS 0x0000000088600000, 0x0000000088600000| Untracked 
| 134|0x0000000088600000, 0x0000000088700000, 0x0000000088700000|100%| O|  |TAMS 0x0000000088700000, 0x0000000088700000| Untracked 
| 135|0x0000000088700000, 0x0000000088800000, 0x0000000088800000|100%| O|  |TAMS 0x0000000088800000, 0x0000000088800000| Untracked 
| 136|0x0000000088800000, 0x0000000088900000, 0x0000000088900000|100%| O|  |TAMS 0x0000000088900000, 0x0000000088900000| Untracked 
| 137|0x0000000088900000, 0x0000000088a00000, 0x0000000088a00000|100%| O|  |TAMS 0x0000000088a00000, 0x0000000088a00000| Untracked 
| 138|0x0000000088a00000, 0x0000000088b00000, 0x0000000088b00000|100%| O|  |TAMS 0x0000000088b00000, 0x0000000088b00000| Untracked 
| 139|0x0000000088b00000, 0x0000000088c00000, 0x0000000088c00000|100%| O|  |TAMS 0x0000000088c00000, 0x0000000088c00000| Untracked 
| 140|0x0000000088c00000, 0x0000000088d00000, 0x0000000088d00000|100%| O|  |TAMS 0x0000000088d00000, 0x0000000088d00000| Untracked 
| 141|0x0000000088d00000, 0x0000000088e00000, 0x0000000088e00000|100%| O|  |TAMS 0x0000000088e00000, 0x0000000088e00000| Untracked 
| 142|0x0000000088e00000, 0x0000000088f00000, 0x0000000088f00000|100%| O|  |TAMS 0x0000000088f00000, 0x0000000088f00000| Untracked 
| 143|0x0000000088f00000, 0x0000000089000000, 0x0000000089000000|100%| O|  |TAMS 0x0000000089000000, 0x0000000089000000| Untracked 
| 144|0x0000000089000000, 0x0000000089100000, 0x0000000089100000|100%| O|  |TAMS 0x0000000089100000, 0x0000000089100000| Untracked 
| 145|0x0000000089100000, 0x0000000089200000, 0x0000000089200000|100%| O|  |TAMS 0x0000000089200000, 0x0000000089200000| Untracked 
| 146|0x0000000089200000, 0x0000000089300000, 0x0000000089300000|100%| O|  |TAMS 0x0000000089300000, 0x0000000089300000| Untracked 
| 147|0x0000000089300000, 0x0000000089400000, 0x0000000089400000|100%| O|  |TAMS 0x0000000089400000, 0x0000000089400000| Untracked 
| 148|0x0000000089400000, 0x0000000089500000, 0x0000000089500000|100%| O|  |TAMS 0x0000000089500000, 0x0000000089500000| Untracked 
| 149|0x0000000089500000, 0x0000000089600000, 0x0000000089600000|100%| O|  |TAMS 0x0000000089513200, 0x0000000089600000| Untracked 
| 150|0x0000000089600000, 0x0000000089700000, 0x0000000089700000|100%| O|  |TAMS 0x0000000089700000, 0x0000000089700000| Untracked 
| 151|0x0000000089700000, 0x0000000089800000, 0x0000000089800000|100%| O|  |TAMS 0x0000000089800000, 0x0000000089800000| Untracked 
| 152|0x0000000089800000, 0x0000000089900000, 0x0000000089900000|100%| O|  |TAMS 0x0000000089900000, 0x0000000089900000| Untracked 
| 153|0x0000000089900000, 0x0000000089a00000, 0x0000000089a00000|100%| O|  |TAMS 0x0000000089a00000, 0x0000000089a00000| Untracked 
| 154|0x0000000089a00000, 0x0000000089b00000, 0x0000000089b00000|100%| O|  |TAMS 0x0000000089b00000, 0x0000000089b00000| Untracked 
| 155|0x0000000089b00000, 0x0000000089c00000, 0x0000000089c00000|100%| O|  |TAMS 0x0000000089c00000, 0x0000000089c00000| Untracked 
| 156|0x0000000089c00000, 0x0000000089d00000, 0x0000000089d00000|100%| O|  |TAMS 0x0000000089d00000, 0x0000000089d00000| Untracked 
| 157|0x0000000089d00000, 0x0000000089e00000, 0x0000000089e00000|100%| O|  |TAMS 0x0000000089e00000, 0x0000000089e00000| Untracked 
| 158|0x0000000089e00000, 0x0000000089f00000, 0x0000000089f00000|100%| O|  |TAMS 0x0000000089f00000, 0x0000000089f00000| Untracked 
| 159|0x0000000089f00000, 0x000000008a000000, 0x000000008a000000|100%| O|  |TAMS 0x000000008a000000, 0x000000008a000000| Untracked 
| 160|0x000000008a000000, 0x000000008a100000, 0x000000008a100000|100%| O|  |TAMS 0x000000008a100000, 0x000000008a100000| Untracked 
| 161|0x000000008a100000, 0x000000008a200000, 0x000000008a200000|100%| O|  |TAMS 0x000000008a200000, 0x000000008a200000| Untracked 
| 162|0x000000008a200000, 0x000000008a300000, 0x000000008a300000|100%|HS|  |TAMS 0x000000008a200000, 0x000000008a300000| Complete 
| 163|0x000000008a300000, 0x000000008a400000, 0x000000008a400000|100%| O|  |TAMS 0x000000008a400000, 0x000000008a400000| Untracked 
| 164|0x000000008a400000, 0x000000008a500000, 0x000000008a500000|100%| O|  |TAMS 0x000000008a400000, 0x000000008a500000| Untracked 
| 165|0x000000008a500000, 0x000000008a600000, 0x000000008a600000|100%| O|  |TAMS 0x000000008a600000, 0x000000008a600000| Untracked 
| 166|0x000000008a600000, 0x000000008a700000, 0x000000008a700000|100%| O|  |TAMS 0x000000008a700000, 0x000000008a700000| Untracked 
| 167|0x000000008a700000, 0x000000008a800000, 0x000000008a800000|100%| O|  |TAMS 0x000000008a800000, 0x000000008a800000| Untracked 
| 168|0x000000008a800000, 0x000000008a900000, 0x000000008a900000|100%| O|  |TAMS 0x000000008a900000, 0x000000008a900000| Untracked 
| 169|0x000000008a900000, 0x000000008aa00000, 0x000000008aa00000|100%| O|  |TAMS 0x000000008aa00000, 0x000000008aa00000| Untracked 
| 170|0x000000008aa00000, 0x000000008ab00000, 0x000000008ab00000|100%| O|  |TAMS 0x000000008ab00000, 0x000000008ab00000| Untracked 
| 171|0x000000008ab00000, 0x000000008ac00000, 0x000000008ac00000|100%| O|  |TAMS 0x000000008ac00000, 0x000000008ac00000| Untracked 
| 172|0x000000008ac00000, 0x000000008ad00000, 0x000000008ad00000|100%| O|  |TAMS 0x000000008ad00000, 0x000000008ad00000| Untracked 
| 173|0x000000008ad00000, 0x000000008ae00000, 0x000000008ae00000|100%| O|  |TAMS 0x000000008ae00000, 0x000000008ae00000| Untracked 
| 174|0x000000008ae00000, 0x000000008af00000, 0x000000008af00000|100%| O|  |TAMS 0x000000008af00000, 0x000000008af00000| Untracked 
| 175|0x000000008af00000, 0x000000008b000000, 0x000000008b000000|100%| O|  |TAMS 0x000000008b000000, 0x000000008b000000| Untracked 
| 176|0x000000008b000000, 0x000000008b100000, 0x000000008b100000|100%| O|  |TAMS 0x000000008b100000, 0x000000008b100000| Untracked 
| 177|0x000000008b100000, 0x000000008b200000, 0x000000008b200000|100%| O|  |TAMS 0x000000008b200000, 0x000000008b200000| Untracked 
| 178|0x000000008b200000, 0x000000008b300000, 0x000000008b300000|100%| O|  |TAMS 0x000000008b300000, 0x000000008b300000| Untracked 
| 179|0x000000008b300000, 0x000000008b400000, 0x000000008b400000|100%| O|  |TAMS 0x000000008b400000, 0x000000008b400000| Untracked 
| 180|0x000000008b400000, 0x000000008b500000, 0x000000008b500000|100%| O|  |TAMS 0x000000008b500000, 0x000000008b500000| Untracked 
| 181|0x000000008b500000, 0x000000008b600000, 0x000000008b600000|100%| O|  |TAMS 0x000000008b600000, 0x000000008b600000| Untracked 
| 182|0x000000008b600000, 0x000000008b700000, 0x000000008b700000|100%| O|  |TAMS 0x000000008b700000, 0x000000008b700000| Untracked 
| 183|0x000000008b700000, 0x000000008b800000, 0x000000008b800000|100%| O|  |TAMS 0x000000008b800000, 0x000000008b800000| Untracked 
| 184|0x000000008b800000, 0x000000008b900000, 0x000000008b900000|100%| O|  |TAMS 0x000000008b900000, 0x000000008b900000| Untracked 
| 185|0x000000008b900000, 0x000000008ba00000, 0x000000008ba00000|100%| O|  |TAMS 0x000000008ba00000, 0x000000008ba00000| Untracked 
| 186|0x000000008ba00000, 0x000000008bb00000, 0x000000008bb00000|100%| O|  |TAMS 0x000000008bb00000, 0x000000008bb00000| Untracked 
| 187|0x000000008bb00000, 0x000000008bc00000, 0x000000008bc00000|100%| O|  |TAMS 0x000000008bc00000, 0x000000008bc00000| Untracked 
| 188|0x000000008bc00000, 0x000000008bd00000, 0x000000008bd00000|100%| O|  |TAMS 0x000000008bd00000, 0x000000008bd00000| Untracked 
| 189|0x000000008bd00000, 0x000000008be00000, 0x000000008be00000|100%| O|  |TAMS 0x000000008be00000, 0x000000008be00000| Untracked 
| 190|0x000000008be00000, 0x000000008bf00000, 0x000000008bf00000|100%| O|  |TAMS 0x000000008bf00000, 0x000000008bf00000| Untracked 
| 191|0x000000008bf00000, 0x000000008c000000, 0x000000008c000000|100%| O|  |TAMS 0x000000008c000000, 0x000000008c000000| Untracked 
| 192|0x000000008c000000, 0x000000008c100000, 0x000000008c100000|100%| O|  |TAMS 0x000000008c100000, 0x000000008c100000| Untracked 
| 193|0x000000008c100000, 0x000000008c200000, 0x000000008c200000|100%| O|  |TAMS 0x000000008c200000, 0x000000008c200000| Untracked 
| 194|0x000000008c200000, 0x000000008c300000, 0x000000008c300000|100%| O|  |TAMS 0x000000008c300000, 0x000000008c300000| Untracked 
| 195|0x000000008c300000, 0x000000008c400000, 0x000000008c400000|100%| O|  |TAMS 0x000000008c400000, 0x000000008c400000| Untracked 
| 196|0x000000008c400000, 0x000000008c500000, 0x000000008c500000|100%| O|  |TAMS 0x000000008c500000, 0x000000008c500000| Untracked 
| 197|0x000000008c500000, 0x000000008c600000, 0x000000008c600000|100%| O|  |TAMS 0x000000008c600000, 0x000000008c600000| Untracked 
| 198|0x000000008c600000, 0x000000008c700000, 0x000000008c700000|100%| O|  |TAMS 0x000000008c700000, 0x000000008c700000| Untracked 
| 199|0x000000008c700000, 0x000000008c800000, 0x000000008c800000|100%| O|  |TAMS 0x000000008c800000, 0x000000008c800000| Untracked 
| 200|0x000000008c800000, 0x000000008c900000, 0x000000008c900000|100%| O|  |TAMS 0x000000008c900000, 0x000000008c900000| Untracked 
| 201|0x000000008c900000, 0x000000008ca00000, 0x000000008ca00000|100%| O|  |TAMS 0x000000008ca00000, 0x000000008ca00000| Untracked 
| 202|0x000000008ca00000, 0x000000008cb00000, 0x000000008cb00000|100%| O|  |TAMS 0x000000008cb00000, 0x000000008cb00000| Untracked 
| 203|0x000000008cb00000, 0x000000008cc00000, 0x000000008cc00000|100%| O|  |TAMS 0x000000008cc00000, 0x000000008cc00000| Untracked 
| 204|0x000000008cc00000, 0x000000008cd00000, 0x000000008cd00000|100%| O|  |TAMS 0x000000008cc00000, 0x000000008cd00000| Untracked 
| 205|0x000000008cd00000, 0x000000008ce00000, 0x000000008ce00000|100%| O|  |TAMS 0x000000008ce00000, 0x000000008ce00000| Untracked 
| 206|0x000000008ce00000, 0x000000008cf00000, 0x000000008cf00000|100%| O|  |TAMS 0x000000008cf00000, 0x000000008cf00000| Untracked 
| 207|0x000000008cf00000, 0x000000008cf00000, 0x000000008d000000|  0%| F|  |TAMS 0x000000008cf00000, 0x000000008cf00000| Untracked 
| 208|0x000000008d000000, 0x000000008d100000, 0x000000008d100000|100%| O|  |TAMS 0x000000008d100000, 0x000000008d100000| Untracked 
| 209|0x000000008d100000, 0x000000008d200000, 0x000000008d200000|100%| O|  |TAMS 0x000000008d200000, 0x000000008d200000| Untracked 
| 210|0x000000008d200000, 0x000000008d300000, 0x000000008d300000|100%| O|  |TAMS 0x000000008d300000, 0x000000008d300000| Untracked 
| 211|0x000000008d300000, 0x000000008d400000, 0x000000008d400000|100%| O|  |TAMS 0x000000008d400000, 0x000000008d400000| Untracked 
| 212|0x000000008d400000, 0x000000008d500000, 0x000000008d500000|100%| O|  |TAMS 0x000000008d500000, 0x000000008d500000| Untracked 
| 213|0x000000008d500000, 0x000000008d500000, 0x000000008d600000|  0%| F|  |TAMS 0x000000008d500000, 0x000000008d500000| Untracked 
| 214|0x000000008d600000, 0x000000008d600000, 0x000000008d700000|  0%| F|  |TAMS 0x000000008d600000, 0x000000008d600000| Untracked 
| 215|0x000000008d700000, 0x000000008d700000, 0x000000008d800000|  0%| F|  |TAMS 0x000000008d700000, 0x000000008d700000| Untracked 
| 216|0x000000008d800000, 0x000000008d800000, 0x000000008d900000|  0%| F|  |TAMS 0x000000008d800000, 0x000000008d800000| Untracked 
| 217|0x000000008d900000, 0x000000008d900000, 0x000000008da00000|  0%| F|  |TAMS 0x000000008d900000, 0x000000008d900000| Untracked 
| 218|0x000000008da00000, 0x000000008da00000, 0x000000008db00000|  0%| F|  |TAMS 0x000000008da00000, 0x000000008da00000| Untracked 
| 219|0x000000008db00000, 0x000000008db00000, 0x000000008dc00000|  0%| F|  |TAMS 0x000000008db00000, 0x000000008db00000| Untracked 
| 220|0x000000008dc00000, 0x000000008dc00000, 0x000000008dd00000|  0%| F|  |TAMS 0x000000008dc00000, 0x000000008dc00000| Untracked 
| 221|0x000000008dd00000, 0x000000008dd00000, 0x000000008de00000|  0%| F|  |TAMS 0x000000008dd00000, 0x000000008dd00000| Untracked 
| 222|0x000000008de00000, 0x000000008de00000, 0x000000008df00000|  0%| F|  |TAMS 0x000000008de00000, 0x000000008de00000| Untracked 
| 223|0x000000008df00000, 0x000000008df00000, 0x000000008e000000|  0%| F|  |TAMS 0x000000008df00000, 0x000000008df00000| Untracked 
| 224|0x000000008e000000, 0x000000008e000000, 0x000000008e100000|  0%| F|  |TAMS 0x000000008e000000, 0x000000008e000000| Untracked 
| 225|0x000000008e100000, 0x000000008e100000, 0x000000008e200000|  0%| F|  |TAMS 0x000000008e100000, 0x000000008e100000| Untracked 
| 226|0x000000008e200000, 0x000000008e200000, 0x000000008e300000|  0%| F|  |TAMS 0x000000008e200000, 0x000000008e200000| Untracked 
| 227|0x000000008e300000, 0x000000008e300000, 0x000000008e400000|  0%| F|  |TAMS 0x000000008e300000, 0x000000008e300000| Untracked 
| 228|0x000000008e400000, 0x000000008e400000, 0x000000008e500000|  0%| F|  |TAMS 0x000000008e400000, 0x000000008e400000| Untracked 
| 229|0x000000008e500000, 0x000000008e500000, 0x000000008e600000|  0%| F|  |TAMS 0x000000008e500000, 0x000000008e500000| Untracked 
| 230|0x000000008e600000, 0x000000008e600000, 0x000000008e700000|  0%| F|  |TAMS 0x000000008e600000, 0x000000008e600000| Untracked 
| 231|0x000000008e700000, 0x000000008e700000, 0x000000008e800000|  0%| F|  |TAMS 0x000000008e700000, 0x000000008e700000| Untracked 
| 232|0x000000008e800000, 0x000000008e900000, 0x000000008e900000|100%| O|  |TAMS 0x000000008e800000, 0x000000008e900000| Untracked 
| 233|0x000000008e900000, 0x000000008ea00000, 0x000000008ea00000|100%| O|  |TAMS 0x000000008e900000, 0x000000008ea00000| Untracked 
| 234|0x000000008ea00000, 0x000000008eb00000, 0x000000008eb00000|100%| O|  |TAMS 0x000000008ea00000, 0x000000008eb00000| Untracked 
| 235|0x000000008eb00000, 0x000000008ec00000, 0x000000008ec00000|100%| O|  |TAMS 0x000000008eb00000, 0x000000008ec00000| Untracked 
| 236|0x000000008ec00000, 0x000000008ece1000, 0x000000008ed00000| 87%| O|  |TAMS 0x000000008ec00000, 0x000000008ece1000| Untracked 
| 237|0x000000008ed00000, 0x000000008ed00000, 0x000000008ee00000|  0%| F|  |TAMS 0x000000008ed00000, 0x000000008ed00000| Untracked 
| 238|0x000000008ee00000, 0x000000008ee00000, 0x000000008ef00000|  0%| F|  |TAMS 0x000000008ee00000, 0x000000008ee00000| Untracked 
| 239|0x000000008ef00000, 0x000000008ef00000, 0x000000008f000000|  0%| F|  |TAMS 0x000000008ef00000, 0x000000008ef00000| Untracked 
| 240|0x000000008f000000, 0x000000008f000000, 0x000000008f100000|  0%| F|  |TAMS 0x000000008f000000, 0x000000008f000000| Untracked 
| 241|0x000000008f100000, 0x000000008f1c3350, 0x000000008f200000| 76%| S|CS|TAMS 0x000000008f100000, 0x000000008f100000| Complete 
| 242|0x000000008f200000, 0x000000008f200000, 0x000000008f300000|  0%| F|  |TAMS 0x000000008f200000, 0x000000008f200000| Untracked 
| 243|0x000000008f300000, 0x000000008f300000, 0x000000008f400000|  0%| F|  |TAMS 0x000000008f300000, 0x000000008f300000| Untracked 
| 244|0x000000008f400000, 0x000000008f400000, 0x000000008f500000|  0%| F|  |TAMS 0x000000008f400000, 0x000000008f400000| Untracked 
| 245|0x000000008f500000, 0x000000008f500000, 0x000000008f600000|  0%| F|  |TAMS 0x000000008f500000, 0x000000008f500000| Untracked 
| 246|0x000000008f600000, 0x000000008f600000, 0x000000008f700000|  0%| F|  |TAMS 0x000000008f600000, 0x000000008f600000| Untracked 
| 247|0x000000008f700000, 0x000000008f700000, 0x000000008f800000|  0%| F|  |TAMS 0x000000008f700000, 0x000000008f700000| Untracked 
| 248|0x000000008f800000, 0x000000008f800000, 0x000000008f900000|  0%| F|  |TAMS 0x000000008f800000, 0x000000008f800000| Untracked 
| 249|0x000000008f900000, 0x000000008f900000, 0x000000008fa00000|  0%| F|  |TAMS 0x000000008f900000, 0x000000008f900000| Untracked 
| 250|0x000000008fa00000, 0x000000008fa43c50, 0x000000008fb00000| 26%| E|  |TAMS 0x000000008fa00000, 0x000000008fa00000| Complete 
| 251|0x000000008fb00000, 0x000000008fc00000, 0x000000008fc00000|100%| E|CS|TAMS 0x000000008fb00000, 0x000000008fb00000| Complete 
| 252|0x000000008fc00000, 0x000000008fd00000, 0x000000008fd00000|100%| E|CS|TAMS 0x000000008fc00000, 0x000000008fc00000| Complete 
| 253|0x000000008fd00000, 0x000000008fe00000, 0x000000008fe00000|100%| E|CS|TAMS 0x000000008fd00000, 0x000000008fd00000| Complete 

Card table byte_map: [0x000001ba51980000,0x000001ba51d80000] _byte_map_base: 0x000001ba51580000

Marking Bits (Prev, Next): (CMBitMap*) 0x000001ba3e570470, (CMBitMap*) 0x000001ba3e570438
 Prev Bits: [0x000001ba54180000, 0x000001ba56180000)
 Next Bits: [0x000001ba52180000, 0x000001ba54180000)

Polling page: 0x000001ba3dd10000

Metaspace:

Usage:
  Non-class:     82.62 MB capacity,    78.37 MB ( 95%) used,     3.94 MB (  5%) free+waste,   314.00 KB ( <1%) overhead. 
      Class:     14.48 MB capacity,    11.83 MB ( 82%) used,     2.50 MB ( 17%) free+waste,   155.25 KB (  1%) overhead. 
       Both:     97.10 MB capacity,    90.20 MB ( 93%) used,     6.44 MB (  7%) free+waste,   469.25 KB ( <1%) overhead. 

Virtual space:
  Non-class space:       84.00 MB reserved,      82.75 MB ( 99%) committed 
      Class space:        1.00 GB reserved,      14.50 MB (  1%) committed 
             Both:        1.08 GB reserved,      97.25 MB (  9%) committed 

Chunk freelists:
   Non-Class:  6.00 KB
       Class:  16.00 KB
        Both:  22.00 KB

MaxMetaspaceSize: 17179869184.00 GB
CompressedClassSpaceSize: 1.00 GB

CodeHeap 'non-profiled nmethods': size=120000Kb used=11730Kb max_used=11895Kb free=108269Kb
 bounds [0x000001ba49af0000, 0x000001ba4a690000, 0x000001ba51020000]
CodeHeap 'profiled nmethods': size=120000Kb used=31166Kb max_used=32197Kb free=88833Kb
 bounds [0x000001ba425c0000, 0x000001ba44540000, 0x000001ba49af0000]
CodeHeap 'non-nmethods': size=5760Kb used=2276Kb max_used=2350Kb free=3483Kb
 bounds [0x000001ba42020000, 0x000001ba42290000, 0x000001ba425c0000]
 total_blobs=15292 nmethods=14424 adapters=777
 compilation: enabled
              stopped_count=0, restarted_count=0
 full_count=0

Compilation events (20 events):
Event: 410.181 Thread 0x000001ba596c7000 15145       1       com.google.common.collect.ImmutableSet::isHashCodeFast (2 bytes)
Event: 410.181 Thread 0x000001ba596c7000 nmethod 15145 0x000001ba49c25710 code [0x000001ba49c258c0, 0x000001ba49c25978]
Event: 410.183 Thread 0x000001ba596c7000 15148       3       com.google.common.base.Joiner::on (12 bytes)
Event: 410.184 Thread 0x000001ba596c7000 nmethod 15148 0x000001ba4280b290 code [0x000001ba4280b480, 0x000001ba4280b858]
Event: 410.184 Thread 0x000001ba596c7000 15149       3       com.android.utils.XmlUtils::appendXmlAttributeValue (147 bytes)
Event: 410.185 Thread 0x000001ba596c7000 nmethod 15149 0x000001ba4282ad90 code [0x000001ba4282b080, 0x000001ba4282be28]
Event: 410.191 Thread 0x000001ba5b8b4000 nmethod 15146 0x000001ba49c24790 code [0x000001ba49c249a0, 0x000001ba49c25078]
Event: 410.191 Thread 0x000001ba5b8b4000 15147       4       com.google.common.base.CharMatcher::indexIn (48 bytes)
Event: 410.194 Thread 0x000001ba596c7000 15152       3       org.gradle.internal.classloader.ClassLoaderVisitor::<init> (21 bytes)
Event: 410.195 Thread 0x000001ba596c7000 nmethod 15152 0x000001ba42829d10 code [0x000001ba42829f80, 0x000001ba4282a9f8]
Event: 410.195 Thread 0x000001ba596c7000 15153       3       org.gradle.internal.classloader.ClassLoaderVisitor::<init> (10 bytes)
Event: 410.195 Thread 0x000001ba596c7000 nmethod 15153 0x000001ba4280ae90 code [0x000001ba4280b040, 0x000001ba4280b1f8]
Event: 410.195 Thread 0x000001ba596c7000 15154       3       org.gradle.internal.classloader.ConfigurableClassLoaderHierarchyHasher::getClassLoaderHash (20 bytes)
Event: 410.196 Thread 0x000001ba5b8b4000 nmethod 15147 0x000001ba49c23f90 code [0x000001ba49c24160, 0x000001ba49c24498]
Event: 410.196 Thread 0x000001ba5b8b4000 15150       4       java.io.File::getParent (65 bytes)
Event: 410.196 Thread 0x000001ba596c7000 nmethod 15154 0x000001ba42828990 code [0x000001ba42828c40, 0x000001ba42829878]
Event: 410.197 Thread 0x000001ba596c7000 15155       3       com.android.ide.common.resources.DataSet::addSources (12 bytes)
Event: 410.197 Thread 0x000001ba596c7000 nmethod 15155 0x000001ba4280c490 code [0x000001ba4280c640, 0x000001ba4280c808]
Event: 410.198 Thread 0x000001ba596c7000 15156       3       com.google.common.collect.AbstractMapBasedMultimap$WrappedCollection::refreshIfEmpty (78 bytes)
Event: 410.198 Thread 0x000001ba596c7000 nmethod 15156 0x000001ba4281c590 code [0x000001ba4281c7a0, 0x000001ba4281ceb8]

GC Heap History (20 events):
Event: 341.511 GC heap before
{Heap before GC invocations=56 (full 0):
 garbage-first heap   total 260096K, used 227730K [0x0000000080000000, 0x0000000100000000)
  region size 1024K, 18 young (18432K), 2 survivors (2048K)
 Metaspace       used 91339K, capacity 98397K, committed 98432K, reserved 1132544K
  class space    used 11987K, capacity 14699K, committed 14720K, reserved 1048576K
}
Event: 341.514 GC heap after
{Heap after GC invocations=57 (full 0):
 garbage-first heap   total 260096K, used 212930K [0x0000000080000000, 0x0000000100000000)
  region size 1024K, 3 young (3072K), 3 survivors (3072K)
 Metaspace       used 91339K, capacity 98397K, committed 98432K, reserved 1132544K
  class space    used 11987K, capacity 14699K, committed 14720K, reserved 1048576K
}
Event: 355.080 GC heap before
{Heap before GC invocations=58 (full 0):
 garbage-first heap   total 260096K, used 227266K [0x0000000080000000, 0x0000000100000000)
  region size 1024K, 17 young (17408K), 3 survivors (3072K)
 Metaspace       used 91346K, capacity 98397K, committed 98432K, reserved 1132544K
  class space    used 11987K, capacity 14699K, committed 14720K, reserved 1048576K
}
Event: 355.084 GC heap after
{Heap after GC invocations=59 (full 0):
 garbage-first heap   total 260096K, used 214011K [0x0000000080000000, 0x0000000100000000)
  region size 1024K, 3 young (3072K), 3 survivors (3072K)
 Metaspace       used 91346K, capacity 98397K, committed 98432K, reserved 1132544K
  class space    used 11987K, capacity 14699K, committed 14720K, reserved 1048576K
}
Event: 359.264 GC heap before
{Heap before GC invocations=59 (full 0):
 garbage-first heap   total 260096K, used 223227K [0x0000000080000000, 0x0000000100000000)
  region size 1024K, 12 young (12288K), 3 survivors (3072K)
 Metaspace       used 91346K, capacity 98397K, committed 98432K, reserved 1132544K
  class space    used 11987K, capacity 14699K, committed 14720K, reserved 1048576K
}
Event: 359.270 GC heap after
{Heap after GC invocations=60 (full 0):
 garbage-first heap   total 260096K, used 212805K [0x0000000080000000, 0x0000000100000000)
  region size 1024K, 2 young (2048K), 2 survivors (2048K)
 Metaspace       used 91346K, capacity 98397K, committed 98432K, reserved 1132544K
  class space    used 11987K, capacity 14699K, committed 14720K, reserved 1048576K
}
Event: 371.083 GC heap before
{Heap before GC invocations=60 (full 0):
 garbage-first heap   total 260096K, used 228165K [0x0000000080000000, 0x0000000100000000)
  region size 1024K, 17 young (17408K), 2 survivors (2048K)
 Metaspace       used 91346K, capacity 98397K, committed 98432K, reserved 1132544K
  class space    used 11987K, capacity 14699K, committed 14720K, reserved 1048576K
}
Event: 371.087 GC heap after
{Heap after GC invocations=61 (full 0):
 garbage-first heap   total 260096K, used 214604K [0x0000000080000000, 0x0000000100000000)
  region size 1024K, 3 young (3072K), 3 survivors (3072K)
 Metaspace       used 91346K, capacity 98397K, committed 98432K, reserved 1132544K
  class space    used 11987K, capacity 14699K, committed 14720K, reserved 1048576K
}
Event: 385.920 GC heap before
{Heap before GC invocations=62 (full 0):
 garbage-first heap   total 260096K, used 227916K [0x0000000080000000, 0x0000000100000000)
  region size 1024K, 16 young (16384K), 3 survivors (3072K)
 Metaspace       used 91347K, capacity 98397K, committed 98432K, reserved 1132544K
  class space    used 11987K, capacity 14699K, committed 14720K, reserved 1048576K
}
Event: 385.924 GC heap after
{Heap after GC invocations=63 (full 0):
 garbage-first heap   total 260096K, used 215362K [0x0000000080000000, 0x0000000100000000)
  region size 1024K, 2 young (2048K), 2 survivors (2048K)
 Metaspace       used 91347K, capacity 98397K, committed 98432K, reserved 1132544K
  class space    used 11987K, capacity 14699K, committed 14720K, reserved 1048576K
}
Event: 391.999 GC heap before
{Heap before GC invocations=63 (full 0):
 garbage-first heap   total 260096K, used 224578K [0x0000000080000000, 0x0000000100000000)
  region size 1024K, 12 young (12288K), 2 survivors (2048K)
 Metaspace       used 91347K, capacity 98397K, committed 98432K, reserved 1132544K
  class space    used 11987K, capacity 14699K, committed 14720K, reserved 1048576K
}
Event: 392.005 GC heap after
{Heap after GC invocations=64 (full 0):
 garbage-first heap   total 260096K, used 215021K [0x0000000080000000, 0x0000000100000000)
  region size 1024K, 2 young (2048K), 2 survivors (2048K)
 Metaspace       used 91347K, capacity 98397K, committed 98432K, reserved 1132544K
  class space    used 11987K, capacity 14699K, committed 14720K, reserved 1048576K
}
Event: 404.540 GC heap before
{Heap before GC invocations=64 (full 0):
 garbage-first heap   total 260096K, used 227309K [0x0000000080000000, 0x0000000100000000)
  region size 1024K, 14 young (14336K), 2 survivors (2048K)
 Metaspace       used 91347K, capacity 98397K, committed 98432K, reserved 1132544K
  class space    used 11987K, capacity 14699K, committed 14720K, reserved 1048576K
}
Event: 404.544 GC heap after
{Heap after GC invocations=65 (full 0):
 garbage-first heap   total 260096K, used 216140K [0x0000000080000000, 0x0000000100000000)
  region size 1024K, 2 young (2048K), 2 survivors (2048K)
 Metaspace       used 91347K, capacity 98397K, committed 98432K, reserved 1132544K
  class space    used 11987K, capacity 14699K, committed 14720K, reserved 1048576K
}
Event: 409.471 GC heap before
{Heap before GC invocations=66 (full 0):
 garbage-first heap   total 260096K, used 227404K [0x0000000080000000, 0x0000000100000000)
  region size 1024K, 13 young (13312K), 2 survivors (2048K)
 Metaspace       used 91571K, capacity 98651K, committed 98816K, reserved 1132544K
  class space    used 12026K, capacity 14740K, committed 14848K, reserved 1048576K
}
Event: 409.476 GC heap after
{Heap after GC invocations=67 (full 0):
 garbage-first heap   total 260096K, used 219511K [0x0000000080000000, 0x0000000100000000)
  region size 1024K, 2 young (2048K), 2 survivors (2048K)
 Metaspace       used 91571K, capacity 98651K, committed 98816K, reserved 1132544K
  class space    used 12026K, capacity 14740K, committed 14848K, reserved 1048576K
}
Event: 409.857 GC heap before
{Heap before GC invocations=67 (full 0):
 garbage-first heap   total 260096K, used 249207K [0x0000000080000000, 0x0000000100000000)
  region size 1024K, 12 young (12288K), 2 survivors (2048K)
 Metaspace       used 91942K, capacity 98901K, committed 99072K, reserved 1134592K
  class space    used 12072K, capacity 14753K, committed 14848K, reserved 1048576K
}
Event: 409.863 GC heap after
{Heap after GC invocations=68 (full 0):
 garbage-first heap   total 260096K, used 218517K [0x0000000080000000, 0x0000000100000000)
  region size 1024K, 1 young (1024K), 1 survivors (1024K)
 Metaspace       used 91942K, capacity 98901K, committed 99072K, reserved 1134592K
  class space    used 12072K, capacity 14753K, committed 14848K, reserved 1048576K
}
Event: 410.164 GC heap before
{Heap before GC invocations=68 (full 0):
 garbage-first heap   total 260096K, used 228757K [0x0000000080000000, 0x0000000100000000)
  region size 1024K, 12 young (12288K), 1 survivors (1024K)
 Metaspace       used 92321K, capacity 99303K, committed 99328K, reserved 1134592K
  class space    used 12117K, capacity 14832K, committed 14848K, reserved 1048576K
}
Event: 410.167 GC heap after
{Heap after GC invocations=69 (full 0):
 garbage-first heap   total 260096K, used 218768K [0x0000000080000000, 0x0000000100000000)
  region size 1024K, 1 young (1024K), 1 survivors (1024K)
 Metaspace       used 92321K, capacity 99303K, committed 99328K, reserved 1134592K
  class space    used 12117K, capacity 14832K, committed 14848K, reserved 1048576K
}

Deoptimization events (20 events):
Event: 410.060 Thread 0x000001ba5b8b6800 Uncommon trap: trap_request=0xfffffff4 fr.pc=0x000001ba4a21398c relative=0x000000000000006c
Event: 410.060 Thread 0x000001ba5b8b6800 Uncommon trap: reason=null_check action=make_not_entrant pc=0x000001ba4a21398c method=org.gradle.internal.operations.UnmanagedBuildOperationWrapper.maybeStopUnmanagedThreadOperation(Lorg/gradle/internal/operations/BuildOperationState;)V @ 1 c2
Event: 410.060 Thread 0x000001ba5b8b6800 DEOPT PACKING pc=0x000001ba4a21398c sp=0x000000745a1fe830
Event: 410.060 Thread 0x000001ba5b8b6800 DEOPT UNPACKING pc=0x000001ba420478af sp=0x000000745a1fe7b8 mode 2
Event: 410.183 Thread 0x000001ba5ed21800 Uncommon trap: trap_request=0xffffffbe fr.pc=0x000001ba49c26120 relative=0x0000000000000240
Event: 410.183 Thread 0x000001ba5ed21800 Uncommon trap: reason=profile_predicate action=maybe_recompile pc=0x000001ba49c26120 method=com.google.common.base.CharMatcher.indexIn(Ljava/lang/CharSequence;I)I @ 19 c2
Event: 410.183 Thread 0x000001ba5ed21800 DEOPT PACKING pc=0x000001ba49c26120 sp=0x0000007460dfa8d0
Event: 410.183 Thread 0x000001ba5ed21800 DEOPT UNPACKING pc=0x000001ba420478af sp=0x0000007460dfa860 mode 2
Event: 410.183 Thread 0x000001ba5ed21800 Uncommon trap: trap_request=0xffffffbe fr.pc=0x000001ba49c26120 relative=0x0000000000000240
Event: 410.183 Thread 0x000001ba5ed21800 Uncommon trap: reason=profile_predicate action=maybe_recompile pc=0x000001ba49c26120 method=com.google.common.base.CharMatcher.indexIn(Ljava/lang/CharSequence;I)I @ 19 c2
Event: 410.183 Thread 0x000001ba5ed21800 DEOPT PACKING pc=0x000001ba49c26120 sp=0x0000007460dfa8d0
Event: 410.183 Thread 0x000001ba5ed21800 DEOPT UNPACKING pc=0x000001ba420478af sp=0x0000007460dfa860 mode 2
Event: 410.183 Thread 0x000001ba5ed21800 Uncommon trap: trap_request=0xffffffbe fr.pc=0x000001ba49c26120 relative=0x0000000000000240
Event: 410.183 Thread 0x000001ba5ed21800 Uncommon trap: reason=profile_predicate action=maybe_recompile pc=0x000001ba49c26120 method=com.google.common.base.CharMatcher.indexIn(Ljava/lang/CharSequence;I)I @ 19 c2
Event: 410.183 Thread 0x000001ba5ed21800 DEOPT PACKING pc=0x000001ba49c26120 sp=0x0000007460dfa8d0
Event: 410.183 Thread 0x000001ba5ed21800 DEOPT UNPACKING pc=0x000001ba420478af sp=0x0000007460dfa860 mode 2
Event: 410.183 Thread 0x000001ba5ed21800 Uncommon trap: trap_request=0xffffffbe fr.pc=0x000001ba49c26120 relative=0x0000000000000240
Event: 410.183 Thread 0x000001ba5ed21800 Uncommon trap: reason=profile_predicate action=maybe_recompile pc=0x000001ba49c26120 method=com.google.common.base.CharMatcher.indexIn(Ljava/lang/CharSequence;I)I @ 19 c2
Event: 410.183 Thread 0x000001ba5ed21800 DEOPT PACKING pc=0x000001ba49c26120 sp=0x0000007460dfa8d0
Event: 410.183 Thread 0x000001ba5ed21800 DEOPT UNPACKING pc=0x000001ba420478af sp=0x0000007460dfa860 mode 2

Classes redefined (0 events):
No events

Internal exceptions (20 events):
Event: 39.377 Thread 0x000001ba5bf27800 Implicit null exception at 0x000001ba49e32912 to 0x000001ba49e32ef8
Event: 39.937 Thread 0x000001ba5bf27800 Exception <a 'java/lang/NoSuchMethodError'{0x000000008fb90420}: 'int java.lang.invoke.DirectMethodHandle$Holder.invokeVirtual(java.lang.Object, java.lang.Object)'> (0x000000008fb90420) thrown at [./src/hotspot/share/interpreter/linkResolver.cpp, line 773]
Event: 39.957 Thread 0x000001ba5ed1f000 Exception <a 'java/lang/NoSuchMethodError'{0x000000008f964248}: 'void java.lang.invoke.DirectMethodHandle$Holder.invokeInterface(java.lang.Object, java.lang.Object)'> (0x000000008f964248) thrown at [./src/hotspot/share/interpreter/linkResolver.cpp, line 773]
Event: 40.002 Thread 0x000001ba5b8b8000 Exception <a 'java/lang/NoSuchMethodError'{0x000000008fa8fbf8}: 'void java.lang.invoke.DirectMethodHandle$Holder.invokeVirtual(java.lang.Object, java.lang.Object)'> (0x000000008fa8fbf8) thrown at [./src/hotspot/share/interpreter/linkResolver.cpp, line 773]
Event: 40.012 Thread 0x000001ba5b8b8000 Exception <a 'java/lang/ClassNotFoundException'{0x000000008f99e398}: groovy/util/FileTreeBuilderBeanInfo> (0x000000008f99e398) thrown at [./src/hotspot/share/classfile/systemDictionary.cpp, line 231]
Event: 40.013 Thread 0x000001ba5b8b8000 Exception <a 'java/lang/ClassNotFoundException'{0x000000008f9bf250}: groovy/util/FileTreeBuilderCustomizer> (0x000000008f9bf250) thrown at [./src/hotspot/share/classfile/systemDictionary.cpp, line 231]
Event: 41.994 Thread 0x000001ba5bf27800 Exception <a 'java/lang/NoSuchMethodError'{0x000000008ed2ce60}: 'int java.lang.invoke.DirectMethodHandle$Holder.invokeStaticInit(java.lang.Object, java.lang.Object, java.lang.Object, java.lang.Object, java.lang.Object)'> (0x000000008ed2ce60) thrown at [./src/hotspot/share/interpreter/linkResolver.cpp, line 773]
Event: 43.990 Thread 0x000001ba5bf27800 Implicit null exception at 0x000001ba4a5d8c3c to 0x000001ba4a5db9a4
Event: 44.008 Thread 0x000001ba5bf27800 Implicit null exception at 0x000001ba4a5dfe08 to 0x000001ba4a5e2ed0
Event: 44.026 Thread 0x000001ba5bf27800 Implicit null exception at 0x000001ba4a5ea07c to 0x000001ba4a5ec8e4
Event: 410.039 Thread 0x000001ba5b8b9000 Exception <a 'java/lang/NoSuchMethodError'{0x000000008f7623d0}: <clinit>> (0x000000008f7623d0) thrown at [./src/hotspot/share/prims/jni.cpp, line 1362]
Event: 410.040 Thread 0x000001ba5b8b9000 Exception <a 'java/lang/NoSuchMethodError'{0x000000008f7774c8}: <clinit>> (0x000000008f7774c8) thrown at [./src/hotspot/share/prims/jni.cpp, line 1362]
Event: 410.043 Thread 0x000001ba5b8b9000 Exception <a 'java/lang/NoSuchMethodError'{0x000000008f7a59b0}: <clinit>> (0x000000008f7a59b0) thrown at [./src/hotspot/share/prims/jni.cpp, line 1362]
Event: 410.043 Thread 0x000001ba5b8b9000 Exception <a 'java/lang/NoSuchMethodError'{0x000000008f7a94d8}: <clinit>> (0x000000008f7a94d8) thrown at [./src/hotspot/share/prims/jni.cpp, line 1362]
Event: 410.044 Thread 0x000001ba5b8b9000 Exception <a 'java/lang/NoSuchMethodError'{0x000000008f7d3b90}: <clinit>> (0x000000008f7d3b90) thrown at [./src/hotspot/share/prims/jni.cpp, line 1362]
Event: 410.053 Thread 0x000001ba5b8b6800 Implicit null exception at 0x000001ba4a53d29f to 0x000001ba4a5432dc
Event: 410.053 Thread 0x000001ba5b8b6800 Implicit null exception at 0x000001ba4a3fe215 to 0x000001ba4a3fe5b0
Event: 410.058 Thread 0x000001ba5b8b6800 Exception <a 'sun/nio/fs/WindowsException'{0x000000008f6c4f48}> (0x000000008f6c4f48) thrown at [./src/hotspot/share/prims/jni.cpp, line 615]
Event: 410.058 Thread 0x000001ba5b8b6800 Exception <a 'sun/nio/fs/WindowsException'{0x000000008f6c63d8}> (0x000000008f6c63d8) thrown at [./src/hotspot/share/prims/jni.cpp, line 615]
Event: 410.060 Thread 0x000001ba5b8b6800 Implicit null exception at 0x000001ba4a21394c to 0x000001ba4a21397c

Events (20 events):
Event: 410.056 loading class org/gradle/workers/internal/SimpleActionExecutionSpec
Event: 410.056 loading class org/gradle/workers/internal/SimpleActionExecutionSpec done
Event: 410.056 loading class org/gradle/api/specs/Spec
Event: 410.056 loading class org/gradle/api/specs/Spec done
Event: 410.057 Executing VM operation: RevokeBias
Event: 410.057 Executing VM operation: RevokeBias done
Event: 410.058 loading class java/nio/file/StandardCopyOption
Event: 410.058 loading class java/nio/file/StandardCopyOption done
Event: 410.058 loading class sun/nio/fs/WindowsFileCopy
Event: 410.058 loading class sun/nio/fs/WindowsFileCopy done
Event: 410.060 loading class com/android/ide/common/resources/DataSet$1
Event: 410.060 loading class com/android/ide/common/resources/DataSet$1 done
Event: 410.061 loading class com/android/ide/common/resources/FileStatus
Event: 410.061 loading class com/android/ide/common/resources/FileStatus done
Event: 410.073 loading class com/android/build/gradle/internal/profile/TaskProfilingRecord$allWorkersFinished$1
Event: 410.073 loading class com/android/build/gradle/internal/profile/TaskProfilingRecord$allWorkersFinished$1 done
Event: 410.074 loading class com/android/build/gradle/internal/profile/TaskProfilingRecord$sam$java_util_function_Predicate$0
Event: 410.074 loading class com/android/build/gradle/internal/profile/TaskProfilingRecord$sam$java_util_function_Predicate$0 done
Event: 410.164 Executing VM operation: G1CollectForAllocation
Event: 410.167 Executing VM operation: G1CollectForAllocation done


Dynamic libraries:
0x00007ff731af0000 - 0x00007ff731afa000 	D:\Android\New folder\jre\bin\java.exe
0x00007ffa2ecb0000 - 0x00007ffa2eea5000 	C:\WINDOWS\SYSTEM32\ntdll.dll
0x00007ffa2e910000 - 0x00007ffa2e9ce000 	C:\WINDOWS\System32\KERNEL32.DLL
0x00007ffa2ca00000 - 0x00007ffa2ccc8000 	C:\WINDOWS\System32\KERNELBASE.dll
0x00007ffa2c7a0000 - 0x00007ffa2c8a0000 	C:\WINDOWS\System32\ucrtbase.dll
0x00007ff9dd250000 - 0x00007ff9dd269000 	D:\Android\New folder\jre\bin\jli.dll
0x00007ff9dc510000 - 0x00007ff9dc527000 	D:\Android\New folder\jre\bin\VCRUNTIME140.dll
0x00007ffa2d980000 - 0x00007ffa2db21000 	C:\WINDOWS\System32\USER32.dll
0x00007ffa2ccd0000 - 0x00007ffa2ccf2000 	C:\WINDOWS\System32\win32u.dll
0x00007ffa2b7a0000 - 0x00007ffa2ba3a000 	C:\WINDOWS\WinSxS\amd64_microsoft.windows.common-controls_6595b64144ccf1df_6.0.19041.1110_none_60b5254171f9507e\COMCTL32.dll
0x00007ffa2e9d0000 - 0x00007ffa2e9fb000 	C:\WINDOWS\System32\GDI32.dll
0x00007ffa2d710000 - 0x00007ffa2d7ae000 	C:\WINDOWS\System32\msvcrt.dll
0x00007ffa2c690000 - 0x00007ffa2c79b000 	C:\WINDOWS\System32\gdi32full.dll
0x00007ffa2c4e0000 - 0x00007ffa2c57d000 	C:\WINDOWS\System32\msvcp_win.dll
0x00007ffa2eaa0000 - 0x00007ffa2ead0000 	C:\WINDOWS\System32\IMM32.DLL
0x00007ff9cf4b0000 - 0x00007ff9cf54d000 	D:\Android\New folder\jre\bin\msvcp140.dll
0x00007ff9bf810000 - 0x00007ff9c02df000 	D:\Android\New folder\jre\bin\server\jvm.dll
0x00007ffa2d830000 - 0x00007ffa2d8dc000 	C:\WINDOWS\System32\ADVAPI32.dll
0x00007ffa2ea00000 - 0x00007ffa2ea9b000 	C:\WINDOWS\System32\sechost.dll
0x00007ffa2d020000 - 0x00007ffa2d14a000 	C:\WINDOWS\System32\RPCRT4.dll
0x00007ffa2d7c0000 - 0x00007ffa2d7c8000 	C:\WINDOWS\System32\PSAPI.DLL
0x00007ffa12e10000 - 0x00007ffa12e19000 	C:\WINDOWS\SYSTEM32\WSOCK32.dll
0x00007ffa1c620000 - 0x00007ffa1c647000 	C:\WINDOWS\SYSTEM32\WINMM.dll
0x00007ffa27150000 - 0x00007ffa2715a000 	C:\WINDOWS\SYSTEM32\VERSION.dll
0x00007ffa2ead0000 - 0x00007ffa2eb3b000 	C:\WINDOWS\System32\WS2_32.dll
0x00007ffa2a5e0000 - 0x00007ffa2a5f2000 	C:\WINDOWS\SYSTEM32\kernel.appcore.dll
0x00007ff9c0d30000 - 0x00007ff9c0d41000 	D:\Android\New folder\jre\bin\verify.dll
0x00007ffa2bdf0000 - 0x00007ffa2bfd4000 	C:\WINDOWS\SYSTEM32\DBGHELP.DLL
0x00007ffa2bba0000 - 0x00007ffa2bbcc000 	C:\WINDOWS\SYSTEM32\dbgcore.DLL
0x00007ffa2c3d0000 - 0x00007ffa2c453000 	C:\WINDOWS\System32\bcryptPrimitives.dll
0x00007ff9c0d00000 - 0x00007ff9c0d29000 	D:\Android\New folder\jre\bin\java.dll
0x00007ff9c0cf0000 - 0x00007ff9c0cfb000 	D:\Android\New folder\jre\bin\jimage.dll
0x00007ff9c0cd0000 - 0x00007ff9c0ce8000 	D:\Android\New folder\jre\bin\zip.dll
0x00007ffa2db30000 - 0x00007ffa2e26f000 	C:\WINDOWS\System32\SHELL32.dll
0x00007ffa297b0000 - 0x00007ffa29f40000 	C:\WINDOWS\SYSTEM32\windows.storage.dll
0x00007ffa2d200000 - 0x00007ffa2d555000 	C:\WINDOWS\System32\combase.dll
0x00007ffa2b730000 - 0x00007ffa2b75e000 	C:\WINDOWS\SYSTEM32\Wldp.dll
0x00007ffa2cd00000 - 0x00007ffa2cdad000 	C:\WINDOWS\System32\SHCORE.dll
0x00007ffa2cfc0000 - 0x00007ffa2d015000 	C:\WINDOWS\System32\shlwapi.dll
0x00007ffa2c310000 - 0x00007ffa2c32f000 	C:\WINDOWS\SYSTEM32\profapi.dll
0x00007ff9c0b40000 - 0x00007ff9c0b5a000 	D:\Android\New folder\jre\bin\net.dll
0x00007ffa257a0000 - 0x00007ffa258ac000 	C:\WINDOWS\SYSTEM32\WINHTTP.dll
0x00007ffa2b490000 - 0x00007ffa2b4fa000 	C:\WINDOWS\system32\mswsock.dll
0x00007ff9c0b20000 - 0x00007ff9c0b34000 	D:\Android\New folder\jre\bin\nio.dll
0x00007ffa20920000 - 0x00007ffa20947000 	C:\Users\quocm\.gradle\native\fdc75f09e3144964f2cf3f50f0aa648679c211496f362492102eb8c894070792\windows-amd64\native-platform.dll
0x00007ffa20780000 - 0x00007ffa20916000 	C:\Users\quocm\.gradle\native\12488b8bf47d2d4c9fbf2f6322a914ad602e24e48041cd04a747c6da556b65c4\windows-amd64\native-platform-file-events.dll
0x00007ff9c0b10000 - 0x00007ff9c0b1a000 	D:\Android\New folder\jre\bin\management.dll
0x00007ff9c0b00000 - 0x00007ff9c0b0c000 	D:\Android\New folder\jre\bin\management_ext.dll
0x00007ffa2c150000 - 0x00007ffa2c168000 	C:\WINDOWS\SYSTEM32\CRYPTSP.dll
0x00007ffa2ae30000 - 0x00007ffa2ae64000 	C:\WINDOWS\system32\rsaenh.dll
0x00007ffa2c460000 - 0x00007ffa2c487000 	C:\WINDOWS\System32\bcrypt.dll
0x00007ffa2c2d0000 - 0x00007ffa2c2fe000 	C:\WINDOWS\SYSTEM32\USERENV.dll
0x00007ffa2b720000 - 0x00007ffa2b72c000 	C:\WINDOWS\SYSTEM32\CRYPTBASE.dll
0x00007ffa2b180000 - 0x00007ffa2b1bb000 	C:\WINDOWS\SYSTEM32\IPHLPAPI.DLL
0x00007ffa2e7d0000 - 0x00007ffa2e7d8000 	C:\WINDOWS\System32\NSI.dll
0x00007ffa23510000 - 0x00007ffa23527000 	C:\WINDOWS\SYSTEM32\dhcpcsvc6.DLL
0x00007ffa24670000 - 0x00007ffa2468d000 	C:\WINDOWS\SYSTEM32\dhcpcsvc.DLL
0x00007ffa2b1c0000 - 0x00007ffa2b28b000 	C:\WINDOWS\SYSTEM32\DNSAPI.dll
0x00007ffa248a0000 - 0x00007ffa248ab000 	C:\WINDOWS\SYSTEM32\WINNSI.DLL
0x00007ffa2c110000 - 0x00007ffa2c143000 	C:\WINDOWS\SYSTEM32\ntmarta.dll

dbghelp: loaded successfully - version: 4.0.5 - missing functions: none
symbol engine: initialized successfully - sym options: 0x614 - pdb path: .;D:\Android\New folder\jre\bin;C:\WINDOWS\SYSTEM32;C:\WINDOWS\WinSxS\amd64_microsoft.windows.common-controls_6595b64144ccf1df_6.0.19041.1110_none_60b5254171f9507e;D:\Android\New folder\jre\bin\server;C:\Users\quocm\.gradle\native\fdc75f09e3144964f2cf3f50f0aa648679c211496f362492102eb8c894070792\windows-amd64;C:\Users\quocm\.gradle\native\12488b8bf47d2d4c9fbf2f6322a914ad602e24e48041cd04a747c6da556b65c4\windows-amd64

VM Arguments:
jvm_args: -XX:MaxPermSize=512m -XX:+HeapDumpOnOutOfMemoryError --add-opens=java.base/java.util=ALL-UNNAMED --add-opens=java.base/java.lang=ALL-UNNAMED --add-opens=java.base/java.lang.invoke=ALL-UNNAMED --add-opens=java.prefs/java.util.prefs=ALL-UNNAMED -Xmx2048m -Dfile.encoding=UTF-8 -Duser.country=US -Duser.language=en -Duser.variant 
java_command: org.gradle.launcher.daemon.bootstrap.GradleDaemon 6.8
java_class_path (initial): C:\Users\quocm\.gradle\wrapper\dists\gradle-6.8-all\9emh0d32e025cam7aasxcw002\gradle-6.8\lib\gradle-launcher-6.8.jar
Launcher Type: SUN_STANDARD

[Global flags]
     intx CICompilerCount                          = 4                                         {product} {ergonomic}
     uint ConcGCThreads                            = 3                                         {product} {ergonomic}
     uint G1ConcRefinementThreads                  = 10                                        {product} {ergonomic}
   size_t G1HeapRegionSize                         = 1048576                                   {product} {ergonomic}
    uintx GCDrainStackTargetSize                   = 64                                        {product} {ergonomic}
     bool HeapDumpOnOutOfMemoryError               = true                                   {manageable} {command line}
   size_t InitialHeapSize                          = 266338304                                 {product} {ergonomic}
   size_t MarkStackSize                            = 4194304                                   {product} {ergonomic}
   size_t MaxHeapSize                              = 2147483648                                {product} {command line}
   size_t MaxNewSize                               = 1287651328                                {product} {ergonomic}
   size_t MinHeapDeltaBytes                        = 1048576                                   {product} {ergonomic}
    uintx NonNMethodCodeHeapSize                   = 5836300                                {pd product} {ergonomic}
    uintx NonProfiledCodeHeapSize                  = 122910970                              {pd product} {ergonomic}
    uintx ProfiledCodeHeapSize                     = 122910970                              {pd product} {ergonomic}
    uintx ReservedCodeCacheSize                    = 251658240                              {pd product} {ergonomic}
     bool SegmentedCodeCache                       = true                                      {product} {ergonomic}
     bool UseCompressedClassPointers               = true                                 {lp64_product} {ergonomic}
     bool UseCompressedOops                        = true                                 {lp64_product} {ergonomic}
     bool UseG1GC                                  = true                                      {product} {ergonomic}
     bool UseLargePagesIndividualAllocation        = false                                  {pd product} {ergonomic}

Logging:
Log output configuration:
 #0: stdout all=warning uptime,level,tags
 #1: stderr all=off uptime,level,tags

Environment Variables:
JAVA_HOME=D:\Android\New folder\jre
CLASSPATH=D:\ReactNative\FullApp\TestProject\android\\gradle\wrapper\gradle-wrapper.jar
PATH=D:\ReactNative\FullApp\TestProject\android\node_modules\.bin;D:\ReactNative\FullApp\TestProject\node_modules\.bin;D:\ReactNative\FullApp\node_modules\.bin;D:\ReactNative\node_modules\.bin;D:\node_modules\.bin;C:\Program Files\nodejs;C:\Program Files (x86)\Intel\Intel(R) Management Engine Components\iCLS\;C:\Program Files\Intel\Intel(R) Management Engine Components\iCLS\;C:\Windows\system32;C:\Windows;C:\Windows\System32\Wbem;C:\Windows\System32\WindowsPowerShell\v1.0\;C:\Windows\System32\OpenSSH\;C:\Program Files (x86)\NVIDIA Corporation\PhysX\Common;C:\Program Files\Intel\WiFi\bin\;C:\Program Files\Common Files\Intel\WirelessCommon\;C:\Program Files (x86)\Intel\Intel(R) Management Engine Components\DAL;C:\Program Files\Intel\Intel(R) Management Engine Components\DAL;C:\Program Files (x86)\Intel\Intel(R) Management Engine Components\IPT;C:\Program Files\Intel\Intel(R) Management Engine Components\IPT;C:\WINDOWS\system32;C:\WINDOWS;C:\WINDOWS\System32\Wbem;C:\WINDOWS\System32\WindowsPowerShell\v1.0\;C:\WINDOWS\System32\OpenSSH\;C:\Program Files\Microsoft SQL Server\Client SDK\ODBC\170\Tools\Binn\;C:\Program Files (x86)\Microsoft SQL Server\150\Tools\Binn\;C:\Program Files\Microsoft SQL Server\150\Tools\Binn\;C:\Program Files\Microsoft SQL Server\150\DTS\Binn\;C:\Program Files (x86)\Microsoft SQL Server\150\DTS\Binn\;C:\Program Files\Azure Data Studio\bin;C:\Program Files\nodejs\;C:\Program Files\Git\cmd;C:\Users\quocm\AppData\Local\Microsoft\WindowsApps;C:\Users\quocm\AppData\Local\Programs\Microsoft VS Code\bin;;C:\Program Files\Azure Data Studio\bin;C:\Users\quocm\AppData\Roaming\npm
USERNAME=quocm
LANG=en_US.UTF-8
OS=Windows_NT
PROCESSOR_IDENTIFIER=Intel64 Family 6 Model 158 Stepping 10, GenuineIntel



---------------  S Y S T E M  ---------------

OS: Windows 10 , 64 bit Build 19041 (10.0.19041.1348)
OS uptime: 0 days 0:14 hours

CPU:total 12 (initial active 12) (6 cores per cpu, 2 threads per core) family 6 model 158 stepping 10 microcode 0xb4, cmov, cx8, fxsr, mmx, sse, sse2, sse3, ssse3, sse4.1, sse4.2, popcnt, avx, avx2, aes, clmul, erms, 3dnowpref, lzcnt, ht, tsc, tscinvbit, bmi1, bmi2, adx, fma

Memory: 4k page, system-wide physical 16230M (6975M free)
TotalPageFile size 18662M (AvailPageFile size 5927M)
current process WorkingSet (physical memory assigned to process): 560M, peak: 576M
current process commit charge ("private bytes"): 608M, peak: 627M

vm_info: OpenJDK 64-Bit Server VM (11.0.10+0-b96-7249189) for windows-amd64 JRE (11.0.10+0-b96-7249189), built on Mar 31 2021 21:44:00 by "builder" with MS VC++ 14.0 (VS2015)

END.
