#
# A fatal error has been detected by the Java Runtime Environment:
#
#  EXCEPTION_ACCESS_VIOLATION (0xc0000005) at pc=0x00007ffac9bdc9e6, pid=1932, tid=17064
#
# JRE version: OpenJDK Runtime Environment (11.0.10) (build 11.0.10+0-b96-7249189)
# Java VM: OpenJDK 64-Bit Server VM (11.0.10+0-b96-7249189, mixed mode, tiered, compressed oops, g1 gc, windows-amd64)
# Problematic frame:
# V  [jvm.dll+0x18c9e6]
#
# No core dump will be written. Minidumps are not enabled by default on client versions of Windows
#
# If you would like to submit a bug report, please visit:
#   https://bugreport.java.com/bugreport/crash.jsp
#

---------------  S U M M A R Y ------------

Command Line: -XX:MaxPermSize=512m -XX:+HeapDumpOnOutOfMemoryError --add-opens=java.base/java.util=ALL-UNNAMED --add-opens=java.base/java.lang=ALL-UNNAMED --add-opens=java.base/java.lang.invoke=ALL-UNNAMED --add-opens=java.prefs/java.util.prefs=ALL-UNNAMED -Xmx2048m -Dfile.encoding=UTF-8 -Duser.country=US -Duser.language=en -Duser.variant org.gradle.launcher.daemon.bootstrap.GradleDaemon 6.8

Host: Intel(R) Core(TM) i7-8750H CPU @ 2.20GHz, 12 cores, 15G,  Windows 10 , 64 bit Build 19041 (10.0.19041.1202)
Time: Wed Nov 10 16:16:14 2021 SE Asia Standard Time elapsed time: 481.086612 seconds (0d 0h 8m 1s)

---------------  T H R E A D  ---------------

Current thread (0x000001a81dc62800):  ConcurrentGCThread "G1 Conc#1" [stack: 0x00000020ecf00000,0x00000020ed000000] [id=17064]

Stack: [0x00000020ecf00000,0x00000020ed000000],  sp=0x00000020ecfff878,  free space=1022k
Native frames: (J=compiled Java code, j=interpreted, Vv=VM code, C=native code)
V  [jvm.dll+0x18c9e6]


siginfo: EXCEPTION_ACCESS_VIOLATION (0xc0000005), reading address 0x0000000000000008


Register to memory mapping:

RIP=0x00007ffac9bdc9e6 jvm.dll
RAX=0x4448891122244401 is an unknown value
RBX=0x0000000081efc748 is pointing into object: java.util.LinkedList$Node 
{0x0000000081efc740} - klass: 'java/util/LinkedList$Node'
RCX=0x0000000081efc748 is pointing into object: java.util.LinkedList$Node 
{0x0000000081efc740} - klass: 'java/util/LinkedList$Node'
RDX=0x0000000081efc748 is pointing into object: java.util.LinkedList$Node 
{0x0000000081efc740} - klass: 'java/util/LinkedList$Node'
RSP=0x00000020ecfff878 points into unknown readable memory: 0x00007ffac9d2a4ea | ea a4 d2 c9 fa 7f 00 00
RBP=0x000001a87bfd1590 points into unknown readable memory: 0x000001a87bfda000 | 00 a0 fd 7b a8 01 00 00
RSI=0x0000000000000001 is an unknown value
RDI=0x0 is NULL
R8 =0x4448891122244488 is an unknown value
R9 =0x0 is NULL
R10=0x000001a87bfd1590 points into unknown readable memory: 0x000001a87bfda000 | 00 a0 fd 7b a8 01 00 00
R11=0x000001a8162c0000 points into unknown readable memory: 0x0081008100810041 | 41 00 81 00 81 00 81 00
R12=0x000000000000000c is an unknown value
R13=0xaaaaaaaaaaaaaaab is an unknown value
R14=0x0000000000000002 is an unknown value
R15=0x00000000828d26f8 is an oop: java.lang.reflect.Method 
{0x00000000828d26f8} - klass: 'java/lang/reflect/Method'


Registers:
RAX=0x4448891122244401, RBX=0x0000000081efc748, RCX=0x0000000081efc748, RDX=0x0000000081efc748
RSP=0x00000020ecfff878, RBP=0x000001a87bfd1590, RSI=0x0000000000000001, RDI=0x0000000000000000
R8 =0x4448891122244488, R9 =0x0000000000000000, R10=0x000001a87bfd1590, R11=0x000001a8162c0000
R12=0x000000000000000c, R13=0xaaaaaaaaaaaaaaab, R14=0x0000000000000002, R15=0x00000000828d26f8
RIP=0x00007ffac9bdc9e6, EFLAGS=0x0000000000010246

Top of Stack: (sp=0x00000020ecfff878)
0x00000020ecfff878:   00007ffac9d2a4ea 0000000081efc748
0x00000020ecfff888:   0000000100009648 000001a87bfe7120
0x00000020ecfff898:   00000020ecfffa88 0000000100009650
0x00000020ecfff8a8:   00007ffac9d2a396 0000000100009648
0x00000020ecfff8b8:   0000000081efc748 000001a87bfe7120
0x00000020ecfff8c8:   00000020ecfffa88 0000000000000000
0x00000020ecfff8d8:   00000020ecfffa88 00000000828d2750
0x00000020ecfff8e8:   00007ffac9d221ed 000000000000000b
0x00000020ecfff8f8:   00000000828d2724 00000000828d26a8
0x00000020ecfff908:   0000000100763ae8 00000020ecfffa60
0x00000020ecfff918:   000001a81db45c01 00000001000091a8
0x00000020ecfff928:   00007ffac9d21aa1 000000000000000b
0x00000020ecfff938:   00000020ecfffa88 00000000828d26f8
0x00000020ecfff948:   00000020ecfffa60 00000000828d26f8
0x00000020ecfff958:   00007ffac9d2ffcf 000001a87bfe7120
0x00000020ecfff968:   0000000000520000 00000020ecfffa60 

Instructions: (pc=0x00007ffac9bdc9e6)
0x00007ffac9bdc8e6:   82 00 48 d3 e0 48 03 05 1e 22 82 00 eb 04 48 8b
0x00007ffac9bdc8f6:   43 08 81 78 08 00 00 00 c0 73 7d 48 8b 4f 38 48
0x00007ffac9bdc906:   8b d3 48 8b 01 ff 50 20 84 c0 75 6c 38 05 80 ac
0x00007ffac9bdc916:   86 00 74 15 8b 53 08 8b 0d f5 21 82 00 48 d3 e2
0x00007ffac9bdc926:   48 03 15 e3 21 82 00 eb 04 48 8b 53 08 48 8b cb
0x00007ffac9bdc936:   48 89 5c 24 20 e8 a0 00 00 00 80 7f 30 00 48 63
0x00007ffac9bdc946:   c8 48 89 4c 24 28 0f 28 44 24 20 74 17 0f 11 86
0x00007ffac9bdc956:   98 03 00 00 48 8b 5c 24 40 48 8b 74 24 48 48 83
0x00007ffac9bdc966:   c4 30 5f c3 48 8b 07 48 8d 54 24 20 48 8b cf 66
0x00007ffac9bdc976:   0f 7f 44 24 20 ff 50 38 48 8b 5c 24 40 48 8b 74
0x00007ffac9bdc986:   24 48 48 83 c4 30 5f c3 cc cc 48 8b 49 38 48 8b
0x00007ffac9bdc996:   01 48 ff 60 28 cc cc cc cc cc 80 3d f1 ab 86 00
0x00007ffac9bdc9a6:   00 48 8b c1 74 1b 8b 51 08 8b 0d 63 21 82 00 48
0x00007ffac9bdc9b6:   d3 e2 48 8b c8 48 03 15 4e 21 82 00 e9 19 00 00
0x00007ffac9bdc9c6:   00 48 8b 51 08 48 8b c8 e9 0d 00 00 00 cc cc cc
0x00007ffac9bdc9d6:   cc cc cc cc cc cc cc cc cc cc 4c 8b ca 48 8b d1
0x00007ffac9bdc9e6:   45 8b 41 08 45 85 c0 7e 0e 41 f6 c0 01 75 59 41
0x00007ffac9bdc9f6:   c1 f8 03 41 8b c0 c3 79 4f 80 3d 92 ab 86 00 00
0x00007ffac9bdca06:   b8 0c 00 00 00 b9 10 00 00 00 0f 45 c8 8b 05 ab
0x00007ffac9bdca16:   6c 80 00 ff c8 4c 63 c8 48 63 c1 41 8b c8 83 e1
0x00007ffac9bdca26:   3f 48 63 14 10 41 8b c0 48 c1 f8 10 0f b6 c0 48
0x00007ffac9bdca36:   d3 e2 49 8d 0c 11 49 f7 d1 48 03 c1 49 c1 e9 03
0x00007ffac9bdca46:   48 c1 e8 03 41 23 c1 c3 49 8b 01 49 8b c9 48 ff
0x00007ffac9bdca56:   a0 10 01 00 00 cc cc cc cc cc 48 83 ec 38 0f 10
0x00007ffac9bdca66:   02 48 8b 49 38 48 8d 54 24 20 0f 29 44 24 20 e8
0x00007ffac9bdca76:   56 f0 ff ff 48 83 c4 38 c3 cc 48 89 5c 24 08 55
0x00007ffac9bdca86:   56 57 41 54 41 55 41 56 41 57 48 8d 6c 24 e0 48
0x00007ffac9bdca96:   81 ec 20 01 00 00 48 8b 05 5d a5 83 00 48 33 c4
0x00007ffac9bdcaa6:   48 89 45 10 48 8b 05 df 15 86 00 45 33 ed 4c 8b
0x00007ffac9bdcab6:   b5 80 00 00 00 4c 8b fa 48 8b bd 88 00 00 00 4d
0x00007ffac9bdcac6:   8b c6 49 8b d6 49 8b f1 48 8b 48 38 48 8b 59 48
0x00007ffac9bdcad6:   49 8b cf c7 45 c0 ff ff ff ff 44 89 6d d4 4c 89 


Stack slot to memory mapping:
stack at sp + 0 slots: 0x00007ffac9d2a4ea jvm.dll
stack at sp + 1 slots: 0x0000000081efc748 is pointing into object: java.util.LinkedList$Node 
{0x0000000081efc740} - klass: 'java/util/LinkedList$Node'
stack at sp + 2 slots: 0x0000000100009648 is pointing into metadata
stack at sp + 3 slots: 0x000001a87bfe7120 points into unknown readable memory: 0x00007ffaca26efa0 | a0 ef 26 ca fa 7f 00 00
stack at sp + 4 slots: 0x00000020ecfffa88 points into unknown readable memory: 0x00007ffaca26ef20 | 20 ef 26 ca fa 7f 00 00
stack at sp + 5 slots: 0x0000000100009650 is a pointer to class: 
java.lang.reflect.Constructor {0x0000000100009658}
stack at sp + 6 slots: 0x00007ffac9d2a396 jvm.dll
stack at sp + 7 slots: 0x0000000100009648 is pointing into metadata


---------------  P R O C E S S  ---------------

Threads class SMR info:
_java_thread_list=0x000001a820ea1540, length=136, elements={
0x000001a87bf8f800, 0x000001a81b829800, 0x000001a81b833000, 0x000001a81b844000,
0x000001a81b89a800, 0x000001a81b89c000, 0x000001a81b89f800, 0x000001a81b8b1000,
0x000001a81b8b7800, 0x000001a81b8b8000, 0x000001a81b8b5000, 0x000001a81b8b2800,
0x000001a81b8b5800, 0x000001a81d3a4800, 0x000001a81d3a5000, 0x000001a81d3a6000,
0x000001a81d3ac800, 0x000001a81d3ab000, 0x000001a81ef9c800, 0x000001a81ef98800,
0x000001a81ef99800, 0x000001a81ef9a000, 0x000001a81ef9b000, 0x000001a81ef96000,
0x000001a81ef97000, 0x000001a81ef9d800, 0x000001a81efa0800, 0x000001a81efa1800,
0x000001a81efa0000, 0x000001a81ef9b800, 0x000001a81efa2800, 0x000001a81efa3000,
0x000001a81efa4000, 0x000001a81ef9e000, 0x000001a81efa4800, 0x000001a81ef9f000,
0x000001a81d3a3800, 0x000001a81d3a7000, 0x000001a81d3a3000, 0x000001a81d3a1000,
0x000001a81d3a7800, 0x000001a81d3a2000, 0x000001a81d3ae000, 0x000001a81d3a8800,
0x000001a81d3af000, 0x000001a81d3a9800, 0x000001a81d3aa000, 0x000001a81d3b0000,
0x000001a81b8b9000, 0x000001a81b8b3000, 0x000001a81b8b4000, 0x000001a81b8b6800,
0x000001a81f704800, 0x000001a81f705800, 0x000001a81f702000, 0x000001a81f706800,
0x000001a81f701800, 0x000001a81f703000, 0x000001a81f700800, 0x000001a81f707000,
0x000001a81f708800, 0x000001a81f708000, 0x000001a81f709800, 0x000001a81f704000,
0x000001a81f70d000, 0x000001a81f70d800, 0x000001a81f70f000, 0x000001a81f70a800,
0x000001a81f70e800, 0x000001a81f70b000, 0x000001a81f70c000, 0x000001a820d81800,
0x000001a820d82800, 0x000001a820d7d800, 0x000001a820d83800, 0x000001a820d84000,
0x000001a820d7f800, 0x000001a820d80000, 0x000001a820d81000, 0x000001a820d7e800,
0x000001a820d85000, 0x000001a820d86800, 0x000001a820d8b800, 0x000001a820d86000,
0x000001a820d89000, 0x000001a820d8a000, 0x000001a820d8c800, 0x000001a820d87800,
0x000001a820d88000, 0x000001a820d8a800, 0x000001a81d1b7000, 0x000001a81d1b8800,
0x000001a81d1ba000, 0x000001a81d1b6000, 0x000001a81d1b7800, 0x000001a81d1b9800,
0x000001a81d1bb000, 0x000001a81d1b5000, 0x000001a81d1bb800, 0x000001a81d1bd800,
0x000001a81d1be000, 0x000001a81d1c0800, 0x000001a81d1bf000, 0x000001a81d1bc800,
0x000001a81d1c2000, 0x000001a81d1c0000, 0x000001a81d1c1800, 0x000001a81d1c3000,
0x000001a81d1c4000, 0x000001a820c32000, 0x000001a820c36000, 0x000001a820c38800,
0x000001a820c37800, 0x000001a820c33800, 0x000001a820c37000, 0x000001a820c32800,
0x000001a820c35000, 0x000001a820c3a000, 0x000001a820c39800, 0x000001a820c34800,
0x000001a820c3b000, 0x000001a820c3d800, 0x000001a820c40000, 0x000001a820c3f000,
0x000001a820c40800, 0x000001a820c3e000, 0x000001a820c3c800, 0x000001a820c3b800,
0x000001a81ed2b800, 0x000001a81ed2c000, 0x000001a81ed29000, 0x000001a81ed2a000,
0x000001a81ed2d000, 0x000001a81ed2e000, 0x000001a81ed28000, 0x000001a81ed2e800
}

Java Threads: ( => current thread )
  0x000001a87bf8f800 JavaThread "main" [_thread_blocked, id=14212, stack(0x00000020ea600000,0x00000020ea700000)]
  0x000001a81b829800 JavaThread "Reference Handler" daemon [_thread_blocked, id=2104, stack(0x00000020ead00000,0x00000020eae00000)]
  0x000001a81b833000 JavaThread "Finalizer" daemon [_thread_blocked, id=8268, stack(0x00000020eae00000,0x00000020eaf00000)]
  0x000001a81b844000 JavaThread "Signal Dispatcher" daemon [_thread_blocked, id=15692, stack(0x00000020eaf00000,0x00000020eb000000)]
  0x000001a81b89a800 JavaThread "Attach Listener" daemon [_thread_blocked, id=17772, stack(0x00000020eb000000,0x00000020eb100000)]
  0x000001a81b89c000 JavaThread "Service Thread" daemon [_thread_blocked, id=15464, stack(0x00000020eb100000,0x00000020eb200000)]
  0x000001a81b89f800 JavaThread "C2 CompilerThread0" daemon [_thread_blocked, id=14964, stack(0x00000020eb200000,0x00000020eb300000)]
  0x000001a81b8b1000 JavaThread "C1 CompilerThread0" daemon [_thread_blocked, id=16964, stack(0x00000020eb300000,0x00000020eb400000)]
  0x000001a81b8b7800 JavaThread "Sweeper thread" daemon [_thread_blocked, id=15544, stack(0x00000020eb400000,0x00000020eb500000)]
  0x000001a81b8b8000 JavaThread "Common-Cleaner" daemon [_thread_blocked, id=16320, stack(0x00000020eb500000,0x00000020eb600000)]
  0x000001a81b8b5000 JavaThread "Daemon health stats" [_thread_blocked, id=17992, stack(0x00000020ebe00000,0x00000020ebf00000)]
  0x000001a81b8b2800 JavaThread "Incoming local TCP Connector on port 54799" [_thread_in_native, id=16068, stack(0x00000020eb700000,0x00000020eb800000)]
  0x000001a81b8b5800 JavaThread "Daemon periodic checks" [_thread_blocked, id=7264, stack(0x00000020ebd00000,0x00000020ebe00000)]
  0x000001a81d3a4800 JavaThread "Cache worker for file hash cache (C:\Users\Quoc Minh\.gradle\caches\6.8\fileHashes)" [_thread_blocked, id=18292, stack(0x00000020ec800000,0x00000020ec900000)]
  0x000001a81d3a5000 JavaThread "File lock request listener" [_thread_in_native, id=7236, stack(0x00000020ec900000,0x00000020eca00000)]
  0x000001a81d3a6000 JavaThread "Cache worker for journal cache (C:\Users\Quoc Minh\.gradle\caches\journal-1)" [_thread_blocked, id=15216, stack(0x00000020eca00000,0x00000020ecb00000)]
  0x000001a81d3ac800 JavaThread "Cache worker for execution history cache (C:\Users\Quoc Minh\.gradle\caches\6.8\executionHistory)" [_thread_blocked, id=17936, stack(0x00000020ed700000,0x00000020ed800000)]
  0x000001a81d3ab000 JavaThread "Cache worker for file content cache (C:\Users\Quoc Minh\.gradle\caches\6.8\fileContent)" [_thread_blocked, id=18008, stack(0x00000020ed900000,0x00000020eda00000)]
  0x000001a81ef9c800 JavaThread "Memory manager" [_thread_blocked, id=6720, stack(0x00000020f4300000,0x00000020f4400000)]
  0x000001a81ef98800 JavaThread "Daemon Thread 3" [_thread_blocked, id=15556, stack(0x00000020ea400000,0x00000020ea500000)]
  0x000001a81ef99800 JavaThread "Handler for socket connection from /127.0.0.1:54799 to /127.0.0.1:58071" [_thread_in_native, id=4212, stack(0x00000020ea500000,0x00000020ea600000)]
  0x000001a81ef9a000 JavaThread "Cancel handler" [_thread_blocked, id=8556, stack(0x00000020ec100000,0x00000020ec200000)]
  0x000001a81ef9b000 JavaThread "Daemon worker Thread 3" [_thread_in_native, id=17108, stack(0x00000020ec200000,0x00000020ec300000)]
  0x000001a81ef96000 JavaThread "Asynchronous log dispatcher for DefaultDaemonConnection: socket connection from /127.0.0.1:54799 to /127.0.0.1:58071" [_thread_blocked, id=784, stack(0x00000020ec300000,0x00000020ec400000)]
  0x000001a81ef97000 JavaThread "Stdin handler" [_thread_blocked, id=11008, stack(0x00000020ec400000,0x00000020ec500000)]
  0x000001a81ef9d800 JavaThread "Daemon client event forwarder" [_thread_blocked, id=6068, stack(0x00000020ec500000,0x00000020ec600000)]
  0x000001a81efa0800 JavaThread "Cache worker for file hash cache (D:\ReactNative\FullApp\TestProject\android\.gradle\6.8\fileHashes)" [_thread_blocked, id=15852, stack(0x00000020ec600000,0x00000020ec700000)]
  0x000001a81efa1800 JavaThread "Cache worker for checksums cache (D:\ReactNative\FullApp\TestProject\android\.gradle\checksums)" [_thread_blocked, id=17004, stack(0x00000020ec700000,0x00000020ec800000)]
  0x000001a81efa0000 JavaThread "Cache worker for cache directory md-supplier (C:\Users\Quoc Minh\.gradle\caches\6.8\md-supplier)" [_thread_blocked, id=8084, stack(0x00000020ed100000,0x00000020ed200000)]
  0x000001a81ef9b800 JavaThread "Cache worker for cache directory md-rule (C:\Users\Quoc Minh\.gradle\caches\6.8\md-rule)" [_thread_blocked, id=15872, stack(0x00000020ed200000,0x00000020ed300000)]
  0x000001a81efa2800 JavaThread "Cache worker for Build Output Cleanup Cache (D:\ReactNative\FullApp\TestProject\android\.gradle\buildOutputCleanup)" [_thread_blocked, id=17032, stack(0x00000020ed300000,0x00000020ed400000)]
  0x000001a81efa3000 JavaThread "Build operations" [_thread_blocked, id=8236, stack(0x00000020ed400000,0x00000020ed500000)]
  0x000001a81efa4000 JavaThread "Build operations Thread 2" [_thread_blocked, id=7464, stack(0x00000020ed500000,0x00000020ed600000)]
  0x000001a81ef9e000 JavaThread "Build operations Thread 3" [_thread_blocked, id=6032, stack(0x00000020ed600000,0x00000020ed700000)]
  0x000001a81efa4800 JavaThread "Build operations Thread 4" [_thread_blocked, id=16436, stack(0x00000020ed800000,0x00000020ed900000)]
  0x000001a81ef9f000 JavaThread "Build operations Thread 5" [_thread_blocked, id=13868, stack(0x00000020eda00000,0x00000020edb00000)]
  0x000001a81d3a3800 JavaThread "Build operations Thread 6" [_thread_blocked, id=18364, stack(0x00000020edb00000,0x00000020edc00000)]
  0x000001a81d3a7000 JavaThread "Build operations Thread 7" [_thread_blocked, id=18172, stack(0x00000020edc00000,0x00000020edd00000)]
  0x000001a81d3a3000 JavaThread "Build operations Thread 8" [_thread_blocked, id=18004, stack(0x00000020edd00000,0x00000020ede00000)]
  0x000001a81d3a1000 JavaThread "Build operations Thread 9" [_thread_blocked, id=16660, stack(0x00000020ede00000,0x00000020edf00000)]
  0x000001a81d3a7800 JavaThread "Build operations Thread 10" [_thread_blocked, id=18064, stack(0x00000020edf00000,0x00000020ee000000)]
  0x000001a81d3a2000 JavaThread "Build operations Thread 11" [_thread_blocked, id=9940, stack(0x00000020ee000000,0x00000020ee100000)]
  0x000001a81d3ae000 JavaThread "Build operations Thread 12" [_thread_blocked, id=18408, stack(0x00000020ee100000,0x00000020ee200000)]
  0x000001a81d3a8800 JavaThread "jar transforms Thread 248" [_thread_blocked, id=4200, stack(0x00000020ee300000,0x00000020ee400000)]
  0x000001a81d3af000 JavaThread "jar transforms Thread 249" [_thread_blocked, id=14160, stack(0x00000020ee400000,0x00000020ee500000)]
  0x000001a81d3a9800 JavaThread "jar transforms Thread 250" [_thread_blocked, id=16184, stack(0x00000020ee500000,0x00000020ee600000)]
  0x000001a81d3aa000 JavaThread "jar transforms Thread 251" [_thread_blocked, id=4440, stack(0x00000020ee600000,0x00000020ee700000)]
  0x000001a81d3b0000 JavaThread "jar transforms Thread 252" [_thread_blocked, id=18380, stack(0x00000020ee700000,0x00000020ee800000)]
  0x000001a81b8b9000 JavaThread "jar transforms Thread 253" [_thread_blocked, id=9924, stack(0x00000020ee800000,0x00000020ee900000)]
  0x000001a81b8b3000 JavaThread "jar transforms Thread 254" [_thread_blocked, id=12392, stack(0x00000020ee900000,0x00000020eea00000)]
  0x000001a81b8b4000 JavaThread "jar transforms Thread 255" [_thread_blocked, id=11116, stack(0x00000020eea00000,0x00000020eeb00000)]
  0x000001a81b8b6800 JavaThread "jar transforms Thread 256" [_thread_blocked, id=16008, stack(0x00000020eeb00000,0x00000020eec00000)]
  0x000001a81f704800 JavaThread "jar transforms Thread 257" [_thread_blocked, id=10504, stack(0x00000020eec00000,0x00000020eed00000)]
  0x000001a81f705800 JavaThread "jar transforms Thread 258" [_thread_blocked, id=9816, stack(0x00000020eed00000,0x00000020eee00000)]
  0x000001a81f702000 JavaThread "jar transforms Thread 259" [_thread_blocked, id=15764, stack(0x00000020eee00000,0x00000020eef00000)]
  0x000001a81f706800 JavaThread "jar transforms Thread 260" [_thread_blocked, id=15712, stack(0x00000020eef00000,0x00000020ef000000)]
  0x000001a81f701800 JavaThread "jar transforms Thread 261" [_thread_blocked, id=17264, stack(0x00000020ef000000,0x00000020ef100000)]
  0x000001a81f703000 JavaThread "jar transforms Thread 262" [_thread_blocked, id=7556, stack(0x00000020ef100000,0x00000020ef200000)]
  0x000001a81f700800 JavaThread "jar transforms Thread 263" [_thread_blocked, id=18016, stack(0x00000020ef200000,0x00000020ef300000)]
  0x000001a81f707000 JavaThread "jar transforms Thread 264" [_thread_blocked, id=7544, stack(0x00000020ef300000,0x00000020ef400000)]
  0x000001a81f708800 JavaThread "jar transforms Thread 265" [_thread_blocked, id=4884, stack(0x00000020ef400000,0x00000020ef500000)]
  0x000001a81f708000 JavaThread "jar transforms Thread 266" [_thread_blocked, id=17704, stack(0x00000020ef500000,0x00000020ef600000)]
  0x000001a81f709800 JavaThread "jar transforms Thread 267" [_thread_blocked, id=12952, stack(0x00000020ef600000,0x00000020ef700000)]
  0x000001a81f704000 JavaThread "jar transforms Thread 268" [_thread_blocked, id=3680, stack(0x00000020ef700000,0x00000020ef800000)]
  0x000001a81f70d000 JavaThread "jar transforms Thread 269" [_thread_blocked, id=1212, stack(0x00000020ef800000,0x00000020ef900000)]
  0x000001a81f70d800 JavaThread "jar transforms Thread 270" [_thread_blocked, id=15716, stack(0x00000020ef900000,0x00000020efa00000)]
  0x000001a81f70f000 JavaThread "jar transforms Thread 271" [_thread_blocked, id=18040, stack(0x00000020efa00000,0x00000020efb00000)]
  0x000001a81f70a800 JavaThread "jar transforms Thread 272" [_thread_blocked, id=8352, stack(0x00000020efb00000,0x00000020efc00000)]
  0x000001a81f70e800 JavaThread "jar transforms Thread 273" [_thread_blocked, id=15412, stack(0x00000020efc00000,0x00000020efd00000)]
  0x000001a81f70b000 JavaThread "jar transforms Thread 274" [_thread_blocked, id=7472, stack(0x00000020efd00000,0x00000020efe00000)]
  0x000001a81f70c000 JavaThread "jar transforms Thread 275" [_thread_blocked, id=11444, stack(0x00000020efe00000,0x00000020eff00000)]
  0x000001a820d81800 JavaThread "jar transforms Thread 276" [_thread_blocked, id=17092, stack(0x00000020eff00000,0x00000020f0000000)]
  0x000001a820d82800 JavaThread "jar transforms Thread 277" [_thread_blocked, id=18424, stack(0x00000020f0000000,0x00000020f0100000)]
  0x000001a820d7d800 JavaThread "jar transforms Thread 278" [_thread_blocked, id=18216, stack(0x00000020f0100000,0x00000020f0200000)]
  0x000001a820d83800 JavaThread "jar transforms Thread 279" [_thread_blocked, id=14448, stack(0x00000020f0200000,0x00000020f0300000)]
  0x000001a820d84000 JavaThread "jar transforms Thread 280" [_thread_blocked, id=17776, stack(0x00000020f0300000,0x00000020f0400000)]
  0x000001a820d7f800 JavaThread "jar transforms Thread 281" [_thread_blocked, id=17808, stack(0x00000020f0400000,0x00000020f0500000)]
  0x000001a820d80000 JavaThread "jar transforms Thread 282" [_thread_blocked, id=1904, stack(0x00000020f0500000,0x00000020f0600000)]
  0x000001a820d81000 JavaThread "jar transforms Thread 283" [_thread_blocked, id=17740, stack(0x00000020f0600000,0x00000020f0700000)]
  0x000001a820d7e800 JavaThread "jar transforms Thread 284" [_thread_blocked, id=13880, stack(0x00000020f0700000,0x00000020f0800000)]
  0x000001a820d85000 JavaThread "jar transforms Thread 285" [_thread_blocked, id=4412, stack(0x00000020f0800000,0x00000020f0900000)]
  0x000001a820d86800 JavaThread "jar transforms Thread 286" [_thread_blocked, id=18104, stack(0x00000020f0900000,0x00000020f0a00000)]
  0x000001a820d8b800 JavaThread "jar transforms Thread 287" [_thread_blocked, id=6636, stack(0x00000020f0a00000,0x00000020f0b00000)]
  0x000001a820d86000 JavaThread "jar transforms Thread 288" [_thread_blocked, id=9936, stack(0x00000020f0b00000,0x00000020f0c00000)]
  0x000001a820d89000 JavaThread "jar transforms Thread 289" [_thread_blocked, id=2456, stack(0x00000020f0c00000,0x00000020f0d00000)]
  0x000001a820d8a000 JavaThread "jar transforms Thread 290" [_thread_blocked, id=16356, stack(0x00000020f0d00000,0x00000020f0e00000)]
  0x000001a820d8c800 JavaThread "jar transforms Thread 291" [_thread_blocked, id=11000, stack(0x00000020f0e00000,0x00000020f0f00000)]
  0x000001a820d87800 JavaThread "jar transforms Thread 292" [_thread_blocked, id=15308, stack(0x00000020f0f00000,0x00000020f1000000)]
  0x000001a820d88000 JavaThread "jar transforms Thread 293" [_thread_blocked, id=17256, stack(0x00000020f1000000,0x00000020f1100000)]
  0x000001a820d8a800 JavaThread "jar transforms Thread 294" [_thread_blocked, id=9364, stack(0x00000020f1100000,0x00000020f1200000)]
  0x000001a81d1b7000 JavaThread "jar transforms Thread 295" [_thread_blocked, id=17328, stack(0x00000020f1200000,0x00000020f1300000)]
  0x000001a81d1b8800 JavaThread "jar transforms Thread 296" [_thread_blocked, id=4492, stack(0x00000020f1300000,0x00000020f1400000)]
  0x000001a81d1ba000 JavaThread "jar transforms Thread 297" [_thread_blocked, id=17096, stack(0x00000020f1400000,0x00000020f1500000)]
  0x000001a81d1b6000 JavaThread "jar transforms Thread 298" [_thread_blocked, id=14192, stack(0x00000020f1500000,0x00000020f1600000)]
  0x000001a81d1b7800 JavaThread "jar transforms Thread 299" [_thread_blocked, id=3804, stack(0x00000020f1600000,0x00000020f1700000)]
  0x000001a81d1b9800 JavaThread "jar transforms Thread 300" [_thread_blocked, id=18344, stack(0x00000020f1700000,0x00000020f1800000)]
  0x000001a81d1bb000 JavaThread "jar transforms Thread 301" [_thread_blocked, id=2960, stack(0x00000020f1800000,0x00000020f1900000)]
  0x000001a81d1b5000 JavaThread "jar transforms Thread 302" [_thread_blocked, id=16852, stack(0x00000020f1900000,0x00000020f1a00000)]
  0x000001a81d1bb800 JavaThread "jar transforms Thread 303" [_thread_blocked, id=14480, stack(0x00000020f1a00000,0x00000020f1b00000)]
  0x000001a81d1bd800 JavaThread "jar transforms Thread 304" [_thread_blocked, id=17988, stack(0x00000020f1b00000,0x00000020f1c00000)]
  0x000001a81d1be000 JavaThread "jar transforms Thread 305" [_thread_blocked, id=15768, stack(0x00000020f1c00000,0x00000020f1d00000)]
  0x000001a81d1c0800 JavaThread "jar transforms Thread 306" [_thread_blocked, id=14072, stack(0x00000020f1d00000,0x00000020f1e00000)]
  0x000001a81d1bf000 JavaThread "jar transforms Thread 307" [_thread_blocked, id=8804, stack(0x00000020f1e00000,0x00000020f1f00000)]
  0x000001a81d1bc800 JavaThread "jar transforms Thread 308" [_thread_blocked, id=16704, stack(0x00000020f1f00000,0x00000020f2000000)]
  0x000001a81d1c2000 JavaThread "jar transforms Thread 309" [_thread_blocked, id=10496, stack(0x00000020f2000000,0x00000020f2100000)]
  0x000001a81d1c0000 JavaThread "jar transforms Thread 310" [_thread_blocked, id=8440, stack(0x00000020f2100000,0x00000020f2200000)]
  0x000001a81d1c1800 JavaThread "jar transforms Thread 311" [_thread_blocked, id=10984, stack(0x00000020f2200000,0x00000020f2300000)]
  0x000001a81d1c3000 JavaThread "jar transforms Thread 312" [_thread_blocked, id=14940, stack(0x00000020f2300000,0x00000020f2400000)]
  0x000001a81d1c4000 JavaThread "jar transforms Thread 313" [_thread_blocked, id=7076, stack(0x00000020f2400000,0x00000020f2500000)]
  0x000001a820c32000 JavaThread "jar transforms Thread 314" [_thread_blocked, id=15820, stack(0x00000020f2500000,0x00000020f2600000)]
  0x000001a820c36000 JavaThread "jar transforms Thread 315" [_thread_blocked, id=17576, stack(0x00000020f2600000,0x00000020f2700000)]
  0x000001a820c38800 JavaThread "jar transforms Thread 316" [_thread_blocked, id=17592, stack(0x00000020f2700000,0x00000020f2800000)]
  0x000001a820c37800 JavaThread "jar transforms Thread 317" [_thread_blocked, id=15840, stack(0x00000020f2800000,0x00000020f2900000)]
  0x000001a820c33800 JavaThread "jar transforms Thread 318" [_thread_blocked, id=16880, stack(0x00000020f2900000,0x00000020f2a00000)]
  0x000001a820c37000 JavaThread "jar transforms Thread 319" [_thread_blocked, id=16064, stack(0x00000020f2a00000,0x00000020f2b00000)]
  0x000001a820c32800 JavaThread "jar transforms Thread 320" [_thread_blocked, id=1072, stack(0x00000020f2b00000,0x00000020f2c00000)]
  0x000001a820c35000 JavaThread "jar transforms Thread 321" [_thread_blocked, id=9272, stack(0x00000020f2c00000,0x00000020f2d00000)]
  0x000001a820c3a000 JavaThread "jar transforms Thread 322" [_thread_blocked, id=3436, stack(0x00000020f2d00000,0x00000020f2e00000)]
  0x000001a820c39800 JavaThread "jar transforms Thread 323" [_thread_blocked, id=9408, stack(0x00000020f2e00000,0x00000020f2f00000)]
  0x000001a820c34800 JavaThread "jar transforms Thread 324" [_thread_blocked, id=17324, stack(0x00000020f2f00000,0x00000020f3000000)]
  0x000001a820c3b000 JavaThread "jar transforms Thread 325" [_thread_blocked, id=15560, stack(0x00000020f3000000,0x00000020f3100000)]
  0x000001a820c3d800 JavaThread "jar transforms Thread 326" [_thread_blocked, id=13084, stack(0x00000020f3100000,0x00000020f3200000)]
  0x000001a820c40000 JavaThread "jar transforms Thread 327" [_thread_blocked, id=7212, stack(0x00000020f3200000,0x00000020f3300000)]
  0x000001a820c3f000 JavaThread "jar transforms Thread 328" [_thread_blocked, id=15516, stack(0x00000020f3300000,0x00000020f3400000)]
  0x000001a820c40800 JavaThread "jar transforms Thread 329" [_thread_blocked, id=10584, stack(0x00000020f3400000,0x00000020f3500000)]
  0x000001a820c3e000 JavaThread "jar transforms Thread 330" [_thread_blocked, id=7392, stack(0x00000020f3500000,0x00000020f3600000)]
  0x000001a820c3c800 JavaThread "jar transforms Thread 331" [_thread_blocked, id=9880, stack(0x00000020f3600000,0x00000020f3700000)]
  0x000001a820c3b800 JavaThread "jar transforms Thread 332" [_thread_blocked, id=13276, stack(0x00000020f3700000,0x00000020f3800000)]
  0x000001a81ed2b800 JavaThread "jar transforms Thread 333" [_thread_blocked, id=17984, stack(0x00000020f3800000,0x00000020f3900000)]
  0x000001a81ed2c000 JavaThread "jar transforms Thread 334" [_thread_blocked, id=5096, stack(0x00000020f3900000,0x00000020f3a00000)]
  0x000001a81ed29000 JavaThread "jar transforms Thread 335" [_thread_blocked, id=11184, stack(0x00000020f3a00000,0x00000020f3b00000)]
  0x000001a81ed2a000 JavaThread "jar transforms Thread 336" [_thread_blocked, id=16044, stack(0x00000020f3b00000,0x00000020f3c00000)]
  0x000001a81ed2d000 JavaThread "jar transforms Thread 337" [_thread_blocked, id=4380, stack(0x00000020f3c00000,0x00000020f3d00000)]
  0x000001a81ed2e000 JavaThread "jar transforms Thread 338" [_thread_blocked, id=10048, stack(0x00000020f3d00000,0x00000020f3e00000)]
  0x000001a81ed28000 JavaThread "jar transforms Thread 339" [_thread_blocked, id=16392, stack(0x00000020f3e00000,0x00000020f3f00000)]
  0x000001a81ed2e800 JavaThread "pool-4-thread-1" [_thread_blocked, id=9168, stack(0x00000020f4000000,0x00000020f4100000)]

Other Threads:
  0x000001a81afea800 VMThread "VM Thread" [stack: 0x00000020eac00000,0x00000020ead00000] [id=16040]
  0x000001a81ba2f800 WatcherThread [stack: 0x00000020eb600000,0x00000020eb700000] [id=5092]
  0x000001a87bfa8000 GCTaskThread "GC Thread#0" [stack: 0x00000020ea700000,0x00000020ea800000] [id=2196]
  0x000001a81c7a7000 GCTaskThread "GC Thread#1" [stack: 0x00000020eb800000,0x00000020eb900000] [id=3220]
  0x000001a81c806800 GCTaskThread "GC Thread#2" [stack: 0x00000020eb900000,0x00000020eba00000] [id=17248]
  0x000001a81c6de800 GCTaskThread "GC Thread#3" [stack: 0x00000020eba00000,0x00000020ebb00000] [id=17452]
  0x000001a81c77c000 GCTaskThread "GC Thread#4" [stack: 0x00000020ebb00000,0x00000020ebc00000] [id=10312]
  0x000001a81c77c800 GCTaskThread "GC Thread#5" [stack: 0x00000020ebc00000,0x00000020ebd00000] [id=2072]
  0x000001a81c74f000 GCTaskThread "GC Thread#6" [stack: 0x00000020ecb00000,0x00000020ecc00000] [id=10104]
  0x000001a81c74f800 GCTaskThread "GC Thread#7" [stack: 0x00000020ecc00000,0x00000020ecd00000] [id=15160]
  0x000001a81d88e800 GCTaskThread "GC Thread#8" [stack: 0x00000020ecd00000,0x00000020ece00000] [id=9164]
  0x000001a81d88f800 GCTaskThread "GC Thread#9" [stack: 0x00000020ece00000,0x00000020ecf00000] [id=13292]
  0x000001a87bfda000 ConcurrentGCThread "G1 Main Marker" [stack: 0x00000020ea800000,0x00000020ea900000] [id=5024]
  0x000001a87bfdc800 ConcurrentGCThread "G1 Conc#0" [stack: 0x00000020ea900000,0x00000020eaa00000] [id=17836]
=>0x000001a81dc62800 ConcurrentGCThread "G1 Conc#1" [stack: 0x00000020ecf00000,0x00000020ed000000] [id=17064]
  0x000001a81e518800 ConcurrentGCThread "G1 Conc#2" [stack: 0x00000020ed000000,0x00000020ed100000] [id=15832]
  0x000001a81ae70800 ConcurrentGCThread "G1 Refine#0" [stack: 0x00000020eaa00000,0x00000020eab00000] [id=2368]
  0x000001a827fd7800 ConcurrentGCThread "G1 Refine#1" [stack: 0x00000020ea300000,0x00000020ea400000] [id=18412]
  0x000001a81ae71000 ConcurrentGCThread "G1 Young RemSet Sampling" [stack: 0x00000020eab00000,0x00000020eac00000] [id=17848]

Threads with active compile tasks:

VM state:not at safepoint (normal execution)

VM Mutex/Monitor currently owned by a thread: None

Heap address: 0x0000000080000000, size: 2048 MB, Compressed Oops mode: 32-bit
Narrow klass base: 0x0000000000000000, Narrow klass shift: 3
Compressed class space size: 1073741824 Address: 0x0000000100000000

Heap:
 garbage-first heap   total 260096K, used 122877K [0x0000000080000000, 0x0000000100000000)
  region size 1024K, 19 young (19456K), 12 survivors (12288K)
 Metaspace       used 84580K, capacity 89038K, committed 89260K, reserved 1126400K
  class space    used 10505K, capacity 12263K, committed 12288K, reserved 1048576K
Heap Regions: E=young(eden), S=young(survivor), O=old, HS=humongous(starts), HC=humongous(continues), CS=collection set, F=free, A=archive, TAMS=top-at-mark-start (previous, next)
|   0|0x0000000080000000, 0x0000000080100000, 0x0000000080100000|100%| O|  |TAMS 0x0000000080100000, 0x0000000080100000| Untracked 
|   1|0x0000000080100000, 0x0000000080200000, 0x0000000080200000|100%| O|  |TAMS 0x0000000080200000, 0x0000000080200000| Untracked 
|   2|0x0000000080200000, 0x0000000080300000, 0x0000000080300000|100%| O|  |TAMS 0x0000000080300000, 0x0000000080300000| Untracked 
|   3|0x0000000080300000, 0x0000000080400000, 0x0000000080400000|100%|HS|  |TAMS 0x0000000080400000, 0x0000000080400000| Complete 
|   4|0x0000000080400000, 0x0000000080500000, 0x0000000080500000|100%|HC|  |TAMS 0x0000000080500000, 0x0000000080500000| Complete 
|   5|0x0000000080500000, 0x0000000080600000, 0x0000000080600000|100%|HC|  |TAMS 0x0000000080600000, 0x0000000080600000| Complete 
|   6|0x0000000080600000, 0x0000000080700000, 0x0000000080700000|100%| O|  |TAMS 0x0000000080700000, 0x0000000080700000| Untracked 
|   7|0x0000000080700000, 0x0000000080800000, 0x0000000080800000|100%| O|  |TAMS 0x0000000080800000, 0x0000000080800000| Untracked 
|   8|0x0000000080800000, 0x0000000080900000, 0x0000000080900000|100%| O|  |TAMS 0x0000000080900000, 0x0000000080900000| Untracked 
|   9|0x0000000080900000, 0x0000000080a00000, 0x0000000080a00000|100%| O|  |TAMS 0x0000000080a00000, 0x0000000080a00000| Untracked 
|  10|0x0000000080a00000, 0x0000000080b00000, 0x0000000080b00000|100%| O|  |TAMS 0x0000000080b00000, 0x0000000080b00000| Untracked 
|  11|0x0000000080b00000, 0x0000000080c00000, 0x0000000080c00000|100%| O|  |TAMS 0x0000000080c00000, 0x0000000080c00000| Untracked 
|  12|0x0000000080c00000, 0x0000000080d00000, 0x0000000080d00000|100%| O|  |TAMS 0x0000000080d00000, 0x0000000080d00000| Untracked 
|  13|0x0000000080d00000, 0x0000000080e00000, 0x0000000080e00000|100%| O|  |TAMS 0x0000000080e00000, 0x0000000080e00000| Untracked 
|  14|0x0000000080e00000, 0x0000000080f00000, 0x0000000080f00000|100%| O|  |TAMS 0x0000000080f00000, 0x0000000080f00000| Untracked 
|  15|0x0000000080f00000, 0x0000000081000000, 0x0000000081000000|100%| O|  |TAMS 0x0000000081000000, 0x0000000081000000| Untracked 
|  16|0x0000000081000000, 0x0000000081100000, 0x0000000081100000|100%| O|  |TAMS 0x0000000081100000, 0x0000000081100000| Untracked 
|  17|0x0000000081100000, 0x0000000081200000, 0x0000000081200000|100%| O|  |TAMS 0x0000000081200000, 0x0000000081200000| Untracked 
|  18|0x0000000081200000, 0x0000000081300000, 0x0000000081300000|100%| O|  |TAMS 0x0000000081300000, 0x0000000081300000| Untracked 
|  19|0x0000000081300000, 0x0000000081400000, 0x0000000081400000|100%| O|  |TAMS 0x0000000081400000, 0x0000000081400000| Untracked 
|  20|0x0000000081400000, 0x0000000081500000, 0x0000000081500000|100%| O|  |TAMS 0x0000000081500000, 0x0000000081500000| Untracked 
|  21|0x0000000081500000, 0x0000000081600000, 0x0000000081600000|100%| O|  |TAMS 0x0000000081600000, 0x0000000081600000| Untracked 
|  22|0x0000000081600000, 0x0000000081700000, 0x0000000081700000|100%| O|  |TAMS 0x0000000081700000, 0x0000000081700000| Untracked 
|  23|0x0000000081700000, 0x0000000081800000, 0x0000000081800000|100%|HS|  |TAMS 0x0000000081800000, 0x0000000081800000| Complete 
|  24|0x0000000081800000, 0x0000000081900000, 0x0000000081900000|100%| O|  |TAMS 0x0000000081900000, 0x0000000081900000| Untracked 
|  25|0x0000000081900000, 0x0000000081a00000, 0x0000000081a00000|100%| O|  |TAMS 0x0000000081a00000, 0x0000000081a00000| Untracked 
|  26|0x0000000081a00000, 0x0000000081b00000, 0x0000000081b00000|100%| O|  |TAMS 0x0000000081b00000, 0x0000000081b00000| Untracked 
|  27|0x0000000081b00000, 0x0000000081c00000, 0x0000000081c00000|100%| O|  |TAMS 0x0000000081b00000, 0x0000000081c00000| Untracked 
|  28|0x0000000081c00000, 0x0000000081d00000, 0x0000000081d00000|100%| O|  |TAMS 0x0000000081d00000, 0x0000000081d00000| Untracked 
|  29|0x0000000081d00000, 0x0000000081e00000, 0x0000000081e00000|100%| O|  |TAMS 0x0000000081e00000, 0x0000000081e00000| Untracked 
|  30|0x0000000081e00000, 0x0000000081f00000, 0x0000000081f00000|100%| O|  |TAMS 0x0000000081e00000, 0x0000000081f00000| Untracked 
|  31|0x0000000081f00000, 0x0000000082000000, 0x0000000082000000|100%|HS|  |TAMS 0x0000000082000000, 0x0000000082000000| Complete 
|  32|0x0000000082000000, 0x0000000082100000, 0x0000000082100000|100%|HC|  |TAMS 0x0000000082100000, 0x0000000082100000| Complete 
|  33|0x0000000082100000, 0x0000000082200000, 0x0000000082200000|100%| O|  |TAMS 0x0000000082100000, 0x0000000082200000| Untracked 
|  34|0x0000000082200000, 0x0000000082300000, 0x0000000082300000|100%| O|  |TAMS 0x0000000082300000, 0x0000000082300000| Untracked 
|  35|0x0000000082300000, 0x0000000082400000, 0x0000000082400000|100%| O|  |TAMS 0x0000000082400000, 0x0000000082400000| Untracked 
|  36|0x0000000082400000, 0x0000000082500000, 0x0000000082500000|100%| O|  |TAMS 0x0000000082500000, 0x0000000082500000| Untracked 
|  37|0x0000000082500000, 0x0000000082600000, 0x0000000082600000|100%| O|  |TAMS 0x0000000082600000, 0x0000000082600000| Untracked 
|  38|0x0000000082600000, 0x0000000082700000, 0x0000000082700000|100%| O|  |TAMS 0x0000000082700000, 0x0000000082700000| Untracked 
|  39|0x0000000082700000, 0x0000000082800000, 0x0000000082800000|100%| O|  |TAMS 0x0000000082800000, 0x0000000082800000| Untracked 
|  40|0x0000000082800000, 0x0000000082900000, 0x0000000082900000|100%| O|  |TAMS 0x0000000082900000, 0x0000000082900000| Untracked 
|  41|0x0000000082900000, 0x0000000082a00000, 0x0000000082a00000|100%| O|  |TAMS 0x0000000082a00000, 0x0000000082a00000| Untracked 
|  42|0x0000000082a00000, 0x0000000082b00000, 0x0000000082b00000|100%| O|  |TAMS 0x0000000082b00000, 0x0000000082b00000| Untracked 
|  43|0x0000000082b00000, 0x0000000082c00000, 0x0000000082c00000|100%| O|  |TAMS 0x0000000082c00000, 0x0000000082c00000| Untracked 
|  44|0x0000000082c00000, 0x0000000082d00000, 0x0000000082d00000|100%| O|  |TAMS 0x0000000082d00000, 0x0000000082d00000| Untracked 
|  45|0x0000000082d00000, 0x0000000082e00000, 0x0000000082e00000|100%| O|  |TAMS 0x0000000082e00000, 0x0000000082e00000| Untracked 
|  46|0x0000000082e00000, 0x0000000082f00000, 0x0000000082f00000|100%| O|  |TAMS 0x0000000082f00000, 0x0000000082f00000| Untracked 
|  47|0x0000000082f00000, 0x0000000083000000, 0x0000000083000000|100%| O|  |TAMS 0x0000000083000000, 0x0000000083000000| Untracked 
|  48|0x0000000083000000, 0x0000000083100000, 0x0000000083100000|100%| O|  |TAMS 0x0000000083100000, 0x0000000083100000| Untracked 
|  49|0x0000000083100000, 0x0000000083200000, 0x0000000083200000|100%| O|  |TAMS 0x0000000083200000, 0x0000000083200000| Untracked 
|  50|0x0000000083200000, 0x0000000083300000, 0x0000000083300000|100%| O|  |TAMS 0x0000000083300000, 0x0000000083300000| Untracked 
|  51|0x0000000083300000, 0x0000000083400000, 0x0000000083400000|100%| O|  |TAMS 0x0000000083400000, 0x0000000083400000| Untracked 
|  52|0x0000000083400000, 0x0000000083500000, 0x0000000083500000|100%| O|  |TAMS 0x0000000083500000, 0x0000000083500000| Untracked 
|  53|0x0000000083500000, 0x0000000083600000, 0x0000000083600000|100%| O|  |TAMS 0x0000000083600000, 0x0000000083600000| Untracked 
|  54|0x0000000083600000, 0x0000000083700000, 0x0000000083700000|100%| O|  |TAMS 0x0000000083700000, 0x0000000083700000| Untracked 
|  55|0x0000000083700000, 0x0000000083800000, 0x0000000083800000|100%| O|  |TAMS 0x0000000083800000, 0x0000000083800000| Untracked 
|  56|0x0000000083800000, 0x0000000083900000, 0x0000000083900000|100%| O|  |TAMS 0x0000000083900000, 0x0000000083900000| Untracked 
|  57|0x0000000083900000, 0x0000000083a00000, 0x0000000083a00000|100%| O|  |TAMS 0x0000000083900000, 0x0000000083a00000| Untracked 
|  58|0x0000000083a00000, 0x0000000083b00000, 0x0000000083b00000|100%| O|  |TAMS 0x0000000083b00000, 0x0000000083b00000| Untracked 
|  59|0x0000000083b00000, 0x0000000083c00000, 0x0000000083c00000|100%| O|  |TAMS 0x0000000083c00000, 0x0000000083c00000| Untracked 
|  60|0x0000000083c00000, 0x0000000083d00000, 0x0000000083d00000|100%| O|  |TAMS 0x0000000083d00000, 0x0000000083d00000| Untracked 
|  61|0x0000000083d00000, 0x0000000083e00000, 0x0000000083e00000|100%| O|  |TAMS 0x0000000083d00000, 0x0000000083e00000| Untracked 
|  62|0x0000000083e00000, 0x0000000083f00000, 0x0000000083f00000|100%| O|  |TAMS 0x0000000083e00000, 0x0000000083f00000| Untracked 
|  63|0x0000000083f00000, 0x0000000084000000, 0x0000000084000000|100%| O|  |TAMS 0x0000000083f00000, 0x0000000084000000| Untracked 
|  64|0x0000000084000000, 0x0000000084100000, 0x0000000084100000|100%| O|  |TAMS 0x0000000084000000, 0x0000000084100000| Untracked 
|  65|0x0000000084100000, 0x0000000084200000, 0x0000000084200000|100%|HS|  |TAMS 0x0000000084200000, 0x0000000084200000| Complete 
|  66|0x0000000084200000, 0x0000000084300000, 0x0000000084300000|100%|HC|  |TAMS 0x0000000084300000, 0x0000000084300000| Complete 
|  67|0x0000000084300000, 0x0000000084400000, 0x0000000084400000|100%|HC|  |TAMS 0x0000000084400000, 0x0000000084400000| Complete 
|  68|0x0000000084400000, 0x0000000084500000, 0x0000000084500000|100%| O|  |TAMS 0x0000000084500000, 0x0000000084500000| Untracked 
|  69|0x0000000084500000, 0x0000000084600000, 0x0000000084600000|100%| O|  |TAMS 0x0000000084600000, 0x0000000084600000| Untracked 
|  70|0x0000000084600000, 0x0000000084700000, 0x0000000084700000|100%| O|  |TAMS 0x0000000084700000, 0x0000000084700000| Untracked 
|  71|0x0000000084700000, 0x0000000084800000, 0x0000000084800000|100%| O|  |TAMS 0x0000000084800000, 0x0000000084800000| Untracked 
|  72|0x0000000084800000, 0x0000000084900000, 0x0000000084900000|100%| O|  |TAMS 0x0000000084900000, 0x0000000084900000| Untracked 
|  73|0x0000000084900000, 0x0000000084a00000, 0x0000000084a00000|100%| O|  |TAMS 0x0000000084a00000, 0x0000000084a00000| Untracked 
|  74|0x0000000084a00000, 0x0000000084b00000, 0x0000000084b00000|100%| O|  |TAMS 0x0000000084a00000, 0x0000000084b00000| Untracked 
|  75|0x0000000084b00000, 0x0000000084c00000, 0x0000000084c00000|100%| O|  |TAMS 0x0000000084c00000, 0x0000000084c00000| Untracked 
|  76|0x0000000084c00000, 0x0000000084d00000, 0x0000000084d00000|100%| O|  |TAMS 0x0000000084d00000, 0x0000000084d00000| Untracked 
|  77|0x0000000084d00000, 0x0000000084e00000, 0x0000000084e00000|100%| O|  |TAMS 0x0000000084e00000, 0x0000000084e00000| Untracked 
|  78|0x0000000084e00000, 0x0000000084f00000, 0x0000000084f00000|100%| O|  |TAMS 0x0000000084f00000, 0x0000000084f00000| Untracked 
|  79|0x0000000084f00000, 0x0000000085000000, 0x0000000085000000|100%|HS|  |TAMS 0x0000000085000000, 0x0000000085000000| Complete 
|  80|0x0000000085000000, 0x0000000085100000, 0x0000000085100000|100%|HC|  |TAMS 0x0000000085100000, 0x0000000085100000| Complete 
|  81|0x0000000085100000, 0x0000000085200000, 0x0000000085200000|100%|HC|  |TAMS 0x0000000085200000, 0x0000000085200000| Complete 
|  82|0x0000000085200000, 0x0000000085300000, 0x0000000085300000|100%| O|  |TAMS 0x0000000085300000, 0x0000000085300000| Untracked 
|  83|0x0000000085300000, 0x0000000085400000, 0x0000000085400000|100%| O|  |TAMS 0x0000000085400000, 0x0000000085400000| Untracked 
|  84|0x0000000085400000, 0x0000000085500000, 0x0000000085500000|100%| O|  |TAMS 0x0000000085500000, 0x0000000085500000| Untracked 
|  85|0x0000000085500000, 0x0000000085600000, 0x0000000085600000|100%| O|  |TAMS 0x0000000085600000, 0x0000000085600000| Untracked 
|  86|0x0000000085600000, 0x0000000085700000, 0x0000000085700000|100%| O|  |TAMS 0x0000000085600000, 0x0000000085700000| Untracked 
|  87|0x0000000085700000, 0x0000000085800000, 0x0000000085800000|100%| O|  |TAMS 0x0000000085700000, 0x0000000085800000| Untracked 
|  88|0x0000000085800000, 0x0000000085900000, 0x0000000085900000|100%| O|  |TAMS 0x0000000085900000, 0x0000000085900000| Untracked 
|  89|0x0000000085900000, 0x0000000085a00000, 0x0000000085a00000|100%| O|  |TAMS 0x0000000085900000, 0x0000000085a00000| Untracked 
|  90|0x0000000085a00000, 0x0000000085b00000, 0x0000000085b00000|100%| O|  |TAMS 0x0000000085b00000, 0x0000000085b00000| Untracked 
|  91|0x0000000085b00000, 0x0000000085bff600, 0x0000000085c00000| 99%| O|  |TAMS 0x0000000085b00000, 0x0000000085bff600| Untracked 
|  92|0x0000000085c00000, 0x0000000085d00000, 0x0000000085d00000|100%| O|  |TAMS 0x0000000085c00000, 0x0000000085d00000| Untracked 
|  93|0x0000000085d00000, 0x0000000085e00000, 0x0000000085e00000|100%| O|  |TAMS 0x0000000085d00000, 0x0000000085e00000| Untracked 
|  94|0x0000000085e00000, 0x0000000085f00000, 0x0000000085f00000|100%| O|  |TAMS 0x0000000085f00000, 0x0000000085f00000| Untracked 
|  95|0x0000000085f00000, 0x0000000086000000, 0x0000000086000000|100%| O|  |TAMS 0x0000000085f3c600, 0x0000000086000000| Untracked 
|  96|0x0000000086000000, 0x0000000086100000, 0x0000000086100000|100%| O|  |TAMS 0x0000000086000000, 0x0000000086100000| Untracked 
|  97|0x0000000086100000, 0x0000000086200000, 0x0000000086200000|100%| O|  |TAMS 0x0000000086100000, 0x0000000086200000| Untracked 
|  98|0x0000000086200000, 0x0000000086200000, 0x0000000086300000|  0%| F|  |TAMS 0x0000000086200000, 0x0000000086200000| Untracked 
|  99|0x0000000086300000, 0x0000000086400000, 0x0000000086400000|100%| O|  |TAMS 0x0000000086400000, 0x0000000086400000| Untracked 
| 100|0x0000000086400000, 0x0000000086400000, 0x0000000086500000|  0%| F|  |TAMS 0x0000000086400000, 0x0000000086400000| Untracked 
| 101|0x0000000086500000, 0x0000000086500000, 0x0000000086600000|  0%| F|  |TAMS 0x0000000086500000, 0x0000000086500000| Untracked 
| 102|0x0000000086600000, 0x0000000086600000, 0x0000000086700000|  0%| F|  |TAMS 0x0000000086600000, 0x0000000086600000| Untracked 
| 103|0x0000000086700000, 0x0000000086700000, 0x0000000086800000|  0%| F|  |TAMS 0x0000000086700000, 0x0000000086700000| Untracked 
| 104|0x0000000086800000, 0x0000000086800000, 0x0000000086900000|  0%| F|  |TAMS 0x0000000086800000, 0x0000000086800000| Untracked 
| 105|0x0000000086900000, 0x0000000086900000, 0x0000000086a00000|  0%| F|  |TAMS 0x0000000086900000, 0x0000000086900000| Untracked 
| 106|0x0000000086a00000, 0x0000000086a00000, 0x0000000086b00000|  0%| F|  |TAMS 0x0000000086a00000, 0x0000000086a00000| Untracked 
| 107|0x0000000086b00000, 0x0000000086b00000, 0x0000000086c00000|  0%| F|  |TAMS 0x0000000086b00000, 0x0000000086b00000| Untracked 
| 108|0x0000000086c00000, 0x0000000086c00000, 0x0000000086d00000|  0%| F|  |TAMS 0x0000000086c00000, 0x0000000086c00000| Untracked 
| 109|0x0000000086d00000, 0x0000000086e00000, 0x0000000086e00000|100%| O|  |TAMS 0x0000000086e00000, 0x0000000086e00000| Untracked 
| 110|0x0000000086e00000, 0x0000000086f00000, 0x0000000086f00000|100%| O|  |TAMS 0x0000000086f00000, 0x0000000086f00000| Untracked 
| 111|0x0000000086f00000, 0x0000000087000000, 0x0000000087000000|100%| O|  |TAMS 0x0000000087000000, 0x0000000087000000| Untracked 
| 112|0x0000000087000000, 0x0000000087000000, 0x0000000087100000|  0%| F|  |TAMS 0x0000000087000000, 0x0000000087000000| Untracked 
| 113|0x0000000087100000, 0x0000000087100000, 0x0000000087200000|  0%| F|  |TAMS 0x0000000087100000, 0x0000000087100000| Untracked 
| 114|0x0000000087200000, 0x0000000087200000, 0x0000000087300000|  0%| F|  |TAMS 0x0000000087200000, 0x0000000087200000| Untracked 
| 115|0x0000000087300000, 0x0000000087300000, 0x0000000087400000|  0%| F|  |TAMS 0x0000000087300000, 0x0000000087300000| Untracked 
| 116|0x0000000087400000, 0x0000000087400000, 0x0000000087500000|  0%| F|  |TAMS 0x0000000087400000, 0x0000000087400000| Untracked 
| 117|0x0000000087500000, 0x0000000087500000, 0x0000000087600000|  0%| F|  |TAMS 0x0000000087500000, 0x0000000087500000| Untracked 
| 118|0x0000000087600000, 0x0000000087600000, 0x0000000087700000|  0%| F|  |TAMS 0x0000000087600000, 0x0000000087600000| Untracked 
| 119|0x0000000087700000, 0x0000000087700000, 0x0000000087800000|  0%| F|  |TAMS 0x0000000087700000, 0x0000000087700000| Untracked 
| 120|0x0000000087800000, 0x0000000087800000, 0x0000000087900000|  0%| F|  |TAMS 0x0000000087800000, 0x0000000087800000| Untracked 
| 121|0x0000000087900000, 0x0000000087900000, 0x0000000087a00000|  0%| F|  |TAMS 0x0000000087900000, 0x0000000087900000| Untracked 
| 122|0x0000000087a00000, 0x0000000087a00000, 0x0000000087b00000|  0%| F|  |TAMS 0x0000000087a00000, 0x0000000087a00000| Untracked 
| 123|0x0000000087b00000, 0x0000000087b00000, 0x0000000087c00000|  0%| F|  |TAMS 0x0000000087b00000, 0x0000000087b00000| Untracked 
| 124|0x0000000087c00000, 0x0000000087c00000, 0x0000000087d00000|  0%| F|  |TAMS 0x0000000087c00000, 0x0000000087c00000| Untracked 
| 125|0x0000000087d00000, 0x0000000087d00000, 0x0000000087e00000|  0%| F|  |TAMS 0x0000000087d00000, 0x0000000087d00000| Untracked 
| 126|0x0000000087e00000, 0x0000000087e00000, 0x0000000087f00000|  0%| F|  |TAMS 0x0000000087e00000, 0x0000000087e00000| Untracked 
| 127|0x0000000087f00000, 0x0000000087f00000, 0x0000000088000000|  0%| F|  |TAMS 0x0000000087f00000, 0x0000000087f00000| Untracked 
| 128|0x0000000088000000, 0x0000000088000000, 0x0000000088100000|  0%| F|  |TAMS 0x0000000088000000, 0x0000000088000000| Untracked 
| 129|0x0000000088100000, 0x0000000088100000, 0x0000000088200000|  0%| F|  |TAMS 0x0000000088100000, 0x0000000088100000| Untracked 
| 130|0x0000000088200000, 0x0000000088200000, 0x0000000088300000|  0%| F|  |TAMS 0x0000000088200000, 0x0000000088200000| Untracked 
| 131|0x0000000088300000, 0x0000000088300000, 0x0000000088400000|  0%| F|  |TAMS 0x0000000088300000, 0x0000000088300000| Untracked 
| 132|0x0000000088400000, 0x0000000088400000, 0x0000000088500000|  0%| F|  |TAMS 0x0000000088400000, 0x0000000088400000| Untracked 
| 133|0x0000000088500000, 0x0000000088500000, 0x0000000088600000|  0%| F|  |TAMS 0x0000000088500000, 0x0000000088500000| Untracked 
| 134|0x0000000088600000, 0x0000000088600000, 0x0000000088700000|  0%| F|  |TAMS 0x0000000088600000, 0x0000000088600000| Untracked 
| 135|0x0000000088700000, 0x0000000088700000, 0x0000000088800000|  0%| F|  |TAMS 0x0000000088700000, 0x0000000088700000| Untracked 
| 136|0x0000000088800000, 0x0000000088800000, 0x0000000088900000|  0%| F|  |TAMS 0x0000000088800000, 0x0000000088800000| Untracked 
| 137|0x0000000088900000, 0x0000000088900000, 0x0000000088a00000|  0%| F|  |TAMS 0x0000000088900000, 0x0000000088900000| Untracked 
| 138|0x0000000088a00000, 0x0000000088a00000, 0x0000000088b00000|  0%| F|  |TAMS 0x0000000088a00000, 0x0000000088a00000| Untracked 
| 139|0x0000000088b00000, 0x0000000088b00000, 0x0000000088c00000|  0%| F|  |TAMS 0x0000000088b00000, 0x0000000088b00000| Untracked 
| 140|0x0000000088c00000, 0x0000000088c00000, 0x0000000088d00000|  0%| F|  |TAMS 0x0000000088c00000, 0x0000000088c00000| Untracked 
| 141|0x0000000088d00000, 0x0000000088d00000, 0x0000000088e00000|  0%| F|  |TAMS 0x0000000088d00000, 0x0000000088d00000| Untracked 
| 142|0x0000000088e00000, 0x0000000088e00000, 0x0000000088f00000|  0%| F|  |TAMS 0x0000000088e00000, 0x0000000088e00000| Untracked 
| 143|0x0000000088f00000, 0x0000000088f00000, 0x0000000089000000|  0%| F|  |TAMS 0x0000000088f00000, 0x0000000088f00000| Untracked 
| 144|0x0000000089000000, 0x0000000089000000, 0x0000000089100000|  0%| F|  |TAMS 0x0000000089000000, 0x0000000089000000| Untracked 
| 145|0x0000000089100000, 0x0000000089100000, 0x0000000089200000|  0%| F|  |TAMS 0x0000000089100000, 0x0000000089100000| Untracked 
| 146|0x0000000089200000, 0x0000000089200000, 0x0000000089300000|  0%| F|  |TAMS 0x0000000089200000, 0x0000000089200000| Untracked 
| 147|0x0000000089300000, 0x0000000089400000, 0x0000000089400000|100%| S|CS|TAMS 0x0000000089300000, 0x0000000089300000| Complete 
| 148|0x0000000089400000, 0x0000000089500000, 0x0000000089500000|100%| S|CS|TAMS 0x0000000089400000, 0x0000000089400000| Complete 
| 149|0x0000000089500000, 0x0000000089600000, 0x0000000089600000|100%| S|CS|TAMS 0x0000000089500000, 0x0000000089500000| Complete 
| 150|0x0000000089600000, 0x0000000089700000, 0x0000000089700000|100%| S|CS|TAMS 0x0000000089600000, 0x0000000089600000| Complete 
| 151|0x0000000089700000, 0x0000000089800000, 0x0000000089800000|100%| S|CS|TAMS 0x0000000089700000, 0x0000000089700000| Complete 
| 152|0x0000000089800000, 0x0000000089900000, 0x0000000089900000|100%| S|CS|TAMS 0x0000000089800000, 0x0000000089800000| Complete 
| 153|0x0000000089900000, 0x0000000089a00000, 0x0000000089a00000|100%| S|CS|TAMS 0x0000000089900000, 0x0000000089900000| Complete 
| 154|0x0000000089a00000, 0x0000000089b00000, 0x0000000089b00000|100%| S|CS|TAMS 0x0000000089a00000, 0x0000000089a00000| Complete 
| 155|0x0000000089b00000, 0x0000000089c00000, 0x0000000089c00000|100%| S|CS|TAMS 0x0000000089b00000, 0x0000000089b00000| Complete 
| 156|0x0000000089c00000, 0x0000000089d00000, 0x0000000089d00000|100%| S|CS|TAMS 0x0000000089c00000, 0x0000000089c00000| Complete 
| 157|0x0000000089d00000, 0x0000000089e00000, 0x0000000089e00000|100%| S|CS|TAMS 0x0000000089d00000, 0x0000000089d00000| Complete 
| 158|0x0000000089e00000, 0x0000000089f00000, 0x0000000089f00000|100%| S|CS|TAMS 0x0000000089e00000, 0x0000000089e00000| Complete 
| 159|0x0000000089f00000, 0x0000000089f00000, 0x000000008a000000|  0%| F|  |TAMS 0x0000000089f00000, 0x0000000089f00000| Untracked 
| 160|0x000000008a000000, 0x000000008a000000, 0x000000008a100000|  0%| F|  |TAMS 0x000000008a000000, 0x000000008a000000| Untracked 
| 161|0x000000008a100000, 0x000000008a100000, 0x000000008a200000|  0%| F|  |TAMS 0x000000008a100000, 0x000000008a100000| Untracked 
| 162|0x000000008a200000, 0x000000008a200000, 0x000000008a300000|  0%| F|  |TAMS 0x000000008a200000, 0x000000008a200000| Untracked 
| 163|0x000000008a300000, 0x000000008a300000, 0x000000008a400000|  0%| F|  |TAMS 0x000000008a300000, 0x000000008a300000| Untracked 
| 164|0x000000008a400000, 0x000000008a400000, 0x000000008a500000|  0%| F|  |TAMS 0x000000008a400000, 0x000000008a400000| Untracked 
| 165|0x000000008a500000, 0x000000008a500000, 0x000000008a600000|  0%| F|  |TAMS 0x000000008a500000, 0x000000008a500000| Untracked 
| 166|0x000000008a600000, 0x000000008a600000, 0x000000008a700000|  0%| F|  |TAMS 0x000000008a600000, 0x000000008a600000| Untracked 
| 167|0x000000008a700000, 0x000000008a700000, 0x000000008a800000|  0%| F|  |TAMS 0x000000008a700000, 0x000000008a700000| Untracked 
| 168|0x000000008a800000, 0x000000008a800000, 0x000000008a900000|  0%| F|  |TAMS 0x000000008a800000, 0x000000008a800000| Untracked 
| 169|0x000000008a900000, 0x000000008a900000, 0x000000008aa00000|  0%| F|  |TAMS 0x000000008a900000, 0x000000008a900000| Untracked 
| 170|0x000000008aa00000, 0x000000008aa00000, 0x000000008ab00000|  0%| F|  |TAMS 0x000000008aa00000, 0x000000008aa00000| Untracked 
| 171|0x000000008ab00000, 0x000000008ab00000, 0x000000008ac00000|  0%| F|  |TAMS 0x000000008ab00000, 0x000000008ab00000| Untracked 
| 172|0x000000008ac00000, 0x000000008ac00000, 0x000000008ad00000|  0%| F|  |TAMS 0x000000008ac00000, 0x000000008ac00000| Untracked 
| 173|0x000000008ad00000, 0x000000008ad00000, 0x000000008ae00000|  0%| F|  |TAMS 0x000000008ad00000, 0x000000008ad00000| Untracked 
| 174|0x000000008ae00000, 0x000000008ae00000, 0x000000008af00000|  0%| F|  |TAMS 0x000000008ae00000, 0x000000008ae00000| Untracked 
| 175|0x000000008af00000, 0x000000008af00000, 0x000000008b000000|  0%| F|  |TAMS 0x000000008af00000, 0x000000008af00000| Untracked 
| 176|0x000000008b000000, 0x000000008b000000, 0x000000008b100000|  0%| F|  |TAMS 0x000000008b000000, 0x000000008b000000| Untracked 
| 177|0x000000008b100000, 0x000000008b100000, 0x000000008b200000|  0%| F|  |TAMS 0x000000008b100000, 0x000000008b100000| Untracked 
| 178|0x000000008b200000, 0x000000008b200000, 0x000000008b300000|  0%| F|  |TAMS 0x000000008b200000, 0x000000008b200000| Untracked 
| 179|0x000000008b300000, 0x000000008b300000, 0x000000008b400000|  0%| F|  |TAMS 0x000000008b300000, 0x000000008b300000| Untracked 
| 180|0x000000008b400000, 0x000000008b400000, 0x000000008b500000|  0%| F|  |TAMS 0x000000008b400000, 0x000000008b400000| Untracked 
| 181|0x000000008b500000, 0x000000008b500000, 0x000000008b600000|  0%| F|  |TAMS 0x000000008b500000, 0x000000008b500000| Untracked 
| 182|0x000000008b600000, 0x000000008b600000, 0x000000008b700000|  0%| F|  |TAMS 0x000000008b600000, 0x000000008b600000| Untracked 
| 183|0x000000008b700000, 0x000000008b700000, 0x000000008b800000|  0%| F|  |TAMS 0x000000008b700000, 0x000000008b700000| Untracked 
| 184|0x000000008b800000, 0x000000008b800000, 0x000000008b900000|  0%| F|  |TAMS 0x000000008b800000, 0x000000008b800000| Untracked 
| 185|0x000000008b900000, 0x000000008b900000, 0x000000008ba00000|  0%| F|  |TAMS 0x000000008b900000, 0x000000008b900000| Untracked 
| 186|0x000000008ba00000, 0x000000008ba00000, 0x000000008bb00000|  0%| F|  |TAMS 0x000000008ba00000, 0x000000008ba00000| Untracked 
| 187|0x000000008bb00000, 0x000000008bb00000, 0x000000008bc00000|  0%| F|  |TAMS 0x000000008bb00000, 0x000000008bb00000| Untracked 
| 188|0x000000008bc00000, 0x000000008bc00000, 0x000000008bd00000|  0%| F|  |TAMS 0x000000008bc00000, 0x000000008bc00000| Untracked 
| 189|0x000000008bd00000, 0x000000008bd00000, 0x000000008be00000|  0%| F|  |TAMS 0x000000008bd00000, 0x000000008bd00000| Untracked 
| 190|0x000000008be00000, 0x000000008be00000, 0x000000008bf00000|  0%| F|  |TAMS 0x000000008be00000, 0x000000008be00000| Untracked 
| 191|0x000000008bf00000, 0x000000008bf00000, 0x000000008c000000|  0%| F|  |TAMS 0x000000008bf00000, 0x000000008bf00000| Untracked 
| 192|0x000000008c000000, 0x000000008c000000, 0x000000008c100000|  0%| F|  |TAMS 0x000000008c000000, 0x000000008c000000| Untracked 
| 193|0x000000008c100000, 0x000000008c100000, 0x000000008c200000|  0%| F|  |TAMS 0x000000008c100000, 0x000000008c100000| Untracked 
| 194|0x000000008c200000, 0x000000008c200000, 0x000000008c300000|  0%| F|  |TAMS 0x000000008c200000, 0x000000008c200000| Untracked 
| 195|0x000000008c300000, 0x000000008c300000, 0x000000008c400000|  0%| F|  |TAMS 0x000000008c300000, 0x000000008c300000| Untracked 
| 196|0x000000008c400000, 0x000000008c400000, 0x000000008c500000|  0%| F|  |TAMS 0x000000008c400000, 0x000000008c400000| Untracked 
| 197|0x000000008c500000, 0x000000008c500000, 0x000000008c600000|  0%| F|  |TAMS 0x000000008c500000, 0x000000008c500000| Untracked 
| 198|0x000000008c600000, 0x000000008c600000, 0x000000008c700000|  0%| F|  |TAMS 0x000000008c600000, 0x000000008c600000| Untracked 
| 199|0x000000008c700000, 0x000000008c700000, 0x000000008c800000|  0%| F|  |TAMS 0x000000008c700000, 0x000000008c700000| Untracked 
| 200|0x000000008c800000, 0x000000008c800000, 0x000000008c900000|  0%| F|  |TAMS 0x000000008c800000, 0x000000008c800000| Untracked 
| 201|0x000000008c900000, 0x000000008c900000, 0x000000008ca00000|  0%| F|  |TAMS 0x000000008c900000, 0x000000008c900000| Untracked 
| 202|0x000000008ca00000, 0x000000008ca00000, 0x000000008cb00000|  0%| F|  |TAMS 0x000000008ca00000, 0x000000008ca00000| Untracked 
| 203|0x000000008cb00000, 0x000000008cb00000, 0x000000008cc00000|  0%| F|  |TAMS 0x000000008cb00000, 0x000000008cb00000| Untracked 
| 204|0x000000008cc00000, 0x000000008cc00000, 0x000000008cd00000|  0%| F|  |TAMS 0x000000008cc00000, 0x000000008cc00000| Untracked 
| 205|0x000000008cd00000, 0x000000008cd00000, 0x000000008ce00000|  0%| F|  |TAMS 0x000000008cd00000, 0x000000008cd00000| Untracked 
| 206|0x000000008ce00000, 0x000000008ce00000, 0x000000008cf00000|  0%| F|  |TAMS 0x000000008ce00000, 0x000000008ce00000| Untracked 
| 207|0x000000008cf00000, 0x000000008cf00000, 0x000000008d000000|  0%| F|  |TAMS 0x000000008cf00000, 0x000000008cf00000| Untracked 
| 208|0x000000008d000000, 0x000000008d000000, 0x000000008d100000|  0%| F|  |TAMS 0x000000008d000000, 0x000000008d000000| Untracked 
| 209|0x000000008d100000, 0x000000008d100000, 0x000000008d200000|  0%| F|  |TAMS 0x000000008d100000, 0x000000008d100000| Untracked 
| 210|0x000000008d200000, 0x000000008d200000, 0x000000008d300000|  0%| F|  |TAMS 0x000000008d200000, 0x000000008d200000| Untracked 
| 211|0x000000008d300000, 0x000000008d300000, 0x000000008d400000|  0%| F|  |TAMS 0x000000008d300000, 0x000000008d300000| Untracked 
| 212|0x000000008d400000, 0x000000008d400000, 0x000000008d500000|  0%| F|  |TAMS 0x000000008d400000, 0x000000008d400000| Untracked 
| 213|0x000000008d500000, 0x000000008d500000, 0x000000008d600000|  0%| F|  |TAMS 0x000000008d500000, 0x000000008d500000| Untracked 
| 214|0x000000008d600000, 0x000000008d600000, 0x000000008d700000|  0%| F|  |TAMS 0x000000008d600000, 0x000000008d600000| Untracked 
| 215|0x000000008d700000, 0x000000008d700000, 0x000000008d800000|  0%| F|  |TAMS 0x000000008d700000, 0x000000008d700000| Untracked 
| 216|0x000000008d800000, 0x000000008d800000, 0x000000008d900000|  0%| F|  |TAMS 0x000000008d800000, 0x000000008d800000| Untracked 
| 217|0x000000008d900000, 0x000000008d900000, 0x000000008da00000|  0%| F|  |TAMS 0x000000008d900000, 0x000000008d900000| Untracked 
| 218|0x000000008da00000, 0x000000008da00000, 0x000000008db00000|  0%| F|  |TAMS 0x000000008da00000, 0x000000008da00000| Untracked 
| 219|0x000000008db00000, 0x000000008db00000, 0x000000008dc00000|  0%| F|  |TAMS 0x000000008db00000, 0x000000008db00000| Untracked 
| 220|0x000000008dc00000, 0x000000008dc00000, 0x000000008dd00000|  0%| F|  |TAMS 0x000000008dc00000, 0x000000008dc00000| Untracked 
| 221|0x000000008dd00000, 0x000000008dd00000, 0x000000008de00000|  0%| F|  |TAMS 0x000000008dd00000, 0x000000008dd00000| Untracked 
| 222|0x000000008de00000, 0x000000008de00000, 0x000000008df00000|  0%| F|  |TAMS 0x000000008de00000, 0x000000008de00000| Untracked 
| 223|0x000000008df00000, 0x000000008df00000, 0x000000008e000000|  0%| F|  |TAMS 0x000000008df00000, 0x000000008df00000| Untracked 
| 224|0x000000008e000000, 0x000000008e000000, 0x000000008e100000|  0%| F|  |TAMS 0x000000008e000000, 0x000000008e000000| Untracked 
| 225|0x000000008e100000, 0x000000008e100000, 0x000000008e200000|  0%| F|  |TAMS 0x000000008e100000, 0x000000008e100000| Untracked 
| 226|0x000000008e200000, 0x000000008e200000, 0x000000008e300000|  0%| F|  |TAMS 0x000000008e200000, 0x000000008e200000| Untracked 
| 227|0x000000008e300000, 0x000000008e300000, 0x000000008e400000|  0%| F|  |TAMS 0x000000008e300000, 0x000000008e300000| Untracked 
| 228|0x000000008e400000, 0x000000008e400000, 0x000000008e500000|  0%| F|  |TAMS 0x000000008e400000, 0x000000008e400000| Untracked 
| 229|0x000000008e500000, 0x000000008e500000, 0x000000008e600000|  0%| F|  |TAMS 0x000000008e500000, 0x000000008e500000| Untracked 
| 230|0x000000008e600000, 0x000000008e600000, 0x000000008e700000|  0%| F|  |TAMS 0x000000008e600000, 0x000000008e600000| Untracked 
| 231|0x000000008e700000, 0x000000008e700000, 0x000000008e800000|  0%| F|  |TAMS 0x000000008e700000, 0x000000008e700000| Untracked 
| 232|0x000000008e800000, 0x000000008e800000, 0x000000008e900000|  0%| F|  |TAMS 0x000000008e800000, 0x000000008e800000| Untracked 
| 233|0x000000008e900000, 0x000000008e900000, 0x000000008ea00000|  0%| F|  |TAMS 0x000000008e900000, 0x000000008e900000| Untracked 
| 234|0x000000008ea00000, 0x000000008ea00000, 0x000000008eb00000|  0%| F|  |TAMS 0x000000008ea00000, 0x000000008ea00000| Untracked 
| 235|0x000000008eb00000, 0x000000008eb00000, 0x000000008ec00000|  0%| F|  |TAMS 0x000000008eb00000, 0x000000008eb00000| Untracked 
| 236|0x000000008ec00000, 0x000000008ec00000, 0x000000008ed00000|  0%| F|  |TAMS 0x000000008ec00000, 0x000000008ec00000| Untracked 
| 237|0x000000008ed00000, 0x000000008ed00000, 0x000000008ee00000|  0%| F|  |TAMS 0x000000008ed00000, 0x000000008ed00000| Untracked 
| 238|0x000000008ee00000, 0x000000008ee00000, 0x000000008ef00000|  0%| F|  |TAMS 0x000000008ee00000, 0x000000008ee00000| Untracked 
| 239|0x000000008ef00000, 0x000000008ef00000, 0x000000008f000000|  0%| F|  |TAMS 0x000000008ef00000, 0x000000008ef00000| Untracked 
| 240|0x000000008f000000, 0x000000008f000000, 0x000000008f100000|  0%| F|  |TAMS 0x000000008f000000, 0x000000008f000000| Untracked 
| 241|0x000000008f100000, 0x000000008f100000, 0x000000008f200000|  0%| F|  |TAMS 0x000000008f100000, 0x000000008f100000| Untracked 
| 242|0x000000008f200000, 0x000000008f200000, 0x000000008f300000|  0%| F|  |TAMS 0x000000008f200000, 0x000000008f200000| Untracked 
| 243|0x000000008f300000, 0x000000008f300000, 0x000000008f400000|  0%| F|  |TAMS 0x000000008f300000, 0x000000008f300000| Untracked 
| 244|0x000000008f400000, 0x000000008f400000, 0x000000008f500000|  0%| F|  |TAMS 0x000000008f400000, 0x000000008f400000| Untracked 
| 245|0x000000008f500000, 0x000000008f500000, 0x000000008f600000|  0%| F|  |TAMS 0x000000008f500000, 0x000000008f500000| Untracked 
| 246|0x000000008f600000, 0x000000008f684010, 0x000000008f700000| 51%| E|  |TAMS 0x000000008f600000, 0x000000008f600000| Complete 
| 247|0x000000008f700000, 0x000000008f800000, 0x000000008f800000|100%| E|CS|TAMS 0x000000008f700000, 0x000000008f700000| Complete 
| 248|0x000000008f800000, 0x000000008f900000, 0x000000008f900000|100%| E|CS|TAMS 0x000000008f800000, 0x000000008f800000| Complete 
| 249|0x000000008f900000, 0x000000008fa00000, 0x000000008fa00000|100%| E|CS|TAMS 0x000000008f900000, 0x000000008f900000| Complete 
| 250|0x000000008fa00000, 0x000000008fb00000, 0x000000008fb00000|100%| E|CS|TAMS 0x000000008fa00000, 0x000000008fa00000| Complete 
| 251|0x000000008fb00000, 0x000000008fc00000, 0x000000008fc00000|100%| E|CS|TAMS 0x000000008fb00000, 0x000000008fb00000| Complete 
| 252|0x000000008fc00000, 0x000000008fd00000, 0x000000008fd00000|100%| E|CS|TAMS 0x000000008fc00000, 0x000000008fc00000| Complete 
| 253|0x000000008fd00000, 0x000000008fe00000, 0x000000008fe00000|100%| E|CS|TAMS 0x000000008fd00000, 0x000000008fd00000| Complete 

Card table byte_map: [0x000001a813ac0000,0x000001a813ec0000] _byte_map_base: 0x000001a8136c0000

Marking Bits (Prev, Next): (CMBitMap*) 0x000001a87bfd15a8, (CMBitMap*) 0x000001a87bfd15e0
 Prev Bits: [0x000001a8142c0000, 0x000001a8162c0000)
 Next Bits: [0x000001a8162c0000, 0x000001a8182c0000)

Polling page: 0x000001a800000000

Metaspace:

Usage:
  Non-class:     74.98 MB capacity,    72.34 MB ( 96%) used,     2.38 MB (  3%) free+waste,   263.75 KB ( <1%) overhead. 
      Class:     11.98 MB capacity,    10.26 MB ( 86%) used,     1.59 MB ( 13%) free+waste,   126.19 KB (  1%) overhead. 
       Both:     86.95 MB capacity,    82.60 MB ( 95%) used,     3.97 MB (  5%) free+waste,   389.94 KB ( <1%) overhead. 

Virtual space:
  Non-class space:       76.00 MB reserved,      75.17 MB ( 99%) committed 
      Class space:        1.00 GB reserved,      12.00 MB (  1%) committed 
             Both:        1.07 GB reserved,      87.17 MB (  8%) committed 

Chunk freelists:
   Non-Class:  5.00 KB
       Class:  1.00 KB
        Both:  6.00 KB

MaxMetaspaceSize: 17179869184.00 GB
CompressedClassSpaceSize: 1.00 GB

CodeHeap 'non-profiled nmethods': size=120000Kb used=10989Kb max_used=10989Kb free=109010Kb
 bounds [0x000001a80b500000, 0x000001a80bfc0000, 0x000001a812a30000]
CodeHeap 'profiled nmethods': size=120000Kb used=31048Kb max_used=31048Kb free=88951Kb
 bounds [0x000001a803fd0000, 0x000001a805e30000, 0x000001a80b500000]
CodeHeap 'non-nmethods': size=5760Kb used=2264Kb max_used=2402Kb free=3495Kb
 bounds [0x000001a803a30000, 0x000001a803ca0000, 0x000001a803fd0000]
 total_blobs=14524 nmethods=13664 adapters=771
 compilation: enabled
              stopped_count=0, restarted_count=0
 full_count=0

Compilation events (20 events):
Event: 480.772 Thread 0x000001a81b89f800 13702       4       java.lang.String::subSequence (7 bytes)
Event: 480.775 Thread 0x000001a81b89f800 nmethod 13702 0x000001a80bfb2b10 code [0x000001a80bfb2cc0, 0x000001a80bfb3198]
Event: 480.858 Thread 0x000001a81b89f800 13703       4       com.sun.org.apache.xerces.internal.parsers.XML11Configuration::addRecognizedParamsAndSetDefaults (173 bytes)
Event: 480.884 Thread 0x000001a81b8b1000 13704       3       com.sun.org.apache.xerces.internal.utils.XMLSecurityPropertyManager::getValue (10 bytes)
Event: 480.884 Thread 0x000001a81b8b1000 nmethod 13704 0x000001a805e1d090 code [0x000001a805e1d240, 0x000001a805e1d398]
Event: 480.888 Thread 0x000001a81b8b1000 13705       3       java.util.LinkedList::removeLast (23 bytes)
Event: 480.888 Thread 0x000001a81b8b1000 nmethod 13705 0x000001a805e1d490 code [0x000001a805e1d660, 0x000001a805e1d898]
Event: 480.888 Thread 0x000001a81b8b1000 13706       3       java.util.LinkedList::unlinkLast (64 bytes)
Event: 480.889 Thread 0x000001a81b8b1000 nmethod 13706 0x000001a805e1d990 code [0x000001a805e1db60, 0x000001a805e1ddf8]
Event: 480.964 Thread 0x000001a81b89f800 nmethod 13703 0x000001a80bfb3410 code [0x000001a80bfb3760, 0x000001a80bfb7770]
Event: 480.964 Thread 0x000001a81b89f800 13707       4       com.sun.org.apache.xerces.internal.util.ParserConfigurationSettings::addRecognizedFeatures (56 bytes)
Event: 480.973 Thread 0x000001a81b89f800 nmethod 13707 0x000001a80bfb9590 code [0x000001a80bfb9760, 0x000001a80bfba178]
Event: 480.973 Thread 0x000001a81b8b1000 13708   !   3       com.sun.org.apache.xerces.internal.impl.XMLEntityManager::endEntity (273 bytes)
Event: 480.974 Thread 0x000001a81b8b1000 nmethod 13708 0x000001a805e1df10 code [0x000001a805e1e3a0, 0x000001a805e213f8]
Event: 481.003 Thread 0x000001a81b89f800 13709       4       java.util.Spliterators$ArraySpliterator::forEachRemaining (68 bytes)
Event: 481.005 Thread 0x000001a81b89f800 nmethod 13709 0x000001a80bfba610 code [0x000001a80bfba7c0, 0x000001a80bfba9b8]
Event: 481.005 Thread 0x000001a81b89f800 13710       4       jdk.internal.reflect.UnsafeFieldAccessorImpl::ensureObj (23 bytes)
Event: 481.005 Thread 0x000001a81b89f800 nmethod 13710 0x000001a80bfbab90 code [0x000001a80bfbad20, 0x000001a80bfbae38]
Event: 481.033 Thread 0x000001a81b89f800 13711       4       com.sun.org.apache.xerces.internal.impl.XMLScanner::setFeature (32 bytes)
Event: 481.035 Thread 0x000001a81b89f800 nmethod 13711 0x000001a80bfbaf90 code [0x000001a80bfbb120, 0x000001a80bfbb3d8]

GC Heap History (20 events):
Event: 407.929 GC heap before
{Heap before GC invocations=44 (full 0):
 garbage-first heap   total 260096K, used 183789K [0x0000000080000000, 0x0000000100000000)
  region size 1024K, 70 young (71680K), 10 survivors (10240K)
 Metaspace       used 84306K, capacity 88699K, committed 88748K, reserved 1126400K
  class space    used 10503K, capacity 12260K, committed 12288K, reserved 1048576K
}
Event: 407.937 GC heap after
{Heap after GC invocations=45 (full 0):
 garbage-first heap   total 260096K, used 127870K [0x0000000080000000, 0x0000000100000000)
  region size 1024K, 9 young (9216K), 9 survivors (9216K)
 Metaspace       used 84306K, capacity 88699K, committed 88748K, reserved 1126400K
  class space    used 10503K, capacity 12260K, committed 12288K, reserved 1048576K
}
Event: 473.702 GC heap before
{Heap before GC invocations=45 (full 0):
 garbage-first heap   total 260096K, used 130942K [0x0000000080000000, 0x0000000100000000)
  region size 1024K, 12 young (12288K), 9 survivors (9216K)
 Metaspace       used 84338K, capacity 88766K, committed 89004K, reserved 1126400K
  class space    used 10504K, capacity 12261K, committed 12288K, reserved 1048576K
}
Event: 473.713 GC heap after
{Heap after GC invocations=46 (full 0):
 garbage-first heap   total 260096K, used 110938K [0x0000000080000000, 0x0000000100000000)
  region size 1024K, 2 young (2048K), 2 survivors (2048K)
 Metaspace       used 84338K, capacity 88766K, committed 89004K, reserved 1126400K
  class space    used 10504K, capacity 12261K, committed 12288K, reserved 1048576K
}
Event: 475.297 GC heap before
{Heap before GC invocations=46 (full 0):
 garbage-first heap   total 260096K, used 186714K [0x0000000080000000, 0x0000000100000000)
  region size 1024K, 77 young (78848K), 2 survivors (2048K)
 Metaspace       used 84338K, capacity 88766K, committed 89004K, reserved 1126400K
  class space    used 10504K, capacity 12261K, committed 12288K, reserved 1048576K
}
Event: 475.301 GC heap after
{Heap after GC invocations=47 (full 0):
 garbage-first heap   total 260096K, used 111154K [0x0000000080000000, 0x0000000100000000)
  region size 1024K, 3 young (3072K), 3 survivors (3072K)
 Metaspace       used 84338K, capacity 88766K, committed 89004K, reserved 1126400K
  class space    used 10504K, capacity 12261K, committed 12288K, reserved 1048576K
}
Event: 476.036 GC heap before
{Heap before GC invocations=47 (full 0):
 garbage-first heap   total 260096K, used 192050K [0x0000000080000000, 0x0000000100000000)
  region size 1024K, 82 young (83968K), 3 survivors (3072K)
 Metaspace       used 84348K, capacity 88766K, committed 89004K, reserved 1126400K
  class space    used 10504K, capacity 12261K, committed 12288K, reserved 1048576K
}
Event: 476.039 GC heap after
{Heap after GC invocations=48 (full 0):
 garbage-first heap   total 260096K, used 113825K [0x0000000080000000, 0x0000000100000000)
  region size 1024K, 5 young (5120K), 5 survivors (5120K)
 Metaspace       used 84348K, capacity 88766K, committed 89004K, reserved 1126400K
  class space    used 10504K, capacity 12261K, committed 12288K, reserved 1048576K
}
Event: 476.747 GC heap before
{Heap before GC invocations=49 (full 0):
 garbage-first heap   total 260096K, used 191649K [0x0000000080000000, 0x0000000100000000)
  region size 1024K, 86 young (88064K), 5 survivors (5120K)
 Metaspace       used 84464K, capacity 88894K, committed 89004K, reserved 1126400K
  class space    used 10504K, capacity 12261K, committed 12288K, reserved 1048576K
}
Event: 476.754 GC heap after
{Heap after GC invocations=50 (full 0):
 garbage-first heap   total 260096K, used 120425K [0x0000000080000000, 0x0000000100000000)
  region size 1024K, 11 young (11264K), 11 survivors (11264K)
 Metaspace       used 84464K, capacity 88894K, committed 89004K, reserved 1126400K
  class space    used 10504K, capacity 12261K, committed 12288K, reserved 1048576K
}
Event: 476.762 GC heap before
{Heap before GC invocations=50 (full 0):
 garbage-first heap   total 260096K, used 121449K [0x0000000080000000, 0x0000000100000000)
  region size 1024K, 12 young (12288K), 11 survivors (11264K)
 Metaspace       used 84467K, capacity 88895K, committed 89004K, reserved 1126400K
  class space    used 10504K, capacity 12261K, committed 12288K, reserved 1048576K
}
Event: 476.765 GC heap after
{Heap after GC invocations=51 (full 0):
 garbage-first heap   total 260096K, used 99297K [0x0000000080000000, 0x0000000100000000)
  region size 1024K, 2 young (2048K), 2 survivors (2048K)
 Metaspace       used 84467K, capacity 88895K, committed 89004K, reserved 1126400K
  class space    used 10504K, capacity 12261K, committed 12288K, reserved 1048576K
}
Event: 479.392 GC heap before
{Heap before GC invocations=51 (full 0):
 garbage-first heap   total 260096K, used 187361K [0x0000000080000000, 0x0000000100000000)
  region size 1024K, 88 young (90112K), 2 survivors (2048K)
 Metaspace       used 84579K, capacity 89044K, committed 89260K, reserved 1126400K
  class space    used 10505K, capacity 12264K, committed 12288K, reserved 1048576K
}
Event: 479.402 GC heap after
{Heap after GC invocations=52 (full 0):
 garbage-first heap   total 260096K, used 106896K [0x0000000080000000, 0x0000000100000000)
  region size 1024K, 10 young (10240K), 10 survivors (10240K)
 Metaspace       used 84579K, capacity 89044K, committed 89260K, reserved 1126400K
  class space    used 10505K, capacity 12264K, committed 12288K, reserved 1048576K
}
Event: 480.201 GC heap before
{Heap before GC invocations=53 (full 0):
 garbage-first heap   total 260096K, used 188816K [0x0000000080000000, 0x0000000100000000)
  region size 1024K, 94 young (96256K), 10 survivors (10240K)
 Metaspace       used 84575K, capacity 89038K, committed 89260K, reserved 1126400K
  class space    used 10505K, capacity 12263K, committed 12288K, reserved 1048576K
}
Event: 480.206 GC heap after
{Heap after GC invocations=54 (full 0):
 garbage-first heap   total 260096K, used 103258K [0x0000000080000000, 0x0000000100000000)
  region size 1024K, 7 young (7168K), 7 survivors (7168K)
 Metaspace       used 84575K, capacity 89038K, committed 89260K, reserved 1126400K
  class space    used 10505K, capacity 12263K, committed 12288K, reserved 1048576K
}
Event: 480.253 GC heap before
{Heap before GC invocations=54 (full 0):
 garbage-first heap   total 260096K, used 108378K [0x0000000080000000, 0x0000000100000000)
  region size 1024K, 12 young (12288K), 7 survivors (7168K)
 Metaspace       used 84575K, capacity 89038K, committed 89260K, reserved 1126400K
  class space    used 10505K, capacity 12263K, committed 12288K, reserved 1048576K
}
Event: 480.258 GC heap after
{Heap after GC invocations=55 (full 0):
 garbage-first heap   total 260096K, used 98524K [0x0000000080000000, 0x0000000100000000)
  region size 1024K, 2 young (2048K), 2 survivors (2048K)
 Metaspace       used 84575K, capacity 89038K, committed 89260K, reserved 1126400K
  class space    used 10505K, capacity 12263K, committed 12288K, reserved 1048576K
}
Event: 481.061 GC heap before
{Heap before GC invocations=55 (full 0):
 garbage-first heap   total 260096K, used 193756K [0x0000000080000000, 0x0000000100000000)
  region size 1024K, 95 young (97280K), 2 survivors (2048K)
 Metaspace       used 84580K, capacity 89038K, committed 89260K, reserved 1126400K
  class space    used 10505K, capacity 12263K, committed 12288K, reserved 1048576K
}
Event: 481.070 GC heap after
{Heap after GC invocations=56 (full 0):
 garbage-first heap   total 260096K, used 116733K [0x0000000080000000, 0x0000000100000000)
  region size 1024K, 12 young (12288K), 12 survivors (12288K)
 Metaspace       used 84580K, capacity 89038K, committed 89260K, reserved 1126400K
  class space    used 10505K, capacity 12263K, committed 12288K, reserved 1048576K
}

Deoptimization events (20 events):
Event: 246.932 Thread 0x000001a81b8b5000 Uncommon trap: trap_request=0xffffffc6 fr.pc=0x000001a80b6eb264 relative=0x0000000000000224
Event: 246.932 Thread 0x000001a81b8b5000 Uncommon trap: reason=bimorphic_or_optimized_type_check action=maybe_recompile pc=0x000001a80b6eb264 method=java.util.stream.AbstractPipeline.<init>(Ljava/util/stream/AbstractPipeline;I)V @ 66 c2
Event: 246.932 Thread 0x000001a81b8b5000 DEOPT PACKING pc=0x000001a80b6eb264 sp=0x00000020ebefee00
Event: 246.932 Thread 0x000001a81b8b5000 DEOPT UNPACKING pc=0x000001a803a578af sp=0x00000020ebefedc8 mode 2
Event: 473.699 Thread 0x000001a81ef9b000 Uncommon trap: trap_request=0xffffffde fr.pc=0x000001a80beca7b4 relative=0x00000000000000f4
Event: 473.699 Thread 0x000001a81ef9b000 Uncommon trap: reason=class_check action=maybe_recompile pc=0x000001a80beca7b4 method=org.codehaus.groovy.runtime.callsite.PogoMetaMethodSite.nonParamCheck(Ljava/lang/Object;)Z @ 7 c2
Event: 473.699 Thread 0x000001a81ef9b000 DEOPT PACKING pc=0x000001a80beca7b4 sp=0x00000020ec2f92e0
Event: 473.699 Thread 0x000001a81ef9b000 DEOPT UNPACKING pc=0x000001a803a578af sp=0x00000020ec2f9278 mode 2
Event: 476.394 Thread 0x000001a81ef9b000 DEOPT PACKING pc=0x000001a8056b9638 sp=0x00000020ec2f8c60
Event: 476.394 Thread 0x000001a81ef9b000 DEOPT UNPACKING pc=0x000001a803a576ce sp=0x00000020ec2f8128 mode 0
Event: 478.716 Thread 0x000001a81ef9b000 DEOPT PACKING pc=0x000001a804a65ff1 sp=0x00000020ec2fb3f0
Event: 478.716 Thread 0x000001a81ef9b000 DEOPT UNPACKING pc=0x000001a803a576ce sp=0x00000020ec2fa8e8 mode 0
Event: 478.772 Thread 0x000001a81ef9b000 DEOPT PACKING pc=0x000001a804b67aab sp=0x00000020ec2f9e40
Event: 478.772 Thread 0x000001a81ef9b000 DEOPT UNPACKING pc=0x000001a803a576ce sp=0x00000020ec2f92d8 mode 0
Event: 478.779 Thread 0x000001a81ef9b000 DEOPT PACKING pc=0x000001a804b67aab sp=0x00000020ec2f9e40
Event: 478.779 Thread 0x000001a81ef9b000 DEOPT UNPACKING pc=0x000001a803a576ce sp=0x00000020ec2f92d8 mode 0
Event: 478.790 Thread 0x000001a81ef9b000 DEOPT PACKING pc=0x000001a804c39372 sp=0x00000020ec2f6f00
Event: 478.790 Thread 0x000001a81ef9b000 DEOPT UNPACKING pc=0x000001a803a576ce sp=0x00000020ec2f6398 mode 0
Event: 479.028 Thread 0x000001a81ef9b000 DEOPT PACKING pc=0x000001a804f666b8 sp=0x00000020ec2f7060
Event: 479.028 Thread 0x000001a81ef9b000 DEOPT UNPACKING pc=0x000001a803a576ce sp=0x00000020ec2f6588 mode 0

Classes redefined (0 events):
No events

Internal exceptions (20 events):
Event: 480.800 Thread 0x000001a81ef9b000 Exception <a 'java/security/PrivilegedActionException'{0x000000008bdddc48}> (0x000000008bdddc48) thrown at [./src/hotspot/share/prims/jvm.cpp, line 1306]
Event: 480.800 Thread 0x000001a81ef9b000 Exception <a 'java/security/PrivilegedActionException'{0x000000008bddf1b0}> (0x000000008bddf1b0) thrown at [./src/hotspot/share/prims/jvm.cpp, line 1306]
Event: 480.829 Thread 0x000001a81ef9b000 Exception <a 'java/security/PrivilegedActionException'{0x000000008b958660}> (0x000000008b958660) thrown at [./src/hotspot/share/prims/jvm.cpp, line 1306]
Event: 480.829 Thread 0x000001a81ef9b000 Exception <a 'java/security/PrivilegedActionException'{0x000000008b959bc8}> (0x000000008b959bc8) thrown at [./src/hotspot/share/prims/jvm.cpp, line 1306]
Event: 480.858 Thread 0x000001a81ef9b000 Exception <a 'java/security/PrivilegedActionException'{0x000000008b6a6ce8}> (0x000000008b6a6ce8) thrown at [./src/hotspot/share/prims/jvm.cpp, line 1306]
Event: 480.858 Thread 0x000001a81ef9b000 Exception <a 'java/security/PrivilegedActionException'{0x000000008b6a8250}> (0x000000008b6a8250) thrown at [./src/hotspot/share/prims/jvm.cpp, line 1306]
Event: 480.889 Thread 0x000001a81ef9b000 Exception <a 'java/security/PrivilegedActionException'{0x000000008b257b20}> (0x000000008b257b20) thrown at [./src/hotspot/share/prims/jvm.cpp, line 1306]
Event: 480.889 Thread 0x000001a81ef9b000 Exception <a 'java/security/PrivilegedActionException'{0x000000008b259088}> (0x000000008b259088) thrown at [./src/hotspot/share/prims/jvm.cpp, line 1306]
Event: 480.917 Thread 0x000001a81ef9b000 Exception <a 'java/security/PrivilegedActionException'{0x000000008af84100}> (0x000000008af84100) thrown at [./src/hotspot/share/prims/jvm.cpp, line 1306]
Event: 480.917 Thread 0x000001a81ef9b000 Exception <a 'java/security/PrivilegedActionException'{0x000000008af85668}> (0x000000008af85668) thrown at [./src/hotspot/share/prims/jvm.cpp, line 1306]
Event: 480.947 Thread 0x000001a81ef9b000 Exception <a 'java/security/PrivilegedActionException'{0x000000008ab284d8}> (0x000000008ab284d8) thrown at [./src/hotspot/share/prims/jvm.cpp, line 1306]
Event: 480.947 Thread 0x000001a81ef9b000 Exception <a 'java/security/PrivilegedActionException'{0x000000008ab29a40}> (0x000000008ab29a40) thrown at [./src/hotspot/share/prims/jvm.cpp, line 1306]
Event: 480.976 Thread 0x000001a81ef9b000 Exception <a 'java/security/PrivilegedActionException'{0x000000008a84c3c0}> (0x000000008a84c3c0) thrown at [./src/hotspot/share/prims/jvm.cpp, line 1306]
Event: 480.976 Thread 0x000001a81ef9b000 Exception <a 'java/security/PrivilegedActionException'{0x000000008a84d928}> (0x000000008a84d928) thrown at [./src/hotspot/share/prims/jvm.cpp, line 1306]
Event: 481.005 Thread 0x000001a81ef9b000 Exception <a 'java/security/PrivilegedActionException'{0x000000008a5c64f8}> (0x000000008a5c64f8) thrown at [./src/hotspot/share/prims/jvm.cpp, line 1306]
Event: 481.005 Thread 0x000001a81ef9b000 Exception <a 'java/security/PrivilegedActionException'{0x000000008a5c7a60}> (0x000000008a5c7a60) thrown at [./src/hotspot/share/prims/jvm.cpp, line 1306]
Event: 481.033 Thread 0x000001a81ef9b000 Exception <a 'java/security/PrivilegedActionException'{0x000000008a2de788}> (0x000000008a2de788) thrown at [./src/hotspot/share/prims/jvm.cpp, line 1306]
Event: 481.033 Thread 0x000001a81ef9b000 Exception <a 'java/security/PrivilegedActionException'{0x000000008a2dfcf0}> (0x000000008a2dfcf0) thrown at [./src/hotspot/share/prims/jvm.cpp, line 1306]
Event: 481.071 Thread 0x000001a81ef9b000 Exception <a 'java/security/PrivilegedActionException'{0x000000008fd7a330}> (0x000000008fd7a330) thrown at [./src/hotspot/share/prims/jvm.cpp, line 1306]
Event: 481.071 Thread 0x000001a81ef9b000 Exception <a 'java/security/PrivilegedActionException'{0x000000008fd7b898}> (0x000000008fd7b898) thrown at [./src/hotspot/share/prims/jvm.cpp, line 1306]

Events (20 events):
Event: 478.780 Thread 0x000001a81ed2e000 Thread added: 0x000001a81ed2e000
Event: 478.780 Thread 0x000001a81ed28000 Thread added: 0x000001a81ed28000
Event: 478.790 Thread 0x000001a828ff6800 Thread added: 0x000001a828ff6800
Event: 478.806 Executing VM operation: RevokeBias
Event: 478.806 Executing VM operation: RevokeBias done
Event: 478.819 Thread 0x000001a81ed2e800 Thread added: 0x000001a81ed2e800
Event: 479.392 Executing VM operation: G1CollectForAllocation
Event: 479.402 Executing VM operation: G1CollectForAllocation done
Event: 479.435 Executing VM operation: CGC_Operation
Event: 479.443 Executing VM operation: CGC_Operation done
Event: 479.461 Executing VM operation: CGC_Operation
Event: 479.461 Executing VM operation: CGC_Operation done
Event: 480.201 Executing VM operation: G1CollectForAllocation
Event: 480.206 Executing VM operation: G1CollectForAllocation done
Event: 480.253 Executing VM operation: G1CollectForAllocation
Event: 480.258 Executing VM operation: G1CollectForAllocation done
Event: 480.343 Thread 0x000001a828ff6800 Thread exited: 0x000001a828ff6800
Event: 480.487 Thread 0x000001a826fb1800 Thread exited: 0x000001a826fb1800
Event: 481.061 Executing VM operation: G1CollectForAllocation
Event: 481.070 Executing VM operation: G1CollectForAllocation done


Dynamic libraries:
0x00007ff7e6c20000 - 0x00007ff7e6c2a000 	C:\Program Files\Android\Android Studio\jre\bin\java.exe
0x00007ffb280d0000 - 0x00007ffb282c5000 	C:\WINDOWS\SYSTEM32\ntdll.dll
0x00007ffb26180000 - 0x00007ffb2623e000 	C:\WINDOWS\System32\KERNEL32.DLL
0x00007ffb25b40000 - 0x00007ffb25e09000 	C:\WINDOWS\System32\KERNELBASE.dll
0x00007ffb25f70000 - 0x00007ffb26070000 	C:\WINDOWS\System32\ucrtbase.dll
0x00007ffac6b00000 - 0x00007ffac6b19000 	C:\Program Files\Android\Android Studio\jre\bin\jli.dll
0x00007ffac6ae0000 - 0x00007ffac6af7000 	C:\Program Files\Android\Android Studio\jre\bin\VCRUNTIME140.dll
0x00007ffb27d00000 - 0x00007ffb27ea1000 	C:\WINDOWS\System32\USER32.dll
0x00007ffb25ac0000 - 0x00007ffb25ae2000 	C:\WINDOWS\System32\win32u.dll
0x00007ffb24bc0000 - 0x00007ffb24e5a000 	C:\WINDOWS\WinSxS\amd64_microsoft.windows.common-controls_6595b64144ccf1df_6.0.19041.1110_none_60b5254171f9507e\COMCTL32.dll
0x00007ffb26310000 - 0x00007ffb2633b000 	C:\WINDOWS\System32\GDI32.dll
0x00007ffb27ff0000 - 0x00007ffb2808e000 	C:\WINDOWS\System32\msvcrt.dll
0x00007ffb258c0000 - 0x00007ffb259cb000 	C:\WINDOWS\System32\gdi32full.dll
0x00007ffb257f0000 - 0x00007ffb2588d000 	C:\WINDOWS\System32\msvcp_win.dll
0x00007ffb27eb0000 - 0x00007ffb27ee0000 	C:\WINDOWS\System32\IMM32.DLL
0x00007ffac6a40000 - 0x00007ffac6add000 	C:\Program Files\Android\Android Studio\jre\bin\msvcp140.dll
0x00007ffac9a50000 - 0x00007ffaca51f000 	C:\Program Files\Android\Android Studio\jre\bin\server\jvm.dll
0x00007ffb26c30000 - 0x00007ffb26cdc000 	C:\WINDOWS\System32\ADVAPI32.dll
0x00007ffb27480000 - 0x00007ffb2751b000 	C:\WINDOWS\System32\sechost.dll
0x00007ffb27530000 - 0x00007ffb2765a000 	C:\WINDOWS\System32\RPCRT4.dll
0x00007ffb26ce0000 - 0x00007ffb26ce8000 	C:\WINDOWS\System32\PSAPI.DLL
0x00007ffb0e2f0000 - 0x00007ffb0e2f9000 	C:\WINDOWS\SYSTEM32\WSOCK32.dll
0x00007ffb16cc0000 - 0x00007ffb16ce7000 	C:\WINDOWS\SYSTEM32\WINMM.dll
0x00007ffb27180000 - 0x00007ffb271eb000 	C:\WINDOWS\System32\WS2_32.dll
0x00007ffb1f390000 - 0x00007ffb1f39a000 	C:\WINDOWS\SYSTEM32\VERSION.dll
0x00007ffb23a20000 - 0x00007ffb23a32000 	C:\WINDOWS\SYSTEM32\kernel.appcore.dll
0x00007ffacb690000 - 0x00007ffacb6a1000 	C:\Program Files\Android\Android Studio\jre\bin\verify.dll
0x00007ffb25070000 - 0x00007ffb25254000 	C:\WINDOWS\SYSTEM32\DBGHELP.DLL
0x00007ffb24fc0000 - 0x00007ffb24fec000 	C:\WINDOWS\SYSTEM32\dbgcore.DLL
0x00007ffb259d0000 - 0x00007ffb25a53000 	C:\WINDOWS\System32\bcryptPrimitives.dll
0x00007ffacb530000 - 0x00007ffacb559000 	C:\Program Files\Android\Android Studio\jre\bin\java.dll
0x00007ffb20830000 - 0x00007ffb2083b000 	C:\Program Files\Android\Android Studio\jre\bin\jimage.dll
0x00007ffacb510000 - 0x00007ffacb528000 	C:\Program Files\Android\Android Studio\jre\bin\zip.dll
0x00007ffb26340000 - 0x00007ffb26a7f000 	C:\WINDOWS\System32\SHELL32.dll
0x00007ffb23280000 - 0x00007ffb23a10000 	C:\WINDOWS\SYSTEM32\windows.storage.dll
0x00007ffb279a0000 - 0x00007ffb27cf5000 	C:\WINDOWS\System32\combase.dll
0x00007ffb24b50000 - 0x00007ffb24b7c000 	C:\WINDOWS\SYSTEM32\Wldp.dll
0x00007ffb27f40000 - 0x00007ffb27fed000 	C:\WINDOWS\System32\SHCORE.dll
0x00007ffb27ee0000 - 0x00007ffb27f35000 	C:\WINDOWS\System32\shlwapi.dll
0x00007ffb25730000 - 0x00007ffb2574f000 	C:\WINDOWS\SYSTEM32\profapi.dll
0x00007ffac9a30000 - 0x00007ffac9a4a000 	C:\Program Files\Android\Android Studio\jre\bin\net.dll
0x00007ffb18710000 - 0x00007ffb18818000 	C:\WINDOWS\SYSTEM32\WINHTTP.dll
0x00007ffb24850000 - 0x00007ffb248ba000 	C:\WINDOWS\system32\mswsock.dll
0x00007ffac9a10000 - 0x00007ffac9a24000 	C:\Program Files\Android\Android Studio\jre\bin\nio.dll
0x00007ffacfb20000 - 0x00007ffacfb47000 	C:\Users\Quoc Minh\.gradle\native\fdc75f09e3144964f2cf3f50f0aa648679c211496f362492102eb8c894070792\windows-amd64\native-platform.dll
0x00007ffacb870000 - 0x00007ffacba06000 	C:\Users\Quoc Minh\.gradle\native\12488b8bf47d2d4c9fbf2f6322a914ad602e24e48041cd04a747c6da556b65c4\windows-amd64\native-platform-file-events.dll
0x00007ffb18410000 - 0x00007ffb1841a000 	C:\Program Files\Android\Android Studio\jre\bin\management.dll
0x00007ffb0e4a0000 - 0x00007ffb0e4ac000 	C:\Program Files\Android\Android Studio\jre\bin\management_ext.dll
0x00007ffb25570000 - 0x00007ffb25588000 	C:\WINDOWS\SYSTEM32\CRYPTSP.dll
0x00007ffb241f0000 - 0x00007ffb24224000 	C:\WINDOWS\system32\rsaenh.dll
0x00007ffb25890000 - 0x00007ffb258b7000 	C:\WINDOWS\System32\bcrypt.dll
0x00007ffb256b0000 - 0x00007ffb256de000 	C:\WINDOWS\SYSTEM32\USERENV.dll
0x00007ffb24b40000 - 0x00007ffb24b4c000 	C:\WINDOWS\SYSTEM32\CRYPTBASE.dll
0x00007ffb24540000 - 0x00007ffb2457b000 	C:\WINDOWS\SYSTEM32\IPHLPAPI.DLL
0x00007ffb27170000 - 0x00007ffb27178000 	C:\WINDOWS\System32\NSI.dll
0x00007ffb1e980000 - 0x00007ffb1e997000 	C:\WINDOWS\SYSTEM32\dhcpcsvc6.DLL
0x00007ffb1e740000 - 0x00007ffb1e75d000 	C:\WINDOWS\SYSTEM32\dhcpcsvc.DLL
0x00007ffb24580000 - 0x00007ffb2464c000 	C:\WINDOWS\SYSTEM32\DNSAPI.dll
0x00007ffb1ebd0000 - 0x00007ffb1ebdb000 	C:\WINDOWS\SYSTEM32\WINNSI.DLL

dbghelp: loaded successfully - version: 4.0.5 - missing functions: none
symbol engine: initialized successfully - sym options: 0x614 - pdb path: .;C:\Program Files\Android\Android Studio\jre\bin;C:\WINDOWS\SYSTEM32;C:\WINDOWS\WinSxS\amd64_microsoft.windows.common-controls_6595b64144ccf1df_6.0.19041.1110_none_60b5254171f9507e;C:\Program Files\Android\Android Studio\jre\bin\server;C:\Users\Quoc Minh\.gradle\native\fdc75f09e3144964f2cf3f50f0aa648679c211496f362492102eb8c894070792\windows-amd64;C:\Users\Quoc Minh\.gradle\native\12488b8bf47d2d4c9fbf2f6322a914ad602e24e48041cd04a747c6da556b65c4\windows-amd64

VM Arguments:
jvm_args: -XX:MaxPermSize=512m -XX:+HeapDumpOnOutOfMemoryError --add-opens=java.base/java.util=ALL-UNNAMED --add-opens=java.base/java.lang=ALL-UNNAMED --add-opens=java.base/java.lang.invoke=ALL-UNNAMED --add-opens=java.prefs/java.util.prefs=ALL-UNNAMED -Xmx2048m -Dfile.encoding=UTF-8 -Duser.country=US -Duser.language=en -Duser.variant 
java_command: org.gradle.launcher.daemon.bootstrap.GradleDaemon 6.8
java_class_path (initial): C:\Users\Quoc Minh\.gradle\wrapper\dists\gradle-6.8-all\9emh0d32e025cam7aasxcw002\gradle-6.8\lib\gradle-launcher-6.8.jar
Launcher Type: SUN_STANDARD

[Global flags]
     intx CICompilerCount                          = 4                                         {product} {ergonomic}
     uint ConcGCThreads                            = 3                                         {product} {ergonomic}
     uint G1ConcRefinementThreads                  = 10                                        {product} {ergonomic}
   size_t G1HeapRegionSize                         = 1048576                                   {product} {ergonomic}
    uintx GCDrainStackTargetSize                   = 64                                        {product} {ergonomic}
     bool HeapDumpOnOutOfMemoryError               = true                                   {manageable} {command line}
   size_t InitialHeapSize                          = 266338304                                 {product} {ergonomic}
   size_t MarkStackSize                            = 4194304                                   {product} {ergonomic}
   size_t MaxHeapSize                              = 2147483648                                {product} {command line}
   size_t MaxNewSize                               = 1287651328                                {product} {ergonomic}
   size_t MinHeapDeltaBytes                        = 1048576                                   {product} {ergonomic}
    uintx NonNMethodCodeHeapSize                   = 5836300                                {pd product} {ergonomic}
    uintx NonProfiledCodeHeapSize                  = 122910970                              {pd product} {ergonomic}
    uintx ProfiledCodeHeapSize                     = 122910970                              {pd product} {ergonomic}
    uintx ReservedCodeCacheSize                    = 251658240                              {pd product} {ergonomic}
     bool SegmentedCodeCache                       = true                                      {product} {ergonomic}
     bool UseCompressedClassPointers               = true                                 {lp64_product} {ergonomic}
     bool UseCompressedOops                        = true                                 {lp64_product} {ergonomic}
     bool UseG1GC                                  = true                                      {product} {ergonomic}
     bool UseLargePagesIndividualAllocation        = false                                  {pd product} {ergonomic}

Logging:
Log output configuration:
 #0: stdout all=warning uptime,level,tags
 #1: stderr all=off uptime,level,tags

Environment Variables:
JAVA_HOME=C:\Program Files\Android\Android Studio\jre
CLASSPATH=D:\ReactNative\FullApp\TestProject\android\\gradle\wrapper\gradle-wrapper.jar
PATH=C:\Program Files (x86)\Intel\Intel(R) Management Engine Components\iCLS\;C:\Program Files\Intel\Intel(R) Management Engine Components\iCLS\;C:\Windows\system32;C:\Windows;C:\Windows\System32\Wbem;C:\Windows\System32\WindowsPowerShell\v1.0\;C:\Windows\System32\OpenSSH\;C:\Program Files (x86)\NVIDIA Corporation\PhysX\Common;C:\Program Files\Intel\WiFi\bin\;C:\Program Files\Common Files\Intel\WirelessCommon\;C:\Program Files (x86)\Intel\Intel(R) Management Engine Components\DAL;C:\Program Files\Intel\Intel(R) Management Engine Components\DAL;C:\Program Files (x86)\Intel\Intel(R) Management Engine Components\IPT;C:\Program Files\Intel\Intel(R) Management Engine Components\IPT;C:\WINDOWS\system32;C:\WINDOWS;C:\WINDOWS\System32\Wbem;C:\WINDOWS\System32\WindowsPowerShell\v1.0\;C:\WINDOWS\System32\OpenSSH\;C:\Program Files\Microsoft SQL Server\Client SDK\ODBC\170\Tools\Binn\;C:\Program Files (x86)\Microsoft SQL Server\150\Tools\Binn\;C:\Program Files\Microsoft SQL Server\150\Tools\Binn\;C:\Program Files\Microsoft SQL Server\150\DTS\Binn\;C:\Program Files (x86)\Microsoft SQL Server\150\DTS\Binn\;C:\Program Files\Azure Data Studio\bin;C:\Program Files\Git\cmd;C:\Program Files\nodejs\;C:\Users\Quoc Minh\AppData\Local\python2\scripts;C:\Users\Quoc Minh\AppData\Local\python2;C:\Users\Quoc Minh\AppData\Local\Microsoft\WindowsApps;C:\Program Files\Azure Data Studio\bin;D:\Android\SDK\Sdk\platform-tools;D:\Android\SDK\Sdk\tools;D:\Microsoft VS Code\bin;C:\Users\Quoc Minh\AppData\Roaming\npm;C:\Program Files\MongoDB\Server\5.0\bin\;C:\Program Files\heroku\bin
USERNAME=Quoc Minh
LANG=en_US.UTF-8
OS=Windows_NT
PROCESSOR_IDENTIFIER=Intel64 Family 6 Model 158 Stepping 10, GenuineIntel



---------------  S Y S T E M  ---------------

OS: Windows 10 , 64 bit Build 19041 (10.0.19041.1202)
OS uptime: 0 days 1:17 hours

CPU:total 12 (initial active 12) (6 cores per cpu, 2 threads per core) family 6 model 158 stepping 10 microcode 0xb4, cmov, cx8, fxsr, mmx, sse, sse2, sse3, ssse3, sse4.1, sse4.2, popcnt, avx, avx2, aes, clmul, erms, 3dnowpref, lzcnt, ht, tsc, tscinvbit, bmi1, bmi2, adx, fma

Memory: 4k page, system-wide physical 16230M (6007M free)
TotalPageFile size 18662M (AvailPageFile size 3403M)
current process WorkingSet (physical memory assigned to process): 508M, peak: 535M
current process commit charge ("private bytes"): 553M, peak: 618M

vm_info: OpenJDK 64-Bit Server VM (11.0.10+0-b96-7249189) for windows-amd64 JRE (11.0.10+0-b96-7249189), built on Mar 31 2021 21:44:00 by "builder" with MS VC++ 14.0 (VS2015)

END.
