#
# A fatal error has been detected by the Java Runtime Environment:
#
#  EXCEPTION_ACCESS_VIOLATION (0xc0000005) at pc=0x00007ffd7f18c9e6, pid=2772, tid=1448
#
# JRE version: OpenJDK Runtime Environment (11.0.10) (build 11.0.10+0-b96-7249189)
# Java VM: OpenJDK 64-Bit Server VM (11.0.10+0-b96-7249189, mixed mode, tiered, compressed oops, g1 gc, windows-amd64)
# Problematic frame:
# V  [jvm.dll+0x18c9e6]
#
# No core dump will be written. Minidumps are not enabled by default on client versions of Windows
#
# If you would like to submit a bug report, please visit:
#   https://bugreport.java.com/bugreport/crash.jsp
#

---------------  S U M M A R Y ------------

Command Line: -XX:MaxPermSize=512m -XX:+HeapDumpOnOutOfMemoryError --add-opens=java.base/java.util=ALL-UNNAMED --add-opens=java.base/java.lang=ALL-UNNAMED --add-opens=java.base/java.lang.invoke=ALL-UNNAMED --add-opens=java.prefs/java.util.prefs=ALL-UNNAMED -Xmx2048m -Dfile.encoding=UTF-8 -Duser.country=US -Duser.language=en -Duser.variant org.gradle.launcher.daemon.bootstrap.GradleDaemon 6.8

Host: Intel(R) Core(TM) i7-8750H CPU @ 2.20GHz, 12 cores, 15G,  Windows 10 , 64 bit Build 19041 (10.0.19041.1348)
Time: Sun Nov 21 20:12:58 2021 SE Asia Standard Time elapsed time: 13.712371 seconds (0d 0h 0m 13s)

---------------  T H R E A D  ---------------

Current thread (0x0000023584434800):  GCTaskThread "GC Thread#7" [stack: 0x000000a6b2e00000,0x000000a6b2f00000] [id=1448]

Stack: [0x000000a6b2e00000,0x000000a6b2f00000],  sp=0x000000a6b2eff598,  free space=1021k
Native frames: (J=compiled Java code, j=interpreted, Vv=VM code, C=native code)
V  [jvm.dll+0x18c9e6]


siginfo: EXCEPTION_ACCESS_VIOLATION (0xc0000005), reading address 0x0000000404295908


Register to memory mapping:

RIP=0x00007ffd7f18c9e6 jvm.dll
RAX=0x0000000000000001 is an unknown value
RBX=0x0000000085e324dc is pointing into object: org.gradle.internal.component.model.ImmutableModuleSources 
{0x0000000085e324c8} - klass: 'org/gradle/internal/component/model/ImmutableModuleSources'
RCX=0x000000008758e570 is pointing into object: java.lang.reflect.Method 
{0x000000008758e540} - klass: 'java/lang/reflect/Method'
RDX=0x000000008758e570 is pointing into object: java.lang.reflect.Method 
{0x000000008758e540} - klass: 'java/lang/reflect/Method'
RSP=0x000000a6b2eff598 points into unknown readable memory: 0x00007ffd7f2ff61c | 1c f6 2f 7f fd 7f 00 00
RBP=0x8758e5988085b258 is an unknown value
RSI=0x00000235830935b0 points into unknown readable memory: 0x00007ffd7f8230f8 | f8 30 82 7f fd 7f 00 00
RDI=0x00000235830935b0 points into unknown readable memory: 0x00007ffd7f8230f8 | f8 30 82 7f fd 7f 00 00
R8 =0x000000008758e570 is pointing into object: java.lang.reflect.Method 
{0x000000008758e540} - klass: 'java/lang/reflect/Method'
R9 =0x0000000404295900 is an unknown value
R10=0x000000008758e570 is pointing into object: java.lang.reflect.Method 
{0x000000008758e540} - klass: 'java/lang/reflect/Method'
R11=0x0000023583093720 points into unknown readable memory: 0x00007ffd7f8230b0 | b0 30 82 7f fd 7f 00 00
R12=0x0 is NULL
R13=0x0000000000000001 is an unknown value
R14=0x00000235e6fe9df0 points into unknown readable memory: 0x0000094a00000e75 | 75 0e 00 00 4a 09 00 00
R15=0x000000008758e570 is pointing into object: java.lang.reflect.Method 
{0x000000008758e540} - klass: 'java/lang/reflect/Method'


Registers:
RAX=0x0000000000000001, RBX=0x0000000085e324dc, RCX=0x000000008758e570, RDX=0x000000008758e570
RSP=0x000000a6b2eff598, RBP=0x8758e5988085b258, RSI=0x00000235830935b0, RDI=0x00000235830935b0
R8 =0x000000008758e570, R9 =0x0000000404295900, R10=0x000000008758e570, R11=0x0000023583093720
R12=0x0000000000000000, R13=0x0000000000000001, R14=0x00000235e6fe9df0, R15=0x000000008758e570
RIP=0x00007ffd7f18c9e6, EFLAGS=0x0000000000010206

Top of Stack: (sp=0x000000a6b2eff598)
0x000000a6b2eff598:   00007ffd7f2ff61c 0000000085e32401
0x000000a6b2eff5a8:   000000000000000d 00000235830935b0
0x000000a6b2eff5b8:   00007ffd7f2d03fe 000000008148b9f0
0x000000a6b2eff5c8:   000000008148b9f0 0000000683093720
0x000000a6b2eff5d8:   0000000000000015 0000000000000001
0x000000a6b2eff5e8:   00000235830935b0 0000000000000040
0x000000a6b2eff5f8:   00000235e6fe9df0 0000000000000000
0x000000a6b2eff608:   00000235830935b0 000000a6b2eff801
0x000000a6b2eff618:   00007ffd7f2d1282 00000235830935b0
0x000000a6b2eff628:   00007ffd7f309d01 00000000813f9bfc
0x000000a6b2eff638:   0000000085e324dc 00000235e6fe9d70
0x000000a6b2eff648:   00007ffd7f2fdb7b 0000000000000e75
0x000000a6b2eff658:   00007ffd7f3088fe 00000000813f81f0
0x000000a6b2eff668:   00000000813f9c00 000000a6b2eff8b8
0x000000a6b2eff678:   0000000100041c70 0000000000000000
0x000000a6b2eff688:   00007ffd7f5e70ff 000000a6b2eff730 

Instructions: (pc=0x00007ffd7f18c9e6)
0x00007ffd7f18c8e6:   82 00 48 d3 e0 48 03 05 1e 22 82 00 eb 04 48 8b
0x00007ffd7f18c8f6:   43 08 81 78 08 00 00 00 c0 73 7d 48 8b 4f 38 48
0x00007ffd7f18c906:   8b d3 48 8b 01 ff 50 20 84 c0 75 6c 38 05 80 ac
0x00007ffd7f18c916:   86 00 74 15 8b 53 08 8b 0d f5 21 82 00 48 d3 e2
0x00007ffd7f18c926:   48 03 15 e3 21 82 00 eb 04 48 8b 53 08 48 8b cb
0x00007ffd7f18c936:   48 89 5c 24 20 e8 a0 00 00 00 80 7f 30 00 48 63
0x00007ffd7f18c946:   c8 48 89 4c 24 28 0f 28 44 24 20 74 17 0f 11 86
0x00007ffd7f18c956:   98 03 00 00 48 8b 5c 24 40 48 8b 74 24 48 48 83
0x00007ffd7f18c966:   c4 30 5f c3 48 8b 07 48 8d 54 24 20 48 8b cf 66
0x00007ffd7f18c976:   0f 7f 44 24 20 ff 50 38 48 8b 5c 24 40 48 8b 74
0x00007ffd7f18c986:   24 48 48 83 c4 30 5f c3 cc cc 48 8b 49 38 48 8b
0x00007ffd7f18c996:   01 48 ff 60 28 cc cc cc cc cc 80 3d f1 ab 86 00
0x00007ffd7f18c9a6:   00 48 8b c1 74 1b 8b 51 08 8b 0d 63 21 82 00 48
0x00007ffd7f18c9b6:   d3 e2 48 8b c8 48 03 15 4e 21 82 00 e9 19 00 00
0x00007ffd7f18c9c6:   00 48 8b 51 08 48 8b c8 e9 0d 00 00 00 cc cc cc
0x00007ffd7f18c9d6:   cc cc cc cc cc cc cc cc cc cc 4c 8b ca 48 8b d1
0x00007ffd7f18c9e6:   45 8b 41 08 45 85 c0 7e 0e 41 f6 c0 01 75 59 41
0x00007ffd7f18c9f6:   c1 f8 03 41 8b c0 c3 79 4f 80 3d 92 ab 86 00 00
0x00007ffd7f18ca06:   b8 0c 00 00 00 b9 10 00 00 00 0f 45 c8 8b 05 ab
0x00007ffd7f18ca16:   6c 80 00 ff c8 4c 63 c8 48 63 c1 41 8b c8 83 e1
0x00007ffd7f18ca26:   3f 48 63 14 10 41 8b c0 48 c1 f8 10 0f b6 c0 48
0x00007ffd7f18ca36:   d3 e2 49 8d 0c 11 49 f7 d1 48 03 c1 49 c1 e9 03
0x00007ffd7f18ca46:   48 c1 e8 03 41 23 c1 c3 49 8b 01 49 8b c9 48 ff
0x00007ffd7f18ca56:   a0 10 01 00 00 cc cc cc cc cc 48 83 ec 38 0f 10
0x00007ffd7f18ca66:   02 48 8b 49 38 48 8d 54 24 20 0f 29 44 24 20 e8
0x00007ffd7f18ca76:   56 f0 ff ff 48 83 c4 38 c3 cc 48 89 5c 24 08 55
0x00007ffd7f18ca86:   56 57 41 54 41 55 41 56 41 57 48 8d 6c 24 e0 48
0x00007ffd7f18ca96:   81 ec 20 01 00 00 48 8b 05 5d a5 83 00 48 33 c4
0x00007ffd7f18caa6:   48 89 45 10 48 8b 05 df 15 86 00 45 33 ed 4c 8b
0x00007ffd7f18cab6:   b5 80 00 00 00 4c 8b fa 48 8b bd 88 00 00 00 4d
0x00007ffd7f18cac6:   8b c6 49 8b d6 49 8b f1 48 8b 48 38 48 8b 59 48
0x00007ffd7f18cad6:   49 8b cf c7 45 c0 ff ff ff ff 44 89 6d d4 4c 89 


Stack slot to memory mapping:
stack at sp + 0 slots: 0x00007ffd7f2ff61c jvm.dll
stack at sp + 1 slots: 0x0000000085e32401 is pointing into object: org.gradle.internal.component.external.model.maven.DefaultMavenModuleResolveMetadata 
{0x0000000085e323f0} - klass: 'org/gradle/internal/component/external/model/maven/DefaultMavenModuleResolveMetadata'
stack at sp + 2 slots: 0x000000000000000d is an unknown value
stack at sp + 3 slots: 0x00000235830935b0 points into unknown readable memory: 0x00007ffd7f8230f8 | f8 30 82 7f fd 7f 00 00
stack at sp + 4 slots: 0x00007ffd7f2d03fe jvm.dll
stack at sp + 5 slots: 0x000000008148b9f0 is an oop: java.lang.Class 
{0x000000008148b9f0} - klass: 'java/lang/Class'
stack at sp + 6 slots: 0x000000008148b9f0 is an oop: java.lang.Class 
{0x000000008148b9f0} - klass: 'java/lang/Class'
stack at sp + 7 slots: 0x0000000683093720 is an unknown value


---------------  P R O C E S S  ---------------

Threads class SMR info:
_java_thread_list=0x0000023585dd3200, length=137, elements={
0x00000235e6fce000, 0x00000235ff8e8800, 0x00000235ff8f1800, 0x00000235ff945000,
0x00000235ff946000, 0x00000235ff948000, 0x00000235ff94e800, 0x00000235ff953800,
0x00000235ff956800, 0x00000235ffac2800, 0x0000023583f18800, 0x0000023583ef5800,
0x0000023584093000, 0x00000235830ec800, 0x000002358521a800, 0x0000023583b47800,
0x00000235840dc800, 0x0000023584f10800, 0x0000023584de4800, 0x0000023585693000,
0x0000023585690800, 0x0000023585691800, 0x0000023585692000, 0x0000023584e13000,
0x0000023584e11800, 0x0000023584e0d800, 0x0000023584e10000, 0x0000023584e12800,
0x0000023584e10800, 0x0000023584e14000, 0x0000023586001000, 0x0000023584e0f000,
0x0000023584e16800, 0x0000023584e15800, 0x0000023584e19000, 0x0000023584e1c000,
0x0000023584e1b800, 0x0000023584e18000, 0x0000023584e19800, 0x0000023584e17000,
0x0000023584e1a800, 0x000002358420b000, 0x0000023584208000, 0x0000023584208800,
0x0000023584207000, 0x000002358420a800, 0x0000023584205800, 0x0000023584209800,
0x000002358420c000, 0x0000023584206800, 0x000002358420d800, 0x0000023584211800,
0x000002358420d000, 0x0000023584211000, 0x0000023584212800, 0x0000023584213800,
0x0000023584214000, 0x000002358420e800, 0x000002358420f000, 0x0000023584210000,
0x0000023587bf5800, 0x0000023587bf9000, 0x0000023587bfc000, 0x0000023587bf7800,
0x0000023587bf8000, 0x0000023587bfa800, 0x0000023587bf6800, 0x0000023587bfe800,
0x0000023587bfe000, 0x0000023587bfd000, 0x0000023587bfb800, 0x0000023587bff800,
0x0000023587bf9800, 0x0000023587c00800, 0x0000023587c01000, 0x0000023587c02000,
0x0000023587c02800, 0x0000023587c03800, 0x0000023587c04800, 0x000002358368f800,
0x0000023583692000, 0x0000023583691800, 0x0000023583690800, 0x000002358368f000,
0x0000023583693000, 0x0000023583693800, 0x000002358368e000, 0x0000023583698000,
0x0000023583695800, 0x0000023583694800, 0x000002358369a000, 0x0000023583698800,
0x0000023583696000, 0x0000023583699800, 0x000002358369c800, 0x000002358369b000,
0x000002358369c000, 0x0000023583697000, 0x0000023585611800, 0x0000023585613000,
0x0000023585613800, 0x0000023585614800, 0x0000023585615800, 0x0000023585616000,
0x0000023585610800, 0x0000023585617000, 0x0000023585612000, 0x00000235880a9800,
0x00000235880a6800, 0x00000235880a9000, 0x00000235880aa800, 0x00000235880a5800,
0x00000235880ab800, 0x00000235880ac000, 0x00000235880a7000, 0x00000235880a8000,
0x00000235880ae000, 0x00000235880b2800, 0x00000235880b2000, 0x00000235880b1000,
0x00000235880b0000, 0x00000235880ad000, 0x00000235880b3800, 0x00000235880b4800,
0x00000235880ae800, 0x00000235880af800, 0x00000235890c6800, 0x00000235890c9000,
0x00000235890ca000, 0x00000235890c7800, 0x00000235890c4000, 0x00000235890c8000,
0x00000235890c6000, 0x00000235890ca800, 0x00000235890c5000, 0x00000235890d0800,
0x0000023584687000
}

Java Threads: ( => current thread )
  0x00000235e6fce000 JavaThread "main" [_thread_blocked, id=8956, stack(0x000000a6b0800000,0x000000a6b0900000)]
  0x00000235ff8e8800 JavaThread "Reference Handler" daemon [_thread_blocked, id=14032, stack(0x000000a6b0f00000,0x000000a6b1000000)]
  0x00000235ff8f1800 JavaThread "Finalizer" daemon [_thread_blocked, id=6636, stack(0x000000a6b1000000,0x000000a6b1100000)]
  0x00000235ff945000 JavaThread "Signal Dispatcher" daemon [_thread_blocked, id=6112, stack(0x000000a6b1100000,0x000000a6b1200000)]
  0x00000235ff946000 JavaThread "Attach Listener" daemon [_thread_blocked, id=15812, stack(0x000000a6b1200000,0x000000a6b1300000)]
  0x00000235ff948000 JavaThread "Service Thread" daemon [_thread_blocked, id=17352, stack(0x000000a6b1300000,0x000000a6b1400000)]
  0x00000235ff94e800 JavaThread "C2 CompilerThread0" daemon [_thread_blocked, id=7152, stack(0x000000a6b1400000,0x000000a6b1500000)]
  0x00000235ff953800 JavaThread "C1 CompilerThread0" daemon [_thread_blocked, id=4732, stack(0x000000a6b1500000,0x000000a6b1600000)]
  0x00000235ff956800 JavaThread "Sweeper thread" daemon [_thread_blocked, id=3760, stack(0x000000a6b1600000,0x000000a6b1700000)]
  0x00000235ffac2800 JavaThread "Common-Cleaner" daemon [_thread_blocked, id=6080, stack(0x000000a6b1700000,0x000000a6b1800000)]
  0x0000023583f18800 JavaThread "Daemon health stats" [_thread_blocked, id=6728, stack(0x000000a6b2000000,0x000000a6b2100000)]
  0x0000023583ef5800 JavaThread "Incoming local TCP Connector on port 59015" [_thread_in_native, id=11852, stack(0x000000a6b2100000,0x000000a6b2200000)]
  0x0000023584093000 JavaThread "Daemon periodic checks" [_thread_blocked, id=5248, stack(0x000000a6b2200000,0x000000a6b2300000)]
  0x00000235830ec800 JavaThread "Daemon" [_thread_blocked, id=11292, stack(0x000000a6b2300000,0x000000a6b2400000)]
  0x000002358521a800 JavaThread "Handler for socket connection from /127.0.0.1:59015 to /127.0.0.1:59016" [_thread_in_native, id=556, stack(0x000000a6b2400000,0x000000a6b2500000)]
  0x0000023583b47800 JavaThread "Cancel handler" [_thread_blocked, id=3588, stack(0x000000a6b2500000,0x000000a6b2600000)]
  0x00000235840dc800 JavaThread "Daemon worker" [_thread_blocked, id=15920, stack(0x000000a6b2600000,0x000000a6b2700000)]
  0x0000023584f10800 JavaThread "Asynchronous log dispatcher for DefaultDaemonConnection: socket connection from /127.0.0.1:59015 to /127.0.0.1:59016" [_thread_blocked, id=6504, stack(0x000000a6b2700000,0x000000a6b2800000)]
  0x0000023584de4800 JavaThread "Stdin handler" [_thread_blocked, id=8984, stack(0x000000a6b2800000,0x000000a6b2900000)]
  0x0000023585693000 JavaThread "Daemon client event forwarder" [_thread_blocked, id=11160, stack(0x000000a6b2900000,0x000000a6b2a00000)]
  0x0000023585690800 JavaThread "Cache worker for file hash cache (C:\Users\quocm\.gradle\caches\6.8\fileHashes)" [_thread_blocked, id=9636, stack(0x000000a6b2a00000,0x000000a6b2b00000)]
  0x0000023585691800 JavaThread "File lock request listener" [_thread_in_native, id=15900, stack(0x000000a6b2b00000,0x000000a6b2c00000)]
  0x0000023585692000 JavaThread "Cache worker for journal cache (C:\Users\quocm\.gradle\caches\journal-1)" [_thread_blocked, id=4104, stack(0x000000a6b2c00000,0x000000a6b2d00000)]
  0x0000023584e13000 JavaThread "Cache worker for file hash cache (D:\ReactNative\FullApp\TestProject\android\.gradle\6.8\fileHashes)" [_thread_blocked, id=8100, stack(0x000000a6b3400000,0x000000a6b3500000)]
  0x0000023584e11800 JavaThread "Cache worker for checksums cache (D:\ReactNative\FullApp\TestProject\android\.gradle\checksums)" [_thread_blocked, id=15372, stack(0x000000a6b3500000,0x000000a6b3600000)]
  0x0000023584e0d800 JavaThread "Cache worker for cache directory md-supplier (C:\Users\quocm\.gradle\caches\6.8\md-supplier)" [_thread_blocked, id=12392, stack(0x000000a6b3600000,0x000000a6b3700000)]
  0x0000023584e10000 JavaThread "Cache worker for cache directory md-rule (C:\Users\quocm\.gradle\caches\6.8\md-rule)" [_thread_blocked, id=9732, stack(0x000000a6b3800000,0x000000a6b3900000)]
  0x0000023584e12800 JavaThread "Cache worker for execution history cache (C:\Users\quocm\.gradle\caches\6.8\executionHistory)" [_thread_blocked, id=9708, stack(0x000000a6b3900000,0x000000a6b3a00000)]
  0x0000023584e10800 JavaThread "jar transforms" [_thread_blocked, id=7716, stack(0x000000a6b3a00000,0x000000a6b3b00000)]
  0x0000023584e14000 JavaThread "Cache worker for file content cache (C:\Users\quocm\.gradle\caches\6.8\fileContent)" [_thread_blocked, id=1764, stack(0x000000a6b3b00000,0x000000a6b3c00000)]
  0x0000023586001000 JavaThread "C2 CompilerThread1" daemon [_thread_blocked, id=14480, stack(0x000000a6b3300000,0x000000a6b3400000)]
  0x0000023584e0f000 JavaThread "Cache worker for Build Output Cleanup Cache (D:\ReactNative\FullApp\TestProject\android\.gradle\buildOutputCleanup)" [_thread_blocked, id=2660, stack(0x000000a6b3700000,0x000000a6b3800000)]
  0x0000023584e16800 JavaThread "Build operations" [_thread_blocked, id=16264, stack(0x000000a6b3d00000,0x000000a6b3e00000)]
  0x0000023584e15800 JavaThread "Build operations Thread 2" [_thread_blocked, id=13184, stack(0x000000a6b3e00000,0x000000a6b3f00000)]
  0x0000023584e19000 JavaThread "Build operations Thread 3" [_thread_blocked, id=1844, stack(0x000000a6b3f00000,0x000000a6b4000000)]
  0x0000023584e1c000 JavaThread "Build operations Thread 4" [_thread_blocked, id=3600, stack(0x000000a6b4000000,0x000000a6b4100000)]
  0x0000023584e1b800 JavaThread "Build operations Thread 5" [_thread_blocked, id=11312, stack(0x000000a6b4100000,0x000000a6b4200000)]
  0x0000023584e18000 JavaThread "Build operations Thread 6" [_thread_blocked, id=5204, stack(0x000000a6b4200000,0x000000a6b4300000)]
  0x0000023584e19800 JavaThread "Build operations Thread 7" [_thread_blocked, id=11272, stack(0x000000a6b4300000,0x000000a6b4400000)]
  0x0000023584e17000 JavaThread "Build operations Thread 8" [_thread_blocked, id=12720, stack(0x000000a6b4400000,0x000000a6b4500000)]
  0x0000023584e1a800 JavaThread "Build operations Thread 9" [_thread_blocked, id=2340, stack(0x000000a6b4500000,0x000000a6b4600000)]
  0x000002358420b000 JavaThread "Build operations Thread 10" [_thread_blocked, id=7552, stack(0x000000a6b4600000,0x000000a6b4700000)]
  0x0000023584208000 JavaThread "Build operations Thread 11" [_thread_blocked, id=14260, stack(0x000000a6b4700000,0x000000a6b4800000)]
  0x0000023584208800 JavaThread "Build operations Thread 12" [_thread_blocked, id=5088, stack(0x000000a6b4800000,0x000000a6b4900000)]
  0x0000023584207000 JavaThread "jar transforms Thread 2" [_thread_blocked, id=13956, stack(0x000000a6b4900000,0x000000a6b4a00000)]
  0x000002358420a800 JavaThread "jar transforms Thread 3" [_thread_blocked, id=7708, stack(0x000000a6b4a00000,0x000000a6b4b00000)]
  0x0000023584205800 JavaThread "jar transforms Thread 4" [_thread_blocked, id=3412, stack(0x000000a6b4b00000,0x000000a6b4c00000)]
  0x0000023584209800 JavaThread "jar transforms Thread 5" [_thread_blocked, id=14416, stack(0x000000a6b4c00000,0x000000a6b4d00000)]
  0x000002358420c000 JavaThread "jar transforms Thread 6" [_thread_blocked, id=1132, stack(0x000000a6b4d00000,0x000000a6b4e00000)]
  0x0000023584206800 JavaThread "jar transforms Thread 7" [_thread_blocked, id=1936, stack(0x000000a6b4e00000,0x000000a6b4f00000)]
  0x000002358420d800 JavaThread "jar transforms Thread 8" [_thread_blocked, id=10416, stack(0x000000a6b4f00000,0x000000a6b5000000)]
  0x0000023584211800 JavaThread "jar transforms Thread 9" [_thread_blocked, id=16672, stack(0x000000a6b5000000,0x000000a6b5100000)]
  0x000002358420d000 JavaThread "jar transforms Thread 10" [_thread_blocked, id=15852, stack(0x000000a6b5100000,0x000000a6b5200000)]
  0x0000023584211000 JavaThread "jar transforms Thread 11" [_thread_blocked, id=16720, stack(0x000000a6b5200000,0x000000a6b5300000)]
  0x0000023584212800 JavaThread "jar transforms Thread 12" [_thread_blocked, id=17180, stack(0x000000a6b5300000,0x000000a6b5400000)]
  0x0000023584213800 JavaThread "jar transforms Thread 13" [_thread_blocked, id=1900, stack(0x000000a6b5400000,0x000000a6b5500000)]
  0x0000023584214000 JavaThread "jar transforms Thread 14" [_thread_blocked, id=4832, stack(0x000000a6b5500000,0x000000a6b5600000)]
  0x000002358420e800 JavaThread "jar transforms Thread 15" [_thread_blocked, id=15228, stack(0x000000a6b5600000,0x000000a6b5700000)]
  0x000002358420f000 JavaThread "jar transforms Thread 16" [_thread_blocked, id=7560, stack(0x000000a6b5700000,0x000000a6b5800000)]
  0x0000023584210000 JavaThread "jar transforms Thread 17" [_thread_blocked, id=7932, stack(0x000000a6b5800000,0x000000a6b5900000)]
  0x0000023587bf5800 JavaThread "jar transforms Thread 18" [_thread_blocked, id=2796, stack(0x000000a6b5900000,0x000000a6b5a00000)]
  0x0000023587bf9000 JavaThread "jar transforms Thread 19" [_thread_blocked, id=9804, stack(0x000000a6b5a00000,0x000000a6b5b00000)]
  0x0000023587bfc000 JavaThread "jar transforms Thread 20" [_thread_blocked, id=16564, stack(0x000000a6b5b00000,0x000000a6b5c00000)]
  0x0000023587bf7800 JavaThread "jar transforms Thread 21" [_thread_blocked, id=11952, stack(0x000000a6b5c00000,0x000000a6b5d00000)]
  0x0000023587bf8000 JavaThread "jar transforms Thread 22" [_thread_blocked, id=4920, stack(0x000000a6b5d00000,0x000000a6b5e00000)]
  0x0000023587bfa800 JavaThread "jar transforms Thread 23" [_thread_blocked, id=16540, stack(0x000000a6b5e00000,0x000000a6b5f00000)]
  0x0000023587bf6800 JavaThread "jar transforms Thread 24" [_thread_blocked, id=2884, stack(0x000000a6b5f00000,0x000000a6b6000000)]
  0x0000023587bfe800 JavaThread "jar transforms Thread 25" [_thread_blocked, id=12224, stack(0x000000a6b6000000,0x000000a6b6100000)]
  0x0000023587bfe000 JavaThread "jar transforms Thread 26" [_thread_blocked, id=332, stack(0x000000a6b6100000,0x000000a6b6200000)]
  0x0000023587bfd000 JavaThread "jar transforms Thread 27" [_thread_blocked, id=12732, stack(0x000000a6b6200000,0x000000a6b6300000)]
  0x0000023587bfb800 JavaThread "jar transforms Thread 28" [_thread_blocked, id=1748, stack(0x000000a6b6300000,0x000000a6b6400000)]
  0x0000023587bff800 JavaThread "jar transforms Thread 29" [_thread_blocked, id=10532, stack(0x000000a6b6400000,0x000000a6b6500000)]
  0x0000023587bf9800 JavaThread "jar transforms Thread 30" [_thread_blocked, id=10460, stack(0x000000a6b6500000,0x000000a6b6600000)]
  0x0000023587c00800 JavaThread "jar transforms Thread 31" [_thread_blocked, id=3372, stack(0x000000a6b6600000,0x000000a6b6700000)]
  0x0000023587c01000 JavaThread "jar transforms Thread 32" [_thread_blocked, id=3272, stack(0x000000a6b6700000,0x000000a6b6800000)]
  0x0000023587c02000 JavaThread "jar transforms Thread 33" [_thread_blocked, id=3988, stack(0x000000a6b6800000,0x000000a6b6900000)]
  0x0000023587c02800 JavaThread "jar transforms Thread 34" [_thread_blocked, id=1572, stack(0x000000a6b6900000,0x000000a6b6a00000)]
  0x0000023587c03800 JavaThread "jar transforms Thread 35" [_thread_blocked, id=16116, stack(0x000000a6b6a00000,0x000000a6b6b00000)]
  0x0000023587c04800 JavaThread "jar transforms Thread 36" [_thread_blocked, id=6932, stack(0x000000a6b6b00000,0x000000a6b6c00000)]
  0x000002358368f800 JavaThread "jar transforms Thread 37" [_thread_blocked, id=6008, stack(0x000000a6b6c00000,0x000000a6b6d00000)]
  0x0000023583692000 JavaThread "jar transforms Thread 38" [_thread_blocked, id=15944, stack(0x000000a6b6d00000,0x000000a6b6e00000)]
  0x0000023583691800 JavaThread "jar transforms Thread 39" [_thread_blocked, id=11508, stack(0x000000a6b6e00000,0x000000a6b6f00000)]
  0x0000023583690800 JavaThread "jar transforms Thread 40" [_thread_blocked, id=16088, stack(0x000000a6b6f00000,0x000000a6b7000000)]
  0x000002358368f000 JavaThread "jar transforms Thread 41" [_thread_blocked, id=11748, stack(0x000000a6b7000000,0x000000a6b7100000)]
  0x0000023583693000 JavaThread "jar transforms Thread 42" [_thread_blocked, id=12056, stack(0x000000a6b7100000,0x000000a6b7200000)]
  0x0000023583693800 JavaThread "jar transforms Thread 43" [_thread_blocked, id=8528, stack(0x000000a6b7200000,0x000000a6b7300000)]
  0x000002358368e000 JavaThread "jar transforms Thread 44" [_thread_blocked, id=13644, stack(0x000000a6b7300000,0x000000a6b7400000)]
  0x0000023583698000 JavaThread "jar transforms Thread 45" [_thread_blocked, id=16164, stack(0x000000a6b7400000,0x000000a6b7500000)]
  0x0000023583695800 JavaThread "jar transforms Thread 46" [_thread_blocked, id=7728, stack(0x000000a6b7500000,0x000000a6b7600000)]
  0x0000023583694800 JavaThread "jar transforms Thread 47" [_thread_blocked, id=11588, stack(0x000000a6b7600000,0x000000a6b7700000)]
  0x000002358369a000 JavaThread "jar transforms Thread 48" [_thread_blocked, id=9508, stack(0x000000a6b7700000,0x000000a6b7800000)]
  0x0000023583698800 JavaThread "jar transforms Thread 49" [_thread_blocked, id=12872, stack(0x000000a6b7800000,0x000000a6b7900000)]
  0x0000023583696000 JavaThread "jar transforms Thread 50" [_thread_blocked, id=16072, stack(0x000000a6b7900000,0x000000a6b7a00000)]
  0x0000023583699800 JavaThread "jar transforms Thread 51" [_thread_blocked, id=11368, stack(0x000000a6b7a00000,0x000000a6b7b00000)]
  0x000002358369c800 JavaThread "jar transforms Thread 52" [_thread_blocked, id=872, stack(0x000000a6b7b00000,0x000000a6b7c00000)]
  0x000002358369b000 JavaThread "jar transforms Thread 53" [_thread_blocked, id=5952, stack(0x000000a6b7c00000,0x000000a6b7d00000)]
  0x000002358369c000 JavaThread "jar transforms Thread 54" [_thread_blocked, id=2616, stack(0x000000a6b7d00000,0x000000a6b7e00000)]
  0x0000023583697000 JavaThread "jar transforms Thread 55" [_thread_blocked, id=10448, stack(0x000000a6b7e00000,0x000000a6b7f00000)]
  0x0000023585611800 JavaThread "jar transforms Thread 56" [_thread_blocked, id=7660, stack(0x000000a6b7f00000,0x000000a6b8000000)]
  0x0000023585613000 JavaThread "jar transforms Thread 57" [_thread_blocked, id=952, stack(0x000000a6b8000000,0x000000a6b8100000)]
  0x0000023585613800 JavaThread "jar transforms Thread 58" [_thread_blocked, id=8592, stack(0x000000a6b8100000,0x000000a6b8200000)]
  0x0000023585614800 JavaThread "jar transforms Thread 59" [_thread_blocked, id=14860, stack(0x000000a6b8200000,0x000000a6b8300000)]
  0x0000023585615800 JavaThread "jar transforms Thread 60" [_thread_blocked, id=11308, stack(0x000000a6b8300000,0x000000a6b8400000)]
  0x0000023585616000 JavaThread "jar transforms Thread 61" [_thread_blocked, id=8164, stack(0x000000a6b8400000,0x000000a6b8500000)]
  0x0000023585610800 JavaThread "jar transforms Thread 62" [_thread_blocked, id=14140, stack(0x000000a6b8500000,0x000000a6b8600000)]
  0x0000023585617000 JavaThread "jar transforms Thread 63" [_thread_blocked, id=5124, stack(0x000000a6b8600000,0x000000a6b8700000)]
  0x0000023585612000 JavaThread "jar transforms Thread 64" [_thread_blocked, id=14916, stack(0x000000a6b8700000,0x000000a6b8800000)]
  0x00000235880a9800 JavaThread "jar transforms Thread 65" [_thread_blocked, id=14524, stack(0x000000a6b8800000,0x000000a6b8900000)]
  0x00000235880a6800 JavaThread "jar transforms Thread 66" [_thread_blocked, id=7908, stack(0x000000a6b8900000,0x000000a6b8a00000)]
  0x00000235880a9000 JavaThread "jar transforms Thread 67" [_thread_blocked, id=1404, stack(0x000000a6b8a00000,0x000000a6b8b00000)]
  0x00000235880aa800 JavaThread "jar transforms Thread 68" [_thread_blocked, id=1088, stack(0x000000a6b8b00000,0x000000a6b8c00000)]
  0x00000235880a5800 JavaThread "jar transforms Thread 69" [_thread_blocked, id=1476, stack(0x000000a6b8c00000,0x000000a6b8d00000)]
  0x00000235880ab800 JavaThread "jar transforms Thread 70" [_thread_blocked, id=2128, stack(0x000000a6b8d00000,0x000000a6b8e00000)]
  0x00000235880ac000 JavaThread "jar transforms Thread 71" [_thread_blocked, id=9476, stack(0x000000a6b8e00000,0x000000a6b8f00000)]
  0x00000235880a7000 JavaThread "jar transforms Thread 72" [_thread_blocked, id=4796, stack(0x000000a6b8f00000,0x000000a6b9000000)]
  0x00000235880a8000 JavaThread "jar transforms Thread 73" [_thread_blocked, id=7188, stack(0x000000a6b9000000,0x000000a6b9100000)]
  0x00000235880ae000 JavaThread "jar transforms Thread 74" [_thread_blocked, id=14404, stack(0x000000a6b9100000,0x000000a6b9200000)]
  0x00000235880b2800 JavaThread "jar transforms Thread 75" [_thread_blocked, id=9376, stack(0x000000a6b9200000,0x000000a6b9300000)]
  0x00000235880b2000 JavaThread "jar transforms Thread 76" [_thread_blocked, id=16664, stack(0x000000a6b9300000,0x000000a6b9400000)]
  0x00000235880b1000 JavaThread "jar transforms Thread 77" [_thread_blocked, id=15768, stack(0x000000a6b9400000,0x000000a6b9500000)]
  0x00000235880b0000 JavaThread "jar transforms Thread 78" [_thread_blocked, id=13256, stack(0x000000a6b9500000,0x000000a6b9600000)]
  0x00000235880ad000 JavaThread "jar transforms Thread 79" [_thread_blocked, id=11244, stack(0x000000a6b9600000,0x000000a6b9700000)]
  0x00000235880b3800 JavaThread "jar transforms Thread 80" [_thread_blocked, id=10216, stack(0x000000a6b9700000,0x000000a6b9800000)]
  0x00000235880b4800 JavaThread "jar transforms Thread 81" [_thread_blocked, id=10296, stack(0x000000a6b9800000,0x000000a6b9900000)]
  0x00000235880ae800 JavaThread "jar transforms Thread 82" [_thread_blocked, id=8512, stack(0x000000a6b9900000,0x000000a6b9a00000)]
  0x00000235880af800 JavaThread "jar transforms Thread 83" [_thread_blocked, id=11520, stack(0x000000a6b9a00000,0x000000a6b9b00000)]
  0x00000235890c6800 JavaThread "jar transforms Thread 84" [_thread_blocked, id=6604, stack(0x000000a6b9b00000,0x000000a6b9c00000)]
  0x00000235890c9000 JavaThread "jar transforms Thread 85" [_thread_blocked, id=7880, stack(0x000000a6b9c00000,0x000000a6b9d00000)]
  0x00000235890ca000 JavaThread "jar transforms Thread 86" [_thread_blocked, id=13212, stack(0x000000a6b9d00000,0x000000a6b9e00000)]
  0x00000235890c7800 JavaThread "jar transforms Thread 87" [_thread_blocked, id=11504, stack(0x000000a6b9e00000,0x000000a6b9f00000)]
  0x00000235890c4000 JavaThread "jar transforms Thread 88" [_thread_blocked, id=6436, stack(0x000000a6b9f00000,0x000000a6ba000000)]
  0x00000235890c8000 JavaThread "jar transforms Thread 89" [_thread_blocked, id=1472, stack(0x000000a6ba000000,0x000000a6ba100000)]
  0x00000235890c6000 JavaThread "jar transforms Thread 90" [_thread_blocked, id=8744, stack(0x000000a6ba100000,0x000000a6ba200000)]
  0x00000235890ca800 JavaThread "jar transforms Thread 91" [_thread_blocked, id=12492, stack(0x000000a6ba200000,0x000000a6ba300000)]
  0x00000235890c5000 JavaThread "jar transforms Thread 92" [_thread_blocked, id=3364, stack(0x000000a6ba300000,0x000000a6ba400000)]
  0x00000235890d0800 JavaThread "Memory manager" [_thread_blocked, id=2556, stack(0x000000a6b3c00000,0x000000a6b3d00000)]
  0x0000023584687000 JavaThread "C2 CompilerThread2" daemon [_thread_blocked, id=16208, stack(0x000000a6ba400000,0x000000a6ba500000)]

Other Threads:
  0x00000235ff8ab000 VMThread "VM Thread" [stack: 0x000000a6b0e00000,0x000000a6b0f00000] [id=16984]
  0x00000235ffac5000 WatcherThread [stack: 0x000000a6b1800000,0x000000a6b1900000] [id=17308]
  0x00000235e6fe9000 GCTaskThread "GC Thread#0" [stack: 0x000000a6b0900000,0x000000a6b0a00000] [id=17184]
  0x0000023583108000 GCTaskThread "GC Thread#1" [stack: 0x000000a6b1a00000,0x000000a6b1b00000] [id=16912]
  0x0000023582de2800 GCTaskThread "GC Thread#2" [stack: 0x000000a6b1b00000,0x000000a6b1c00000] [id=12544]
  0x000002358323f000 GCTaskThread "GC Thread#3" [stack: 0x000000a6b1c00000,0x000000a6b1d00000] [id=7704]
  0x0000023583104000 GCTaskThread "GC Thread#4" [stack: 0x000000a6b1d00000,0x000000a6b1e00000] [id=5180]
  0x0000023583105000 GCTaskThread "GC Thread#5" [stack: 0x000000a6b1e00000,0x000000a6b1f00000] [id=5316]
  0x00000235841fe800 GCTaskThread "GC Thread#6" [stack: 0x000000a6b2d00000,0x000000a6b2e00000] [id=14644]
=>0x0000023584434800 GCTaskThread "GC Thread#7" [stack: 0x000000a6b2e00000,0x000000a6b2f00000] [id=1448]
  0x0000023583e03800 GCTaskThread "GC Thread#8" [stack: 0x000000a6b2f00000,0x000000a6b3000000] [id=1528]
  0x00000235844a3800 GCTaskThread "GC Thread#9" [stack: 0x000000a6b3000000,0x000000a6b3100000] [id=7072]
  0x00000235e7019000 ConcurrentGCThread "G1 Main Marker" [stack: 0x000000a6b0a00000,0x000000a6b0b00000] [id=11784]
  0x00000235e701a800 ConcurrentGCThread "G1 Conc#0" [stack: 0x000000a6b0b00000,0x000000a6b0c00000] [id=9380]
  0x0000023584126800 ConcurrentGCThread "G1 Conc#1" [stack: 0x000000a6b3100000,0x000000a6b3200000] [id=13080]
  0x0000023583097000 ConcurrentGCThread "G1 Conc#2" [stack: 0x000000a6b3200000,0x000000a6b3300000] [id=13840]
  0x00000235e70ae800 ConcurrentGCThread "G1 Refine#0" [stack: 0x000000a6b0c00000,0x000000a6b0d00000] [id=15364]
  0x00000235ff734800 ConcurrentGCThread "G1 Young RemSet Sampling" [stack: 0x000000a6b0d00000,0x000000a6b0e00000] [id=2084]

Threads with active compile tasks:
C2 CompilerThread0  13774 6710       4       com.sun.beans.introspect.MethodInfo$MethodOrder::compare (167 bytes)
C2 CompilerThread1  13774 6708       4       java.util.AbstractCollection::addAll (42 bytes)
C2 CompilerThread2  13774 6707       4       java.lang.Class::getMethodsRecursive (99 bytes)

VM state:at safepoint (normal execution)

VM Mutex/Monitor currently owned by a thread:  ([mutex/lock_event])
[0x00000235e6fcb4e0] Threads_lock - owner thread: 0x00000235ff8ab000
[0x00000235e6fcae20] Heap_lock - owner thread: 0x00000235840dc800

Heap address: 0x0000000080000000, size: 2048 MB, Compressed Oops mode: 32-bit
Narrow klass base: 0x0000000000000000, Narrow klass shift: 3
Compressed class space size: 1073741824 Address: 0x0000000100000000

Heap:
 garbage-first heap   total 260096K, used 190274K [0x0000000080000000, 0x0000000100000000)
  region size 1024K, 159 young (162816K), 19 survivors (19456K)
 Metaspace       used 63749K, capacity 65666K, committed 65920K, reserved 1105920K
  class space    used 8017K, capacity 8775K, committed 8832K, reserved 1048576K
Heap Regions: E=young(eden), S=young(survivor), O=old, HS=humongous(starts), HC=humongous(continues), CS=collection set, F=free, A=archive, TAMS=top-at-mark-start (previous, next)
|   0|0x0000000080000000, 0x0000000080100000, 0x0000000080100000|100%| O|  |TAMS 0x0000000080100000, 0x0000000080000000| Untracked 
|   1|0x0000000080100000, 0x0000000080200000, 0x0000000080200000|100%| O|  |TAMS 0x0000000080200000, 0x0000000080100000| Untracked 
|   2|0x0000000080200000, 0x0000000080300000, 0x0000000080300000|100%| O|  |TAMS 0x0000000080300000, 0x0000000080200000| Untracked 
|   3|0x0000000080300000, 0x0000000080400000, 0x0000000080400000|100%|HS|  |TAMS 0x0000000080400000, 0x0000000080300000| Complete 
|   4|0x0000000080400000, 0x0000000080500000, 0x0000000080500000|100%|HC|  |TAMS 0x0000000080500000, 0x0000000080400000| Complete 
|   5|0x0000000080500000, 0x0000000080600000, 0x0000000080600000|100%|HC|  |TAMS 0x0000000080600000, 0x0000000080500000| Complete 
|   6|0x0000000080600000, 0x0000000080700000, 0x0000000080700000|100%| O|  |TAMS 0x0000000080700000, 0x0000000080600000| Untracked 
|   7|0x0000000080700000, 0x00000000807ffff8, 0x0000000080800000| 99%| O|  |TAMS 0x00000000807ffff8, 0x0000000080700000| Untracked 
|   8|0x0000000080800000, 0x0000000080900000, 0x0000000080900000|100%| O|  |TAMS 0x0000000080900000, 0x0000000080800000| Untracked 
|   9|0x0000000080900000, 0x0000000080a00000, 0x0000000080a00000|100%| O|  |TAMS 0x0000000080a00000, 0x0000000080900000| Untracked 
|  10|0x0000000080a00000, 0x0000000080b00000, 0x0000000080b00000|100%| O|  |TAMS 0x0000000080b00000, 0x0000000080a00000| Untracked 
|  11|0x0000000080b00000, 0x0000000080c00000, 0x0000000080c00000|100%| O|  |TAMS 0x0000000080c00000, 0x0000000080b00000| Untracked 
|  12|0x0000000080c00000, 0x0000000080d00000, 0x0000000080d00000|100%| O|  |TAMS 0x0000000080d00000, 0x0000000080c00000| Untracked 
|  13|0x0000000080d00000, 0x0000000080e00000, 0x0000000080e00000|100%| O|  |TAMS 0x0000000080e00000, 0x0000000080d00000| Untracked 
|  14|0x0000000080e00000, 0x0000000080f00000, 0x0000000080f00000|100%| O|  |TAMS 0x0000000080f00000, 0x0000000080e00000| Untracked 
|  15|0x0000000080f00000, 0x0000000081000000, 0x0000000081000000|100%| O|  |TAMS 0x0000000080fe3800, 0x0000000080f00000| Untracked 
|  16|0x0000000081000000, 0x0000000081100000, 0x0000000081100000|100%| O|  |TAMS 0x0000000081000000, 0x0000000081000000| Untracked 
|  17|0x0000000081100000, 0x0000000081200000, 0x0000000081200000|100%| O|  |TAMS 0x0000000081100000, 0x0000000081100000| Untracked 
|  18|0x0000000081200000, 0x0000000081300000, 0x0000000081300000|100%| O|  |TAMS 0x0000000081200000, 0x0000000081200000| Untracked 
|  19|0x0000000081300000, 0x0000000081400000, 0x0000000081400000|100%| O|  |TAMS 0x0000000081300000, 0x0000000081300000| Untracked 
|  20|0x0000000081400000, 0x0000000081500000, 0x0000000081500000|100%| O|  |TAMS 0x0000000081400000, 0x0000000081400000| Untracked 
|  21|0x0000000081500000, 0x0000000081600000, 0x0000000081600000|100%| O|  |TAMS 0x0000000081500000, 0x0000000081500000| Untracked 
|  22|0x0000000081600000, 0x0000000081700000, 0x0000000081700000|100%| O|  |TAMS 0x0000000081600000, 0x0000000081600000| Untracked 
|  23|0x0000000081700000, 0x0000000081800000, 0x0000000081800000|100%| O|  |TAMS 0x0000000081700000, 0x0000000081700000| Untracked 
|  24|0x0000000081800000, 0x0000000081900000, 0x0000000081900000|100%| O|  |TAMS 0x0000000081800000, 0x0000000081800000| Untracked 
|  25|0x0000000081900000, 0x0000000081a00000, 0x0000000081a00000|100%| O|  |TAMS 0x0000000081900000, 0x0000000081900000| Untracked 
|  26|0x0000000081a00000, 0x0000000081b00000, 0x0000000081b00000|100%|HS|  |TAMS 0x0000000081a00000, 0x0000000081a00000| Complete 
|  27|0x0000000081b00000, 0x0000000081c00000, 0x0000000081c00000|100%| O|  |TAMS 0x0000000081b00000, 0x0000000081b00000| Untracked 
|  28|0x0000000081c00000, 0x0000000081d00000, 0x0000000081d00000|100%| O|  |TAMS 0x0000000081c00000, 0x0000000081c00000| Untracked 
|  29|0x0000000081d00000, 0x0000000081e00000, 0x0000000081e00000|100%| O|  |TAMS 0x0000000081d00000, 0x0000000081d00000| Untracked 
|  30|0x0000000081e00000, 0x0000000081f00000, 0x0000000081f00000|100%| O|  |TAMS 0x0000000081e00000, 0x0000000081e00000| Untracked 
|  31|0x0000000081f00000, 0x0000000082000000, 0x0000000082000000|100%| O|  |TAMS 0x0000000081f00000, 0x0000000081f00000| Untracked 
|  32|0x0000000082000000, 0x00000000820d0c00, 0x0000000082100000| 81%| O|  |TAMS 0x0000000082000000, 0x0000000082000000| Untracked 
|  33|0x0000000082100000, 0x0000000082200000, 0x0000000082200000|100%|HS|  |TAMS 0x0000000082100000, 0x0000000082100000| Complete 
|  34|0x0000000082200000, 0x0000000082300000, 0x0000000082300000|100%|HC|  |TAMS 0x0000000082200000, 0x0000000082200000| Complete 
|  35|0x0000000082300000, 0x0000000082400000, 0x0000000082400000|100%|HS|  |TAMS 0x0000000082300000, 0x0000000082300000| Complete 
|  36|0x0000000082400000, 0x0000000082400000, 0x0000000082500000|  0%| F|  |TAMS 0x0000000082400000, 0x0000000082400000| Untracked 
|  37|0x0000000082500000, 0x0000000082500000, 0x0000000082600000|  0%| F|  |TAMS 0x0000000082500000, 0x0000000082500000| Untracked 
|  38|0x0000000082600000, 0x0000000082600000, 0x0000000082700000|  0%| F|  |TAMS 0x0000000082600000, 0x0000000082600000| Untracked 
|  39|0x0000000082700000, 0x0000000082700000, 0x0000000082800000|  0%| F|  |TAMS 0x0000000082700000, 0x0000000082700000| Untracked 
|  40|0x0000000082800000, 0x0000000082800000, 0x0000000082900000|  0%| F|  |TAMS 0x0000000082800000, 0x0000000082800000| Untracked 
|  41|0x0000000082900000, 0x0000000082900000, 0x0000000082a00000|  0%| F|  |TAMS 0x0000000082900000, 0x0000000082900000| Untracked 
|  42|0x0000000082a00000, 0x0000000082a00000, 0x0000000082b00000|  0%| F|  |TAMS 0x0000000082a00000, 0x0000000082a00000| Untracked 
|  43|0x0000000082b00000, 0x0000000082b00000, 0x0000000082c00000|  0%| F|  |TAMS 0x0000000082b00000, 0x0000000082b00000| Untracked 
|  44|0x0000000082c00000, 0x0000000082c00000, 0x0000000082d00000|  0%| F|  |TAMS 0x0000000082c00000, 0x0000000082c00000| Untracked 
|  45|0x0000000082d00000, 0x0000000082d00000, 0x0000000082e00000|  0%| F|  |TAMS 0x0000000082d00000, 0x0000000082d00000| Untracked 
|  46|0x0000000082e00000, 0x0000000082e00000, 0x0000000082f00000|  0%| F|  |TAMS 0x0000000082e00000, 0x0000000082e00000| Untracked 
|  47|0x0000000082f00000, 0x0000000082f00000, 0x0000000083000000|  0%| F|  |TAMS 0x0000000082f00000, 0x0000000082f00000| Untracked 
|  48|0x0000000083000000, 0x0000000083000000, 0x0000000083100000|  0%| F|  |TAMS 0x0000000083000000, 0x0000000083000000| Untracked 
|  49|0x0000000083100000, 0x0000000083100000, 0x0000000083200000|  0%| F|  |TAMS 0x0000000083100000, 0x0000000083100000| Untracked 
|  50|0x0000000083200000, 0x0000000083200000, 0x0000000083300000|  0%| F|  |TAMS 0x0000000083200000, 0x0000000083200000| Untracked 
|  51|0x0000000083300000, 0x0000000083300000, 0x0000000083400000|  0%| F|  |TAMS 0x0000000083300000, 0x0000000083300000| Untracked 
|  52|0x0000000083400000, 0x0000000083400000, 0x0000000083500000|  0%| F|  |TAMS 0x0000000083400000, 0x0000000083400000| Untracked 
|  53|0x0000000083500000, 0x0000000083500000, 0x0000000083600000|  0%| F|  |TAMS 0x0000000083500000, 0x0000000083500000| Untracked 
|  54|0x0000000083600000, 0x0000000083600000, 0x0000000083700000|  0%| F|  |TAMS 0x0000000083600000, 0x0000000083600000| Untracked 
|  55|0x0000000083700000, 0x0000000083700000, 0x0000000083800000|  0%| F|  |TAMS 0x0000000083700000, 0x0000000083700000| Untracked 
|  56|0x0000000083800000, 0x0000000083800000, 0x0000000083900000|  0%| F|  |TAMS 0x0000000083800000, 0x0000000083800000| Untracked 
|  57|0x0000000083900000, 0x0000000083900000, 0x0000000083a00000|  0%| F|  |TAMS 0x0000000083900000, 0x0000000083900000| Untracked 
|  58|0x0000000083a00000, 0x0000000083a00000, 0x0000000083b00000|  0%| F|  |TAMS 0x0000000083a00000, 0x0000000083a00000| Untracked 
|  59|0x0000000083b00000, 0x0000000083b00000, 0x0000000083c00000|  0%| F|  |TAMS 0x0000000083b00000, 0x0000000083b00000| Untracked 
|  60|0x0000000083c00000, 0x0000000083c00000, 0x0000000083d00000|  0%| F|  |TAMS 0x0000000083c00000, 0x0000000083c00000| Untracked 
|  61|0x0000000083d00000, 0x0000000083d00000, 0x0000000083e00000|  0%| F|  |TAMS 0x0000000083d00000, 0x0000000083d00000| Untracked 
|  62|0x0000000083e00000, 0x0000000083e00000, 0x0000000083f00000|  0%| F|  |TAMS 0x0000000083e00000, 0x0000000083e00000| Untracked 
|  63|0x0000000083f00000, 0x0000000083f00000, 0x0000000084000000|  0%| F|  |TAMS 0x0000000083f00000, 0x0000000083f00000| Untracked 
|  64|0x0000000084000000, 0x0000000084000000, 0x0000000084100000|  0%| F|  |TAMS 0x0000000084000000, 0x0000000084000000| Untracked 
|  65|0x0000000084100000, 0x0000000084100000, 0x0000000084200000|  0%| F|  |TAMS 0x0000000084100000, 0x0000000084100000| Untracked 
|  66|0x0000000084200000, 0x0000000084200000, 0x0000000084300000|  0%| F|  |TAMS 0x0000000084200000, 0x0000000084200000| Untracked 
|  67|0x0000000084300000, 0x0000000084300000, 0x0000000084400000|  0%| F|  |TAMS 0x0000000084300000, 0x0000000084300000| Untracked 
|  68|0x0000000084400000, 0x0000000084400000, 0x0000000084500000|  0%| F|  |TAMS 0x0000000084400000, 0x0000000084400000| Untracked 
|  69|0x0000000084500000, 0x0000000084500000, 0x0000000084600000|  0%| F|  |TAMS 0x0000000084500000, 0x0000000084500000| Untracked 
|  70|0x0000000084600000, 0x0000000084600000, 0x0000000084700000|  0%| F|  |TAMS 0x0000000084600000, 0x0000000084600000| Untracked 
|  71|0x0000000084700000, 0x0000000084700000, 0x0000000084800000|  0%| F|  |TAMS 0x0000000084700000, 0x0000000084700000| Untracked 
|  72|0x0000000084800000, 0x0000000084800000, 0x0000000084900000|  0%| F|  |TAMS 0x0000000084800000, 0x0000000084800000| Untracked 
|  73|0x0000000084900000, 0x0000000084900000, 0x0000000084a00000|  0%| F|  |TAMS 0x0000000084900000, 0x0000000084900000| Untracked 
|  74|0x0000000084a00000, 0x0000000084a00000, 0x0000000084b00000|  0%| F|  |TAMS 0x0000000084a00000, 0x0000000084a00000| Untracked 
|  75|0x0000000084b00000, 0x0000000084b00000, 0x0000000084c00000|  0%| F|  |TAMS 0x0000000084b00000, 0x0000000084b00000| Untracked 
|  76|0x0000000084c00000, 0x0000000084c00000, 0x0000000084d00000|  0%| F|  |TAMS 0x0000000084c00000, 0x0000000084c00000| Untracked 
|  77|0x0000000084d00000, 0x0000000084d00000, 0x0000000084e00000|  0%| F|  |TAMS 0x0000000084d00000, 0x0000000084d00000| Untracked 
|  78|0x0000000084e00000, 0x0000000084e00000, 0x0000000084f00000|  0%| F|  |TAMS 0x0000000084e00000, 0x0000000084e00000| Untracked 
|  79|0x0000000084f00000, 0x0000000084f00000, 0x0000000085000000|  0%| F|  |TAMS 0x0000000084f00000, 0x0000000084f00000| Untracked 
|  80|0x0000000085000000, 0x0000000085000000, 0x0000000085100000|  0%| F|  |TAMS 0x0000000085000000, 0x0000000085000000| Untracked 
|  81|0x0000000085100000, 0x0000000085100000, 0x0000000085200000|  0%| F|  |TAMS 0x0000000085100000, 0x0000000085100000| Untracked 
|  82|0x0000000085200000, 0x0000000085200000, 0x0000000085300000|  0%| F|  |TAMS 0x0000000085200000, 0x0000000085200000| Untracked 
|  83|0x0000000085300000, 0x0000000085300000, 0x0000000085400000|  0%| F|  |TAMS 0x0000000085300000, 0x0000000085300000| Untracked 
|  84|0x0000000085400000, 0x0000000085400000, 0x0000000085500000|  0%| F|  |TAMS 0x0000000085400000, 0x0000000085400000| Untracked 
|  85|0x0000000085500000, 0x0000000085569fa0, 0x0000000085600000| 41%| S|  |TAMS 0x0000000085500000, 0x0000000085500000| Complete 
|  86|0x0000000085600000, 0x0000000085700000, 0x0000000085700000|100%| S|  |TAMS 0x0000000085600000, 0x0000000085600000| Complete 
|  87|0x0000000085700000, 0x0000000085800000, 0x0000000085800000|100%| S|  |TAMS 0x0000000085700000, 0x0000000085700000| Complete 
|  88|0x0000000085800000, 0x0000000085900000, 0x0000000085900000|100%| S|  |TAMS 0x0000000085800000, 0x0000000085800000| Complete 
|  89|0x0000000085900000, 0x0000000085a00000, 0x0000000085a00000|100%| S|  |TAMS 0x0000000085900000, 0x0000000085900000| Complete 
|  90|0x0000000085a00000, 0x0000000085b00000, 0x0000000085b00000|100%| S|  |TAMS 0x0000000085a00000, 0x0000000085a00000| Complete 
|  91|0x0000000085b00000, 0x0000000085c00000, 0x0000000085c00000|100%| S|  |TAMS 0x0000000085b00000, 0x0000000085b00000| Complete 
|  92|0x0000000085c00000, 0x0000000085d00000, 0x0000000085d00000|100%| S|  |TAMS 0x0000000085c00000, 0x0000000085c00000| Complete 
|  93|0x0000000085d00000, 0x0000000085e00000, 0x0000000085e00000|100%| S|  |TAMS 0x0000000085d00000, 0x0000000085d00000| Complete 
|  94|0x0000000085e00000, 0x0000000085f00000, 0x0000000085f00000|100%| S|  |TAMS 0x0000000085e00000, 0x0000000085e00000| Complete 
|  95|0x0000000085f00000, 0x0000000086000000, 0x0000000086000000|100%| S|  |TAMS 0x0000000085f00000, 0x0000000085f00000| Complete 
|  96|0x0000000086000000, 0x0000000086100000, 0x0000000086100000|100%| S|  |TAMS 0x0000000086000000, 0x0000000086000000| Complete 
|  97|0x0000000086100000, 0x0000000086200000, 0x0000000086200000|100%| S|  |TAMS 0x0000000086100000, 0x0000000086100000| Complete 
|  98|0x0000000086200000, 0x0000000086300000, 0x0000000086300000|100%| E|CS|TAMS 0x0000000086200000, 0x0000000086200000| Complete 
|  99|0x0000000086300000, 0x0000000086400000, 0x0000000086400000|100%| E|CS|TAMS 0x0000000086300000, 0x0000000086300000| Complete 
| 100|0x0000000086400000, 0x0000000086500000, 0x0000000086500000|100%| E|CS|TAMS 0x0000000086400000, 0x0000000086400000| Complete 
| 101|0x0000000086500000, 0x0000000086600000, 0x0000000086600000|100%| E|CS|TAMS 0x0000000086500000, 0x0000000086500000| Complete 
| 102|0x0000000086600000, 0x0000000086700000, 0x0000000086700000|100%| S|  |TAMS 0x0000000086600000, 0x0000000086600000| Complete 
| 103|0x0000000086700000, 0x0000000086800000, 0x0000000086800000|100%| S|  |TAMS 0x0000000086700000, 0x0000000086700000| Complete 
| 104|0x0000000086800000, 0x0000000086900000, 0x0000000086900000|100%| S|  |TAMS 0x0000000086800000, 0x0000000086800000| Complete 
| 105|0x0000000086900000, 0x0000000086a00000, 0x0000000086a00000|100%| S|  |TAMS 0x0000000086900000, 0x0000000086900000| Complete 
| 106|0x0000000086a00000, 0x0000000086b00000, 0x0000000086b00000|100%| S|  |TAMS 0x0000000086a00000, 0x0000000086a00000| Complete 
| 107|0x0000000086b00000, 0x0000000086c00000, 0x0000000086c00000|100%| S|  |TAMS 0x0000000086b00000, 0x0000000086b00000| Complete 
| 108|0x0000000086c00000, 0x0000000086d00000, 0x0000000086d00000|100%| E|CS|TAMS 0x0000000086c00000, 0x0000000086c00000| Complete 
| 109|0x0000000086d00000, 0x0000000086e00000, 0x0000000086e00000|100%| E|CS|TAMS 0x0000000086d00000, 0x0000000086d00000| Complete 
| 110|0x0000000086e00000, 0x0000000086f00000, 0x0000000086f00000|100%| E|CS|TAMS 0x0000000086e00000, 0x0000000086e00000| Complete 
| 111|0x0000000086f00000, 0x0000000087000000, 0x0000000087000000|100%| E|CS|TAMS 0x0000000086f00000, 0x0000000086f00000| Complete 
| 112|0x0000000087000000, 0x0000000087100000, 0x0000000087100000|100%| E|CS|TAMS 0x0000000087000000, 0x0000000087000000| Complete 
| 113|0x0000000087100000, 0x0000000087200000, 0x0000000087200000|100%| E|CS|TAMS 0x0000000087100000, 0x0000000087100000| Complete 
| 114|0x0000000087200000, 0x0000000087300000, 0x0000000087300000|100%| E|CS|TAMS 0x0000000087200000, 0x0000000087200000| Complete 
| 115|0x0000000087300000, 0x0000000087400000, 0x0000000087400000|100%| E|CS|TAMS 0x0000000087300000, 0x0000000087300000| Complete 
| 116|0x0000000087400000, 0x0000000087500000, 0x0000000087500000|100%| E|CS|TAMS 0x0000000087400000, 0x0000000087400000| Complete 
| 117|0x0000000087500000, 0x0000000087600000, 0x0000000087600000|100%| E|CS|TAMS 0x0000000087500000, 0x0000000087500000| Complete 
| 118|0x0000000087600000, 0x0000000087700000, 0x0000000087700000|100%| E|CS|TAMS 0x0000000087600000, 0x0000000087600000| Complete 
| 119|0x0000000087700000, 0x0000000087800000, 0x0000000087800000|100%| E|CS|TAMS 0x0000000087700000, 0x0000000087700000| Complete 
| 120|0x0000000087800000, 0x0000000087900000, 0x0000000087900000|100%| E|CS|TAMS 0x0000000087800000, 0x0000000087800000| Complete 
| 121|0x0000000087900000, 0x0000000087a00000, 0x0000000087a00000|100%| E|CS|TAMS 0x0000000087900000, 0x0000000087900000| Complete 
| 122|0x0000000087a00000, 0x0000000087b00000, 0x0000000087b00000|100%| E|CS|TAMS 0x0000000087a00000, 0x0000000087a00000| Complete 
| 123|0x0000000087b00000, 0x0000000087c00000, 0x0000000087c00000|100%| E|CS|TAMS 0x0000000087b00000, 0x0000000087b00000| Complete 
| 124|0x0000000087c00000, 0x0000000087d00000, 0x0000000087d00000|100%| E|CS|TAMS 0x0000000087c00000, 0x0000000087c00000| Complete 
| 125|0x0000000087d00000, 0x0000000087e00000, 0x0000000087e00000|100%| E|CS|TAMS 0x0000000087d00000, 0x0000000087d00000| Complete 
| 126|0x0000000087e00000, 0x0000000087f00000, 0x0000000087f00000|100%| E|CS|TAMS 0x0000000087e00000, 0x0000000087e00000| Complete 
| 127|0x0000000087f00000, 0x0000000088000000, 0x0000000088000000|100%| E|CS|TAMS 0x0000000087f00000, 0x0000000087f00000| Complete 
| 128|0x0000000088000000, 0x0000000088100000, 0x0000000088100000|100%| E|CS|TAMS 0x0000000088000000, 0x0000000088000000| Complete 
| 129|0x0000000088100000, 0x0000000088200000, 0x0000000088200000|100%| E|CS|TAMS 0x0000000088100000, 0x0000000088100000| Complete 
| 130|0x0000000088200000, 0x0000000088300000, 0x0000000088300000|100%| E|CS|TAMS 0x0000000088200000, 0x0000000088200000| Complete 
| 131|0x0000000088300000, 0x0000000088400000, 0x0000000088400000|100%| E|CS|TAMS 0x0000000088300000, 0x0000000088300000| Complete 
| 132|0x0000000088400000, 0x0000000088500000, 0x0000000088500000|100%| E|CS|TAMS 0x0000000088400000, 0x0000000088400000| Complete 
| 133|0x0000000088500000, 0x0000000088600000, 0x0000000088600000|100%| E|CS|TAMS 0x0000000088500000, 0x0000000088500000| Complete 
| 134|0x0000000088600000, 0x0000000088700000, 0x0000000088700000|100%| E|CS|TAMS 0x0000000088600000, 0x0000000088600000| Complete 
| 135|0x0000000088700000, 0x0000000088800000, 0x0000000088800000|100%| E|CS|TAMS 0x0000000088700000, 0x0000000088700000| Complete 
| 136|0x0000000088800000, 0x0000000088900000, 0x0000000088900000|100%| E|CS|TAMS 0x0000000088800000, 0x0000000088800000| Complete 
| 137|0x0000000088900000, 0x0000000088a00000, 0x0000000088a00000|100%| E|CS|TAMS 0x0000000088900000, 0x0000000088900000| Complete 
| 138|0x0000000088a00000, 0x0000000088b00000, 0x0000000088b00000|100%| E|CS|TAMS 0x0000000088a00000, 0x0000000088a00000| Complete 
| 139|0x0000000088b00000, 0x0000000088c00000, 0x0000000088c00000|100%| E|CS|TAMS 0x0000000088b00000, 0x0000000088b00000| Complete 
| 140|0x0000000088c00000, 0x0000000088d00000, 0x0000000088d00000|100%| E|CS|TAMS 0x0000000088c00000, 0x0000000088c00000| Complete 
| 141|0x0000000088d00000, 0x0000000088e00000, 0x0000000088e00000|100%| E|CS|TAMS 0x0000000088d00000, 0x0000000088d00000| Complete 
| 142|0x0000000088e00000, 0x0000000088f00000, 0x0000000088f00000|100%| E|CS|TAMS 0x0000000088e00000, 0x0000000088e00000| Complete 
| 143|0x0000000088f00000, 0x0000000089000000, 0x0000000089000000|100%| E|CS|TAMS 0x0000000088f00000, 0x0000000088f00000| Complete 
| 144|0x0000000089000000, 0x0000000089100000, 0x0000000089100000|100%| E|CS|TAMS 0x0000000089000000, 0x0000000089000000| Complete 
| 145|0x0000000089100000, 0x0000000089200000, 0x0000000089200000|100%| E|CS|TAMS 0x0000000089100000, 0x0000000089100000| Complete 
| 146|0x0000000089200000, 0x0000000089300000, 0x0000000089300000|100%| E|CS|TAMS 0x0000000089200000, 0x0000000089200000| Complete 
| 147|0x0000000089300000, 0x0000000089400000, 0x0000000089400000|100%| E|CS|TAMS 0x0000000089300000, 0x0000000089300000| Complete 
| 148|0x0000000089400000, 0x0000000089500000, 0x0000000089500000|100%| E|CS|TAMS 0x0000000089400000, 0x0000000089400000| Complete 
| 149|0x0000000089500000, 0x0000000089600000, 0x0000000089600000|100%| E|CS|TAMS 0x0000000089500000, 0x0000000089500000| Complete 
| 150|0x0000000089600000, 0x0000000089700000, 0x0000000089700000|100%| E|CS|TAMS 0x0000000089600000, 0x0000000089600000| Complete 
| 151|0x0000000089700000, 0x0000000089800000, 0x0000000089800000|100%| E|CS|TAMS 0x0000000089700000, 0x0000000089700000| Complete 
| 152|0x0000000089800000, 0x0000000089900000, 0x0000000089900000|100%| E|CS|TAMS 0x0000000089800000, 0x0000000089800000| Complete 
| 153|0x0000000089900000, 0x0000000089a00000, 0x0000000089a00000|100%| E|CS|TAMS 0x0000000089900000, 0x0000000089900000| Complete 
| 154|0x0000000089a00000, 0x0000000089b00000, 0x0000000089b00000|100%| E|CS|TAMS 0x0000000089a00000, 0x0000000089a00000| Complete 
| 155|0x0000000089b00000, 0x0000000089c00000, 0x0000000089c00000|100%| E|CS|TAMS 0x0000000089b00000, 0x0000000089b00000| Complete 
| 156|0x0000000089c00000, 0x0000000089d00000, 0x0000000089d00000|100%| E|CS|TAMS 0x0000000089c00000, 0x0000000089c00000| Complete 
| 157|0x0000000089d00000, 0x0000000089e00000, 0x0000000089e00000|100%| E|CS|TAMS 0x0000000089d00000, 0x0000000089d00000| Complete 
| 158|0x0000000089e00000, 0x0000000089f00000, 0x0000000089f00000|100%| E|CS|TAMS 0x0000000089e00000, 0x0000000089e00000| Complete 
| 159|0x0000000089f00000, 0x000000008a000000, 0x000000008a000000|100%| E|CS|TAMS 0x0000000089f00000, 0x0000000089f00000| Complete 
| 160|0x000000008a000000, 0x000000008a100000, 0x000000008a100000|100%| E|CS|TAMS 0x000000008a000000, 0x000000008a000000| Complete 
| 161|0x000000008a100000, 0x000000008a200000, 0x000000008a200000|100%| E|CS|TAMS 0x000000008a100000, 0x000000008a100000| Complete 
| 162|0x000000008a200000, 0x000000008a300000, 0x000000008a300000|100%| E|CS|TAMS 0x000000008a200000, 0x000000008a200000| Complete 
| 163|0x000000008a300000, 0x000000008a400000, 0x000000008a400000|100%| E|CS|TAMS 0x000000008a300000, 0x000000008a300000| Complete 
| 164|0x000000008a400000, 0x000000008a500000, 0x000000008a500000|100%| E|CS|TAMS 0x000000008a400000, 0x000000008a400000| Complete 
| 165|0x000000008a500000, 0x000000008a600000, 0x000000008a600000|100%| E|CS|TAMS 0x000000008a500000, 0x000000008a500000| Complete 
| 166|0x000000008a600000, 0x000000008a700000, 0x000000008a700000|100%| E|CS|TAMS 0x000000008a600000, 0x000000008a600000| Complete 
| 167|0x000000008a700000, 0x000000008a800000, 0x000000008a800000|100%| E|CS|TAMS 0x000000008a700000, 0x000000008a700000| Complete 
| 168|0x000000008a800000, 0x000000008a900000, 0x000000008a900000|100%| E|CS|TAMS 0x000000008a800000, 0x000000008a800000| Complete 
| 169|0x000000008a900000, 0x000000008aa00000, 0x000000008aa00000|100%| E|CS|TAMS 0x000000008a900000, 0x000000008a900000| Complete 
| 170|0x000000008aa00000, 0x000000008ab00000, 0x000000008ab00000|100%| E|CS|TAMS 0x000000008aa00000, 0x000000008aa00000| Complete 
| 171|0x000000008ab00000, 0x000000008ac00000, 0x000000008ac00000|100%| E|CS|TAMS 0x000000008ab00000, 0x000000008ab00000| Complete 
| 172|0x000000008ac00000, 0x000000008ad00000, 0x000000008ad00000|100%| E|CS|TAMS 0x000000008ac00000, 0x000000008ac00000| Complete 
| 173|0x000000008ad00000, 0x000000008ae00000, 0x000000008ae00000|100%| E|CS|TAMS 0x000000008ad00000, 0x000000008ad00000| Complete 
| 174|0x000000008ae00000, 0x000000008af00000, 0x000000008af00000|100%| E|CS|TAMS 0x000000008ae00000, 0x000000008ae00000| Complete 
| 175|0x000000008af00000, 0x000000008b000000, 0x000000008b000000|100%| E|CS|TAMS 0x000000008af00000, 0x000000008af00000| Complete 
| 176|0x000000008b000000, 0x000000008b100000, 0x000000008b100000|100%| E|CS|TAMS 0x000000008b000000, 0x000000008b000000| Complete 
| 177|0x000000008b100000, 0x000000008b200000, 0x000000008b200000|100%| E|CS|TAMS 0x000000008b100000, 0x000000008b100000| Complete 
| 178|0x000000008b200000, 0x000000008b300000, 0x000000008b300000|100%| E|CS|TAMS 0x000000008b200000, 0x000000008b200000| Complete 
| 179|0x000000008b300000, 0x000000008b400000, 0x000000008b400000|100%| E|CS|TAMS 0x000000008b300000, 0x000000008b300000| Complete 
| 180|0x000000008b400000, 0x000000008b500000, 0x000000008b500000|100%| E|CS|TAMS 0x000000008b400000, 0x000000008b400000| Complete 
| 181|0x000000008b500000, 0x000000008b600000, 0x000000008b600000|100%| E|CS|TAMS 0x000000008b500000, 0x000000008b500000| Complete 
| 182|0x000000008b600000, 0x000000008b700000, 0x000000008b700000|100%| E|CS|TAMS 0x000000008b600000, 0x000000008b600000| Complete 
| 183|0x000000008b700000, 0x000000008b800000, 0x000000008b800000|100%| E|CS|TAMS 0x000000008b700000, 0x000000008b700000| Complete 
| 184|0x000000008b800000, 0x000000008b900000, 0x000000008b900000|100%| E|CS|TAMS 0x000000008b800000, 0x000000008b800000| Complete 
| 185|0x000000008b900000, 0x000000008ba00000, 0x000000008ba00000|100%| E|CS|TAMS 0x000000008b900000, 0x000000008b900000| Complete 
| 186|0x000000008ba00000, 0x000000008bb00000, 0x000000008bb00000|100%| E|CS|TAMS 0x000000008ba00000, 0x000000008ba00000| Complete 
| 187|0x000000008bb00000, 0x000000008bc00000, 0x000000008bc00000|100%| E|CS|TAMS 0x000000008bb00000, 0x000000008bb00000| Complete 
| 188|0x000000008bc00000, 0x000000008bd00000, 0x000000008bd00000|100%| E|CS|TAMS 0x000000008bc00000, 0x000000008bc00000| Complete 
| 189|0x000000008bd00000, 0x000000008be00000, 0x000000008be00000|100%| E|CS|TAMS 0x000000008bd00000, 0x000000008bd00000| Complete 
| 190|0x000000008be00000, 0x000000008bf00000, 0x000000008bf00000|100%| E|CS|TAMS 0x000000008be00000, 0x000000008be00000| Complete 
| 191|0x000000008bf00000, 0x000000008c000000, 0x000000008c000000|100%| E|CS|TAMS 0x000000008bf00000, 0x000000008bf00000| Complete 
| 192|0x000000008c000000, 0x000000008c100000, 0x000000008c100000|100%| E|CS|TAMS 0x000000008c000000, 0x000000008c000000| Complete 
| 193|0x000000008c100000, 0x000000008c200000, 0x000000008c200000|100%| E|CS|TAMS 0x000000008c100000, 0x000000008c100000| Complete 
| 194|0x000000008c200000, 0x000000008c300000, 0x000000008c300000|100%| E|CS|TAMS 0x000000008c200000, 0x000000008c200000| Complete 
| 195|0x000000008c300000, 0x000000008c400000, 0x000000008c400000|100%| E|CS|TAMS 0x000000008c300000, 0x000000008c300000| Complete 
| 196|0x000000008c400000, 0x000000008c500000, 0x000000008c500000|100%| E|CS|TAMS 0x000000008c400000, 0x000000008c400000| Complete 
| 197|0x000000008c500000, 0x000000008c600000, 0x000000008c600000|100%| E|CS|TAMS 0x000000008c500000, 0x000000008c500000| Complete 
| 198|0x000000008c600000, 0x000000008c700000, 0x000000008c700000|100%| E|CS|TAMS 0x000000008c600000, 0x000000008c600000| Complete 
| 199|0x000000008c700000, 0x000000008c800000, 0x000000008c800000|100%| E|CS|TAMS 0x000000008c700000, 0x000000008c700000| Complete 
| 200|0x000000008c800000, 0x000000008c900000, 0x000000008c900000|100%| E|CS|TAMS 0x000000008c800000, 0x000000008c800000| Complete 
| 201|0x000000008c900000, 0x000000008ca00000, 0x000000008ca00000|100%| E|CS|TAMS 0x000000008c900000, 0x000000008c900000| Complete 
| 202|0x000000008ca00000, 0x000000008cb00000, 0x000000008cb00000|100%| E|CS|TAMS 0x000000008ca00000, 0x000000008ca00000| Complete 
| 203|0x000000008cb00000, 0x000000008cc00000, 0x000000008cc00000|100%| E|CS|TAMS 0x000000008cb00000, 0x000000008cb00000| Complete 
| 204|0x000000008cc00000, 0x000000008cd00000, 0x000000008cd00000|100%| E|CS|TAMS 0x000000008cc00000, 0x000000008cc00000| Complete 
| 205|0x000000008cd00000, 0x000000008ce00000, 0x000000008ce00000|100%| E|CS|TAMS 0x000000008cd00000, 0x000000008cd00000| Complete 
| 206|0x000000008ce00000, 0x000000008cf00000, 0x000000008cf00000|100%| E|CS|TAMS 0x000000008ce00000, 0x000000008ce00000| Complete 
| 207|0x000000008cf00000, 0x000000008d000000, 0x000000008d000000|100%| E|CS|TAMS 0x000000008cf00000, 0x000000008cf00000| Complete 
| 208|0x000000008d000000, 0x000000008d100000, 0x000000008d100000|100%| E|CS|TAMS 0x000000008d000000, 0x000000008d000000| Complete 
| 209|0x000000008d100000, 0x000000008d200000, 0x000000008d200000|100%| E|CS|TAMS 0x000000008d100000, 0x000000008d100000| Complete 
| 210|0x000000008d200000, 0x000000008d300000, 0x000000008d300000|100%| E|CS|TAMS 0x000000008d200000, 0x000000008d200000| Complete 
| 211|0x000000008d300000, 0x000000008d400000, 0x000000008d400000|100%| E|CS|TAMS 0x000000008d300000, 0x000000008d300000| Complete 
| 212|0x000000008d400000, 0x000000008d500000, 0x000000008d500000|100%| E|CS|TAMS 0x000000008d400000, 0x000000008d400000| Complete 
| 213|0x000000008d500000, 0x000000008d600000, 0x000000008d600000|100%| E|CS|TAMS 0x000000008d500000, 0x000000008d500000| Complete 
| 214|0x000000008d600000, 0x000000008d700000, 0x000000008d700000|100%| E|CS|TAMS 0x000000008d600000, 0x000000008d600000| Complete 
| 215|0x000000008d700000, 0x000000008d800000, 0x000000008d800000|100%| E|CS|TAMS 0x000000008d700000, 0x000000008d700000| Complete 
| 216|0x000000008d800000, 0x000000008d900000, 0x000000008d900000|100%| E|CS|TAMS 0x000000008d800000, 0x000000008d800000| Complete 
| 217|0x000000008d900000, 0x000000008da00000, 0x000000008da00000|100%| E|CS|TAMS 0x000000008d900000, 0x000000008d900000| Complete 
| 218|0x000000008da00000, 0x000000008db00000, 0x000000008db00000|100%| E|CS|TAMS 0x000000008da00000, 0x000000008da00000| Complete 
| 219|0x000000008db00000, 0x000000008dc00000, 0x000000008dc00000|100%| E|CS|TAMS 0x000000008db00000, 0x000000008db00000| Complete 
| 220|0x000000008dc00000, 0x000000008dd00000, 0x000000008dd00000|100%| E|CS|TAMS 0x000000008dc00000, 0x000000008dc00000| Complete 
| 221|0x000000008dd00000, 0x000000008de00000, 0x000000008de00000|100%| E|CS|TAMS 0x000000008dd00000, 0x000000008dd00000| Complete 
| 222|0x000000008de00000, 0x000000008df00000, 0x000000008df00000|100%| E|CS|TAMS 0x000000008de00000, 0x000000008de00000| Complete 
| 223|0x000000008df00000, 0x000000008e000000, 0x000000008e000000|100%| E|CS|TAMS 0x000000008df00000, 0x000000008df00000| Complete 
| 224|0x000000008e000000, 0x000000008e100000, 0x000000008e100000|100%| E|CS|TAMS 0x000000008e000000, 0x000000008e000000| Complete 
| 225|0x000000008e100000, 0x000000008e200000, 0x000000008e200000|100%| E|CS|TAMS 0x000000008e100000, 0x000000008e100000| Complete 
| 226|0x000000008e200000, 0x000000008e300000, 0x000000008e300000|100%| E|CS|TAMS 0x000000008e200000, 0x000000008e200000| Complete 
| 227|0x000000008e300000, 0x000000008e400000, 0x000000008e400000|100%| E|CS|TAMS 0x000000008e300000, 0x000000008e300000| Complete 
| 228|0x000000008e400000, 0x000000008e500000, 0x000000008e500000|100%| E|CS|TAMS 0x000000008e400000, 0x000000008e400000| Complete 
| 229|0x000000008e500000, 0x000000008e600000, 0x000000008e600000|100%| E|CS|TAMS 0x000000008e500000, 0x000000008e500000| Complete 
| 230|0x000000008e600000, 0x000000008e700000, 0x000000008e700000|100%| E|CS|TAMS 0x000000008e600000, 0x000000008e600000| Complete 
| 231|0x000000008e700000, 0x000000008e800000, 0x000000008e800000|100%| E|CS|TAMS 0x000000008e700000, 0x000000008e700000| Complete 
| 232|0x000000008e800000, 0x000000008e900000, 0x000000008e900000|100%| E|CS|TAMS 0x000000008e800000, 0x000000008e800000| Complete 
| 233|0x000000008e900000, 0x000000008ea00000, 0x000000008ea00000|100%| E|CS|TAMS 0x000000008e900000, 0x000000008e900000| Complete 
| 234|0x000000008ea00000, 0x000000008eb00000, 0x000000008eb00000|100%| E|CS|TAMS 0x000000008ea00000, 0x000000008ea00000| Complete 
| 235|0x000000008eb00000, 0x000000008ec00000, 0x000000008ec00000|100%| E|CS|TAMS 0x000000008eb00000, 0x000000008eb00000| Complete 
| 236|0x000000008ec00000, 0x000000008ed00000, 0x000000008ed00000|100%| E|CS|TAMS 0x000000008ec00000, 0x000000008ec00000| Complete 
| 237|0x000000008ed00000, 0x000000008ee00000, 0x000000008ee00000|100%| E|CS|TAMS 0x000000008ed00000, 0x000000008ed00000| Complete 
| 238|0x000000008ee00000, 0x000000008ef00000, 0x000000008ef00000|100%| E|CS|TAMS 0x000000008ee00000, 0x000000008ee00000| Complete 
| 239|0x000000008ef00000, 0x000000008f000000, 0x000000008f000000|100%| E|CS|TAMS 0x000000008ef00000, 0x000000008ef00000| Complete 
| 240|0x000000008f000000, 0x000000008f100000, 0x000000008f100000|100%| E|CS|TAMS 0x000000008f000000, 0x000000008f000000| Complete 
| 241|0x000000008f100000, 0x000000008f200000, 0x000000008f200000|100%| E|CS|TAMS 0x000000008f100000, 0x000000008f100000| Complete 
| 242|0x000000008f200000, 0x000000008f300000, 0x000000008f300000|100%| E|CS|TAMS 0x000000008f200000, 0x000000008f200000| Complete 
| 243|0x000000008f300000, 0x000000008f400000, 0x000000008f400000|100%| E|CS|TAMS 0x000000008f300000, 0x000000008f300000| Complete 
| 244|0x000000008f400000, 0x000000008f500000, 0x000000008f500000|100%| E|CS|TAMS 0x000000008f400000, 0x000000008f400000| Complete 
| 245|0x000000008f500000, 0x000000008f600000, 0x000000008f600000|100%| E|CS|TAMS 0x000000008f500000, 0x000000008f500000| Complete 
| 246|0x000000008f600000, 0x000000008f700000, 0x000000008f700000|100%| E|CS|TAMS 0x000000008f600000, 0x000000008f600000| Complete 
| 247|0x000000008f700000, 0x000000008f800000, 0x000000008f800000|100%| E|CS|TAMS 0x000000008f700000, 0x000000008f700000| Complete 
| 248|0x000000008f800000, 0x000000008f900000, 0x000000008f900000|100%| E|CS|TAMS 0x000000008f800000, 0x000000008f800000| Complete 
| 249|0x000000008f900000, 0x000000008fa00000, 0x000000008fa00000|100%| E|CS|TAMS 0x000000008f900000, 0x000000008f900000| Complete 
| 250|0x000000008fa00000, 0x000000008fb00000, 0x000000008fb00000|100%| E|CS|TAMS 0x000000008fa00000, 0x000000008fa00000| Complete 
| 251|0x000000008fb00000, 0x000000008fc00000, 0x000000008fc00000|100%| E|CS|TAMS 0x000000008fb00000, 0x000000008fb00000| Complete 
| 252|0x000000008fc00000, 0x000000008fd00000, 0x000000008fd00000|100%| E|CS|TAMS 0x000000008fc00000, 0x000000008fc00000| Complete 
| 253|0x000000008fd00000, 0x000000008fe00000, 0x000000008fe00000|100%| E|CS|TAMS 0x000000008fd00000, 0x000000008fd00000| Complete 

Card table byte_map: [0x00000235fa410000,0x00000235fa810000] _byte_map_base: 0x00000235fa010000

Marking Bits (Prev, Next): (CMBitMap*) 0x00000235e7010360, (CMBitMap*) 0x00000235e7010328
 Prev Bits: [0x00000235fcc10000, 0x00000235fec10000)
 Next Bits: [0x00000235fac10000, 0x00000235fcc10000)

Polling page: 0x00000235e4f60000

Metaspace:

Usage:
  Non-class:     55.56 MB capacity,    54.43 MB ( 98%) used,   995.59 KB (  2%) free+waste,   163.63 KB ( <1%) overhead. 
      Class:      8.57 MB capacity,     7.83 MB ( 91%) used,   678.64 KB (  8%) free+waste,    78.88 KB ( <1%) overhead. 
       Both:     64.13 MB capacity,    62.26 MB ( 97%) used,     1.63 MB (  3%) free+waste,   242.50 KB ( <1%) overhead. 

Virtual space:
  Non-class space:       56.00 MB reserved,      55.75 MB (>99%) committed 
      Class space:        1.00 GB reserved,       8.63 MB ( <1%) committed 
             Both:        1.05 GB reserved,      64.38 MB (  6%) committed 

Chunk freelists:
   Non-Class:  5.00 KB
       Class:  25.00 KB
        Both:  30.00 KB

MaxMetaspaceSize: 17179869184.00 GB
CompressedClassSpaceSize: 1.00 GB

CodeHeap 'non-profiled nmethods': size=120000Kb used=4585Kb max_used=4585Kb free=115414Kb
 bounds [0x00000235f2590000, 0x00000235f2a10000, 0x00000235f9ac0000]
CodeHeap 'profiled nmethods': size=120000Kb used=15100Kb max_used=15100Kb free=104900Kb
 bounds [0x00000235eb060000, 0x00000235ebf20000, 0x00000235f2590000]
CodeHeap 'non-nmethods': size=5760Kb used=2254Kb max_used=2298Kb free=3505Kb
 bounds [0x00000235eaac0000, 0x00000235ead30000, 0x00000235eb060000]
 total_blobs=7542 nmethods=6699 adapters=754
 compilation: enabled
              stopped_count=0, restarted_count=0
 full_count=0

Compilation events (20 events):
Event: 13.598 Thread 0x00000235ff953800 6706       3       groovyjarjarasm.asm.MethodWriter::putFrame (549 bytes)
Event: 13.600 Thread 0x00000235ff953800 nmethod 6706 0x00000235ebf14110 code [0x00000235ebf14580, 0x00000235ebf16058]
Event: 13.600 Thread 0x00000235ff953800 6705       1       groovyjarjarasm.asm.SymbolTable::getClassName (5 bytes)
Event: 13.600 Thread 0x00000235ff953800 nmethod 6705 0x00000235f2a03f90 code [0x00000235f2a04140, 0x00000235f2a041f8]
Event: 13.607 Thread 0x0000023584687000 nmethod 6703 0x00000235f2a04290 code [0x00000235f2a044c0, 0x00000235f2a04bb0]
Event: 13.607 Thread 0x0000023584687000 6707       4       java.lang.Class::getMethodsRecursive (99 bytes)
Event: 13.618 Thread 0x0000023586001000 nmethod 6698 0x00000235f2a05210 code [0x00000235f2a05420, 0x00000235f2a062c8]
Event: 13.618 Thread 0x0000023586001000 6708       4       java.util.AbstractCollection::addAll (42 bytes)
Event: 13.621 Thread 0x00000235ff94e800 nmethod 6673 0x00000235f2a06910 code [0x00000235f2a06c00, 0x00000235f2a08ec0]
Event: 13.621 Thread 0x00000235ff94e800 6710       4       com.sun.beans.introspect.MethodInfo$MethodOrder::compare (167 bytes)
Event: 13.622 Thread 0x00000235ff953800 6711       3       java.util.StringJoiner::add (104 bytes)
Event: 13.623 Thread 0x00000235ff953800 nmethod 6711 0x00000235ebf16c90 code [0x00000235ebf16ee0, 0x00000235ebf178b8]
Event: 13.625 Thread 0x00000235ff953800 6712       3       java.util.Hashtable$EntrySet::iterator (9 bytes)
Event: 13.626 Thread 0x00000235ff953800 nmethod 6712 0x00000235ebf17c10 code [0x00000235ebf17de0, 0x00000235ebf180a8]
Event: 13.626 Thread 0x00000235ff953800 6713   !   3       java.beans.PropertyDescriptor::findPropertyType (144 bytes)
Event: 13.631 Thread 0x00000235ff953800 nmethod 6713 0x00000235ebf18210 code [0x00000235ebf18880, 0x00000235ebf1be08]
Event: 13.631 Thread 0x00000235ff953800 6715       3       java.beans.PropertyDescriptor::getPropertyEditorClass (22 bytes)
Event: 13.631 Thread 0x00000235ff953800 nmethod 6715 0x00000235ebf1d990 code [0x00000235ebf1db60, 0x00000235ebf1de68]
Event: 13.631 Thread 0x00000235ff953800 6717       3       sun.reflect.annotation.AnnotationParser::parseIntArray (84 bytes)
Event: 13.632 Thread 0x00000235ff953800 nmethod 6717 0x00000235ebf1df90 code [0x00000235ebf1e220, 0x00000235ebf1eba8]

GC Heap History (15 events):
Event: 0.588 GC heap before
{Heap before GC invocations=0 (full 0):
 garbage-first heap   total 260096K, used 29696K [0x0000000080000000, 0x0000000100000000)
  region size 1024K, 24 young (24576K), 0 survivors (0K)
 Metaspace       used 10323K, capacity 10561K, committed 10752K, reserved 1058816K
  class space    used 1085K, capacity 1163K, committed 1280K, reserved 1048576K
}
Event: 0.594 GC heap after
{Heap after GC invocations=1 (full 0):
 garbage-first heap   total 260096K, used 8522K [0x0000000080000000, 0x0000000100000000)
  region size 1024K, 3 young (3072K), 3 survivors (3072K)
 Metaspace       used 10323K, capacity 10561K, committed 10752K, reserved 1058816K
  class space    used 1085K, capacity 1163K, committed 1280K, reserved 1048576K
}
Event: 1.919 GC heap before
{Heap before GC invocations=1 (full 0):
 garbage-first heap   total 260096K, used 94538K [0x0000000080000000, 0x0000000100000000)
  region size 1024K, 88 young (90112K), 3 survivors (3072K)
 Metaspace       used 20581K, capacity 21085K, committed 21248K, reserved 1067008K
  class space    used 2524K, capacity 2703K, committed 2816K, reserved 1048576K
}
Event: 1.927 GC heap after
{Heap after GC invocations=2 (full 0):
 garbage-first heap   total 260096K, used 15819K [0x0000000080000000, 0x0000000100000000)
  region size 1024K, 11 young (11264K), 11 survivors (11264K)
 Metaspace       used 20581K, capacity 21085K, committed 21248K, reserved 1067008K
  class space    used 2524K, capacity 2703K, committed 2816K, reserved 1048576K
}
Event: 2.090 GC heap before
{Heap before GC invocations=3 (full 0):
 garbage-first heap   total 260096K, used 37323K [0x0000000080000000, 0x0000000100000000)
  region size 1024K, 32 young (32768K), 11 survivors (11264K)
 Metaspace       used 22772K, capacity 23265K, committed 23424K, reserved 1069056K
  class space    used 2882K, capacity 3091K, committed 3200K, reserved 1048576K
}
Event: 2.097 GC heap after
{Heap after GC invocations=4 (full 0):
 garbage-first heap   total 260096K, used 17455K [0x0000000080000000, 0x0000000100000000)
  region size 1024K, 2 young (2048K), 2 survivors (2048K)
 Metaspace       used 22772K, capacity 23265K, committed 23424K, reserved 1069056K
  class space    used 2882K, capacity 3091K, committed 3200K, reserved 1048576K
}
Event: 3.082 GC heap before
{Heap before GC invocations=4 (full 0):
 garbage-first heap   total 260096K, used 109615K [0x0000000080000000, 0x0000000100000000)
  region size 1024K, 91 young (93184K), 2 survivors (2048K)
 Metaspace       used 35135K, capacity 35798K, committed 35840K, reserved 1081344K
  class space    used 4553K, capacity 4844K, committed 4864K, reserved 1048576K
}
Event: 3.089 GC heap after
{Heap after GC invocations=5 (full 0):
 garbage-first heap   total 260096K, used 24246K [0x0000000080000000, 0x0000000100000000)
  region size 1024K, 6 young (6144K), 6 survivors (6144K)
 Metaspace       used 35135K, capacity 35798K, committed 35840K, reserved 1081344K
  class space    used 4553K, capacity 4844K, committed 4864K, reserved 1048576K
}
Event: 5.576 GC heap before
{Heap before GC invocations=6 (full 0):
 garbage-first heap   total 260096K, used 172726K [0x0000000080000000, 0x0000000100000000)
  region size 1024K, 152 young (155648K), 6 survivors (6144K)
 Metaspace       used 40185K, capacity 41085K, committed 41344K, reserved 1085440K
  class space    used 5092K, capacity 5457K, committed 5504K, reserved 1048576K
}
Event: 5.590 GC heap after
{Heap after GC invocations=7 (full 0):
 garbage-first heap   total 260096K, used 29471K [0x0000000080000000, 0x0000000100000000)
  region size 1024K, 13 young (13312K), 13 survivors (13312K)
 Metaspace       used 40185K, capacity 41085K, committed 41344K, reserved 1085440K
  class space    used 5092K, capacity 5457K, committed 5504K, reserved 1048576K
}
Event: 7.573 GC heap before
{Heap before GC invocations=8 (full 0):
 garbage-first heap   total 260096K, used 171807K [0x0000000080000000, 0x0000000100000000)
  region size 1024K, 152 young (155648K), 13 survivors (13312K)
 Metaspace       used 41046K, capacity 42057K, committed 42240K, reserved 1085440K
  class space    used 5170K, capacity 5584K, committed 5632K, reserved 1048576K
}
Event: 7.591 GC heap after
{Heap after GC invocations=9 (full 0):
 garbage-first heap   total 260096K, used 45461K [0x0000000080000000, 0x0000000100000000)
  region size 1024K, 19 young (19456K), 19 survivors (19456K)
 Metaspace       used 41046K, capacity 42057K, committed 42240K, reserved 1085440K
  class space    used 5170K, capacity 5584K, committed 5632K, reserved 1048576K
}
Event: 11.866 GC heap before
{Heap before GC invocations=9 (full 0):
 garbage-first heap   total 260096K, used 182677K [0x0000000080000000, 0x0000000100000000)
  region size 1024K, 152 young (155648K), 19 survivors (19456K)
 Metaspace       used 48938K, capacity 50400K, committed 50688K, reserved 1093632K
  class space    used 6218K, capacity 6826K, committed 6912K, reserved 1048576K
}
Event: 11.878 GC heap after
{Heap after GC invocations=10 (full 0):
 garbage-first heap   total 260096K, used 42818K [0x0000000080000000, 0x0000000100000000)
  region size 1024K, 10 young (10240K), 10 survivors (10240K)
 Metaspace       used 48938K, capacity 50400K, committed 50688K, reserved 1093632K
  class space    used 6218K, capacity 6826K, committed 6912K, reserved 1048576K
}
Event: 13.632 GC heap before
{Heap before GC invocations=10 (full 0):
 garbage-first heap   total 260096K, used 189250K [0x0000000080000000, 0x0000000100000000)
  region size 1024K, 150 young (153600K), 10 survivors (10240K)
 Metaspace       used 63749K, capacity 65666K, committed 65920K, reserved 1105920K
  class space    used 8017K, capacity 8775K, committed 8832K, reserved 1048576K
}

Deoptimization events (20 events):
Event: 13.515 Thread 0x00000235840dc800 Uncommon trap: trap_request=0xffffff4d fr.pc=0x00000235f27f8898 relative=0x0000000000000078
Event: 13.515 Thread 0x00000235840dc800 Uncommon trap: reason=unstable_if action=reinterpret pc=0x00000235f27f8898 method=com.sun.org.apache.xerces.internal.impl.XMLEntityScanner.checkBeforeLoad(Lcom/sun/xml/internal/stream/Entity$ScannedEntity;II)I @ 18 c2
Event: 13.515 Thread 0x00000235840dc800 DEOPT PACKING pc=0x00000235f27f8898 sp=0x000000a6b26f6e40
Event: 13.515 Thread 0x00000235840dc800 DEOPT UNPACKING pc=0x00000235eaae78af sp=0x000000a6b26f6db0 mode 2
Event: 13.517 Thread 0x00000235840dc800 Uncommon trap: trap_request=0xffffff4d fr.pc=0x00000235f2841828 relative=0x0000000000000468
Event: 13.517 Thread 0x00000235840dc800 Uncommon trap: reason=unstable_if action=reinterpret pc=0x00000235f2841828 method=com.sun.org.apache.xerces.internal.util.SymbolTable.addSymbol([CII)Ljava/lang/String; @ 38 c2
Event: 13.517 Thread 0x00000235840dc800 DEOPT PACKING pc=0x00000235f2841828 sp=0x000000a6b26f6ec0
Event: 13.517 Thread 0x00000235840dc800 DEOPT UNPACKING pc=0x00000235eaae78af sp=0x000000a6b26f6e38 mode 2
Event: 13.569 Thread 0x00000235840dc800 Uncommon trap: trap_request=0xffffff4d fr.pc=0x00000235f2997b20 relative=0x0000000000000420
Event: 13.569 Thread 0x00000235840dc800 Uncommon trap: reason=unstable_if action=reinterpret pc=0x00000235f2997b20 method=org.gradle.internal.instantiation.generator.AbstractClassGenerator$InjectionAnnotationValidator.validateMethod(Ljava/lang/reflect/Method;Lorg/gradle/internal/reflect/Propert
Event: 13.569 Thread 0x00000235840dc800 DEOPT PACKING pc=0x00000235f2997b20 sp=0x000000a6b26f7b50
Event: 13.569 Thread 0x00000235840dc800 DEOPT UNPACKING pc=0x00000235eaae78af sp=0x000000a6b26f7b00 mode 2
Event: 13.569 Thread 0x00000235840dc800 Uncommon trap: trap_request=0xffffff4d fr.pc=0x00000235f2998900 relative=0x0000000000000460
Event: 13.569 Thread 0x00000235840dc800 Uncommon trap: reason=unstable_if action=reinterpret pc=0x00000235f2998900 method=org.gradle.internal.instantiation.generator.AbstractClassGenerator$InjectionAnnotationValidator.validateMethod(Ljava/lang/reflect/Method;Lorg/gradle/internal/reflect/Propert
Event: 13.569 Thread 0x00000235840dc800 DEOPT PACKING pc=0x00000235f2998900 sp=0x000000a6b26f7a90
Event: 13.569 Thread 0x00000235840dc800 DEOPT UNPACKING pc=0x00000235eaae78af sp=0x000000a6b26f7a50 mode 2
Event: 13.621 Thread 0x00000235840dc800 Uncommon trap: trap_request=0xffffff4d fr.pc=0x00000235f29a3670 relative=0x0000000000000330
Event: 13.621 Thread 0x00000235840dc800 Uncommon trap: reason=unstable_if action=reinterpret pc=0x00000235f29a3670 method=java.util.StringJoiner.add(Ljava/lang/CharSequence;)Ljava/util/StringJoiner; @ 33 c2
Event: 13.621 Thread 0x00000235840dc800 DEOPT PACKING pc=0x00000235f29a3670 sp=0x000000a6b26f55c0
Event: 13.621 Thread 0x00000235840dc800 DEOPT UNPACKING pc=0x00000235eaae78af sp=0x000000a6b26f5570 mode 2

Classes redefined (0 events):
No events

Internal exceptions (20 events):
Event: 12.849 Thread 0x00000235840dc800 Implicit null exception at 0x00000235f28f408d to 0x00000235f28f6618
Event: 12.849 Thread 0x00000235840dc800 Implicit null exception at 0x00000235f29664eb to 0x00000235f2966fb0
Event: 12.926 Thread 0x00000235840dc800 Implicit null exception at 0x00000235f273bd0b to 0x00000235f273bf40
Event: 13.559 Thread 0x00000235840dc800 Exception <a 'java/lang/NoSuchMethodError'{0x000000008797e110}: 'int java.lang.invoke.DirectMethodHandle$Holder.invokeInterface(java.lang.Object, java.lang.Object, java.lang.Object, java.lang.Object)'> (0x000000008797e110) thrown at [./src/hotspot/share/interpreter/linkResolver.cpp, line 773]
Event: 13.593 Thread 0x00000235840dc800 Exception <a 'java/lang/ClassNotFoundException'{0x000000008716b980}: react_m6d8g8tsdxkic879jpeut7smBeanInfo> (0x000000008716b980) thrown at [./src/hotspot/share/classfile/systemDictionary.cpp, line 231]
Event: 13.593 Thread 0x00000235840dc800 Exception <a 'java/lang/ClassNotFoundException'{0x0000000087176648}: react_m6d8g8tsdxkic879jpeut7smCustomizer> (0x0000000087176648) thrown at [./src/hotspot/share/classfile/systemDictionary.cpp, line 231]
Event: 13.597 Thread 0x00000235840dc800 Exception <a 'java/lang/ClassNotFoundException'{0x00000000871ef208}: java/lang/SystemBeanInfo> (0x00000000871ef208) thrown at [./src/hotspot/share/classfile/systemDictionary.cpp, line 231]
Event: 13.597 Thread 0x00000235840dc800 Exception <a 'java/lang/ClassNotFoundException'{0x00000000871f4120}: java/lang/SystemCustomizer> (0x00000000871f4120) thrown at [./src/hotspot/share/classfile/systemDictionary.cpp, line 231]
Event: 13.619 Thread 0x00000235840dc800 Exception <a 'java/lang/ClassNotFoundException'{0x0000000086d0e730}: com/android/build/gradle/internal/dsl/BaseAppModuleExtension_DecoratedBeanInfo> (0x0000000086d0e730) thrown at [./src/hotspot/share/classfile/systemDictionary.cpp, line 231]
Event: 13.619 Thread 0x00000235840dc800 Exception <a 'java/lang/ClassNotFoundException'{0x0000000086d1bf40}: com/android/build/gradle/internal/dsl/BaseAppModuleExtensionBeanInfo> (0x0000000086d1bf40) thrown at [./src/hotspot/share/classfile/systemDictionary.cpp, line 231]
Event: 13.619 Thread 0x00000235840dc800 Exception <a 'java/lang/ClassNotFoundException'{0x0000000086d283c8}: com/android/build/gradle/AppExtensionBeanInfo> (0x0000000086d283c8) thrown at [./src/hotspot/share/classfile/systemDictionary.cpp, line 231]
Event: 13.619 Thread 0x00000235840dc800 Exception <a 'java/lang/ClassNotFoundException'{0x0000000086d34ec8}: com/android/build/gradle/AbstractAppExtensionBeanInfo> (0x0000000086d34ec8) thrown at [./src/hotspot/share/classfile/systemDictionary.cpp, line 231]
Event: 13.620 Thread 0x00000235840dc800 Exception <a 'java/lang/ClassNotFoundException'{0x0000000086d41398}: com/android/build/gradle/TestedExtensionBeanInfo> (0x0000000086d41398) thrown at [./src/hotspot/share/classfile/systemDictionary.cpp, line 231]
Event: 13.620 Thread 0x00000235840dc800 Exception <a 'java/lang/ClassNotFoundException'{0x0000000086d4d848}: com/android/build/gradle/BaseExtensionBeanInfo> (0x0000000086d4d848) thrown at [./src/hotspot/share/classfile/systemDictionary.cpp, line 231]
Event: 13.620 Thread 0x00000235840dc800 Exception <a 'java/lang/ClassNotFoundException'{0x0000000086d59ce0}: com/android/build/gradle/BaseExtensionCustomizer> (0x0000000086d59ce0) thrown at [./src/hotspot/share/classfile/systemDictionary.cpp, line 231]
Event: 13.624 Thread 0x00000235840dc800 Exception <a 'java/lang/ClassNotFoundException'{0x0000000086dbae80}: com/android/build/gradle/TestedExtensionCustomizer> (0x0000000086dbae80) thrown at [./src/hotspot/share/classfile/systemDictionary.cpp, line 231]
Event: 13.626 Thread 0x00000235840dc800 Exception <a 'java/lang/ClassNotFoundException'{0x0000000086ddf048}: com/android/build/gradle/AbstractAppExtensionCustomizer> (0x0000000086ddf048) thrown at [./src/hotspot/share/classfile/systemDictionary.cpp, line 231]
Event: 13.627 Thread 0x00000235840dc800 Exception <a 'java/lang/ClassNotFoundException'{0x0000000086c00c10}: com/android/build/gradle/AppExtensionCustomizer> (0x0000000086c00c10) thrown at [./src/hotspot/share/classfile/systemDictionary.cpp, line 231]
Event: 13.627 Thread 0x00000235840dc800 Exception <a 'java/lang/ClassNotFoundException'{0x0000000086c21d38}: com/android/build/gradle/internal/dsl/BaseAppModuleExtensionCustomizer> (0x0000000086c21d38) thrown at [./src/hotspot/share/classfile/systemDictionary.cpp, line 231]
Event: 13.631 Thread 0x00000235840dc800 Exception <a 'java/lang/ClassNotFoundException'{0x0000000086cc6f08}: com/android/build/gradle/internal/dsl/BaseAppModuleExtension_DecoratedCustomizer> (0x0000000086cc6f08) thrown at [./src/hotspot/share/classfile/systemDictionary.cpp, line 231]

Events (20 events):
Event: 13.622 loading class com/android/build/gradle/TestedExtensionCustomizer done
Event: 13.624 loading class com/android/build/gradle/TestedExtensionCustomizer
Event: 13.624 loading class com/android/build/gradle/TestedExtensionCustomizer done
Event: 13.626 loading class com/android/build/gradle/AbstractAppExtensionCustomizer
Event: 13.626 loading class com/android/build/gradle/AbstractAppExtensionCustomizer done
Event: 13.626 loading class com/android/build/gradle/AbstractAppExtensionCustomizer
Event: 13.626 loading class com/android/build/gradle/AbstractAppExtensionCustomizer done
Event: 13.627 loading class com/android/build/gradle/AppExtensionCustomizer
Event: 13.627 loading class com/android/build/gradle/AppExtensionCustomizer done
Event: 13.627 loading class com/android/build/gradle/AppExtensionCustomizer
Event: 13.627 loading class com/android/build/gradle/AppExtensionCustomizer done
Event: 13.627 loading class com/android/build/gradle/internal/dsl/BaseAppModuleExtensionCustomizer
Event: 13.627 loading class com/android/build/gradle/internal/dsl/BaseAppModuleExtensionCustomizer done
Event: 13.627 loading class com/android/build/gradle/internal/dsl/BaseAppModuleExtensionCustomizer
Event: 13.627 loading class com/android/build/gradle/internal/dsl/BaseAppModuleExtensionCustomizer done
Event: 13.631 loading class com/android/build/gradle/internal/dsl/BaseAppModuleExtension_DecoratedCustomizer
Event: 13.631 loading class com/android/build/gradle/internal/dsl/BaseAppModuleExtension_DecoratedCustomizer done
Event: 13.631 loading class com/android/build/gradle/internal/dsl/BaseAppModuleExtension_DecoratedCustomizer
Event: 13.631 loading class com/android/build/gradle/internal/dsl/BaseAppModuleExtension_DecoratedCustomizer done
Event: 13.632 Executing VM operation: G1CollectForAllocation


Dynamic libraries:
0x00007ff65a600000 - 0x00007ff65a60a000 	D:\Android\New folder\jre\bin\java.exe
0x00007ffdcd1d0000 - 0x00007ffdcd3c5000 	C:\WINDOWS\SYSTEM32\ntdll.dll
0x00007ffdccdb0000 - 0x00007ffdcce6e000 	C:\WINDOWS\System32\KERNEL32.DLL
0x00007ffdcaa20000 - 0x00007ffdcace8000 	C:\WINDOWS\System32\KERNELBASE.dll
0x00007ffdcb060000 - 0x00007ffdcb160000 	C:\WINDOWS\System32\ucrtbase.dll
0x00007ffd99d70000 - 0x00007ffd99d89000 	D:\Android\New folder\jre\bin\jli.dll
0x00007ffd98b90000 - 0x00007ffd98ba7000 	D:\Android\New folder\jre\bin\VCRUNTIME140.dll
0x00007ffdcb2d0000 - 0x00007ffdcb471000 	C:\WINDOWS\System32\USER32.dll
0x00007ffdc9cc0000 - 0x00007ffdc9f5a000 	C:\WINDOWS\WinSxS\amd64_microsoft.windows.common-controls_6595b64144ccf1df_6.0.19041.1110_none_60b5254171f9507e\COMCTL32.dll
0x00007ffdca950000 - 0x00007ffdca972000 	C:\WINDOWS\System32\win32u.dll
0x00007ffdcc8b0000 - 0x00007ffdcc94e000 	C:\WINDOWS\System32\msvcrt.dll
0x00007ffdccae0000 - 0x00007ffdccb0b000 	C:\WINDOWS\System32\GDI32.dll
0x00007ffdcacf0000 - 0x00007ffdcadfb000 	C:\WINDOWS\System32\gdi32full.dll
0x00007ffdca980000 - 0x00007ffdcaa1d000 	C:\WINDOWS\System32\msvcp_win.dll
0x00007ffdcb530000 - 0x00007ffdcb560000 	C:\WINDOWS\System32\IMM32.DLL
0x00007ffd7ae60000 - 0x00007ffd7aefd000 	D:\Android\New folder\jre\bin\msvcp140.dll
0x00007ffd7f000000 - 0x00007ffd7facf000 	D:\Android\New folder\jre\bin\server\jvm.dll
0x00007ffdcb220000 - 0x00007ffdcb2cc000 	C:\WINDOWS\System32\ADVAPI32.dll
0x00007ffdccc40000 - 0x00007ffdcccdb000 	C:\WINDOWS\System32\sechost.dll
0x00007ffdccb10000 - 0x00007ffdccc3a000 	C:\WINDOWS\System32\RPCRT4.dll
0x00007ffdcca70000 - 0x00007ffdcca78000 	C:\WINDOWS\System32\PSAPI.DLL
0x00007ffdc2e90000 - 0x00007ffdc2e9a000 	C:\WINDOWS\SYSTEM32\VERSION.dll
0x00007ffdbab30000 - 0x00007ffdbab57000 	C:\WINDOWS\SYSTEM32\WINMM.dll
0x00007ffdb0700000 - 0x00007ffdb0709000 	C:\WINDOWS\SYSTEM32\WSOCK32.dll
0x00007ffdccd40000 - 0x00007ffdccdab000 	C:\WINDOWS\System32\WS2_32.dll
0x00007ffdc8b00000 - 0x00007ffdc8b12000 	C:\WINDOWS\SYSTEM32\kernel.appcore.dll
0x00007ffdc4d90000 - 0x00007ffdc4da1000 	D:\Android\New folder\jre\bin\verify.dll
0x00007ffdca170000 - 0x00007ffdca354000 	C:\WINDOWS\SYSTEM32\DBGHELP.DLL
0x00007ffdca0c0000 - 0x00007ffdca0ec000 	C:\WINDOWS\SYSTEM32\dbgcore.DLL
0x00007ffdcb190000 - 0x00007ffdcb213000 	C:\WINDOWS\System32\bcryptPrimitives.dll
0x00007ffdc49d0000 - 0x00007ffdc49f9000 	D:\Android\New folder\jre\bin\java.dll
0x00007ffdc4d80000 - 0x00007ffdc4d8b000 	D:\Android\New folder\jre\bin\jimage.dll
0x00007ffdc23b0000 - 0x00007ffdc23c8000 	D:\Android\New folder\jre\bin\zip.dll
0x00007ffdcbc30000 - 0x00007ffdcc36f000 	C:\WINDOWS\System32\SHELL32.dll
0x00007ffdc82a0000 - 0x00007ffdc8a30000 	C:\WINDOWS\SYSTEM32\windows.storage.dll
0x00007ffdcb560000 - 0x00007ffdcb8b5000 	C:\WINDOWS\System32\combase.dll
0x00007ffdc9c50000 - 0x00007ffdc9c7e000 	C:\WINDOWS\SYSTEM32\Wldp.dll
0x00007ffdcb480000 - 0x00007ffdcb52d000 	C:\WINDOWS\System32\SHCORE.dll
0x00007ffdcb8c0000 - 0x00007ffdcb915000 	C:\WINDOWS\System32\shlwapi.dll
0x00007ffdca830000 - 0x00007ffdca84f000 	C:\WINDOWS\SYSTEM32\profapi.dll
0x00007ffdc2390000 - 0x00007ffdc23aa000 	D:\Android\New folder\jre\bin\net.dll
0x00007ffdc3eb0000 - 0x00007ffdc3fbc000 	C:\WINDOWS\SYSTEM32\WINHTTP.dll
0x00007ffdc99a0000 - 0x00007ffdc9a0a000 	C:\WINDOWS\system32\mswsock.dll
0x00007ffdc2370000 - 0x00007ffdc2384000 	D:\Android\New folder\jre\bin\nio.dll
0x00007ffd98920000 - 0x00007ffd98947000 	C:\Users\quocm\.gradle\native\fdc75f09e3144964f2cf3f50f0aa648679c211496f362492102eb8c894070792\windows-amd64\native-platform.dll
0x00007ffd7a300000 - 0x00007ffd7a496000 	C:\Users\quocm\.gradle\native\12488b8bf47d2d4c9fbf2f6322a914ad602e24e48041cd04a747c6da556b65c4\windows-amd64\native-platform-file-events.dll
0x00007ffdc3020000 - 0x00007ffdc302a000 	D:\Android\New folder\jre\bin\management.dll
0x00007ffdc2360000 - 0x00007ffdc236c000 	D:\Android\New folder\jre\bin\management_ext.dll
0x00007ffdca670000 - 0x00007ffdca688000 	C:\WINDOWS\SYSTEM32\CRYPTSP.dll
0x00007ffdc9350000 - 0x00007ffdc9384000 	C:\WINDOWS\system32\rsaenh.dll
0x00007ffdcb160000 - 0x00007ffdcb187000 	C:\WINDOWS\System32\bcrypt.dll
0x00007ffdca7f0000 - 0x00007ffdca81e000 	C:\WINDOWS\SYSTEM32\USERENV.dll
0x00007ffdc9a90000 - 0x00007ffdc9a9c000 	C:\WINDOWS\SYSTEM32\CRYPTBASE.dll
0x00007ffdc96a0000 - 0x00007ffdc96db000 	C:\WINDOWS\SYSTEM32\IPHLPAPI.DLL
0x00007ffdcc8a0000 - 0x00007ffdcc8a8000 	C:\WINDOWS\System32\NSI.dll
0x00007ffdc2040000 - 0x00007ffdc2057000 	C:\WINDOWS\SYSTEM32\dhcpcsvc6.DLL
0x00007ffdc2df0000 - 0x00007ffdc2e0d000 	C:\WINDOWS\SYSTEM32\dhcpcsvc.DLL
0x00007ffdc96e0000 - 0x00007ffdc97ab000 	C:\WINDOWS\SYSTEM32\DNSAPI.dll
0x00007ffdc2ea0000 - 0x00007ffdc2eab000 	C:\WINDOWS\SYSTEM32\WINNSI.DLL

dbghelp: loaded successfully - version: 4.0.5 - missing functions: none
symbol engine: initialized successfully - sym options: 0x614 - pdb path: .;D:\Android\New folder\jre\bin;C:\WINDOWS\SYSTEM32;C:\WINDOWS\WinSxS\amd64_microsoft.windows.common-controls_6595b64144ccf1df_6.0.19041.1110_none_60b5254171f9507e;D:\Android\New folder\jre\bin\server;C:\Users\quocm\.gradle\native\fdc75f09e3144964f2cf3f50f0aa648679c211496f362492102eb8c894070792\windows-amd64;C:\Users\quocm\.gradle\native\12488b8bf47d2d4c9fbf2f6322a914ad602e24e48041cd04a747c6da556b65c4\windows-amd64

VM Arguments:
jvm_args: -XX:MaxPermSize=512m -XX:+HeapDumpOnOutOfMemoryError --add-opens=java.base/java.util=ALL-UNNAMED --add-opens=java.base/java.lang=ALL-UNNAMED --add-opens=java.base/java.lang.invoke=ALL-UNNAMED --add-opens=java.prefs/java.util.prefs=ALL-UNNAMED -Xmx2048m -Dfile.encoding=UTF-8 -Duser.country=US -Duser.language=en -Duser.variant 
java_command: org.gradle.launcher.daemon.bootstrap.GradleDaemon 6.8
java_class_path (initial): C:\Users\quocm\.gradle\wrapper\dists\gradle-6.8-all\9emh0d32e025cam7aasxcw002\gradle-6.8\lib\gradle-launcher-6.8.jar
Launcher Type: SUN_STANDARD

[Global flags]
     intx CICompilerCount                          = 4                                         {product} {ergonomic}
     uint ConcGCThreads                            = 3                                         {product} {ergonomic}
     uint G1ConcRefinementThreads                  = 10                                        {product} {ergonomic}
   size_t G1HeapRegionSize                         = 1048576                                   {product} {ergonomic}
    uintx GCDrainStackTargetSize                   = 64                                        {product} {ergonomic}
     bool HeapDumpOnOutOfMemoryError               = true                                   {manageable} {command line}
   size_t InitialHeapSize                          = 266338304                                 {product} {ergonomic}
   size_t MarkStackSize                            = 4194304                                   {product} {ergonomic}
   size_t MaxHeapSize                              = 2147483648                                {product} {command line}
   size_t MaxNewSize                               = 1287651328                                {product} {ergonomic}
   size_t MinHeapDeltaBytes                        = 1048576                                   {product} {ergonomic}
    uintx NonNMethodCodeHeapSize                   = 5836300                                {pd product} {ergonomic}
    uintx NonProfiledCodeHeapSize                  = 122910970                              {pd product} {ergonomic}
    uintx ProfiledCodeHeapSize                     = 122910970                              {pd product} {ergonomic}
    uintx ReservedCodeCacheSize                    = 251658240                              {pd product} {ergonomic}
     bool SegmentedCodeCache                       = true                                      {product} {ergonomic}
     bool UseCompressedClassPointers               = true                                 {lp64_product} {ergonomic}
     bool UseCompressedOops                        = true                                 {lp64_product} {ergonomic}
     bool UseG1GC                                  = true                                      {product} {ergonomic}
     bool UseLargePagesIndividualAllocation        = false                                  {pd product} {ergonomic}

Logging:
Log output configuration:
 #0: stdout all=warning uptime,level,tags
 #1: stderr all=off uptime,level,tags

Environment Variables:
JAVA_HOME=D:\Android\New folder\jre
CLASSPATH=D:\ReactNative\FullApp\TestProject\android\\gradle\wrapper\gradle-wrapper.jar
PATH=D:\ReactNative\FullApp\TestProject\android\node_modules\.bin;D:\ReactNative\FullApp\TestProject\node_modules\.bin;D:\ReactNative\FullApp\node_modules\.bin;D:\ReactNative\node_modules\.bin;D:\node_modules\.bin;C:\Program Files\nodejs;C:\Program Files (x86)\Intel\Intel(R) Management Engine Components\iCLS\;C:\Program Files\Intel\Intel(R) Management Engine Components\iCLS\;C:\Windows\system32;C:\Windows;C:\Windows\System32\Wbem;C:\Windows\System32\WindowsPowerShell\v1.0\;C:\Windows\System32\OpenSSH\;C:\Program Files (x86)\NVIDIA Corporation\PhysX\Common;C:\Program Files\Intel\WiFi\bin\;C:\Program Files\Common Files\Intel\WirelessCommon\;C:\Program Files (x86)\Intel\Intel(R) Management Engine Components\DAL;C:\Program Files\Intel\Intel(R) Management Engine Components\DAL;C:\Program Files (x86)\Intel\Intel(R) Management Engine Components\IPT;C:\Program Files\Intel\Intel(R) Management Engine Components\IPT;C:\WINDOWS\system32;C:\WINDOWS;C:\WINDOWS\System32\Wbem;C:\WINDOWS\System32\WindowsPowerShell\v1.0\;C:\WINDOWS\System32\OpenSSH\;C:\Program Files\Microsoft SQL Server\Client SDK\ODBC\170\Tools\Binn\;C:\Program Files (x86)\Microsoft SQL Server\150\Tools\Binn\;C:\Program Files\Microsoft SQL Server\150\Tools\Binn\;C:\Program Files\Microsoft SQL Server\150\DTS\Binn\;C:\Program Files (x86)\Microsoft SQL Server\150\DTS\Binn\;C:\Program Files\Azure Data Studio\bin;C:\Program Files\nodejs\;C:\Program Files\Git\cmd;C:\Users\quocm\AppData\Local\Microsoft\WindowsApps;C:\Users\quocm\AppData\Local\Programs\Microsoft VS Code\bin;;C:\Program Files\Azure Data Studio\bin;C:\Users\quocm\AppData\Roaming\npm
USERNAME=quocm
LANG=en_US.UTF-8
OS=Windows_NT
PROCESSOR_IDENTIFIER=Intel64 Family 6 Model 158 Stepping 10, GenuineIntel



---------------  S Y S T E M  ---------------

OS: Windows 10 , 64 bit Build 19041 (10.0.19041.1348)
OS uptime: 0 days 1:27 hours

CPU:total 12 (initial active 12) (6 cores per cpu, 2 threads per core) family 6 model 158 stepping 10 microcode 0xb4, cmov, cx8, fxsr, mmx, sse, sse2, sse3, ssse3, sse4.1, sse4.2, popcnt, avx, avx2, aes, clmul, erms, 3dnowpref, lzcnt, ht, tsc, tscinvbit, bmi1, bmi2, adx, fma

Memory: 4k page, system-wide physical 16230M (5106M free)
TotalPageFile size 18662M (AvailPageFile size 3317M)
current process WorkingSet (physical memory assigned to process): 418M, peak: 418M
current process commit charge ("private bytes"): 508M, peak: 510M

vm_info: OpenJDK 64-Bit Server VM (11.0.10+0-b96-7249189) for windows-amd64 JRE (11.0.10+0-b96-7249189), built on Mar 31 2021 21:44:00 by "builder" with MS VC++ 14.0 (VS2015)

END.
